#
# There is insufficient memory for the Java Runtime Environment to continue.
# Native memory allocation (mmap) failed to map 65536 bytes for Failed to commit metaspace.
# Possible reasons:
#   The system is out of physical RAM or swap space
#   The process is running with CompressedOops enabled, and the Java Heap may be blocking the growth of the native heap
# Possible solutions:
#   Reduce memory load on the system
#   Increase physical memory or swap space
#   Check if swap backing store is full
#   Decrease Java heap size (-Xmx/-Xms)
#   Decrease number of Java threads
#   Decrease Java thread stack sizes (-Xss)
#   Set larger code cache with -XX:ReservedCodeCacheSize=
#   JVM is running with Unscaled Compressed Oops mode in which the Java heap is
#     placed in the first 4GB address space. The Java Heap base address is the
#     maximum limit for the native heap growth. Please use -XX:HeapBaseMinAddress
#     to set the Java Heap base and to place the Java Heap above 4GB virtual address.
# This output file may be truncated or incomplete.
#
#  Out of Memory Error (virtualSpaceNode.cpp:110), pid=11064, tid=5256
#
# JRE version: OpenJDK Runtime Environment Microsoft-8035246 (17.0.8+7) (build 17.0.8+7-LTS)
# Java VM: OpenJDK 64-Bit Server VM Microsoft-8035246 (17.0.8+7-LTS, mixed mode, sharing, tiered, compressed oops, compressed class ptrs, g1 gc, windows-amd64)
# No core dump will be written. Minidumps are not enabled by default on client versions of Windows
#

---------------  S U M M A R Y ------------

Command Line: -Xmx64m -Xms64m -Dorg.gradle.appname=gradlew org.gradle.wrapper.GradleWrapperMain app:installDebug -PreactNativeDevServerPort=8081

Host: AMD Ryzen 5 5600H with Radeon Graphics         , 12 cores, 15G,  Windows 11 , 64 bit Build 22621 (10.0.22621.3085)
Time: Mon Feb 26 18:16:09 2024 India Standard Time elapsed time: 14.396289 seconds (0d 0h 0m 14s)

---------------  T H R E A D  ---------------

Current thread (0x000001fe36490330):  JavaThread "main" [_thread_in_vm, id=5256, stack(0x000000671bf00000,0x000000671c000000)]

Stack: [0x000000671bf00000,0x000000671c000000]
Native frames: (J=compiled Java code, j=interpreted, Vv=VM code, C=native code)
V  [jvm.dll+0x67bf3a]
V  [jvm.dll+0x83a024]
V  [jvm.dll+0x83b7ce]
V  [jvm.dll+0x83be33]
V  [jvm.dll+0x24785f]
V  [jvm.dll+0x8360bb]
V  [jvm.dll+0x6206e6]
V  [jvm.dll+0x1c1f8e]
V  [jvm.dll+0x623031]
V  [jvm.dll+0x621086]
V  [jvm.dll+0x62af57]
V  [jvm.dll+0x1ebe9b]
V  [jvm.dll+0x1ec3d5]
V  [jvm.dll+0x1ece0f]
V  [jvm.dll+0x1e22c1]
V  [jvm.dll+0x542490]
V  [jvm.dll+0x7b4e38]
V  [jvm.dll+0x7b4f24]
V  [jvm.dll+0x411635]
V  [jvm.dll+0x4177b9]
C  [java.dll+0x17ec]

Java frames: (J=compiled Java code, j=interpreted, Vv=VM code)
J 793  java.lang.ClassLoader.defineClass1(Ljava/lang/ClassLoader;Ljava/lang/String;[BIILjava/security/ProtectionDomain;Ljava/lang/String;)Ljava/lang/Class; java.base@17.0.8 (0 bytes) @ 0x000001fe45a9a663 [0x000001fe45a9a5a0+0x00000000000000c3]
J 973 c1 java.lang.ClassLoader.defineClass(Ljava/lang/String;[BIILjava/security/ProtectionDomain;)Ljava/lang/Class; java.base@17.0.8 (43 bytes) @ 0x000001fe3e152e54 [0x000001fe3e152b00+0x0000000000000354]
J 816 c1 java.security.SecureClassLoader.defineClass(Ljava/lang/String;[BIILjava/security/CodeSource;)Ljava/lang/Class; java.base@17.0.8 (16 bytes) @ 0x000001fe3e10100c [0x000001fe3e100f40+0x00000000000000cc]
J 883 c1 java.net.URLClassLoader.defineClass(Ljava/lang/String;Ljdk/internal/loader/Resource;)Ljava/lang/Class; java.base@17.0.8 (224 bytes) @ 0x000001fe3e12c1c4 [0x000001fe3e12a740+0x0000000000001a84]
J 784 c1 java.net.URLClassLoader$1.run()Ljava/lang/Class; java.base@17.0.8 (81 bytes) @ 0x000001fe3e0edc04 [0x000001fe3e0ecfa0+0x0000000000000c64]
J 783 c1 java.net.URLClassLoader$1.run()Ljava/lang/Object; java.base@17.0.8 (5 bytes) @ 0x000001fe3e0eca94 [0x000001fe3e0eca20+0x0000000000000074]
J 593 c1 java.security.AccessController.doPrivileged(Ljava/security/PrivilegedExceptionAction;Ljava/security/AccessControlContext;)Ljava/lang/Object; java.base@17.0.8 (26 bytes) @ 0x000001fe3e07bafc [0x000001fe3e07b920+0x00000000000001dc]
J 761 c1 java.net.URLClassLoader.findClass(Ljava/lang/String;)Ljava/lang/Class; java.base@17.0.8 (47 bytes) @ 0x000001fe3e0d649c [0x000001fe3e0d6300+0x000000000000019c]
J 584 c1 java.lang.ClassLoader.loadClass(Ljava/lang/String;Z)Ljava/lang/Class; java.base@17.0.8 (121 bytes) @ 0x000001fe3e076374 [0x000001fe3e075dc0+0x00000000000005b4]
J 704 c1 java.lang.ClassLoader.loadClass(Ljava/lang/String;)Ljava/lang/Class; java.base@17.0.8 (7 bytes) @ 0x000001fe3e0c2bcc [0x000001fe3e0c2ac0+0x000000000000010c]
v  ~StubRoutines::call_stub
j  org.gradle.internal.serialize.BaseSerializerFactory$ThrowableSerializer.read(Lorg/gradle/internal/serialize/Decoder;)Ljava/lang/Throwable;+13
j  org.gradle.internal.serialize.BaseSerializerFactory$ThrowableSerializer.read(Lorg/gradle/internal/serialize/Decoder;)Ljava/lang/Object;+2
j  org.gradle.internal.logging.serializer.LogEventSerializer.read(Lorg/gradle/internal/serialize/Decoder;)Lorg/gradle/internal/logging/events/LogEvent;+43
j  org.gradle.internal.logging.serializer.LogEventSerializer.read(Lorg/gradle/internal/serialize/Decoder;)Ljava/lang/Object;+2
J 1304 c1 org.gradle.internal.serialize.DefaultSerializerRegistry$TaggedTypeSerializer.read(Lorg/gradle/internal/serialize/Decoder;)Ljava/lang/Object; (69 bytes) @ 0x000001fe3e1e1954 [0x000001fe3e1e0fc0+0x0000000000000994]
J 1357 c1 org.gradle.launcher.daemon.protocol.DaemonMessageSerializer$OutputMessageSerializer.read(Lorg/gradle/internal/serialize/Decoder;)Ljava/lang/Object; (6 bytes) @ 0x000001fe3e204afc [0x000001fe3e204960+0x000000000000019c]
J 1304 c1 org.gradle.internal.serialize.DefaultSerializerRegistry$TaggedTypeSerializer.read(Lorg/gradle/internal/serialize/Decoder;)Ljava/lang/Object; (69 bytes) @ 0x000001fe3e1e1954 [0x000001fe3e1e0fc0+0x0000000000000994]
J 1353 c1 org.gradle.internal.remote.internal.inet.SocketConnection.receive()Ljava/lang/Object; (142 bytes) @ 0x000001fe3e1fbfec [0x000001fe3e1fbe40+0x00000000000001ac]
J 1352 c1 org.gradle.launcher.daemon.client.DaemonClientConnection.receive()Lorg/gradle/launcher/daemon/protocol/Message; (81 bytes) @ 0x000001fe3e1fa5dc [0x000001fe3e1fa520+0x00000000000000bc]
J 1356 c1 org.gradle.launcher.daemon.client.DaemonClientConnection.receive()Ljava/lang/Object; (5 bytes) @ 0x000001fe3e200a94 [0x000001fe3e200a20+0x0000000000000074]
j  org.gradle.launcher.daemon.client.DaemonClient.monitorBuild(Lorg/gradle/launcher/daemon/protocol/Build;Lorg/gradle/launcher/daemon/diagnostics/DaemonDiagnostics;Lorg/gradle/internal/remote/internal/Connection;Lorg/gradle/initialization/BuildCancellationToken;Lorg/gradle/initialization/BuildEventConsumer;)Ljava/lang/Object;+44
j  org.gradle.launcher.daemon.client.DaemonClient.executeBuild(Lorg/gradle/launcher/daemon/protocol/Build;Lorg/gradle/launcher/daemon/client/DaemonClientConnection;Lorg/gradle/initialization/BuildCancellationToken;Lorg/gradle/initialization/BuildEventConsumer;)Lorg/gradle/launcher/exec/BuildActionResult;+128
j  org.gradle.launcher.daemon.client.DaemonClient.execute(Lorg/gradle/internal/invocation/BuildAction;Lorg/gradle/launcher/exec/BuildActionParameters;Lorg/gradle/initialization/BuildRequestContext;)Lorg/gradle/launcher/exec/BuildActionResult;+135
j  org.gradle.launcher.daemon.client.DaemonClient.execute(Lorg/gradle/internal/invocation/BuildAction;Ljava/lang/Object;Ljava/lang/Object;)Lorg/gradle/launcher/exec/BuildActionResult;+10
j  org.gradle.launcher.cli.RunBuildAction.run()V+74
j  org.gradle.internal.Actions$RunnableActionAdapter.execute(Ljava/lang/Object;)V+4
j  org.gradle.launcher.cli.DefaultCommandLineActionFactory$ParseAndBuildAction.execute(Lorg/gradle/launcher/bootstrap/ExecutionListener;)V+60
j  org.gradle.launcher.cli.DefaultCommandLineActionFactory$ParseAndBuildAction.execute(Ljava/lang/Object;)V+5
j  org.gradle.launcher.cli.DebugLoggerWarningAction.execute(Lorg/gradle/launcher/bootstrap/ExecutionListener;)V+9
j  org.gradle.launcher.cli.DebugLoggerWarningAction.execute(Ljava/lang/Object;)V+5
j  org.gradle.launcher.cli.WelcomeMessageAction.execute(Lorg/gradle/launcher/bootstrap/ExecutionListener;)V+218
j  org.gradle.launcher.cli.WelcomeMessageAction.execute(Ljava/lang/Object;)V+5
j  org.gradle.launcher.cli.NativeServicesInitializingAction.execute(Lorg/gradle/launcher/bootstrap/ExecutionListener;)V+35
j  org.gradle.launcher.cli.NativeServicesInitializingAction.execute(Ljava/lang/Object;)V+5
j  org.gradle.launcher.cli.ExceptionReportingAction.execute(Lorg/gradle/launcher/bootstrap/ExecutionListener;)V+5
j  org.gradle.launcher.cli.ExceptionReportingAction.execute(Ljava/lang/Object;)V+5
j  org.gradle.launcher.cli.DefaultCommandLineActionFactory$WithLogging.execute(Lorg/gradle/launcher/bootstrap/ExecutionListener;)V+299
j  org.gradle.launcher.Main.doAction([Ljava/lang/String;Lorg/gradle/launcher/bootstrap/ExecutionListener;)V+14
j  org.gradle.launcher.bootstrap.EntryPoint.run([Ljava/lang/String;)V+12
v  ~StubRoutines::call_stub
j  jdk.internal.reflect.NativeMethodAccessorImpl.invoke0(Ljava/lang/reflect/Method;Ljava/lang/Object;[Ljava/lang/Object;)Ljava/lang/Object;+0 java.base@17.0.8
j  jdk.internal.reflect.NativeMethodAccessorImpl.invoke(Ljava/lang/Object;[Ljava/lang/Object;)Ljava/lang/Object;+133 java.base@17.0.8
j  jdk.internal.reflect.DelegatingMethodAccessorImpl.invoke(Ljava/lang/Object;[Ljava/lang/Object;)Ljava/lang/Object;+6 java.base@17.0.8
j  java.lang.reflect.Method.invoke(Ljava/lang/Object;[Ljava/lang/Object;)Ljava/lang/Object;+59 java.base@17.0.8
j  org.gradle.launcher.bootstrap.ProcessBootstrap.runNoExit(Ljava/lang/String;[Ljava/lang/String;)V+155
j  org.gradle.launcher.bootstrap.ProcessBootstrap.run(Ljava/lang/String;[Ljava/lang/String;)V+2
v  ~StubRoutines::call_stub
j  jdk.internal.reflect.NativeMethodAccessorImpl.invoke0(Ljava/lang/reflect/Method;Ljava/lang/Object;[Ljava/lang/Object;)Ljava/lang/Object;+0 java.base@17.0.8
j  jdk.internal.reflect.NativeMethodAccessorImpl.invoke(Ljava/lang/Object;[Ljava/lang/Object;)Ljava/lang/Object;+133 java.base@17.0.8
j  jdk.internal.reflect.DelegatingMethodAccessorImpl.invoke(Ljava/lang/Object;[Ljava/lang/Object;)Ljava/lang/Object;+6 java.base@17.0.8
j  java.lang.reflect.Method.invoke(Ljava/lang/Object;[Ljava/lang/Object;)Ljava/lang/Object;+59 java.base@17.0.8
j  org.gradle.launcher.GradleMain.main([Ljava/lang/String;)V+100
v  ~StubRoutines::call_stub
j  jdk.internal.reflect.NativeMethodAccessorImpl.invoke0(Ljava/lang/reflect/Method;Ljava/lang/Object;[Ljava/lang/Object;)Ljava/lang/Object;+0 java.base@17.0.8
j  jdk.internal.reflect.NativeMethodAccessorImpl.invoke(Ljava/lang/Object;[Ljava/lang/Object;)Ljava/lang/Object;+133 java.base@17.0.8
j  jdk.internal.reflect.DelegatingMethodAccessorImpl.invoke(Ljava/lang/Object;[Ljava/lang/Object;)Ljava/lang/Object;+6 java.base@17.0.8
j  java.lang.reflect.Method.invoke(Ljava/lang/Object;[Ljava/lang/Object;)Ljava/lang/Object;+59 java.base@17.0.8
j  org.gradle.wrapper.BootstrapMainStarter.start([Ljava/lang/String;Ljava/io/File;)V+105
j  org.gradle.wrapper.WrapperExecutor.execute([Ljava/lang/String;Lorg/gradle/wrapper/Install;Lorg/gradle/wrapper/BootstrapMainStarter;)V+14
j  org.gradle.wrapper.GradleWrapperMain.main([Ljava/lang/String;)V+206
v  ~StubRoutines::call_stub

---------------  P R O C E S S  ---------------

Threads class SMR info:
_java_thread_list=0x000001fe96af2b30, length=15, elements={
0x000001fe36490330, 0x000001fe502a1740, 0x000001fe502a25c0, 0x000001fe502b8db0,
0x000001fe502ba980, 0x000001fe502bd350, 0x000001fe502bed20, 0x000001fe502c9a30,
0x000001fe502d5db0, 0x000001fe502dabd0, 0x000001fe50500fd0, 0x000001fe50504690,
0x000001fe966369c0, 0x000001fe968b9e10, 0x000001fe966a2d00
}

Java Threads: ( => current thread )
=>0x000001fe36490330 JavaThread "main" [_thread_in_vm, id=5256, stack(0x000000671bf00000,0x000000671c000000)]
  0x000001fe502a1740 JavaThread "Reference Handler" daemon [_thread_blocked, id=15416, stack(0x000000671c600000,0x000000671c700000)]
  0x000001fe502a25c0 JavaThread "Finalizer" daemon [_thread_blocked, id=5488, stack(0x000000671c700000,0x000000671c800000)]
  0x000001fe502b8db0 JavaThread "Signal Dispatcher" daemon [_thread_blocked, id=2516, stack(0x000000671c800000,0x000000671c900000)]
  0x000001fe502ba980 JavaThread "Attach Listener" daemon [_thread_blocked, id=18328, stack(0x000000671c900000,0x000000671ca00000)]
  0x000001fe502bd350 JavaThread "Service Thread" daemon [_thread_blocked, id=12372, stack(0x000000671ca00000,0x000000671cb00000)]
  0x000001fe502bed20 JavaThread "Monitor Deflation Thread" daemon [_thread_blocked, id=18548, stack(0x000000671cb00000,0x000000671cc00000)]
  0x000001fe502c9a30 JavaThread "C2 CompilerThread0" daemon [_thread_blocked, id=12592, stack(0x000000671cc00000,0x000000671cd00000)]
  0x000001fe502d5db0 JavaThread "C1 CompilerThread0" daemon [_thread_blocked, id=2084, stack(0x000000671cd00000,0x000000671ce00000)]
  0x000001fe502dabd0 JavaThread "Sweeper thread" daemon [_thread_blocked, id=8556, stack(0x000000671ce00000,0x000000671cf00000)]
  0x000001fe50500fd0 JavaThread "Notification Thread" daemon [_thread_blocked, id=7516, stack(0x000000671cf00000,0x000000671d000000)]
  0x000001fe50504690 JavaThread "Common-Cleaner" daemon [_thread_blocked, id=9740, stack(0x000000671d100000,0x000000671d200000)]
  0x000001fe966369c0 JavaThread "pool-1-thread-1" [_thread_blocked, id=7640, stack(0x000000671d700000,0x000000671d800000)]
  0x000001fe968b9e10 JavaThread "DisconnectableInputStream source reader" daemon [_thread_in_native, id=16104, stack(0x000000671d900000,0x000000671da00000)]
  0x000001fe966a2d00 JavaThread "Forward input" [_thread_blocked, id=12412, stack(0x000000671da00000,0x000000671db00000)]

Other Threads:
  0x000001fe3653e7c0 VMThread "VM Thread" [stack: 0x000000671c500000,0x000000671c600000] [id=6360]
  0x000001fe364deeb0 WatcherThread [stack: 0x000000671d000000,0x000000671d100000] [id=20148]
  0x000001fe364b2590 GCTaskThread "GC Thread#0" [stack: 0x000000671c000000,0x000000671c100000] [id=10576]
  0x000001fe5082ef30 GCTaskThread "GC Thread#1" [stack: 0x000000671d300000,0x000000671d400000] [id=2168]
  0x000001fe96536c80 GCTaskThread "GC Thread#2" [stack: 0x000000671d400000,0x000000671d500000] [id=9688]
  0x000001fe967fc5b0 GCTaskThread "GC Thread#3" [stack: 0x000000671d500000,0x000000671d600000] [id=12460]
  0x000001fe963dfeb0 GCTaskThread "GC Thread#4" [stack: 0x000000671d600000,0x000000671d700000] [id=9724]
  0x000001fe364b3ce0 ConcurrentGCThread "G1 Main Marker" [stack: 0x000000671c100000,0x000000671c200000] [id=20344]
  0x000001fe364b46f0 ConcurrentGCThread "G1 Conc#0" [stack: 0x000000671c200000,0x000000671c300000] [id=13656]
  0x000001fe36522ff0 ConcurrentGCThread "G1 Refine#0" [stack: 0x000000671c300000,0x000000671c400000] [id=2892]
  0x000001fe36523a20 ConcurrentGCThread "G1 Service" [stack: 0x000000671c400000,0x000000671c500000] [id=18780]

Threads with active compile tasks:

VM state: not at safepoint (normal execution)

VM Mutex/Monitor currently owned by a thread:  ([mutex/lock_event])
[0x000001fe3648b610] Metaspace_lock - owner thread: 0x000001fe36490330

Heap address: 0x00000000fc000000, size: 64 MB, Compressed Oops mode: 32-bit

CDS archive(s) mapped at: [0x000001fe51000000-0x000001fe51bd0000-0x000001fe51bd0000), size 12386304, SharedBaseAddress: 0x000001fe51000000, ArchiveRelocationMode: 1.
Compressed class space mapped at: 0x000001fe52000000-0x000001fe92000000, reserved size: 1073741824
Narrow klass base: 0x000001fe51000000, Narrow klass shift: 0, Narrow klass range: 0x100000000

GC Precious Log:
 CPUs: 12 total, 12 available
 Memory: 15724M
 Large Page Support: Disabled
 NUMA Support: Disabled
 Compressed Oops: Enabled (32-bit)
 Heap Region Size: 1M
 Heap Min Capacity: 64M
 Heap Initial Capacity: 64M
 Heap Max Capacity: 64M
 Pre-touch: Disabled
 Parallel Workers: 10
 Concurrent Workers: 3
 Concurrent Refinement Workers: 10
 Periodic GC: Disabled

Heap:
 garbage-first heap   total 65536K, used 28208K [0x00000000fc000000, 0x0000000100000000)
  region size 1024K, 21 young (21504K), 3 survivors (3072K)
 Metaspace       used 8702K, committed 8832K, reserved 1114112K
  class space    used 1148K, committed 1216K, reserved 1048576K

Heap Regions: E=young(eden), S=young(survivor), O=old, HS=humongous(starts), HC=humongous(continues), CS=collection set, F=free, OA=open archive, CA=closed archive, TAMS=top-at-mark-start (previous, next)
|   0|0x00000000fc000000, 0x00000000fc100000, 0x00000000fc100000|100%|HS|  |TAMS 0x00000000fc000000, 0x00000000fc000000| Complete 
|   1|0x00000000fc100000, 0x00000000fc200000, 0x00000000fc200000|100%|HC|  |TAMS 0x00000000fc100000, 0x00000000fc100000| Complete 
|   2|0x00000000fc200000, 0x00000000fc300000, 0x00000000fc300000|100%|HC|  |TAMS 0x00000000fc200000, 0x00000000fc200000| Complete 
|   3|0x00000000fc300000, 0x00000000fc400000, 0x00000000fc400000|100%|HC|  |TAMS 0x00000000fc300000, 0x00000000fc300000| Complete 
|   4|0x00000000fc400000, 0x00000000fc500000, 0x00000000fc500000|100%| O|  |TAMS 0x00000000fc400000, 0x00000000fc400000| Untracked 
|   5|0x00000000fc500000, 0x00000000fc600000, 0x00000000fc600000|100%| O|  |TAMS 0x00000000fc500000, 0x00000000fc500000| Untracked 
|   6|0x00000000fc600000, 0x00000000fc700000, 0x00000000fc700000|100%| O|  |TAMS 0x00000000fc600000, 0x00000000fc600000| Untracked 
|   7|0x00000000fc700000, 0x00000000fc78c000, 0x00000000fc800000| 54%| O|  |TAMS 0x00000000fc700000, 0x00000000fc700000| Untracked 
|   8|0x00000000fc800000, 0x00000000fc800000, 0x00000000fc900000|  0%| F|  |TAMS 0x00000000fc800000, 0x00000000fc800000| Untracked 
|   9|0x00000000fc900000, 0x00000000fc900000, 0x00000000fca00000|  0%| F|  |TAMS 0x00000000fc900000, 0x00000000fc900000| Untracked 
|  10|0x00000000fca00000, 0x00000000fca00000, 0x00000000fcb00000|  0%| F|  |TAMS 0x00000000fca00000, 0x00000000fca00000| Untracked 
|  11|0x00000000fcb00000, 0x00000000fcb00000, 0x00000000fcc00000|  0%| F|  |TAMS 0x00000000fcb00000, 0x00000000fcb00000| Untracked 
|  12|0x00000000fcc00000, 0x00000000fcc00000, 0x00000000fcd00000|  0%| F|  |TAMS 0x00000000fcc00000, 0x00000000fcc00000| Untracked 
|  13|0x00000000fcd00000, 0x00000000fcd00000, 0x00000000fce00000|  0%| F|  |TAMS 0x00000000fcd00000, 0x00000000fcd00000| Untracked 
|  14|0x00000000fce00000, 0x00000000fce00000, 0x00000000fcf00000|  0%| F|  |TAMS 0x00000000fce00000, 0x00000000fce00000| Untracked 
|  15|0x00000000fcf00000, 0x00000000fcf00000, 0x00000000fd000000|  0%| F|  |TAMS 0x00000000fcf00000, 0x00000000fcf00000| Untracked 
|  16|0x00000000fd000000, 0x00000000fd000000, 0x00000000fd100000|  0%| F|  |TAMS 0x00000000fd000000, 0x00000000fd000000| Untracked 
|  17|0x00000000fd100000, 0x00000000fd100000, 0x00000000fd200000|  0%| F|  |TAMS 0x00000000fd100000, 0x00000000fd100000| Untracked 
|  18|0x00000000fd200000, 0x00000000fd200000, 0x00000000fd300000|  0%| F|  |TAMS 0x00000000fd200000, 0x00000000fd200000| Untracked 
|  19|0x00000000fd300000, 0x00000000fd300000, 0x00000000fd400000|  0%| F|  |TAMS 0x00000000fd300000, 0x00000000fd300000| Untracked 
|  20|0x00000000fd400000, 0x00000000fd400000, 0x00000000fd500000|  0%| F|  |TAMS 0x00000000fd400000, 0x00000000fd400000| Untracked 
|  21|0x00000000fd500000, 0x00000000fd500000, 0x00000000fd600000|  0%| F|  |TAMS 0x00000000fd500000, 0x00000000fd500000| Untracked 
|  22|0x00000000fd600000, 0x00000000fd600000, 0x00000000fd700000|  0%| F|  |TAMS 0x00000000fd600000, 0x00000000fd600000| Untracked 
|  23|0x00000000fd700000, 0x00000000fd700000, 0x00000000fd800000|  0%| F|  |TAMS 0x00000000fd700000, 0x00000000fd700000| Untracked 
|  24|0x00000000fd800000, 0x00000000fd800000, 0x00000000fd900000|  0%| F|  |TAMS 0x00000000fd800000, 0x00000000fd800000| Untracked 
|  25|0x00000000fd900000, 0x00000000fd900000, 0x00000000fda00000|  0%| F|  |TAMS 0x00000000fd900000, 0x00000000fd900000| Untracked 
|  26|0x00000000fda00000, 0x00000000fda00000, 0x00000000fdb00000|  0%| F|  |TAMS 0x00000000fda00000, 0x00000000fda00000| Untracked 
|  27|0x00000000fdb00000, 0x00000000fdb00000, 0x00000000fdc00000|  0%| F|  |TAMS 0x00000000fdb00000, 0x00000000fdb00000| Untracked 
|  28|0x00000000fdc00000, 0x00000000fdc00000, 0x00000000fdd00000|  0%| F|  |TAMS 0x00000000fdc00000, 0x00000000fdc00000| Untracked 
|  29|0x00000000fdd00000, 0x00000000fdd00000, 0x00000000fde00000|  0%| F|  |TAMS 0x00000000fdd00000, 0x00000000fdd00000| Untracked 
|  30|0x00000000fde00000, 0x00000000fde00000, 0x00000000fdf00000|  0%| F|  |TAMS 0x00000000fde00000, 0x00000000fde00000| Untracked 
|  31|0x00000000fdf00000, 0x00000000fdf00000, 0x00000000fe000000|  0%| F|  |TAMS 0x00000000fdf00000, 0x00000000fdf00000| Untracked 
|  32|0x00000000fe000000, 0x00000000fe000000, 0x00000000fe100000|  0%| F|  |TAMS 0x00000000fe000000, 0x00000000fe000000| Untracked 
|  33|0x00000000fe100000, 0x00000000fe100000, 0x00000000fe200000|  0%| F|  |TAMS 0x00000000fe100000, 0x00000000fe100000| Untracked 
|  34|0x00000000fe200000, 0x00000000fe200000, 0x00000000fe300000|  0%| F|  |TAMS 0x00000000fe200000, 0x00000000fe200000| Untracked 
|  35|0x00000000fe300000, 0x00000000fe300000, 0x00000000fe400000|  0%| F|  |TAMS 0x00000000fe300000, 0x00000000fe300000| Untracked 
|  36|0x00000000fe400000, 0x00000000fe400000, 0x00000000fe500000|  0%| F|  |TAMS 0x00000000fe400000, 0x00000000fe400000| Untracked 
|  37|0x00000000fe500000, 0x00000000fe500000, 0x00000000fe600000|  0%| F|  |TAMS 0x00000000fe500000, 0x00000000fe500000| Untracked 
|  38|0x00000000fe600000, 0x00000000fe700000, 0x00000000fe700000|100%| S|CS|TAMS 0x00000000fe600000, 0x00000000fe600000| Complete 
|  39|0x00000000fe700000, 0x00000000fe800000, 0x00000000fe800000|100%| S|CS|TAMS 0x00000000fe700000, 0x00000000fe700000| Complete 
|  40|0x00000000fe800000, 0x00000000fe900000, 0x00000000fe900000|100%| S|CS|TAMS 0x00000000fe800000, 0x00000000fe800000| Complete 
|  41|0x00000000fe900000, 0x00000000fe900000, 0x00000000fea00000|  0%| F|  |TAMS 0x00000000fe900000, 0x00000000fe900000| Untracked 
|  42|0x00000000fea00000, 0x00000000fea00000, 0x00000000feb00000|  0%| F|  |TAMS 0x00000000fea00000, 0x00000000fea00000| Untracked 
|  43|0x00000000feb00000, 0x00000000feb00000, 0x00000000fec00000|  0%| F|  |TAMS 0x00000000feb00000, 0x00000000feb00000| Untracked 
|  44|0x00000000fec00000, 0x00000000fec00000, 0x00000000fed00000|  0%| F|  |TAMS 0x00000000fec00000, 0x00000000fec00000| Untracked 
|  45|0x00000000fed00000, 0x00000000fed00000, 0x00000000fee00000|  0%| F|  |TAMS 0x00000000fed00000, 0x00000000fed00000| Untracked 
|  46|0x00000000fee00000, 0x00000000fee71250, 0x00000000fef00000| 44%| E|  |TAMS 0x00000000fee00000, 0x00000000fee00000| Complete 
|  47|0x00000000fef00000, 0x00000000ff000000, 0x00000000ff000000|100%| E|CS|TAMS 0x00000000fef00000, 0x00000000fef00000| Complete 
|  48|0x00000000ff000000, 0x00000000ff100000, 0x00000000ff100000|100%| E|CS|TAMS 0x00000000ff000000, 0x00000000ff000000| Complete 
|  49|0x00000000ff100000, 0x00000000ff200000, 0x00000000ff200000|100%| E|CS|TAMS 0x00000000ff100000, 0x00000000ff100000| Complete 
|  50|0x00000000ff200000, 0x00000000ff300000, 0x00000000ff300000|100%| E|CS|TAMS 0x00000000ff200000, 0x00000000ff200000| Complete 
|  51|0x00000000ff300000, 0x00000000ff400000, 0x00000000ff400000|100%| E|CS|TAMS 0x00000000ff300000, 0x00000000ff300000| Complete 
|  52|0x00000000ff400000, 0x00000000ff500000, 0x00000000ff500000|100%| E|CS|TAMS 0x00000000ff400000, 0x00000000ff400000| Complete 
|  53|0x00000000ff500000, 0x00000000ff600000, 0x00000000ff600000|100%| E|CS|TAMS 0x00000000ff500000, 0x00000000ff500000| Complete 
|  54|0x00000000ff600000, 0x00000000ff700000, 0x00000000ff700000|100%| E|CS|TAMS 0x00000000ff600000, 0x00000000ff600000| Complete 
|  55|0x00000000ff700000, 0x00000000ff800000, 0x00000000ff800000|100%| E|CS|TAMS 0x00000000ff700000, 0x00000000ff700000| Complete 
|  56|0x00000000ff800000, 0x00000000ff900000, 0x00000000ff900000|100%| E|CS|TAMS 0x00000000ff800000, 0x00000000ff800000| Complete 
|  57|0x00000000ff900000, 0x00000000ffa00000, 0x00000000ffa00000|100%| E|CS|TAMS 0x00000000ff900000, 0x00000000ff900000| Complete 
|  58|0x00000000ffa00000, 0x00000000ffb00000, 0x00000000ffb00000|100%| E|CS|TAMS 0x00000000ffa00000, 0x00000000ffa00000| Complete 
|  59|0x00000000ffb00000, 0x00000000ffc00000, 0x00000000ffc00000|100%| E|CS|TAMS 0x00000000ffb00000, 0x00000000ffb00000| Complete 
|  60|0x00000000ffc00000, 0x00000000ffd00000, 0x00000000ffd00000|100%| E|CS|TAMS 0x00000000ffc00000, 0x00000000ffc00000| Complete 
|  61|0x00000000ffd00000, 0x00000000ffe00000, 0x00000000ffe00000|100%| E|CS|TAMS 0x00000000ffd00000, 0x00000000ffd00000| Complete 
|  62|0x00000000ffe00000, 0x00000000fff00000, 0x00000000fff00000|100%| E|CS|TAMS 0x00000000ffe00000, 0x00000000ffe00000| Complete 
|  63|0x00000000fff00000, 0x0000000100000000, 0x0000000100000000|100%| E|CS|TAMS 0x00000000fff00000, 0x00000000fff00000| Complete 

Card table byte_map: [0x000001fe34460000,0x000001fe34480000] _byte_map_base: 0x000001fe33c80000

Marking Bits (Prev, Next): (CMBitMap*) 0x000001fe364b2bb0, (CMBitMap*) 0x000001fe364b2bf0
 Prev Bits: [0x000001fe4d4e0000, 0x000001fe4d5e0000)
 Next Bits: [0x000001fe4d5e0000, 0x000001fe4d6e0000)

Polling page: 0x000001fe34410000

Metaspace:

Usage:
  Non-class:      7.38 MB used.
      Class:      1.12 MB used.
       Both:      8.50 MB used.

Virtual space:
  Non-class space:       64.00 MB reserved,       7.44 MB ( 12%) committed,  1 nodes.
      Class space:        1.00 GB reserved,       1.19 MB ( <1%) committed,  1 nodes.
             Both:        1.06 GB reserved,       8.62 MB ( <1%) committed. 

Chunk freelists:
   Non-Class:  8.11 MB
       Class:  14.66 MB
        Both:  22.76 MB

MaxMetaspaceSize: unlimited
CompressedClassSpaceSize: 1.00 GB
Initial GC threshold: 21.00 MB
Current GC threshold: 21.00 MB
CDS: on
MetaspaceReclaimPolicy: balanced
 - commit_granule_bytes: 65536.
 - commit_granule_words: 8192.
 - virtual_space_node_default_size: 8388608.
 - enlarge_chunks_in_place: 1.
 - new_chunks_are_fully_committed: 0.
 - uncommit_free_chunks: 1.
 - use_allocation_guard: 0.
 - handle_deallocations: 1.


Internal statistics:

num_allocs_failed_limit: 0.
num_arena_births: 76.
num_arena_deaths: 0.
num_vsnodes_births: 2.
num_vsnodes_deaths: 0.
num_space_committed: 138.
num_space_uncommitted: 0.
num_chunks_returned_to_freelist: 0.
num_chunks_taken_from_freelist: 301.
num_chunk_merges: 0.
num_chunk_splits: 210.
num_chunks_enlarged: 177.
num_inconsistent_stats: 0.

CodeHeap 'non-profiled nmethods': size=120000Kb used=580Kb max_used=580Kb free=119419Kb
 bounds [0x000001fe45a50000, 0x000001fe45cc0000, 0x000001fe4cf80000]
CodeHeap 'profiled nmethods': size=120000Kb used=2881Kb max_used=2881Kb free=117118Kb
 bounds [0x000001fe3df80000, 0x000001fe3e260000, 0x000001fe454b0000]
CodeHeap 'non-nmethods': size=5760Kb used=1165Kb max_used=1191Kb free=4594Kb
 bounds [0x000001fe454b0000, 0x000001fe45720000, 0x000001fe45a50000]
 total_blobs=1982 nmethods=1521 adapters=374
 compilation: enabled
              stopped_count=0, restarted_count=0
 full_count=0

Compilation events (20 events):
Event: 12.972 Thread 0x000001fe502d5db0 1512       3       org.gradle.internal.logging.sink.GroupingProgressLogEventGenerator$OperationState::maybeFlushOutput (1 bytes)
Event: 12.972 Thread 0x000001fe502d5db0 nmethod 1512 0x000001fe3e24e190 code [0x000001fe3e24e320, 0x000001fe3e24e438]
Event: 13.068 Thread 0x000001fe502d5db0 1513       3       java.util.concurrent.locks.AbstractQueuedSynchronizer$ConditionObject::canReacquire (28 bytes)
Event: 13.069 Thread 0x000001fe502d5db0 nmethod 1513 0x000001fe3e24e510 code [0x000001fe3e24e6c0, 0x000001fe3e24ea18]
Event: 13.275 Thread 0x000001fe502d5db0 1514       3       java.util.concurrent.TimeUnit::toNanos (45 bytes)
Event: 13.275 Thread 0x000001fe502d5db0 nmethod 1514 0x000001fe3e24eb90 code [0x000001fe3e24ed40, 0x000001fe3e24efb8]
Event: 13.372 Thread 0x000001fe502d5db0 1515       3       java.util.concurrent.locks.ReentrantLock$Sync::isHeldExclusively (16 bytes)
Event: 13.373 Thread 0x000001fe502d5db0 nmethod 1515 0x000001fe3e24f090 code [0x000001fe3e24f220, 0x000001fe3e24f3b8]
Event: 13.373 Thread 0x000001fe502d5db0 1516       3       java.util.concurrent.ThreadPoolExecutor::workerCountOf (5 bytes)
Event: 13.373 Thread 0x000001fe502d5db0 nmethod 1516 0x000001fe3e24f490 code [0x000001fe3e24f620, 0x000001fe3e24f718]
Event: 13.485 Thread 0x000001fe502d5db0 1517       1       java.util.concurrent.ThreadPoolExecutor::getQueue (5 bytes)
Event: 13.485 Thread 0x000001fe502d5db0 nmethod 1517 0x000001fe45ae0810 code [0x000001fe45ae09a0, 0x000001fe45ae0a78]
Event: 13.485 Thread 0x000001fe502d5db0 1518       3       java.util.concurrent.TimeUnit::convert (77 bytes)
Event: 13.485 Thread 0x000001fe502d5db0 nmethod 1518 0x000001fe3e24f790 code [0x000001fe3e24f9a0, 0x000001fe3e24fd68]
Event: 13.565 Thread 0x000001fe502d5db0 1519       3       java.util.concurrent.ScheduledThreadPoolExecutor$DelayedWorkQueue::setIndex (16 bytes)
Event: 13.565 Thread 0x000001fe502d5db0 nmethod 1519 0x000001fe3e24ff10 code [0x000001fe3e2500c0, 0x000001fe3e2503d8]
Event: 13.565 Thread 0x000001fe502d5db0 1520       1       org.gradle.internal.logging.console.ThrottlingOutputEventListener::access$000 (5 bytes)
Event: 13.565 Thread 0x000001fe502d5db0 nmethod 1520 0x000001fe45ae0b10 code [0x000001fe45ae0ca0, 0x000001fe45ae0d58]
Event: 13.565 Thread 0x000001fe502d5db0 1521       1       org.gradle.internal.logging.events.UpdateNowEvent::getLogLevel (2 bytes)
Event: 13.565 Thread 0x000001fe502d5db0 nmethod 1521 0x000001fe45ae0e10 code [0x000001fe45ae0fa0, 0x000001fe45ae1078]

GC Heap History (2 events):
Event: 0.678 GC heap before
{Heap before GC invocations=0 (full 0):
 garbage-first heap   total 65536K, used 26624K [0x00000000fc000000, 0x0000000100000000)
  region size 1024K, 23 young (23552K), 0 survivors (0K)
 Metaspace       used 3509K, committed 3648K, reserved 1114112K
  class space    used 410K, committed 512K, reserved 1048576K
}
Event: 0.684 GC heap after
{Heap after GC invocations=1 (full 0):
 garbage-first heap   total 65536K, used 10800K [0x00000000fc000000, 0x0000000100000000)
  region size 1024K, 3 young (3072K), 3 survivors (3072K)
 Metaspace       used 3509K, committed 3648K, reserved 1114112K
  class space    used 410K, committed 512K, reserved 1048576K
}

Dll operation events (11 events):
Event: 0.009 Loaded shared library C:\Program Files\Microsoft\jdk-17.0.8.7-hotspot\bin\java.dll
Event: 0.026 Loaded shared library C:\Program Files\Microsoft\jdk-17.0.8.7-hotspot\bin\jsvml.dll
Event: 0.057 Loaded shared library C:\Program Files\Microsoft\jdk-17.0.8.7-hotspot\bin\net.dll
Event: 0.059 Loaded shared library C:\Program Files\Microsoft\jdk-17.0.8.7-hotspot\bin\nio.dll
Event: 0.062 Loaded shared library C:\Program Files\Microsoft\jdk-17.0.8.7-hotspot\bin\zip.dll
Event: 0.346 Loaded shared library C:\Program Files\Microsoft\jdk-17.0.8.7-hotspot\bin\jimage.dll
Event: 0.440 Loaded shared library C:\Program Files\Microsoft\jdk-17.0.8.7-hotspot\bin\verify.dll
Event: 0.736 Loaded shared library C:\Users\Dhruvil Prajapati\.gradle\native\68d5fa5c4cc2d200863cafc0d521ce42e7d3e7ee720ec0a83991735586a16f82\windows-amd64\native-platform.dll
Event: 0.866 Loaded shared library C:\Program Files\Microsoft\jdk-17.0.8.7-hotspot\bin\management.dll
Event: 0.868 Loaded shared library C:\Program Files\Microsoft\jdk-17.0.8.7-hotspot\bin\management_ext.dll
Event: 1.216 Loaded shared library C:\Program Files\Microsoft\jdk-17.0.8.7-hotspot\bin\sunmscapi.dll

Deoptimization events (20 events):
Event: 0.933 Thread 0x000001fe36490330 Uncommon trap: trap_request=0xffffffc6 fr.pc=0x000001fe45ab4bd4 relative=0x0000000000000574
Event: 0.933 Thread 0x000001fe36490330 Uncommon trap: reason=bimorphic_or_optimized_type_check action=maybe_recompile pc=0x000001fe45ab4bd4 method=java.util.concurrent.ConcurrentHashMap.get(Ljava/lang/Object;)Ljava/lang/Object; @ 149 c2
Event: 0.933 Thread 0x000001fe36490330 DEOPT PACKING pc=0x000001fe45ab4bd4 sp=0x000000671bffab60
Event: 0.933 Thread 0x000001fe36490330 DEOPT UNPACKING pc=0x000001fe455069a3 sp=0x000000671bffab00 mode 2
Event: 0.959 Thread 0x000001fe36490330 Uncommon trap: trap_request=0xffffffc6 fr.pc=0x000001fe45ab4bd4 relative=0x0000000000000574
Event: 0.959 Thread 0x000001fe36490330 Uncommon trap: reason=bimorphic_or_optimized_type_check action=maybe_recompile pc=0x000001fe45ab4bd4 method=java.util.concurrent.ConcurrentHashMap.get(Ljava/lang/Object;)Ljava/lang/Object; @ 149 c2
Event: 0.959 Thread 0x000001fe36490330 DEOPT PACKING pc=0x000001fe45ab4bd4 sp=0x000000671bffbba0
Event: 0.959 Thread 0x000001fe36490330 DEOPT UNPACKING pc=0x000001fe455069a3 sp=0x000000671bffbb40 mode 2
Event: 1.197 Thread 0x000001fe36490330 Uncommon trap: trap_request=0xffffff45 fr.pc=0x000001fe45a86058 relative=0x0000000000000618
Event: 1.197 Thread 0x000001fe36490330 Uncommon trap: reason=unstable_if action=reinterpret pc=0x000001fe45a86058 method=java.lang.AbstractStringBuilder.append(Ljava/lang/String;)Ljava/lang/AbstractStringBuilder; @ 1 c2
Event: 1.197 Thread 0x000001fe36490330 DEOPT PACKING pc=0x000001fe45a86058 sp=0x000000671bffc940
Event: 1.197 Thread 0x000001fe36490330 DEOPT UNPACKING pc=0x000001fe455069a3 sp=0x000000671bffc8c0 mode 2
Event: 1.197 Thread 0x000001fe36490330 Uncommon trap: trap_request=0xffffff45 fr.pc=0x000001fe45a955e8 relative=0x0000000000000628
Event: 1.197 Thread 0x000001fe36490330 Uncommon trap: reason=unstable_if action=reinterpret pc=0x000001fe45a955e8 method=java.lang.AbstractStringBuilder.append(Ljava/lang/String;)Ljava/lang/AbstractStringBuilder; @ 1 c2
Event: 1.197 Thread 0x000001fe36490330 DEOPT PACKING pc=0x000001fe45a955e8 sp=0x000000671bffc8e0
Event: 1.197 Thread 0x000001fe36490330 DEOPT UNPACKING pc=0x000001fe455069a3 sp=0x000000671bffc8c8 mode 2
Event: 1.244 Thread 0x000001fe36490330 Uncommon trap: trap_request=0xffffff45 fr.pc=0x000001fe45ac58a0 relative=0x0000000000000160
Event: 1.244 Thread 0x000001fe36490330 Uncommon trap: reason=unstable_if action=reinterpret pc=0x000001fe45ac58a0 method=java.lang.invoke.VarForm.getMemberName(I)Ljava/lang/invoke/MemberName; @ 8 c2
Event: 1.244 Thread 0x000001fe36490330 DEOPT PACKING pc=0x000001fe45ac58a0 sp=0x000000671bffc9e0
Event: 1.244 Thread 0x000001fe36490330 DEOPT UNPACKING pc=0x000001fe455069a3 sp=0x000000671bffc900 mode 2

Classes unloaded (0 events):
No events

Classes redefined (0 events):
No events

Internal exceptions (18 events):
Event: 0.157 Thread 0x000001fe36490330 Exception <a 'java/lang/NoSuchMethodError'{0x00000000ffc73988}: 'int java.lang.invoke.DirectMethodHandle$Holder.invokeStaticInit(java.lang.Object, java.lang.Object)'> (0x00000000ffc73988) 
thrown [s\src\hotspot\share\interpreter\linkResolver.cpp, line 759]
Event: 0.673 Thread 0x000001fe36490330 Exception <a 'java/lang/NoSuchMethodError'{0x00000000fe9d3938}: 'void java.lang.invoke.DirectMethodHandle$Holder.invokeStatic(java.lang.Object, java.lang.Object)'> (0x00000000fe9d3938) 
thrown [s\src\hotspot\share\interpreter\linkResolver.cpp, line 759]
Event: 0.699 Thread 0x000001fe36490330 Exception <a 'java/lang/NoClassDefFoundError'{0x00000000fff5a658}: org/slf4j/impl/StaticMarkerBinder> (0x00000000fff5a658) 
thrown [s\src\hotspot\share\classfile\systemDictionary.cpp, line 245]
Event: 0.715 Thread 0x000001fe36490330 Exception <a 'java/lang/NoSuchMethodError'{0x00000000ffe36150}: 'java.lang.Object java.lang.invoke.DirectMethodHandle$Holder.invokeVirtual(java.lang.Object, java.lang.Object, java.lang.Object, java.lang.Object, java.lang.Object, java.lang.Object, java.lang.Object)'> (0x00000000ffe36150) 
thrown [s\src\hotspot\share\interpreter\linkResolver.cpp, line 759]
Event: 0.718 Thread 0x000001fe36490330 Exception <a 'java/lang/NoSuchMethodError'{0x00000000ffe47d70}: 'java.lang.Object java.lang.invoke.Invokers$Holder.invoker(java.lang.Object, java.lang.Object, java.lang.Object)'> (0x00000000ffe47d70) 
thrown [s\src\hotspot\share\interpreter\linkResolver.cpp, line 759]
Event: 0.719 Thread 0x000001fe36490330 Exception <a 'java/lang/NoSuchMethodError'{0x00000000ffe50f48}: 'java.lang.Object java.lang.invoke.DirectMethodHandle$Holder.invokeStatic(java.lang.Object, java.lang.Object, int)'> (0x00000000ffe50f48) 
thrown [s\src\hotspot\share\interpreter\linkResolver.cpp, line 759]
Event: 0.721 Thread 0x000001fe36490330 Exception <a 'java/lang/NoSuchMethodError'{0x00000000ffe5cc38}: 'void java.lang.invoke.DelegatingMethodHandle$Holder.delegate(java.lang.Object, java.lang.Object, int, java.lang.Object)'> (0x00000000ffe5cc38) 
thrown [s\src\hotspot\share\interpreter\linkResolver.cpp, line 759]
Event: 0.721 Thread 0x000001fe36490330 Exception <a 'java/lang/NoSuchMethodError'{0x00000000ffe60e00}: 'int java.lang.invoke.DirectMethodHandle$Holder.invokeSpecial(java.lang.Object, java.lang.Object, java.lang.Object)'> (0x00000000ffe60e00) 
thrown [s\src\hotspot\share\interpreter\linkResolver.cpp, line 759]
Event: 0.724 Thread 0x000001fe36490330 Exception <a 'java/lang/NoSuchMethodError'{0x00000000ffe741b0}: 'java.lang.Object java.lang.invoke.Invokers$Holder.invokeExact_MT(java.lang.Object, java.lang.Object, java.lang.Object, java.lang.Object)'> (0x00000000ffe741b0) 
thrown [s\src\hotspot\share\interpreter\linkResolver.cpp, line 759]
Event: 0.836 Thread 0x000001fe36490330 Exception <a 'java/lang/NoSuchMethodError'{0x00000000ff9b0880}: 'void java.lang.invoke.DirectMethodHandle$Holder.invokeSpecial(java.lang.Object, java.lang.Object, java.lang.Object)'> (0x00000000ff9b0880) 
thrown [s\src\hotspot\share\interpreter\linkResolver.cpp, line 759]
Event: 0.846 Thread 0x000001fe36490330 Implicit null exception at 0x000001fe45a9c98a to 0x000001fe45a9cea4
Event: 0.846 Thread 0x000001fe36490330 Implicit null exception at 0x000001fe45a9098d to 0x000001fe45a90ea4
Event: 0.864 Thread 0x000001fe36490330 Exception <a 'java/lang/NoSuchMethodError'{0x00000000ff700fd0}: 'java.lang.Object java.lang.invoke.DirectMethodHandle$Holder.invokeStaticInit(java.lang.Object)'> (0x00000000ff700fd0) 
thrown [s\src\hotspot\share\interpreter\linkResolver.cpp, line 759]
Event: 0.954 Thread 0x000001fe36490330 Exception <a 'java/lang/NoSuchMethodError'{0x00000000ff4bee38}: 'java.lang.Object java.lang.invoke.DirectMethodHandle$Holder.invokeStaticInit(java.lang.Object, int, int, int, int)'> (0x00000000ff4bee38) 
thrown [s\src\hotspot\share\interpreter\linkResolver.cpp, line 759]
Event: 1.032 Thread 0x000001fe36490330 Exception <a 'java/lang/NoSuchMethodError'{0x00000000ff3a6510}: 'java.lang.Object java.lang.invoke.DirectMethodHandle$Holder.invokeStaticInit(java.lang.Object, java.lang.Object, int, int, int, int)'> (0x00000000ff3a6510) 
thrown [s\src\hotspot\share\interpreter\linkResolver.cpp, line 759]
Event: 1.176 Thread 0x000001fe36490330 Exception <a 'java/lang/NoSuchMethodError'{0x00000000ff3d3cf0}: 'void java.lang.invoke.DirectMethodHandle$Holder.invokeStatic(java.lang.Object, java.lang.Object, java.lang.Object)'> (0x00000000ff3d3cf0) 
thrown [s\src\hotspot\share\interpreter\linkResolver.cpp, line 759]
Event: 1.197 Thread 0x000001fe36490330 Implicit null exception at 0x000001fe45a85a72 to 0x000001fe45a86040
Event: 1.197 Thread 0x000001fe36490330 Implicit null exception at 0x000001fe45a94ff2 to 0x000001fe45a955d0

VM Operations (20 events):
Event: 0.677 Executing VM operation: G1CollectForAllocation
Event: 0.684 Executing VM operation: G1CollectForAllocation done
Event: 0.696 Executing VM operation: HandshakeAllThreads
Event: 0.696 Executing VM operation: HandshakeAllThreads done
Event: 0.696 Executing VM operation: HandshakeAllThreads
Event: 0.696 Executing VM operation: HandshakeAllThreads done
Event: 0.719 Executing VM operation: HandshakeAllThreads
Event: 0.719 Executing VM operation: HandshakeAllThreads done
Event: 0.911 Executing VM operation: HandshakeAllThreads
Event: 0.911 Executing VM operation: HandshakeAllThreads done
Event: 1.007 Executing VM operation: HandshakeAllThreads
Event: 1.007 Executing VM operation: HandshakeAllThreads done
Event: 2.010 Executing VM operation: Cleanup
Event: 2.010 Executing VM operation: Cleanup done
Event: 7.055 Executing VM operation: Cleanup
Event: 7.055 Executing VM operation: Cleanup done
Event: 11.098 Executing VM operation: Cleanup
Event: 11.098 Executing VM operation: Cleanup done
Event: 12.099 Executing VM operation: Cleanup
Event: 12.099 Executing VM operation: Cleanup done

Events (20 events):
Event: 6.264 loading class jdk/internal/reflect/ByteVectorImpl
Event: 6.264 loading class jdk/internal/reflect/ByteVector
Event: 6.264 loading class jdk/internal/reflect/ByteVector done
Event: 6.264 loading class jdk/internal/reflect/ByteVectorImpl done
Event: 6.264 loading class jdk/internal/reflect/ClassFileAssembler
Event: 6.265 loading class jdk/internal/reflect/ClassFileAssembler done
Event: 6.265 loading class jdk/internal/reflect/UTF8
Event: 6.265 loading class jdk/internal/reflect/UTF8 done
Event: 6.265 loading class jdk/internal/reflect/Label
Event: 6.265 loading class jdk/internal/reflect/Label done
Event: 6.265 loading class jdk/internal/reflect/Label$PatchInfo
Event: 6.265 loading class jdk/internal/reflect/Label$PatchInfo done
Event: 6.266 loading class jdk/internal/reflect/MethodAccessorGenerator$1
Event: 6.266 loading class jdk/internal/reflect/MethodAccessorGenerator$1 done
Event: 6.266 loading class jdk/internal/reflect/ClassDefiner
Event: 6.266 loading class jdk/internal/reflect/ClassDefiner done
Event: 6.266 loading class jdk/internal/reflect/ClassDefiner$1
Event: 6.266 loading class jdk/internal/reflect/ClassDefiner$1 done
Event: 11.366 loading class jdk/internal/misc/ScopedMemoryAccess$Scope
Event: 11.366 loading class jdk/internal/misc/ScopedMemoryAccess$Scope done


Dynamic libraries:
0x00007ff717df0000 - 0x00007ff717dfe000 	C:\Program Files\Microsoft\jdk-17.0.8.7-hotspot\bin\java.exe
0x00007ff819c30000 - 0x00007ff819e47000 	C:\WINDOWS\SYSTEM32\ntdll.dll
0x00007ff817d10000 - 0x00007ff817dd4000 	C:\WINDOWS\System32\KERNEL32.DLL
0x00007ff817010000 - 0x00007ff8173b6000 	C:\WINDOWS\System32\KERNELBASE.dll
0x00007ff817530000 - 0x00007ff817641000 	C:\WINDOWS\System32\ucrtbase.dll
0x00007ff813cc0000 - 0x00007ff813cdb000 	C:\Program Files\Microsoft\jdk-17.0.8.7-hotspot\bin\VCRUNTIME140.dll
0x00007ffff0e30000 - 0x00007ffff0e47000 	C:\Program Files\Microsoft\jdk-17.0.8.7-hotspot\bin\jli.dll
0x00007ff8187e0000 - 0x00007ff81898e000 	C:\WINDOWS\System32\USER32.dll
0x00007ff817950000 - 0x00007ff817976000 	C:\WINDOWS\System32\win32u.dll
0x00007ff8057b0000 - 0x00007ff805a43000 	C:\WINDOWS\WinSxS\amd64_microsoft.windows.common-controls_6595b64144ccf1df_6.0.22621.2506_none_270c5ae97388e100\COMCTL32.dll
0x00007ff817cc0000 - 0x00007ff817ce9000 	C:\WINDOWS\System32\GDI32.dll
0x00007ff8179a0000 - 0x00007ff817a47000 	C:\WINDOWS\System32\msvcrt.dll
0x00007ff817830000 - 0x00007ff817948000 	C:\WINDOWS\System32\gdi32full.dll
0x00007ff816f70000 - 0x00007ff81700a000 	C:\WINDOWS\System32\msvcp_win.dll
0x00007ff819bb0000 - 0x00007ff819be1000 	C:\WINDOWS\System32\IMM32.DLL
0x00007ff813d20000 - 0x00007ff813d2c000 	C:\Program Files\Microsoft\jdk-17.0.8.7-hotspot\bin\vcruntime140_1.dll
0x00007fffeb320000 - 0x00007fffeb3ad000 	C:\Program Files\Microsoft\jdk-17.0.8.7-hotspot\bin\msvcp140.dll
0x00007fff7fa00000 - 0x00007fff80665000 	C:\Program Files\Microsoft\jdk-17.0.8.7-hotspot\bin\server\jvm.dll
0x00007ff818e00000 - 0x00007ff818eb3000 	C:\WINDOWS\System32\ADVAPI32.dll
0x00007ff819800000 - 0x00007ff8198a8000 	C:\WINDOWS\System32\sechost.dll
0x00007ff817440000 - 0x00007ff817468000 	C:\WINDOWS\System32\bcrypt.dll
0x00007ff818440000 - 0x00007ff818557000 	C:\WINDOWS\System32\RPCRT4.dll
0x00007ff816e30000 - 0x00007ff816e7d000 	C:\WINDOWS\SYSTEM32\POWRPROF.dll
0x00007ffff0e20000 - 0x00007ffff0e29000 	C:\WINDOWS\SYSTEM32\WSOCK32.dll
0x00007ff80ee10000 - 0x00007ff80ee44000 	C:\WINDOWS\SYSTEM32\WINMM.dll
0x00007ff819780000 - 0x00007ff8197f1000 	C:\WINDOWS\System32\WS2_32.dll
0x00007ff80e070000 - 0x00007ff80e07a000 	C:\WINDOWS\SYSTEM32\VERSION.dll
0x00007ff816e10000 - 0x00007ff816e23000 	C:\WINDOWS\SYSTEM32\UMPDC.dll
0x00007ff815fb0000 - 0x00007ff815fc8000 	C:\WINDOWS\SYSTEM32\kernel.appcore.dll
0x00007ffff0e10000 - 0x00007ffff0e1a000 	C:\Program Files\Microsoft\jdk-17.0.8.7-hotspot\bin\jimage.dll
0x00007ff814b30000 - 0x00007ff814d63000 	C:\WINDOWS\SYSTEM32\DBGHELP.DLL
0x00007ff818990000 - 0x00007ff818d19000 	C:\WINDOWS\System32\combase.dll
0x00007ff818d20000 - 0x00007ff818df7000 	C:\WINDOWS\System32\OLEAUT32.dll
0x00007fffff760000 - 0x00007fffff792000 	C:\WINDOWS\SYSTEM32\dbgcore.DLL
0x00007ff8173c0000 - 0x00007ff81743a000 	C:\WINDOWS\System32\bcryptPrimitives.dll
0x00007fffed380000 - 0x00007fffed3a5000 	C:\Program Files\Microsoft\jdk-17.0.8.7-hotspot\bin\java.dll
0x00007fffeae80000 - 0x00007fffeaf57000 	C:\Program Files\Microsoft\jdk-17.0.8.7-hotspot\bin\jsvml.dll
0x00007ff818f20000 - 0x00007ff81977b000 	C:\WINDOWS\System32\SHELL32.dll
0x00007ff814ed0000 - 0x00007ff8157c6000 	C:\WINDOWS\SYSTEM32\windows.storage.dll
0x00007ff814d90000 - 0x00007ff814ece000 	C:\WINDOWS\SYSTEM32\wintypes.dll
0x00007ff818340000 - 0x00007ff818433000 	C:\WINDOWS\System32\SHCORE.dll
0x00007ff818560000 - 0x00007ff8185be000 	C:\WINDOWS\System32\shlwapi.dll
0x00007ff816ea0000 - 0x00007ff816ec6000 	C:\WINDOWS\SYSTEM32\profapi.dll
0x00007fffed360000 - 0x00007fffed379000 	C:\Program Files\Microsoft\jdk-17.0.8.7-hotspot\bin\net.dll
0x00007ff80fdd0000 - 0x00007ff80ff07000 	C:\WINDOWS\SYSTEM32\WINHTTP.dll
0x00007ff816430000 - 0x00007ff816499000 	C:\WINDOWS\system32\mswsock.dll
0x00007fffed340000 - 0x00007fffed356000 	C:\Program Files\Microsoft\jdk-17.0.8.7-hotspot\bin\nio.dll
0x00007fffeb300000 - 0x00007fffeb318000 	C:\Program Files\Microsoft\jdk-17.0.8.7-hotspot\bin\zip.dll
0x00007ffff0e00000 - 0x00007ffff0e10000 	C:\Program Files\Microsoft\jdk-17.0.8.7-hotspot\bin\verify.dll
0x00007ff811f50000 - 0x00007ff811f77000 	C:\Users\Dhruvil Prajapati\.gradle\native\68d5fa5c4cc2d200863cafc0d521ce42e7d3e7ee720ec0a83991735586a16f82\windows-amd64\native-platform.dll
0x00007fffed330000 - 0x00007fffed339000 	C:\Program Files\Microsoft\jdk-17.0.8.7-hotspot\bin\management.dll
0x00007fffeb2f0000 - 0x00007fffeb2fb000 	C:\Program Files\Microsoft\jdk-17.0.8.7-hotspot\bin\management_ext.dll
0x00007ff817de0000 - 0x00007ff817de8000 	C:\WINDOWS\System32\PSAPI.DLL
0x00007ff816690000 - 0x00007ff8166ab000 	C:\WINDOWS\SYSTEM32\CRYPTSP.dll
0x00007ff815f10000 - 0x00007ff815f45000 	C:\WINDOWS\system32\rsaenh.dll
0x00007ff816520000 - 0x00007ff81654c000 	C:\WINDOWS\SYSTEM32\USERENV.dll
0x00007ff816680000 - 0x00007ff81668c000 	C:\WINDOWS\SYSTEM32\CRYPTBASE.dll
0x00007ff815a30000 - 0x00007ff815a5d000 	C:\WINDOWS\SYSTEM32\IPHLPAPI.DLL
0x00007ff8185c0000 - 0x00007ff8185c9000 	C:\WINDOWS\System32\NSI.dll
0x00007ff810140000 - 0x00007ff810159000 	C:\WINDOWS\SYSTEM32\dhcpcsvc6.DLL
0x00007ff80f910000 - 0x00007ff80f92f000 	C:\WINDOWS\SYSTEM32\dhcpcsvc.DLL
0x00007ff815aa0000 - 0x00007ff815b99000 	C:\WINDOWS\SYSTEM32\DNSAPI.dll
0x00007ff813d60000 - 0x00007ff813d6e000 	C:\Program Files\Microsoft\jdk-17.0.8.7-hotspot\bin\sunmscapi.dll
0x00007ff8176c0000 - 0x00007ff817826000 	C:\WINDOWS\System32\CRYPT32.dll
0x00007ff816840000 - 0x00007ff81686e000 	C:\WINDOWS\SYSTEM32\ncrypt.dll
0x00007ff816800000 - 0x00007ff816837000 	C:\WINDOWS\SYSTEM32\NTASN1.dll
0x00007fffc3d70000 - 0x00007fffc3d78000 	C:\WINDOWS\system32\wshunix.dll

dbghelp: loaded successfully - version: 4.0.5 - missing functions: none
symbol engine: initialized successfully - sym options: 0x614 - pdb path: .;C:\Program Files\Microsoft\jdk-17.0.8.7-hotspot\bin;C:\WINDOWS\SYSTEM32;C:\WINDOWS\WinSxS\amd64_microsoft.windows.common-controls_6595b64144ccf1df_6.0.22621.2506_none_270c5ae97388e100;C:\Program Files\Microsoft\jdk-17.0.8.7-hotspot\bin\server;C:\Users\Dhruvil Prajapati\.gradle\native\68d5fa5c4cc2d200863cafc0d521ce42e7d3e7ee720ec0a83991735586a16f82\windows-amd64

VM Arguments:
jvm_args: -Xmx64m -Xms64m -Dorg.gradle.appname=gradlew 
java_command: org.gradle.wrapper.GradleWrapperMain app:installDebug -PreactNativeDevServerPort=8081
java_class_path (initial): D:\Dolphin_Project\Get_Otp_Demo\android\\gradle\wrapper\gradle-wrapper.jar
Launcher Type: SUN_STANDARD

[Global flags]
     intx CICompilerCount                          = 4                                         {product} {ergonomic}
     uint ConcGCThreads                            = 3                                         {product} {ergonomic}
     uint G1ConcRefinementThreads                  = 10                                        {product} {ergonomic}
   size_t G1HeapRegionSize                         = 1048576                                   {product} {ergonomic}
    uintx GCDrainStackTargetSize                   = 64                                        {product} {ergonomic}
   size_t InitialHeapSize                          = 67108864                                  {product} {command line}
   size_t MarkStackSize                            = 4194304                                   {product} {ergonomic}
   size_t MaxHeapSize                              = 67108864                                  {product} {command line}
   size_t MaxNewSize                               = 39845888                                  {product} {ergonomic}
   size_t MinHeapDeltaBytes                        = 1048576                                   {product} {ergonomic}
   size_t MinHeapSize                              = 67108864                                  {product} {command line}
    uintx NonNMethodCodeHeapSize                   = 5839372                                {pd product} {ergonomic}
    uintx NonProfiledCodeHeapSize                  = 122909434                              {pd product} {ergonomic}
    uintx ProfiledCodeHeapSize                     = 122909434                              {pd product} {ergonomic}
    uintx ReservedCodeCacheSize                    = 251658240                              {pd product} {ergonomic}
     bool SegmentedCodeCache                       = true                                      {product} {ergonomic}
   size_t SoftMaxHeapSize                          = 67108864                               {manageable} {ergonomic}
     bool UseCompressedClassPointers               = true                           {product lp64_product} {ergonomic}
     bool UseCompressedOops                        = true                           {product lp64_product} {ergonomic}
     bool UseG1GC                                  = true                                      {product} {ergonomic}
     bool UseLargePagesIndividualAllocation        = false                                  {pd product} {ergonomic}

Logging:
Log output configuration:
 #0: stdout all=warning uptime,level,tags
 #1: stderr all=off uptime,level,tags

Environment Variables:
JAVA_HOME=C:\Program Files\Microsoft\jdk-17.0.8.7-hotspot\
CLASSPATH=D:\Dolphin_Project\Get_Otp_Demo\android\\gradle\wrapper\gradle-wrapper.jar
PATH=D:\Dolphin_Project\Get_Otp_Demo\node_modules\.bin;D:\Dolphin_Project\Get_Otp_Demo\node_modules\.bin;D:\Dolphin_Project\node_modules\.bin;D:\node_modules\.bin;C:\Program Files\nodejs\node_modules\npm\node_modules\@npmcli\run-script\lib\node-gyp-bin;D:\Dolphin_Project\Get_Otp_Demo\node_modules\.bin;D:\Dolphin_Project\Get_Otp_Demo\node_modules\.bin;D:\Dolphin_Project\node_modules\.bin;D:\node_modules\.bin;C:\Program Files\nodejs\node_modules\npm\node_modules\@npmcli\run-script\lib\node-gyp-bin;C:\Program Files\Microsoft\jdk-17.0.8.7-hotspot\bin;C:\Python312\Scripts\;C:\Python312\;C:\Program Files (x86)\VMware\VMware Workstation\bin\;C:\Windows\system32;C:\Windows;C:\Windows\System32\Wbem;C:\Windows\System32\WindowsPowerShell\v1.0\;C:\Windows\System32\OpenSSH\;C:\Program Files (x86)\NVIDIA Corporation\PhysX\Common;C:\Program Files\NVIDIA Corporation\NVIDIA NvDLISR;C:\Program Files\Java\jdk1.8.0_202\bin;C:\Program Files\Git\cmd;C:\ProgramData\chocolatey\bin;C:\Users\Dhruvil Prajapati\AppData\Local\Android\Sdk\platform-tools;;C:\WINDOWS\system32;C:\WINDOWS;C:\WINDOWS\System32\Wbem;C:\WINDOWS\System32\WindowsPowerShell\v1.0\;C:\WINDOWS\System32\OpenSSH\;C:\Program Files\nodejs\;C:\Users\Dhruvil Prajapati\AppData\Local\Programs\Python\Python311\Scripts\;C:\Users\Dhruvil Prajapati\AppData\Local\Programs\Python\Python311\;C:\Users\Dhruvil Prajapati\AppData\Local\Microsoft\WindowsApps;C:\Program Files\dart-sdk\bin;C:\Users\Dhruvil Prajapati\AppData\Local\Programs\Microsoft VS Code\bin;C:\Users\Dhruvil Prajapati\Desktop\mobile app\Sem 2\flutter\bin;C:\Users\Dhruvil Prajapati\AppData\Local\Programs\mongosh\;C:\Users\Dhruvil Prajapati\Desktop\mobile app\Sem 2\Flutter\flutter\flutter_windows_3.7.12-stable\flutter\bin;C:\Users\Dhruvil Prajapati\AppData\Roaming\npm
USERNAME=Dhruvil Prajapati
LANG=en_US.UTF-8
OS=Windows_NT
PROCESSOR_IDENTIFIER=AMD64 Family 25 Model 80 Stepping 0, AuthenticAMD
TMP=C:\Users\DHRUVI~1\AppData\Local\Temp
TEMP=C:\Users\DHRUVI~1\AppData\Local\Temp



---------------  S Y S T E M  ---------------

OS:
 Windows 11 , 64 bit Build 22621 (10.0.22621.3085)
OS uptime: 0 days 0:40 hours

CPU: total 12 (initial active 12) (12 cores per cpu, 2 threads per core) family 25 model 80 stepping 0 microcode 0x0, cx8, cmov, fxsr, ht, mmx, 3dnowpref, sse, sse2, sse3, ssse3, sse4a, sse4.1, sse4.2, popcnt, lzcnt, tsc, tscinvbit, avx, avx2, aes, erms, clmul, bmi1, bmi2, adx, sha, fma, vzeroupper, clflush, clflushopt
Processor Information for all 12 processors :
  Max Mhz: 3301, Current Mhz: 3301, Mhz Limit: 3301

Memory: 4k page, system-wide physical 15724M (1813M free)
TotalPageFile size 19820M (AvailPageFile size 17M)
current process WorkingSet (physical memory assigned to process): 90M, peak: 92M
current process commit charge ("private bytes"): 168M, peak: 170M

vm_info: OpenJDK 64-Bit Server VM (17.0.8+7-LTS) for windows-amd64 JRE (17.0.8+7-LTS), built on Jul  7 2023 17:21:55 by "MicrosoftCorporation" with MS VC++ 16.10 / 16.11 (VS2019)

END.
