#
# There is insufficient memory for the Java Runtime Environment to continue.
# Native memory allocation (mmap) failed to map 65536 bytes for Failed to commit metaspace.
# Possible reasons:
#   The system is out of physical RAM or swap space
#   The process is running with CompressedOops enabled, and the Java Heap may be blocking the growth of the native heap
# Possible solutions:
#   Reduce memory load on the system
#   Increase physical memory or swap space
#   Check if swap backing store is full
#   Decrease Java heap size (-Xmx/-Xms)
#   Decrease number of Java threads
#   Decrease Java thread stack sizes (-Xss)
#   Set larger code cache with -XX:ReservedCodeCacheSize=
#   JVM is running with Unscaled Compressed Oops mode in which the Java heap is
#     placed in the first 4GB address space. The Java Heap base address is the
#     maximum limit for the native heap growth. Please use -XX:HeapBaseMinAddress
#     to set the Java Heap base and to place the Java Heap above 4GB virtual address.
# This output file may be truncated or incomplete.
#
#  Out of Memory Error (virtualSpaceNode.cpp:110), pid=4968, tid=8388
#
# JRE version: OpenJDK Runtime Environment Microsoft-8035246 (17.0.8+7) (build 17.0.8+7-LTS)
# Java VM: OpenJDK 64-Bit Server VM Microsoft-8035246 (17.0.8+7-LTS, mixed mode, sharing, tiered, compressed oops, compressed class ptrs, g1 gc, windows-amd64)
# No core dump will be written. Minidumps are not enabled by default on client versions of Windows
#

---------------  S U M M A R Y ------------

Command Line: -Xmx64m -Xms64m -Dorg.gradle.appname=gradlew org.gradle.wrapper.GradleWrapperMain app:installDebug -PreactNativeDevServerPort=8081

Host: AMD Ryzen 5 5600H with Radeon Graphics         , 12 cores, 15G,  Windows 11 , 64 bit Build 22621 (10.0.22621.3235)
Time: Thu Mar 14 12:50:40 2024 India Standard Time elapsed time: 37.237714 seconds (0d 0h 0m 37s)

---------------  T H R E A D  ---------------

Current thread (0x0000019bdb46fb60):  JavaThread "main" [_thread_in_vm, id=8388, stack(0x0000009634a00000,0x0000009634b00000)]

Stack: [0x0000009634a00000,0x0000009634b00000]
Native frames: (J=compiled Java code, j=interpreted, Vv=VM code, C=native code)
V  [jvm.dll+0x67bf3a]
V  [jvm.dll+0x83a024]
V  [jvm.dll+0x83b7ce]
V  [jvm.dll+0x83be33]
V  [jvm.dll+0x24785f]
V  [jvm.dll+0x8360bb]
V  [jvm.dll+0x6206e6]
V  [jvm.dll+0x62074a]
V  [jvm.dll+0x622f6a]
V  [jvm.dll+0x621086]
V  [jvm.dll+0x23be0f]
V  [jvm.dll+0x62af15]
V  [jvm.dll+0x1ebe9b]
V  [jvm.dll+0x1ec3d5]
V  [jvm.dll+0x1ece0f]
V  [jvm.dll+0x1e22c1]
V  [jvm.dll+0x542490]
V  [jvm.dll+0x1f2b97]
V  [jvm.dll+0x7b426b]
V  [jvm.dll+0x7b5612]
V  [jvm.dll+0x418825]
C  [java.dll+0x1a55]

Java frames: (J=compiled Java code, j=interpreted, Vv=VM code)
J 719  java.lang.ClassLoader.findBootstrapClass(Ljava/lang/String;)Ljava/lang/Class; java.base@17.0.8 (0 bytes) @ 0x0000019beaa6fdfa [0x0000019beaa6fda0+0x000000000000005a]
J 722 c1 jdk.internal.loader.ClassLoaders$BootClassLoader.loadClassOrNull(Ljava/lang/String;Z)Ljava/lang/Class; java.base@17.0.8 (10 bytes) @ 0x0000019be30abf4c [0x0000019be30abde0+0x000000000000016c]
J 505 c1 jdk.internal.loader.BuiltinClassLoader.loadClassOrNull(Ljava/lang/String;Z)Ljava/lang/Class; java.base@17.0.8 (143 bytes) @ 0x0000019be3026b94 [0x0000019be30260c0+0x0000000000000ad4]
J 721 c1 jdk.internal.loader.BuiltinClassLoader.loadClass(Ljava/lang/String;Z)Ljava/lang/Class; java.base@17.0.8 (22 bytes) @ 0x0000019be30ab94c [0x0000019be30ab840+0x000000000000010c]
J 597 c1 java.lang.ClassLoader.loadClass(Ljava/lang/String;Z)Ljava/lang/Class; java.base@17.0.8 (121 bytes) @ 0x0000019be305b144 [0x0000019be305adc0+0x0000000000000384]
J 597 c1 java.lang.ClassLoader.loadClass(Ljava/lang/String;Z)Ljava/lang/Class; java.base@17.0.8 (121 bytes) @ 0x0000019be305b144 [0x0000019be305adc0+0x0000000000000384]
J 720 c1 java.lang.ClassLoader.loadClass(Ljava/lang/String;)Ljava/lang/Class; java.base@17.0.8 (7 bytes) @ 0x0000019be30ab54c [0x0000019be30ab440+0x000000000000010c]
v  ~StubRoutines::call_stub
j  org.gradle.internal.serialize.BaseSerializerFactory$ThrowableSerializer.read(Lorg/gradle/internal/serialize/Decoder;)Ljava/lang/Throwable;+13
j  org.gradle.internal.serialize.BaseSerializerFactory$ThrowableSerializer.read(Lorg/gradle/internal/serialize/Decoder;)Ljava/lang/Object;+2
j  org.gradle.internal.logging.serializer.LogEventSerializer.read(Lorg/gradle/internal/serialize/Decoder;)Lorg/gradle/internal/logging/events/LogEvent;+43
j  org.gradle.internal.logging.serializer.LogEventSerializer.read(Lorg/gradle/internal/serialize/Decoder;)Ljava/lang/Object;+2
J 1666 c1 org.gradle.internal.serialize.DefaultSerializerRegistry$TaggedTypeSerializer.read(Lorg/gradle/internal/serialize/Decoder;)Ljava/lang/Object; (69 bytes) @ 0x0000019be3292154 [0x0000019be32917c0+0x0000000000000994]
J 1730 c1 org.gradle.launcher.daemon.protocol.DaemonMessageSerializer$OutputMessageSerializer.read(Lorg/gradle/internal/serialize/Decoder;)Ljava/lang/Object; (6 bytes) @ 0x0000019be32b2a0c [0x0000019be32b2860+0x00000000000001ac]
J 1666 c1 org.gradle.internal.serialize.DefaultSerializerRegistry$TaggedTypeSerializer.read(Lorg/gradle/internal/serialize/Decoder;)Ljava/lang/Object; (69 bytes) @ 0x0000019be3292154 [0x0000019be32917c0+0x0000000000000994]
J 1727 c1 org.gradle.internal.remote.internal.inet.SocketConnection.receive()Ljava/lang/Object; (142 bytes) @ 0x0000019be32adc7c [0x0000019be32adac0+0x00000000000001bc]
J 1726 c1 org.gradle.launcher.daemon.client.DaemonClientConnection.receive()Lorg/gradle/launcher/daemon/protocol/Message; (81 bytes) @ 0x0000019be32ac26c [0x0000019be32ac1a0+0x00000000000000cc]
J 1729 c1 org.gradle.launcher.daemon.client.DaemonClientConnection.receive()Ljava/lang/Object; (5 bytes) @ 0x0000019be32b2544 [0x0000019be32b24c0+0x0000000000000084]
j  org.gradle.launcher.daemon.client.DaemonClient.monitorBuild(Lorg/gradle/launcher/daemon/protocol/Build;Lorg/gradle/launcher/daemon/diagnostics/DaemonDiagnostics;Lorg/gradle/internal/remote/internal/Connection;Lorg/gradle/initialization/BuildCancellationToken;Lorg/gradle/initialization/BuildEventConsumer;)Ljava/lang/Object;+44
j  org.gradle.launcher.daemon.client.DaemonClient.executeBuild(Lorg/gradle/launcher/daemon/protocol/Build;Lorg/gradle/launcher/daemon/client/DaemonClientConnection;Lorg/gradle/initialization/BuildCancellationToken;Lorg/gradle/initialization/BuildEventConsumer;)Lorg/gradle/launcher/exec/BuildActionResult;+128
j  org.gradle.launcher.daemon.client.DaemonClient.execute(Lorg/gradle/internal/invocation/BuildAction;Lorg/gradle/launcher/exec/BuildActionParameters;Lorg/gradle/initialization/BuildRequestContext;)Lorg/gradle/launcher/exec/BuildActionResult;+272
j  org.gradle.launcher.daemon.client.DaemonClient.execute(Lorg/gradle/internal/invocation/BuildAction;Ljava/lang/Object;Ljava/lang/Object;)Lorg/gradle/launcher/exec/BuildActionResult;+10
j  org.gradle.launcher.cli.RunBuildAction.run()V+74
j  org.gradle.internal.Actions$RunnableActionAdapter.execute(Ljava/lang/Object;)V+4
j  org.gradle.launcher.cli.DefaultCommandLineActionFactory$ParseAndBuildAction.execute(Lorg/gradle/launcher/bootstrap/ExecutionListener;)V+60
j  org.gradle.launcher.cli.DefaultCommandLineActionFactory$ParseAndBuildAction.execute(Ljava/lang/Object;)V+5
j  org.gradle.launcher.cli.DebugLoggerWarningAction.execute(Lorg/gradle/launcher/bootstrap/ExecutionListener;)V+9
j  org.gradle.launcher.cli.DebugLoggerWarningAction.execute(Ljava/lang/Object;)V+5
j  org.gradle.launcher.cli.WelcomeMessageAction.execute(Lorg/gradle/launcher/bootstrap/ExecutionListener;)V+218
j  org.gradle.launcher.cli.WelcomeMessageAction.execute(Ljava/lang/Object;)V+5
j  org.gradle.launcher.cli.NativeServicesInitializingAction.execute(Lorg/gradle/launcher/bootstrap/ExecutionListener;)V+35
j  org.gradle.launcher.cli.NativeServicesInitializingAction.execute(Ljava/lang/Object;)V+5
j  org.gradle.launcher.cli.ExceptionReportingAction.execute(Lorg/gradle/launcher/bootstrap/ExecutionListener;)V+5
j  org.gradle.launcher.cli.ExceptionReportingAction.execute(Ljava/lang/Object;)V+5
j  org.gradle.launcher.cli.DefaultCommandLineActionFactory$WithLogging.execute(Lorg/gradle/launcher/bootstrap/ExecutionListener;)V+299
j  org.gradle.launcher.Main.doAction([Ljava/lang/String;Lorg/gradle/launcher/bootstrap/ExecutionListener;)V+14
j  org.gradle.launcher.bootstrap.EntryPoint.run([Ljava/lang/String;)V+12
v  ~StubRoutines::call_stub
j  jdk.internal.reflect.NativeMethodAccessorImpl.invoke0(Ljava/lang/reflect/Method;Ljava/lang/Object;[Ljava/lang/Object;)Ljava/lang/Object;+0 java.base@17.0.8
j  jdk.internal.reflect.NativeMethodAccessorImpl.invoke(Ljava/lang/Object;[Ljava/lang/Object;)Ljava/lang/Object;+133 java.base@17.0.8
j  jdk.internal.reflect.DelegatingMethodAccessorImpl.invoke(Ljava/lang/Object;[Ljava/lang/Object;)Ljava/lang/Object;+6 java.base@17.0.8
j  java.lang.reflect.Method.invoke(Ljava/lang/Object;[Ljava/lang/Object;)Ljava/lang/Object;+59 java.base@17.0.8
j  org.gradle.launcher.bootstrap.ProcessBootstrap.runNoExit(Ljava/lang/String;[Ljava/lang/String;)V+155
j  org.gradle.launcher.bootstrap.ProcessBootstrap.run(Ljava/lang/String;[Ljava/lang/String;)V+2
v  ~StubRoutines::call_stub
j  jdk.internal.reflect.NativeMethodAccessorImpl.invoke0(Ljava/lang/reflect/Method;Ljava/lang/Object;[Ljava/lang/Object;)Ljava/lang/Object;+0 java.base@17.0.8
j  jdk.internal.reflect.NativeMethodAccessorImpl.invoke(Ljava/lang/Object;[Ljava/lang/Object;)Ljava/lang/Object;+133 java.base@17.0.8
j  jdk.internal.reflect.DelegatingMethodAccessorImpl.invoke(Ljava/lang/Object;[Ljava/lang/Object;)Ljava/lang/Object;+6 java.base@17.0.8
j  java.lang.reflect.Method.invoke(Ljava/lang/Object;[Ljava/lang/Object;)Ljava/lang/Object;+59 java.base@17.0.8
j  org.gradle.launcher.GradleMain.main([Ljava/lang/String;)V+100
v  ~StubRoutines::call_stub
j  jdk.internal.reflect.NativeMethodAccessorImpl.invoke0(Ljava/lang/reflect/Method;Ljava/lang/Object;[Ljava/lang/Object;)Ljava/lang/Object;+0 java.base@17.0.8
j  jdk.internal.reflect.NativeMethodAccessorImpl.invoke(Ljava/lang/Object;[Ljava/lang/Object;)Ljava/lang/Object;+133 java.base@17.0.8
j  jdk.internal.reflect.DelegatingMethodAccessorImpl.invoke(Ljava/lang/Object;[Ljava/lang/Object;)Ljava/lang/Object;+6 java.base@17.0.8
j  java.lang.reflect.Method.invoke(Ljava/lang/Object;[Ljava/lang/Object;)Ljava/lang/Object;+59 java.base@17.0.8
j  org.gradle.wrapper.BootstrapMainStarter.start([Ljava/lang/String;Ljava/io/File;)V+105
j  org.gradle.wrapper.WrapperExecutor.execute([Ljava/lang/String;Lorg/gradle/wrapper/Install;Lorg/gradle/wrapper/BootstrapMainStarter;)V+14
j  org.gradle.wrapper.GradleWrapperMain.main([Ljava/lang/String;)V+206
v  ~StubRoutines::call_stub

---------------  P R O C E S S  ---------------

Threads class SMR info:
_java_thread_list=0x0000019bfada0430, length=15, elements={
0x0000019bdb46fb60, 0x0000019bf527ffb0, 0x0000019bf5280880, 0x0000019bf5297190,
0x0000019bf5299a70, 0x0000019bf529a340, 0x0000019bf52a5030, 0x0000019bf52ad610,
0x0000019bf52adfd0, 0x0000019bf52ae930, 0x0000019bf52b0790, 0x0000019bf52b0ca0,
0x0000019bf52b1bd0, 0x0000019bf52aee40, 0x0000019bf52af350
}

Java Threads: ( => current thread )
=>0x0000019bdb46fb60 JavaThread "main" [_thread_in_vm, id=8388, stack(0x0000009634a00000,0x0000009634b00000)]
  0x0000019bf527ffb0 JavaThread "Reference Handler" daemon [_thread_blocked, id=19604, stack(0x0000009635100000,0x0000009635200000)]
  0x0000019bf5280880 JavaThread "Finalizer" daemon [_thread_blocked, id=18348, stack(0x0000009635200000,0x0000009635300000)]
  0x0000019bf5297190 JavaThread "Signal Dispatcher" daemon [_thread_blocked, id=3264, stack(0x0000009635300000,0x0000009635400000)]
  0x0000019bf5299a70 JavaThread "Attach Listener" daemon [_thread_blocked, id=352, stack(0x0000009635400000,0x0000009635500000)]
  0x0000019bf529a340 JavaThread "Service Thread" daemon [_thread_blocked, id=18848, stack(0x0000009635500000,0x0000009635600000)]
  0x0000019bf52a5030 JavaThread "Monitor Deflation Thread" daemon [_thread_blocked, id=2304, stack(0x0000009635600000,0x0000009635700000)]
  0x0000019bf52ad610 JavaThread "C2 CompilerThread0" daemon [_thread_blocked, id=8664, stack(0x0000009635700000,0x0000009635800000)]
  0x0000019bf52adfd0 JavaThread "C1 CompilerThread0" daemon [_thread_blocked, id=4076, stack(0x0000009635800000,0x0000009635900000)]
  0x0000019bf52ae930 JavaThread "Sweeper thread" daemon [_thread_blocked, id=9444, stack(0x0000009635900000,0x0000009635a00000)]
  0x0000019bf52b0790 JavaThread "Notification Thread" daemon [_thread_blocked, id=20380, stack(0x0000009635a00000,0x0000009635b00000)]
  0x0000019bf52b0ca0 JavaThread "Common-Cleaner" daemon [_thread_blocked, id=10652, stack(0x0000009635c00000,0x0000009635d00000)]
  0x0000019bf52b1bd0 JavaThread "pool-1-thread-1" [_thread_blocked, id=16236, stack(0x0000009636300000,0x0000009636400000)]
  0x0000019bf52aee40 JavaThread "DisconnectableInputStream source reader" daemon [_thread_in_native, id=11908, stack(0x0000009636900000,0x0000009636a00000)]
  0x0000019bf52af350 JavaThread "Forward input" [_thread_blocked, id=6680, stack(0x0000009636a00000,0x0000009636b00000)]

Other Threads:
  0x0000019bdb51c000 VMThread "VM Thread" [stack: 0x0000009635000000,0x0000009635100000] [id=9760]
  0x0000019bdb49c5d0 WatcherThread [stack: 0x0000009635b00000,0x0000009635c00000] [id=16008]
  0x0000019bdb48f950 GCTaskThread "GC Thread#0" [stack: 0x0000009634b00000,0x0000009634c00000] [id=7760]
  0x0000019bfa456df0 GCTaskThread "GC Thread#1" [stack: 0x0000009635f00000,0x0000009636000000] [id=9156]
  0x0000019bfa9f5430 GCTaskThread "GC Thread#2" [stack: 0x0000009636000000,0x0000009636100000] [id=18896]
  0x0000019bfa3cb860 GCTaskThread "GC Thread#3" [stack: 0x0000009636100000,0x0000009636200000] [id=20224]
  0x0000019bfa4ca1e0 GCTaskThread "GC Thread#4" [stack: 0x0000009636200000,0x0000009636300000] [id=18012]
  0x0000019bfad5ae60 GCTaskThread "GC Thread#5" [stack: 0x0000009635e00000,0x0000009635f00000] [id=18444]
  0x0000019bfad5b120 GCTaskThread "GC Thread#6" [stack: 0x0000009636400000,0x0000009636500000] [id=10076]
  0x0000019bfad48850 GCTaskThread "GC Thread#7" [stack: 0x0000009636500000,0x0000009636600000] [id=5812]
  0x0000019bfad48b10 GCTaskThread "GC Thread#8" [stack: 0x0000009636600000,0x0000009636700000] [id=10504]
  0x0000019bfad48dd0 GCTaskThread "GC Thread#9" [stack: 0x0000009636700000,0x0000009636800000] [id=20296]
  0x0000019bdb490fb0 ConcurrentGCThread "G1 Main Marker" [stack: 0x0000009634c00000,0x0000009634d00000] [id=4468]
  0x0000019bdb4918d0 ConcurrentGCThread "G1 Conc#0" [stack: 0x0000009634d00000,0x0000009634e00000] [id=16744]
  0x0000019bdb4fc9f0 ConcurrentGCThread "G1 Refine#0" [stack: 0x0000009634e00000,0x0000009634f00000] [id=16200]
  0x0000019bdb4fe1e0 ConcurrentGCThread "G1 Service" [stack: 0x0000009634f00000,0x0000009635000000] [id=18080]

Threads with active compile tasks:

VM state: not at safepoint (normal execution)

VM Mutex/Monitor currently owned by a thread:  ([mutex/lock_event])
[0x0000019bdb46a740] Metaspace_lock - owner thread: 0x0000019bdb46fb60

Heap address: 0x00000000fc000000, size: 64 MB, Compressed Oops mode: 32-bit

CDS archive(s) mapped at: [0x0000019b80000000-0x0000019b80bd0000-0x0000019b80bd0000), size 12386304, SharedBaseAddress: 0x0000019b80000000, ArchiveRelocationMode: 1.
Compressed class space mapped at: 0x0000019b81000000-0x0000019bc1000000, reserved size: 1073741824
Narrow klass base: 0x0000019b80000000, Narrow klass shift: 0, Narrow klass range: 0x100000000

GC Precious Log:
 CPUs: 12 total, 12 available
 Memory: 15724M
 Large Page Support: Disabled
 NUMA Support: Disabled
 Compressed Oops: Enabled (32-bit)
 Heap Region Size: 1M
 Heap Min Capacity: 64M
 Heap Initial Capacity: 64M
 Heap Max Capacity: 64M
 Pre-touch: Disabled
 Parallel Workers: 10
 Concurrent Workers: 3
 Concurrent Refinement Workers: 10
 Periodic GC: Disabled

Heap:
 garbage-first heap   total 65536K, used 18411K [0x00000000fc000000, 0x0000000100000000)
  region size 1024K, 9 young (9216K), 3 survivors (3072K)
 Metaspace       used 9761K, committed 9920K, reserved 1114112K
  class space    used 1246K, committed 1344K, reserved 1048576K

Heap Regions: E=young(eden), S=young(survivor), O=old, HS=humongous(starts), HC=humongous(continues), CS=collection set, F=free, OA=open archive, CA=closed archive, TAMS=top-at-mark-start (previous, next)
|   0|0x00000000fc000000, 0x00000000fc100000, 0x00000000fc100000|100%|HS|  |TAMS 0x00000000fc000000, 0x00000000fc000000| Complete 
|   1|0x00000000fc100000, 0x00000000fc200000, 0x00000000fc200000|100%|HC|  |TAMS 0x00000000fc100000, 0x00000000fc100000| Complete 
|   2|0x00000000fc200000, 0x00000000fc300000, 0x00000000fc300000|100%|HC|  |TAMS 0x00000000fc200000, 0x00000000fc200000| Complete 
|   3|0x00000000fc300000, 0x00000000fc400000, 0x00000000fc400000|100%|HC|  |TAMS 0x00000000fc300000, 0x00000000fc300000| Complete 
|   4|0x00000000fc400000, 0x00000000fc500000, 0x00000000fc500000|100%| O|  |TAMS 0x00000000fc400000, 0x00000000fc400000| Untracked 
|   5|0x00000000fc500000, 0x00000000fc600000, 0x00000000fc600000|100%| O|  |TAMS 0x00000000fc500000, 0x00000000fc500000| Untracked 
|   6|0x00000000fc600000, 0x00000000fc700000, 0x00000000fc700000|100%| O|  |TAMS 0x00000000fc600000, 0x00000000fc600000| Untracked 
|   7|0x00000000fc700000, 0x00000000fc800000, 0x00000000fc800000|100%| O|  |TAMS 0x00000000fc700000, 0x00000000fc700000| Untracked 
|   8|0x00000000fc800000, 0x00000000fc900000, 0x00000000fc900000|100%| O|  |TAMS 0x00000000fc800000, 0x00000000fc800000| Untracked 
|   9|0x00000000fc900000, 0x00000000fca00000, 0x00000000fca00000|100%| O|  |TAMS 0x00000000fc900000, 0x00000000fc900000| Untracked 
|  10|0x00000000fca00000, 0x00000000fcac2600, 0x00000000fcb00000| 75%| O|  |TAMS 0x00000000fca00000, 0x00000000fca00000| Untracked 
|  11|0x00000000fcb00000, 0x00000000fcb00000, 0x00000000fcc00000|  0%| F|  |TAMS 0x00000000fcb00000, 0x00000000fcb00000| Untracked 
|  12|0x00000000fcc00000, 0x00000000fcc00000, 0x00000000fcd00000|  0%| F|  |TAMS 0x00000000fcc00000, 0x00000000fcc00000| Untracked 
|  13|0x00000000fcd00000, 0x00000000fcd00000, 0x00000000fce00000|  0%| F|  |TAMS 0x00000000fcd00000, 0x00000000fcd00000| Untracked 
|  14|0x00000000fce00000, 0x00000000fce00000, 0x00000000fcf00000|  0%| F|  |TAMS 0x00000000fce00000, 0x00000000fce00000| Untracked 
|  15|0x00000000fcf00000, 0x00000000fcf00000, 0x00000000fd000000|  0%| F|  |TAMS 0x00000000fcf00000, 0x00000000fcf00000| Untracked 
|  16|0x00000000fd000000, 0x00000000fd000000, 0x00000000fd100000|  0%| F|  |TAMS 0x00000000fd000000, 0x00000000fd000000| Untracked 
|  17|0x00000000fd100000, 0x00000000fd100000, 0x00000000fd200000|  0%| F|  |TAMS 0x00000000fd100000, 0x00000000fd100000| Untracked 
|  18|0x00000000fd200000, 0x00000000fd200000, 0x00000000fd300000|  0%| F|  |TAMS 0x00000000fd200000, 0x00000000fd200000| Untracked 
|  19|0x00000000fd300000, 0x00000000fd300000, 0x00000000fd400000|  0%| F|  |TAMS 0x00000000fd300000, 0x00000000fd300000| Untracked 
|  20|0x00000000fd400000, 0x00000000fd400000, 0x00000000fd500000|  0%| F|  |TAMS 0x00000000fd400000, 0x00000000fd400000| Untracked 
|  21|0x00000000fd500000, 0x00000000fd500000, 0x00000000fd600000|  0%| F|  |TAMS 0x00000000fd500000, 0x00000000fd500000| Untracked 
|  22|0x00000000fd600000, 0x00000000fd600000, 0x00000000fd700000|  0%| F|  |TAMS 0x00000000fd600000, 0x00000000fd600000| Untracked 
|  23|0x00000000fd700000, 0x00000000fd700000, 0x00000000fd800000|  0%| F|  |TAMS 0x00000000fd700000, 0x00000000fd700000| Untracked 
|  24|0x00000000fd800000, 0x00000000fd800000, 0x00000000fd900000|  0%| F|  |TAMS 0x00000000fd800000, 0x00000000fd800000| Untracked 
|  25|0x00000000fd900000, 0x00000000fd900000, 0x00000000fda00000|  0%| F|  |TAMS 0x00000000fd900000, 0x00000000fd900000| Untracked 
|  26|0x00000000fda00000, 0x00000000fda00000, 0x00000000fdb00000|  0%| F|  |TAMS 0x00000000fda00000, 0x00000000fda00000| Untracked 
|  27|0x00000000fdb00000, 0x00000000fdb00000, 0x00000000fdc00000|  0%| F|  |TAMS 0x00000000fdb00000, 0x00000000fdb00000| Untracked 
|  28|0x00000000fdc00000, 0x00000000fdc00000, 0x00000000fdd00000|  0%| F|  |TAMS 0x00000000fdc00000, 0x00000000fdc00000| Untracked 
|  29|0x00000000fdd00000, 0x00000000fdd00000, 0x00000000fde00000|  0%| F|  |TAMS 0x00000000fdd00000, 0x00000000fdd00000| Untracked 
|  30|0x00000000fde00000, 0x00000000fde00000, 0x00000000fdf00000|  0%| F|  |TAMS 0x00000000fde00000, 0x00000000fde00000| Untracked 
|  31|0x00000000fdf00000, 0x00000000fdf00000, 0x00000000fe000000|  0%| F|  |TAMS 0x00000000fdf00000, 0x00000000fdf00000| Untracked 
|  32|0x00000000fe000000, 0x00000000fe000000, 0x00000000fe100000|  0%| F|  |TAMS 0x00000000fe000000, 0x00000000fe000000| Untracked 
|  33|0x00000000fe100000, 0x00000000fe100000, 0x00000000fe200000|  0%| F|  |TAMS 0x00000000fe100000, 0x00000000fe100000| Untracked 
|  34|0x00000000fe200000, 0x00000000fe200000, 0x00000000fe300000|  0%| F|  |TAMS 0x00000000fe200000, 0x00000000fe200000| Untracked 
|  35|0x00000000fe300000, 0x00000000fe300000, 0x00000000fe400000|  0%| F|  |TAMS 0x00000000fe300000, 0x00000000fe300000| Untracked 
|  36|0x00000000fe400000, 0x00000000fe438820, 0x00000000fe500000| 22%| S|CS|TAMS 0x00000000fe400000, 0x00000000fe400000| Complete 
|  37|0x00000000fe500000, 0x00000000fe600000, 0x00000000fe600000|100%| S|CS|TAMS 0x00000000fe500000, 0x00000000fe500000| Complete 
|  38|0x00000000fe600000, 0x00000000fe600000, 0x00000000fe700000|  0%| F|  |TAMS 0x00000000fe600000, 0x00000000fe600000| Untracked 
|  39|0x00000000fe700000, 0x00000000fe700000, 0x00000000fe800000|  0%| F|  |TAMS 0x00000000fe700000, 0x00000000fe700000| Untracked 
|  40|0x00000000fe800000, 0x00000000fe800000, 0x00000000fe900000|  0%| F|  |TAMS 0x00000000fe800000, 0x00000000fe800000| Untracked 
|  41|0x00000000fe900000, 0x00000000fea00000, 0x00000000fea00000|100%| S|CS|TAMS 0x00000000fe900000, 0x00000000fe900000| Complete 
|  42|0x00000000fea00000, 0x00000000fea00000, 0x00000000feb00000|  0%| F|  |TAMS 0x00000000fea00000, 0x00000000fea00000| Untracked 
|  43|0x00000000feb00000, 0x00000000feb00000, 0x00000000fec00000|  0%| F|  |TAMS 0x00000000feb00000, 0x00000000feb00000| Untracked 
|  44|0x00000000fec00000, 0x00000000fec00000, 0x00000000fed00000|  0%| F|  |TAMS 0x00000000fec00000, 0x00000000fec00000| Untracked 
|  45|0x00000000fed00000, 0x00000000fed00000, 0x00000000fee00000|  0%| F|  |TAMS 0x00000000fed00000, 0x00000000fed00000| Untracked 
|  46|0x00000000fee00000, 0x00000000fee00000, 0x00000000fef00000|  0%| F|  |TAMS 0x00000000fee00000, 0x00000000fee00000| Untracked 
|  47|0x00000000fef00000, 0x00000000fef00000, 0x00000000ff000000|  0%| F|  |TAMS 0x00000000fef00000, 0x00000000fef00000| Untracked 
|  48|0x00000000ff000000, 0x00000000ff000000, 0x00000000ff100000|  0%| F|  |TAMS 0x00000000ff000000, 0x00000000ff000000| Untracked 
|  49|0x00000000ff100000, 0x00000000ff100000, 0x00000000ff200000|  0%| F|  |TAMS 0x00000000ff100000, 0x00000000ff100000| Untracked 
|  50|0x00000000ff200000, 0x00000000ff200000, 0x00000000ff300000|  0%| F|  |TAMS 0x00000000ff200000, 0x00000000ff200000| Untracked 
|  51|0x00000000ff300000, 0x00000000ff300000, 0x00000000ff400000|  0%| F|  |TAMS 0x00000000ff300000, 0x00000000ff300000| Untracked 
|  52|0x00000000ff400000, 0x00000000ff400000, 0x00000000ff500000|  0%| F|  |TAMS 0x00000000ff400000, 0x00000000ff400000| Untracked 
|  53|0x00000000ff500000, 0x00000000ff500000, 0x00000000ff600000|  0%| F|  |TAMS 0x00000000ff500000, 0x00000000ff500000| Untracked 
|  54|0x00000000ff600000, 0x00000000ff600000, 0x00000000ff700000|  0%| F|  |TAMS 0x00000000ff600000, 0x00000000ff600000| Untracked 
|  55|0x00000000ff700000, 0x00000000ff700000, 0x00000000ff800000|  0%| F|  |TAMS 0x00000000ff700000, 0x00000000ff700000| Untracked 
|  56|0x00000000ff800000, 0x00000000ff800000, 0x00000000ff900000|  0%| F|  |TAMS 0x00000000ff800000, 0x00000000ff800000| Untracked 
|  57|0x00000000ff900000, 0x00000000ff900000, 0x00000000ffa00000|  0%| F|  |TAMS 0x00000000ff900000, 0x00000000ff900000| Untracked 
|  58|0x00000000ffa00000, 0x00000000ffa1df20, 0x00000000ffb00000| 11%| E|  |TAMS 0x00000000ffa00000, 0x00000000ffa00000| Complete 
|  59|0x00000000ffb00000, 0x00000000ffc00000, 0x00000000ffc00000|100%| E|CS|TAMS 0x00000000ffb00000, 0x00000000ffb00000| Complete 
|  60|0x00000000ffc00000, 0x00000000ffd00000, 0x00000000ffd00000|100%| E|CS|TAMS 0x00000000ffc00000, 0x00000000ffc00000| Complete 
|  61|0x00000000ffd00000, 0x00000000ffe00000, 0x00000000ffe00000|100%| E|CS|TAMS 0x00000000ffd00000, 0x00000000ffd00000| Complete 
|  62|0x00000000ffe00000, 0x00000000fff00000, 0x00000000fff00000|100%| E|CS|TAMS 0x00000000ffe00000, 0x00000000ffe00000| Complete 
|  63|0x00000000fff00000, 0x0000000100000000, 0x0000000100000000|100%| E|CS|TAMS 0x00000000fff00000, 0x00000000fff00000| Complete 

Card table byte_map: [0x0000019bd9440000,0x0000019bd9460000] _byte_map_base: 0x0000019bd8c60000

Marking Bits (Prev, Next): (CMBitMap*) 0x0000019bdb48fe80, (CMBitMap*) 0x0000019bdb48fec0
 Prev Bits: [0x0000019bf24b0000, 0x0000019bf25b0000)
 Next Bits: [0x0000019bf25b0000, 0x0000019bf26b0000)

Polling page: 0x0000019bd91b0000

Metaspace:

Usage:
  Non-class:      8.32 MB used.
      Class:      1.22 MB used.
       Both:      9.53 MB used.

Virtual space:
  Non-class space:       64.00 MB reserved,       8.38 MB ( 13%) committed,  1 nodes.
      Class space:        1.00 GB reserved,       1.31 MB ( <1%) committed,  1 nodes.
             Both:        1.06 GB reserved,       9.69 MB ( <1%) committed. 

Chunk freelists:
   Non-Class:  6.81 MB
       Class:  14.61 MB
        Both:  21.42 MB

MaxMetaspaceSize: unlimited
CompressedClassSpaceSize: 1.00 GB
Initial GC threshold: 21.00 MB
Current GC threshold: 21.00 MB
CDS: on
MetaspaceReclaimPolicy: balanced
 - commit_granule_bytes: 65536.
 - commit_granule_words: 8192.
 - virtual_space_node_default_size: 8388608.
 - enlarge_chunks_in_place: 1.
 - new_chunks_are_fully_committed: 0.
 - uncommit_free_chunks: 1.
 - use_allocation_guard: 0.
 - handle_deallocations: 1.


Internal statistics:

num_allocs_failed_limit: 0.
num_arena_births: 88.
num_arena_deaths: 0.
num_vsnodes_births: 2.
num_vsnodes_deaths: 0.
num_space_committed: 155.
num_space_uncommitted: 0.
num_chunks_returned_to_freelist: 0.
num_chunks_taken_from_freelist: 335.
num_chunk_merges: 0.
num_chunk_splits: 228.
num_chunks_enlarged: 186.
num_inconsistent_stats: 0.

CodeHeap 'non-profiled nmethods': size=120000Kb used=761Kb max_used=761Kb free=119238Kb
 bounds [0x0000019beaa30000, 0x0000019beaca0000, 0x0000019bf1f60000]
CodeHeap 'profiled nmethods': size=120000Kb used=3790Kb max_used=3790Kb free=116209Kb
 bounds [0x0000019be2f60000, 0x0000019be3320000, 0x0000019bea490000]
CodeHeap 'non-nmethods': size=5760Kb used=1182Kb max_used=1208Kb free=4577Kb
 bounds [0x0000019bea490000, 0x0000019bea700000, 0x0000019beaa30000]
 total_blobs=2403 nmethods=1920 adapters=396
 compilation: enabled
              stopped_count=0, restarted_count=0
 full_count=0

Compilation events (20 events):
Event: 26.247 Thread 0x0000019bf52ad610 1910       4       java.lang.StringCoding::implEncodeAsciiArray (47 bytes)
Event: 26.252 Thread 0x0000019bf52ad610 nmethod 1910 0x0000019beaaed790 code [0x0000019beaaed900, 0x0000019beaaedcd8]
Event: 26.463 Thread 0x0000019bf52ad610 1912       4       java.util.ArrayDeque::pollFirst (36 bytes)
Event: 26.464 Thread 0x0000019bf52ad610 nmethod 1912 0x0000019beaaede10 code [0x0000019beaaedf80, 0x0000019beaaee098]
Event: 26.534 Thread 0x0000019bf52adfd0 1913       3       org.gradle.internal.logging.events.StyledTextOutputEvent::render (55 bytes)
Event: 26.535 Thread 0x0000019bf52ad610 1914       4       java.nio.ByteBuffer::arrayOffset (35 bytes)
Event: 26.535 Thread 0x0000019bf52adfd0 nmethod 1913 0x0000019be330e190 code [0x0000019be330e3c0, 0x0000019be330ee28]
Event: 26.536 Thread 0x0000019bf52ad610 nmethod 1914 0x0000019beaaee190 code [0x0000019beaaee300, 0x0000019beaaee3b8]
Event: 26.844 Thread 0x0000019bf52adfd0 1915       3       org.gradle.internal.logging.sink.GroupingProgressLogEventGenerator$OperationGroup::maybeFlushOutput (34 bytes)
Event: 26.844 Thread 0x0000019bf52adfd0 nmethod 1915 0x0000019be330f190 code [0x0000019be330f3a0, 0x0000019be330fac8]
Event: 26.844 Thread 0x0000019bf52adfd0 1916       3       org.gradle.internal.logging.sink.GroupingProgressLogEventGenerator::access$800 (4 bytes)
Event: 26.844 Thread 0x0000019bf52adfd0 nmethod 1916 0x0000019be330fd90 code [0x0000019be330ff20, 0x0000019be3310018]
Event: 26.844 Thread 0x0000019bf52adfd0 1917       3       org.gradle.internal.logging.sink.GroupingProgressLogEventGenerator::access$900 (4 bytes)
Event: 26.844 Thread 0x0000019bf52adfd0 nmethod 1917 0x0000019be3310090 code [0x0000019be3310220, 0x0000019be3310318]
Event: 29.135 Thread 0x0000019bf52adfd0 1918       3       java.util.concurrent.locks.AbstractQueuedSynchronizer$Node::getAndUnsetStatus (14 bytes)
Event: 29.136 Thread 0x0000019bf52adfd0 nmethod 1918 0x0000019be3310390 code [0x0000019be3310540, 0x0000019be3310848]
Event: 34.340 Thread 0x0000019bf52adfd0 1919       3       org.gradle.internal.logging.sink.GroupingProgressLogEventGenerator::onUpdateNow (54 bytes)
Event: 34.341 Thread 0x0000019bf52adfd0 nmethod 1919 0x0000019be3310990 code [0x0000019be3310ba0, 0x0000019be3311288]
Event: 36.169 Thread 0x0000019bf52adfd0 1920   !   3       java.util.concurrent.locks.AbstractQueuedSynchronizer::acquire (407 bytes)
Event: 36.171 Thread 0x0000019bf52adfd0 nmethod 1920 0x0000019be3311490 code [0x0000019be3311820, 0x0000019be3313238]

GC Heap History (4 events):
Event: 0.385 GC heap before
{Heap before GC invocations=0 (full 0):
 garbage-first heap   total 65536K, used 26624K [0x00000000fc000000, 0x0000000100000000)
  region size 1024K, 23 young (23552K), 0 survivors (0K)
 Metaspace       used 3491K, committed 3648K, reserved 1114112K
  class space    used 409K, committed 512K, reserved 1048576K
}
Event: 0.389 GC heap after
{Heap after GC invocations=1 (full 0):
 garbage-first heap   total 65536K, used 10872K [0x00000000fc000000, 0x0000000100000000)
  region size 1024K, 3 young (3072K), 3 survivors (3072K)
 Metaspace       used 3491K, committed 3648K, reserved 1114112K
  class space    used 409K, committed 512K, reserved 1048576K
}
Event: 3.800 GC heap before
{Heap before GC invocations=1 (full 0):
 garbage-first heap   total 65536K, used 33400K [0x00000000fc000000, 0x0000000100000000)
  region size 1024K, 25 young (25600K), 3 survivors (3072K)
 Metaspace       used 8131K, committed 8320K, reserved 1114112K
  class space    used 1077K, committed 1152K, reserved 1048576K
}
Event: 3.802 GC heap after
{Heap after GC invocations=2 (full 0):
 garbage-first heap   total 65536K, used 13291K [0x00000000fc000000, 0x0000000100000000)
  region size 1024K, 3 young (3072K), 3 survivors (3072K)
 Metaspace       used 8131K, committed 8320K, reserved 1114112K
  class space    used 1077K, committed 1152K, reserved 1048576K
}

Dll operation events (11 events):
Event: 0.005 Loaded shared library C:\Program Files\Microsoft\jdk-17.0.8.7-hotspot\bin\java.dll
Event: 0.018 Loaded shared library C:\Program Files\Microsoft\jdk-17.0.8.7-hotspot\bin\jsvml.dll
Event: 0.036 Loaded shared library C:\Program Files\Microsoft\jdk-17.0.8.7-hotspot\bin\net.dll
Event: 0.037 Loaded shared library C:\Program Files\Microsoft\jdk-17.0.8.7-hotspot\bin\nio.dll
Event: 0.039 Loaded shared library C:\Program Files\Microsoft\jdk-17.0.8.7-hotspot\bin\zip.dll
Event: 0.201 Loaded shared library C:\Program Files\Microsoft\jdk-17.0.8.7-hotspot\bin\jimage.dll
Event: 0.251 Loaded shared library C:\Program Files\Microsoft\jdk-17.0.8.7-hotspot\bin\verify.dll
Event: 0.419 Loaded shared library C:\Users\Dhruvil Prajapati\.gradle\native\68d5fa5c4cc2d200863cafc0d521ce42e7d3e7ee720ec0a83991735586a16f82\windows-amd64\native-platform.dll
Event: 0.496 Loaded shared library C:\Program Files\Microsoft\jdk-17.0.8.7-hotspot\bin\management.dll
Event: 0.498 Loaded shared library C:\Program Files\Microsoft\jdk-17.0.8.7-hotspot\bin\management_ext.dll
Event: 4.971 Loaded shared library C:\Program Files\Microsoft\jdk-17.0.8.7-hotspot\bin\sunmscapi.dll

Deoptimization events (20 events):
Event: 4.960 Thread 0x0000019bdb46fb60 Uncommon trap: trap_request=0xffffffc6 fr.pc=0x0000019beaacdd78 relative=0x0000000000000438
Event: 4.960 Thread 0x0000019bdb46fb60 Uncommon trap: reason=bimorphic_or_optimized_type_check action=maybe_recompile pc=0x0000019beaacdd78 method=java.util.HashMap.getNode(Ljava/lang/Object;)Ljava/util/HashMap$Node; @ 128 c2
Event: 4.960 Thread 0x0000019bdb46fb60 DEOPT PACKING pc=0x0000019beaacdd78 sp=0x0000009634af97e0
Event: 4.960 Thread 0x0000019bdb46fb60 DEOPT UNPACKING pc=0x0000019bea4e69a3 sp=0x0000009634af9758 mode 2
Event: 4.961 Thread 0x0000019bdb46fb60 Uncommon trap: trap_request=0xffffffc6 fr.pc=0x0000019beaacdd78 relative=0x0000000000000438
Event: 4.961 Thread 0x0000019bdb46fb60 Uncommon trap: reason=bimorphic_or_optimized_type_check action=maybe_recompile pc=0x0000019beaacdd78 method=java.util.HashMap.getNode(Ljava/lang/Object;)Ljava/util/HashMap$Node; @ 128 c2
Event: 4.961 Thread 0x0000019bdb46fb60 DEOPT PACKING pc=0x0000019beaacdd78 sp=0x0000009634af97e0
Event: 4.961 Thread 0x0000019bdb46fb60 DEOPT UNPACKING pc=0x0000019bea4e69a3 sp=0x0000009634af9758 mode 2
Event: 4.968 Thread 0x0000019bdb46fb60 Uncommon trap: trap_request=0xffffff45 fr.pc=0x0000019beaac0d74 relative=0x00000000000001d4
Event: 4.968 Thread 0x0000019bdb46fb60 Uncommon trap: reason=unstable_if action=reinterpret pc=0x0000019beaac0d74 method=java.util.HashMap.putVal(ILjava/lang/Object;Ljava/lang/Object;ZZ)Ljava/lang/Object; @ 162 c2
Event: 4.968 Thread 0x0000019bdb46fb60 DEOPT PACKING pc=0x0000019beaac0d74 sp=0x0000009634afa4a0
Event: 4.968 Thread 0x0000019bdb46fb60 DEOPT UNPACKING pc=0x0000019bea4e69a3 sp=0x0000009634afa430 mode 2
Event: 4.980 Thread 0x0000019bdb46fb60 Uncommon trap: trap_request=0xffffff45 fr.pc=0x0000019beaaa7a9c relative=0x000000000000015c
Event: 4.980 Thread 0x0000019bdb46fb60 Uncommon trap: reason=unstable_if action=reinterpret pc=0x0000019beaaa7a9c method=java.lang.invoke.VarHandle.checkExactAccessMode(Ljava/lang/invoke/VarHandle$AccessDescriptor;)V @ 4 c2
Event: 4.980 Thread 0x0000019bdb46fb60 DEOPT PACKING pc=0x0000019beaaa7a9c sp=0x0000009634afc560
Event: 4.980 Thread 0x0000019bdb46fb60 DEOPT UNPACKING pc=0x0000019bea4e69a3 sp=0x0000009634afc4a0 mode 2
Event: 4.987 Thread 0x0000019bdb46fb60 Uncommon trap: trap_request=0xffffff45 fr.pc=0x0000019beaa86374 relative=0x0000000000000414
Event: 4.987 Thread 0x0000019bdb46fb60 Uncommon trap: reason=unstable_if action=reinterpret pc=0x0000019beaa86374 method=java.util.regex.Matcher.match(II)Z @ 76 c2
Event: 4.987 Thread 0x0000019bdb46fb60 DEOPT PACKING pc=0x0000019beaa86374 sp=0x0000009634afb740
Event: 4.987 Thread 0x0000019bdb46fb60 DEOPT UNPACKING pc=0x0000019bea4e69a3 sp=0x0000009634afb6f8 mode 2

Classes unloaded (0 events):
No events

Classes redefined (0 events):
No events

Internal exceptions (20 events):
Event: 0.407 Thread 0x0000019bdb46fb60 Exception <a 'java/lang/NoSuchMethodError'{0x00000000ffe3d2d8}: 'java.lang.Object java.lang.invoke.DirectMethodHandle$Holder.invokeVirtual(java.lang.Object, java.lang.Object, java.lang.Object, java.lang.Object, java.lang.Object, java.lang.Object, java.lang.Object)'> (0x00000000ffe3d2d8) 
thrown [s\src\hotspot\share\interpreter\linkResolver.cpp, line 759]
Event: 0.408 Thread 0x0000019bdb46fb60 Exception <a 'java/lang/NoSuchMethodError'{0x00000000ffe4e958}: 'java.lang.Object java.lang.invoke.Invokers$Holder.invoker(java.lang.Object, java.lang.Object, java.lang.Object)'> (0x00000000ffe4e958) 
thrown [s\src\hotspot\share\interpreter\linkResolver.cpp, line 759]
Event: 0.409 Thread 0x0000019bdb46fb60 Exception <a 'java/lang/NoSuchMethodError'{0x00000000ffe57b30}: 'java.lang.Object java.lang.invoke.DirectMethodHandle$Holder.invokeStatic(java.lang.Object, java.lang.Object, int)'> (0x00000000ffe57b30) 
thrown [s\src\hotspot\share\interpreter\linkResolver.cpp, line 759]
Event: 0.410 Thread 0x0000019bdb46fb60 Exception <a 'java/lang/NoSuchMethodError'{0x00000000ffe63820}: 'void java.lang.invoke.DelegatingMethodHandle$Holder.delegate(java.lang.Object, java.lang.Object, int, java.lang.Object)'> (0x00000000ffe63820) 
thrown [s\src\hotspot\share\interpreter\linkResolver.cpp, line 759]
Event: 0.410 Thread 0x0000019bdb46fb60 Exception <a 'java/lang/NoSuchMethodError'{0x00000000ffe679e8}: 'int java.lang.invoke.DirectMethodHandle$Holder.invokeSpecial(java.lang.Object, java.lang.Object, java.lang.Object)'> (0x00000000ffe679e8) 
thrown [s\src\hotspot\share\interpreter\linkResolver.cpp, line 759]
Event: 0.412 Thread 0x0000019bdb46fb60 Exception <a 'java/lang/NoSuchMethodError'{0x00000000ffe7ad80}: 'java.lang.Object java.lang.invoke.Invokers$Holder.invokeExact_MT(java.lang.Object, java.lang.Object, java.lang.Object, java.lang.Object)'> (0x00000000ffe7ad80) 
thrown [s\src\hotspot\share\interpreter\linkResolver.cpp, line 759]
Event: 0.479 Thread 0x0000019bdb46fb60 Exception <a 'java/lang/NoSuchMethodError'{0x00000000ff9bece8}: 'void java.lang.invoke.DirectMethodHandle$Holder.invokeSpecial(java.lang.Object, java.lang.Object, java.lang.Object)'> (0x00000000ff9bece8) 
thrown [s\src\hotspot\share\interpreter\linkResolver.cpp, line 759]
Event: 0.484 Thread 0x0000019bdb46fb60 Implicit null exception at 0x0000019beaa7e78a to 0x0000019beaa7eca4
Event: 0.484 Thread 0x0000019bdb46fb60 Implicit null exception at 0x0000019beaa7240a to 0x0000019beaa72910
Event: 0.495 Thread 0x0000019bdb46fb60 Exception <a 'java/lang/NoSuchMethodError'{0x00000000ff710b10}: 'java.lang.Object java.lang.invoke.DirectMethodHandle$Holder.invokeStaticInit(java.lang.Object)'> (0x00000000ff710b10) 
thrown [s\src\hotspot\share\interpreter\linkResolver.cpp, line 759]
Event: 0.548 Thread 0x0000019bdb46fb60 Exception <a 'java/lang/NoSuchMethodError'{0x00000000ff4d4478}: 'java.lang.Object java.lang.invoke.DirectMethodHandle$Holder.invokeStaticInit(java.lang.Object, int, int, int, int)'> (0x00000000ff4d4478) 
thrown [s\src\hotspot\share\interpreter\linkResolver.cpp, line 759]
Event: 0.588 Thread 0x0000019bdb46fb60 Exception <a 'java/lang/NoSuchMethodError'{0x00000000ff3bfe78}: 'java.lang.Object java.lang.invoke.DirectMethodHandle$Holder.invokeStaticInit(java.lang.Object, java.lang.Object, int, int, int, int)'> (0x00000000ff3bfe78) 
thrown [s\src\hotspot\share\interpreter\linkResolver.cpp, line 759]
Event: 0.672 Thread 0x0000019bdb46fb60 Exception <a 'java/lang/NoSuchMethodError'{0x00000000ff3ed9d0}: 'void java.lang.invoke.DirectMethodHandle$Holder.invokeStatic(java.lang.Object, java.lang.Object, java.lang.Object)'> (0x00000000ff3ed9d0) 
thrown [s\src\hotspot\share\interpreter\linkResolver.cpp, line 759]
Event: 0.684 Thread 0x0000019bdb46fb60 Implicit null exception at 0x0000019beaa65df2 to 0x0000019beaa663c0
Event: 0.685 Thread 0x0000019bdb46fb60 Implicit null exception at 0x0000019beaa71372 to 0x0000019beaa71950
Event: 3.814 Thread 0x0000019bf52af860 Exception <a 'java/lang/NoSuchMethodError'{0x00000000fff86150}: 'void java.lang.invoke.DirectMethodHandle$Holder.invokeStatic(java.lang.Object, long)'> (0x00000000fff86150) 
thrown [s\src\hotspot\share\interpreter\linkResolver.cpp, line 759]
Event: 3.815 Thread 0x0000019bf52af860 Exception <a 'java/lang/NoSuchMethodError'{0x00000000fff8baa8}: 'java.lang.Object java.lang.invoke.DirectMethodHandle$Holder.newInvokeSpecial(java.lang.Object, long)'> (0x00000000fff8baa8) 
thrown [s\src\hotspot\share\interpreter\linkResolver.cpp, line 759]
Event: 3.816 Thread 0x0000019bf52af860 Exception <a 'java/lang/NoSuchMethodError'{0x00000000fff966d0}: 'java.lang.Object java.lang.invoke.DirectMethodHandle$Holder.invokeStaticInit(java.lang.Object, java.lang.Object, long, java.lang.Object)'> (0x00000000fff966d0) 
thrown [s\src\hotspot\share\interpreter\linkResolver.cpp, line 759]
Event: 3.816 Thread 0x0000019bf52af860 Exception <a 'java/lang/NoSuchMethodError'{0x00000000fff9cd58}: 'java.lang.Object java.lang.invoke.DirectMethodHandle$Holder.newInvokeSpecial(java.lang.Object, java.lang.Object, long)'> (0x00000000fff9cd58) 
thrown [s\src\hotspot\share\interpreter\linkResolver.cpp, line 759]
Event: 3.817 Thread 0x0000019bf52af860 Exception <a 'java/lang/NoSuchMethodError'{0x00000000fffa1048}: 'java.lang.Object java.lang.invoke.Invokers$Holder.linkToTargetMethod(java.lang.Object, long, java.lang.Object)'> (0x00000000fffa1048) 
thrown [s\src\hotspot\share\interpreter\linkResolver.cpp, line 759]

VM Operations (20 events):
Event: 19.106 Executing VM operation: Cleanup
Event: 19.106 Executing VM operation: Cleanup done
Event: 20.115 Executing VM operation: Cleanup
Event: 20.115 Executing VM operation: Cleanup done
Event: 21.121 Executing VM operation: Cleanup
Event: 21.121 Executing VM operation: Cleanup done
Event: 22.129 Executing VM operation: Cleanup
Event: 22.129 Executing VM operation: Cleanup done
Event: 23.135 Executing VM operation: Cleanup
Event: 23.136 Executing VM operation: Cleanup done
Event: 24.143 Executing VM operation: Cleanup
Event: 24.143 Executing VM operation: Cleanup done
Event: 25.147 Executing VM operation: Cleanup
Event: 25.148 Executing VM operation: Cleanup done
Event: 26.157 Executing VM operation: Cleanup
Event: 26.157 Executing VM operation: Cleanup done
Event: 27.175 Executing VM operation: Cleanup
Event: 27.175 Executing VM operation: Cleanup done
Event: 35.236 Executing VM operation: Cleanup
Event: 35.236 Executing VM operation: Cleanup done

Events (20 events):
Event: 10.597 loading class jdk/internal/reflect/ByteVectorImpl done
Event: 10.597 loading class jdk/internal/reflect/ClassFileAssembler
Event: 10.597 loading class jdk/internal/reflect/ClassFileAssembler done
Event: 10.597 loading class jdk/internal/reflect/UTF8
Event: 10.597 loading class jdk/internal/reflect/UTF8 done
Event: 10.598 loading class jdk/internal/reflect/Label
Event: 10.598 loading class jdk/internal/reflect/Label done
Event: 10.598 loading class jdk/internal/reflect/Label$PatchInfo
Event: 10.598 loading class jdk/internal/reflect/Label$PatchInfo done
Event: 10.598 loading class jdk/internal/reflect/MethodAccessorGenerator$1
Event: 10.598 loading class jdk/internal/reflect/MethodAccessorGenerator$1 done
Event: 10.598 loading class jdk/internal/reflect/ClassDefiner
Event: 10.598 loading class jdk/internal/reflect/ClassDefiner done
Event: 10.598 loading class jdk/internal/reflect/ClassDefiner$1
Event: 10.598 loading class jdk/internal/reflect/ClassDefiner$1 done
Event: 37.236 loading class java/io/ObjectOutputStream
Event: 37.236 loading class java/io/ObjectOutput
Event: 37.237 loading class java/io/ObjectOutput done
Event: 37.237 loading class java/io/ObjectStreamConstants
Event: 37.237 loading class java/io/ObjectStreamConstants done


Dynamic libraries:
0x00007ff7a2b70000 - 0x00007ff7a2b7e000 	C:\Program Files\Microsoft\jdk-17.0.8.7-hotspot\bin\java.exe
0x00007ff8a66b0000 - 0x00007ff8a68c6000 	C:\WINDOWS\SYSTEM32\ntdll.dll
0x00007ff8a5450000 - 0x00007ff8a5514000 	C:\WINDOWS\System32\KERNEL32.DLL
0x00007ff8a3e40000 - 0x00007ff8a41e6000 	C:\WINDOWS\System32\KERNELBASE.dll
0x00007ff8a42e0000 - 0x00007ff8a43f1000 	C:\WINDOWS\System32\ucrtbase.dll
0x00007ff895a00000 - 0x00007ff895a1b000 	C:\Program Files\Microsoft\jdk-17.0.8.7-hotspot\bin\VCRUNTIME140.dll
0x00007ff89b7b0000 - 0x00007ff89b7c7000 	C:\Program Files\Microsoft\jdk-17.0.8.7-hotspot\bin\jli.dll
0x00007ff8a4ae0000 - 0x00007ff8a4c8d000 	C:\WINDOWS\System32\USER32.dll
0x00007ff8a3d20000 - 0x00007ff8a3d46000 	C:\WINDOWS\System32\win32u.dll
0x00007ff891f30000 - 0x00007ff8921c3000 	C:\WINDOWS\WinSxS\amd64_microsoft.windows.common-controls_6595b64144ccf1df_6.0.22621.3235_none_270f74e173860f98\COMCTL32.dll
0x00007ff8a4f60000 - 0x00007ff8a4f89000 	C:\WINDOWS\System32\GDI32.dll
0x00007ff8a39f0000 - 0x00007ff8a3b08000 	C:\WINDOWS\System32\gdi32full.dll
0x00007ff8a4950000 - 0x00007ff8a49f7000 	C:\WINDOWS\System32\msvcrt.dll
0x00007ff8a3b10000 - 0x00007ff8a3baa000 	C:\WINDOWS\System32\msvcp_win.dll
0x00007ff8a5520000 - 0x00007ff8a5551000 	C:\WINDOWS\System32\IMM32.DLL
0x00007ff8959f0000 - 0x00007ff8959fc000 	C:\Program Files\Microsoft\jdk-17.0.8.7-hotspot\bin\vcruntime140_1.dll
0x00007ff895960000 - 0x00007ff8959ed000 	C:\Program Files\Microsoft\jdk-17.0.8.7-hotspot\bin\msvcp140.dll
0x00007ff85ce00000 - 0x00007ff85da65000 	C:\Program Files\Microsoft\jdk-17.0.8.7-hotspot\bin\server\jvm.dll
0x00007ff8a44e0000 - 0x00007ff8a4592000 	C:\WINDOWS\System32\ADVAPI32.dll
0x00007ff8a5160000 - 0x00007ff8a5208000 	C:\WINDOWS\System32\sechost.dll
0x00007ff8a41f0000 - 0x00007ff8a4218000 	C:\WINDOWS\System32\bcrypt.dll
0x00007ff8a4d40000 - 0x00007ff8a4e55000 	C:\WINDOWS\System32\RPCRT4.dll
0x00007ff895950000 - 0x00007ff895959000 	C:\WINDOWS\SYSTEM32\WSOCK32.dll
0x00007ff89b770000 - 0x00007ff89b7a4000 	C:\WINDOWS\SYSTEM32\WINMM.dll
0x00007ff8a38b0000 - 0x00007ff8a38fd000 	C:\WINDOWS\SYSTEM32\POWRPROF.dll
0x00007ff8a4cb0000 - 0x00007ff8a4d21000 	C:\WINDOWS\System32\WS2_32.dll
0x00007ff89c420000 - 0x00007ff89c42a000 	C:\WINDOWS\SYSTEM32\VERSION.dll
0x00007ff8a3890000 - 0x00007ff8a38a3000 	C:\WINDOWS\SYSTEM32\UMPDC.dll
0x00007ff8a2a30000 - 0x00007ff8a2a48000 	C:\WINDOWS\SYSTEM32\kernel.appcore.dll
0x00007ff895940000 - 0x00007ff89594a000 	C:\Program Files\Microsoft\jdk-17.0.8.7-hotspot\bin\jimage.dll
0x00007ff8a1400000 - 0x00007ff8a1633000 	C:\WINDOWS\SYSTEM32\DBGHELP.DLL
0x00007ff8a45a0000 - 0x00007ff8a4928000 	C:\WINDOWS\System32\combase.dll
0x00007ff8a4a00000 - 0x00007ff8a4ad7000 	C:\WINDOWS\System32\OLEAUT32.dll
0x00007ff88c390000 - 0x00007ff88c3c2000 	C:\WINDOWS\SYSTEM32\dbgcore.DLL
0x00007ff8a3d50000 - 0x00007ff8a3dca000 	C:\WINDOWS\System32\bcryptPrimitives.dll
0x00007ff895910000 - 0x00007ff895935000 	C:\Program Files\Microsoft\jdk-17.0.8.7-hotspot\bin\java.dll
0x00007ff88b0c0000 - 0x00007ff88b197000 	C:\Program Files\Microsoft\jdk-17.0.8.7-hotspot\bin\jsvml.dll
0x00007ff8a5d60000 - 0x00007ff8a65bc000 	C:\WINDOWS\System32\SHELL32.dll
0x00007ff8a1950000 - 0x00007ff8a2248000 	C:\WINDOWS\SYSTEM32\windows.storage.dll
0x00007ff8a1810000 - 0x00007ff8a194e000 	C:\WINDOWS\SYSTEM32\wintypes.dll
0x00007ff8a4e60000 - 0x00007ff8a4f53000 	C:\WINDOWS\System32\SHCORE.dll
0x00007ff8a4480000 - 0x00007ff8a44de000 	C:\WINDOWS\System32\shlwapi.dll
0x00007ff8a3920000 - 0x00007ff8a3946000 	C:\WINDOWS\SYSTEM32\profapi.dll
0x00007ff8958f0000 - 0x00007ff895909000 	C:\Program Files\Microsoft\jdk-17.0.8.7-hotspot\bin\net.dll
0x00007ff89d4f0000 - 0x00007ff89d627000 	C:\WINDOWS\SYSTEM32\WINHTTP.dll
0x00007ff8a2eb0000 - 0x00007ff8a2f19000 	C:\WINDOWS\system32\mswsock.dll
0x00007ff8958d0000 - 0x00007ff8958e6000 	C:\Program Files\Microsoft\jdk-17.0.8.7-hotspot\bin\nio.dll
0x00007ff88b0a0000 - 0x00007ff88b0b8000 	C:\Program Files\Microsoft\jdk-17.0.8.7-hotspot\bin\zip.dll
0x00007ff88b090000 - 0x00007ff88b0a0000 	C:\Program Files\Microsoft\jdk-17.0.8.7-hotspot\bin\verify.dll
0x00007ff884ad0000 - 0x00007ff884af7000 	C:\Users\Dhruvil Prajapati\.gradle\native\68d5fa5c4cc2d200863cafc0d521ce42e7d3e7ee720ec0a83991735586a16f82\windows-amd64\native-platform.dll
0x00007ff88b080000 - 0x00007ff88b089000 	C:\Program Files\Microsoft\jdk-17.0.8.7-hotspot\bin\management.dll
0x00007ff88b070000 - 0x00007ff88b07b000 	C:\Program Files\Microsoft\jdk-17.0.8.7-hotspot\bin\management_ext.dll
0x00007ff8a5210000 - 0x00007ff8a5218000 	C:\WINDOWS\System32\PSAPI.DLL
0x00007ff8a3100000 - 0x00007ff8a311b000 	C:\WINDOWS\SYSTEM32\CRYPTSP.dll
0x00007ff8a2990000 - 0x00007ff8a29c5000 	C:\WINDOWS\system32\rsaenh.dll
0x00007ff8a2fa0000 - 0x00007ff8a2fcc000 	C:\WINDOWS\SYSTEM32\USERENV.dll
0x00007ff8a3120000 - 0x00007ff8a312c000 	C:\WINDOWS\SYSTEM32\CRYPTBASE.dll
0x00007ff8a24b0000 - 0x00007ff8a24dd000 	C:\WINDOWS\SYSTEM32\IPHLPAPI.DLL
0x00007ff8a5ca0000 - 0x00007ff8a5ca9000 	C:\WINDOWS\System32\NSI.dll
0x00007ff89d090000 - 0x00007ff89d0a9000 	C:\WINDOWS\SYSTEM32\dhcpcsvc6.DLL
0x00007ff89cf60000 - 0x00007ff89cf7f000 	C:\WINDOWS\SYSTEM32\dhcpcsvc.DLL
0x00007ff8a2520000 - 0x00007ff8a2619000 	C:\WINDOWS\SYSTEM32\DNSAPI.dll
0x00007ff884a80000 - 0x00007ff884a8e000 	C:\Program Files\Microsoft\jdk-17.0.8.7-hotspot\bin\sunmscapi.dll
0x00007ff8a3bb0000 - 0x00007ff8a3d16000 	C:\WINDOWS\System32\CRYPT32.dll
0x00007ff8a32c0000 - 0x00007ff8a32ee000 	C:\WINDOWS\SYSTEM32\ncrypt.dll
0x00007ff8a3280000 - 0x00007ff8a32b7000 	C:\WINDOWS\SYSTEM32\NTASN1.dll
0x00007ff8762e0000 - 0x00007ff8762e8000 	C:\WINDOWS\system32\wshunix.dll

dbghelp: loaded successfully - version: 4.0.5 - missing functions: none
symbol engine: initialized successfully - sym options: 0x614 - pdb path: .;C:\Program Files\Microsoft\jdk-17.0.8.7-hotspot\bin;C:\WINDOWS\SYSTEM32;C:\WINDOWS\WinSxS\amd64_microsoft.windows.common-controls_6595b64144ccf1df_6.0.22621.3235_none_270f74e173860f98;C:\Program Files\Microsoft\jdk-17.0.8.7-hotspot\bin\server;C:\Users\Dhruvil Prajapati\.gradle\native\68d5fa5c4cc2d200863cafc0d521ce42e7d3e7ee720ec0a83991735586a16f82\windows-amd64

VM Arguments:
jvm_args: -Xmx64m -Xms64m -Dorg.gradle.appname=gradlew 
java_command: org.gradle.wrapper.GradleWrapperMain app:installDebug -PreactNativeDevServerPort=8081
java_class_path (initial): D:\Dolphin_Project\Get_Otp_Demo\android\\gradle\wrapper\gradle-wrapper.jar
Launcher Type: SUN_STANDARD

[Global flags]
     intx CICompilerCount                          = 4                                         {product} {ergonomic}
     uint ConcGCThreads                            = 3                                         {product} {ergonomic}
     uint G1ConcRefinementThreads                  = 10                                        {product} {ergonomic}
   size_t G1HeapRegionSize                         = 1048576                                   {product} {ergonomic}
    uintx GCDrainStackTargetSize                   = 64                                        {product} {ergonomic}
   size_t InitialHeapSize                          = 67108864                                  {product} {command line}
   size_t MarkStackSize                            = 4194304                                   {product} {ergonomic}
   size_t MaxHeapSize                              = 67108864                                  {product} {command line}
   size_t MaxNewSize                               = 39845888                                  {product} {ergonomic}
   size_t MinHeapDeltaBytes                        = 1048576                                   {product} {ergonomic}
   size_t MinHeapSize                              = 67108864                                  {product} {command line}
    uintx NonNMethodCodeHeapSize                   = 5839372                                {pd product} {ergonomic}
    uintx NonProfiledCodeHeapSize                  = 122909434                              {pd product} {ergonomic}
    uintx ProfiledCodeHeapSize                     = 122909434                              {pd product} {ergonomic}
    uintx ReservedCodeCacheSize                    = 251658240                              {pd product} {ergonomic}
     bool SegmentedCodeCache                       = true                                      {product} {ergonomic}
   size_t SoftMaxHeapSize                          = 67108864                               {manageable} {ergonomic}
     bool UseCompressedClassPointers               = true                           {product lp64_product} {ergonomic}
     bool UseCompressedOops                        = true                           {product lp64_product} {ergonomic}
     bool UseG1GC                                  = true                                      {product} {ergonomic}
     bool UseLargePagesIndividualAllocation        = false                                  {pd product} {ergonomic}

Logging:
Log output configuration:
 #0: stdout all=warning uptime,level,tags
 #1: stderr all=off uptime,level,tags

Environment Variables:
JAVA_HOME=C:\Program Files\Microsoft\jdk-17.0.8.7-hotspot\
CLASSPATH=D:\Dolphin_Project\Get_Otp_Demo\android\\gradle\wrapper\gradle-wrapper.jar
PATH=D:\Dolphin_Project\Get_Otp_Demo\node_modules\.bin;D:\Dolphin_Project\Get_Otp_Demo\node_modules\.bin;D:\Dolphin_Project\node_modules\.bin;D:\node_modules\.bin;C:\Program Files\nodejs\node_modules\npm\node_modules\@npmcli\run-script\lib\node-gyp-bin;D:\Dolphin_Project\Get_Otp_Demo\node_modules\.bin;D:\Dolphin_Project\Get_Otp_Demo\node_modules\.bin;D:\Dolphin_Project\node_modules\.bin;D:\node_modules\.bin;C:\Program Files\nodejs\node_modules\npm\node_modules\@npmcli\run-script\lib\node-gyp-bin;C:\Program Files\Microsoft\jdk-17.0.8.7-hotspot\bin;C:\Python312\Scripts\;C:\Python312\;C:\Program Files (x86)\VMware\VMware Workstation\bin\;C:\Windows\system32;C:\Windows;C:\Windows\System32\Wbem;C:\Windows\System32\WindowsPowerShell\v1.0\;C:\Windows\System32\OpenSSH\;C:\Program Files (x86)\NVIDIA Corporation\PhysX\Common;C:\Program Files\NVIDIA Corporation\NVIDIA NvDLISR;C:\Program Files\Java\jdk1.8.0_202\bin;C:\Program Files\Git\cmd;C:\ProgramData\chocolatey\bin;C:\Users\Dhruvil Prajapati\AppData\Local\Android\Sdk\platform-tools;;C:\WINDOWS\system32;C:\WINDOWS;C:\WINDOWS\System32\Wbem;C:\WINDOWS\System32\WindowsPowerShell\v1.0\;C:\WINDOWS\System32\OpenSSH\;C:\Program Files\nodejs\;C:\Users\Dhruvil Prajapati\AppData\Local\Programs\Python\Python311\Scripts\;C:\Users\Dhruvil Prajapati\AppData\Local\Programs\Python\Python311\;C:\Users\Dhruvil Prajapati\AppData\Local\Microsoft\WindowsApps;C:\Program Files\dart-sdk\bin;C:\Users\Dhruvil Prajapati\AppData\Local\Programs\Microsoft VS Code\bin;C:\Users\Dhruvil Prajapati\Desktop\mobile app\Sem 2\flutter\bin;C:\Users\Dhruvil Prajapati\AppData\Local\Programs\mongosh\;C:\Users\Dhruvil Prajapati\Desktop\mobile app\Sem 2\Flutter\flutter\flutter_windows_3.7.12-stable\flutter\bin;C:\Users\Dhruvil Prajapati\AppData\Roaming\npm
USERNAME=Dhruvil Prajapati
LANG=en_US.UTF-8
OS=Windows_NT
PROCESSOR_IDENTIFIER=AMD64 Family 25 Model 80 Stepping 0, AuthenticAMD
TMP=C:\Users\DHRUVI~1\AppData\Local\Temp
TEMP=C:\Users\DHRUVI~1\AppData\Local\Temp



---------------  S Y S T E M  ---------------

OS:
 Windows 11 , 64 bit Build 22621 (10.0.22621.3235)
OS uptime: 0 days 0:57 hours

CPU: total 12 (initial active 12) (12 cores per cpu, 2 threads per core) family 25 model 80 stepping 0 microcode 0x0, cx8, cmov, fxsr, ht, mmx, 3dnowpref, sse, sse2, sse3, ssse3, sse4a, sse4.1, sse4.2, popcnt, lzcnt, tsc, tscinvbit, avx, avx2, aes, erms, clmul, bmi1, bmi2, adx, sha, fma, vzeroupper, clflush, clflushopt
Processor Information for all 12 processors :
  Max Mhz: 3301, Current Mhz: 3301, Mhz Limit: 3301

Memory: 4k page, system-wide physical 15724M (3240M free)
TotalPageFile size 19820M (AvailPageFile size 693M)
current process WorkingSet (physical memory assigned to process): 96M, peak: 102M
current process commit charge ("private bytes"): 167M, peak: 175M

vm_info: OpenJDK 64-Bit Server VM (17.0.8+7-LTS) for windows-amd64 JRE (17.0.8+7-LTS), built on Jul  7 2023 17:21:55 by "MicrosoftCorporation" with MS VC++ 16.10 / 16.11 (VS2019)

END.
