#
# There is insufficient memory for the Java Runtime Environment to continue.
# Native memory allocation (malloc) failed to allocate 178576 bytes for Chunk::new
# Possible reasons:
#   The system is out of physical RAM or swap space
#   The process is running with CompressedOops enabled, and the Java Heap may be blocking the growth of the native heap
# Possible solutions:
#   Reduce memory load on the system
#   Increase physical memory or swap space
#   Check if swap backing store is full
#   Decrease Java heap size (-Xmx/-Xms)
#   Decrease number of Java threads
#   Decrease Java thread stack sizes (-Xss)
#   Set larger code cache with -XX:ReservedCodeCacheSize=
#   JVM is running with Unscaled Compressed Oops mode in which the Java heap is
#     placed in the first 4GB address space. The Java Heap base address is the
#     maximum limit for the native heap growth. Please use -XX:HeapBaseMinAddress
#     to set the Java Heap base and to place the Java Heap above 4GB virtual address.
# This output file may be truncated or incomplete.
#
#  Out of Memory Error (arena.cpp:189), pid=8732, tid=16272
#
# JRE version: OpenJDK Runtime Environment Microsoft-8035246 (17.0.8+7) (build 17.0.8+7-LTS)
# Java VM: OpenJDK 64-Bit Server VM Microsoft-8035246 (17.0.8+7-LTS, mixed mode, sharing, tiered, compressed oops, compressed class ptrs, g1 gc, windows-amd64)
# No core dump will be written. Minidumps are not enabled by default on client versions of Windows
#

---------------  S U M M A R Y ------------

Command Line: -Xmx64m -Xms64m -Dorg.gradle.appname=gradlew org.gradle.wrapper.GradleWrapperMain app:installDebug -PreactNativeDevServerPort=8081

Host: AMD Ryzen 5 5600H with Radeon Graphics         , 12 cores, 15G,  Windows 11 , 64 bit Build 22621 (10.0.22621.3235)
Time: Tue Mar 19 14:26:10 2024 India Standard Time elapsed time: 0.400063 seconds (0d 0h 0m 0s)

---------------  T H R E A D  ---------------

Current thread (0x000001617e1b5850):  JavaThread "C2 CompilerThread2" daemon [_thread_in_native, id=16272, stack(0x0000003daa100000,0x0000003daa200000)]


Current CompileTask:
C2:    400  797  s!   4       jdk.internal.loader.URLClassPath::getLoader (194 bytes)

Stack: [0x0000003daa100000,0x0000003daa200000]
Native frames: (J=compiled Java code, j=interpreted, Vv=VM code, C=native code)
V  [jvm.dll+0x67bf3a]
V  [jvm.dll+0x83a024]
V  [jvm.dll+0x83b7ce]
V  [jvm.dll+0x83be33]
V  [jvm.dll+0x24785f]
V  [jvm.dll+0xac3bc]
V  [jvm.dll+0xac98c]
V  [jvm.dll+0x2af19f]
V  [jvm.dll+0x584667]
V  [jvm.dll+0x222a82]
V  [jvm.dll+0x222e5f]
V  [jvm.dll+0x21bf4f]
V  [jvm.dll+0x21944b]
V  [jvm.dll+0x1a56b6]
V  [jvm.dll+0x2291ea]
V  [jvm.dll+0x22724c]
V  [jvm.dll+0x7efd0c]
V  [jvm.dll+0x7ea13a]
V  [jvm.dll+0x67ad85]
C  [ucrtbase.dll+0x29363]
C  [KERNEL32.DLL+0x1257d]
C  [ntdll.dll+0x5aa58]


---------------  P R O C E S S  ---------------

Threads class SMR info:
_java_thread_list=0x000001617e1aa800, length=14, elements={
0x000001611f011a30, 0x000001611f0bea60, 0x0000016138e238b0, 0x0000016138e35f40,
0x0000016138e37a20, 0x0000016138e3a300, 0x0000016138e3abd0, 0x0000016138e3d7e0,
0x0000016138e41a00, 0x0000016138e50750, 0x000001617e093530, 0x000001617e09a240,
0x000001617e3a2be0, 0x000001617e1b5850
}

Java Threads: ( => current thread )
  0x000001611f011a30 JavaThread "main" [_thread_in_vm, id=14940, stack(0x0000003da8d00000,0x0000003da8e00000)]
  0x000001611f0bea60 JavaThread "Reference Handler" daemon [_thread_blocked, id=15212, stack(0x0000003da9400000,0x0000003da9500000)]
  0x0000016138e238b0 JavaThread "Finalizer" daemon [_thread_blocked, id=8036, stack(0x0000003da9500000,0x0000003da9600000)]
  0x0000016138e35f40 JavaThread "Signal Dispatcher" daemon [_thread_blocked, id=9304, stack(0x0000003da9600000,0x0000003da9700000)]
  0x0000016138e37a20 JavaThread "Attach Listener" daemon [_thread_blocked, id=18380, stack(0x0000003da9700000,0x0000003da9800000)]
  0x0000016138e3a300 JavaThread "Service Thread" daemon [_thread_blocked, id=1584, stack(0x0000003da9800000,0x0000003da9900000)]
  0x0000016138e3abd0 JavaThread "Monitor Deflation Thread" daemon [_thread_blocked, id=17664, stack(0x0000003da9900000,0x0000003da9a00000)]
  0x0000016138e3d7e0 JavaThread "C2 CompilerThread0" daemon [_thread_in_native, id=21076, stack(0x0000003da9a00000,0x0000003da9b00000)]
  0x0000016138e41a00 JavaThread "C1 CompilerThread0" daemon [_thread_blocked, id=6900, stack(0x0000003da9b00000,0x0000003da9c00000)]
  0x0000016138e50750 JavaThread "Sweeper thread" daemon [_thread_blocked, id=2916, stack(0x0000003da9c00000,0x0000003da9d00000)]
  0x000001617e093530 JavaThread "Notification Thread" daemon [_thread_blocked, id=12268, stack(0x0000003da9d00000,0x0000003da9e00000)]
  0x000001617e09a240 JavaThread "Common-Cleaner" daemon [_thread_blocked, id=13084, stack(0x0000003da9f00000,0x0000003daa000000)]
  0x000001617e3a2be0 JavaThread "C2 CompilerThread1" daemon [_thread_in_native, id=5500, stack(0x0000003daa000000,0x0000003daa100000)]
=>0x000001617e1b5850 JavaThread "C2 CompilerThread2" daemon [_thread_in_native, id=16272, stack(0x0000003daa100000,0x0000003daa200000)]

Other Threads:
  0x000001611f0bdb70 VMThread "VM Thread" [stack: 0x0000003da9300000,0x0000003da9400000] [id=11592]
  0x000001611f0560a0 WatcherThread [stack: 0x0000003da9e00000,0x0000003da9f00000] [id=5796]
  0x000001611f031f00 GCTaskThread "GC Thread#0" [stack: 0x0000003da8e00000,0x0000003da8f00000] [id=5964]
  0x000001611f033560 ConcurrentGCThread "G1 Main Marker" [stack: 0x0000003da8f00000,0x0000003da9000000] [id=6092]
  0x000001611f033e80 ConcurrentGCThread "G1 Conc#0" [stack: 0x0000003da9000000,0x0000003da9100000] [id=5428]
  0x000001611f09e380 ConcurrentGCThread "G1 Refine#0" [stack: 0x0000003da9100000,0x0000003da9200000] [id=15200]
  0x000001611f09ecc0 ConcurrentGCThread "G1 Service" [stack: 0x0000003da9200000,0x0000003da9300000] [id=17508]

Threads with active compile tasks:
C2 CompilerThread0      414  796       4       java.util.jar.JarFile::getEntry (35 bytes)
C2 CompilerThread1      414  798   !   4       jdk.internal.loader.URLClassPath$JarLoader::getResource (65 bytes)
C2 CompilerThread2      415  797  s!   4       jdk.internal.loader.URLClassPath::getLoader (194 bytes)

VM state: not at safepoint (normal execution)

VM Mutex/Monitor currently owned by a thread: None

Heap address: 0x00000000fc000000, size: 64 MB, Compressed Oops mode: 32-bit

CDS archive(s) mapped at: [0x0000016139000000-0x0000016139bd0000-0x0000016139bd0000), size 12386304, SharedBaseAddress: 0x0000016139000000, ArchiveRelocationMode: 1.
Compressed class space mapped at: 0x000001613a000000-0x000001617a000000, reserved size: 1073741824
Narrow klass base: 0x0000016139000000, Narrow klass shift: 0, Narrow klass range: 0x100000000

GC Precious Log:
 CPUs: 12 total, 12 available
 Memory: 15724M
 Large Page Support: Disabled
 NUMA Support: Disabled
 Compressed Oops: Enabled (32-bit)
 Heap Region Size: 1M
 Heap Min Capacity: 64M
 Heap Initial Capacity: 64M
 Heap Max Capacity: 64M
 Pre-touch: Disabled
 Parallel Workers: 10
 Concurrent Workers: 3
 Concurrent Refinement Workers: 10
 Periodic GC: Disabled

Heap:
 garbage-first heap   total 65536K, used 24576K [0x00000000fc000000, 0x0000000100000000)
  region size 1024K, 22 young (22528K), 0 survivors (0K)
 Metaspace       used 3184K, committed 3328K, reserved 1114112K
  class space    used 352K, committed 448K, reserved 1048576K

Heap Regions: E=young(eden), S=young(survivor), O=old, HS=humongous(starts), HC=humongous(continues), CS=collection set, F=free, OA=open archive, CA=closed archive, TAMS=top-at-mark-start (previous, next)
|   0|0x00000000fc000000, 0x00000000fc100000, 0x00000000fc100000|100%|HS|  |TAMS 0x00000000fc000000, 0x00000000fc000000| Complete 
|   1|0x00000000fc100000, 0x00000000fc200000, 0x00000000fc200000|100%|HC|  |TAMS 0x00000000fc100000, 0x00000000fc100000| Complete 
|   2|0x00000000fc200000, 0x00000000fc300000, 0x00000000fc300000|100%|HC|  |TAMS 0x00000000fc200000, 0x00000000fc200000| Complete 
|   3|0x00000000fc300000, 0x00000000fc400000, 0x00000000fc400000|100%|HC|  |TAMS 0x00000000fc300000, 0x00000000fc300000| Complete 
|   4|0x00000000fc400000, 0x00000000fc400000, 0x00000000fc500000|  0%| F|  |TAMS 0x00000000fc400000, 0x00000000fc400000| Untracked 
|   5|0x00000000fc500000, 0x00000000fc500000, 0x00000000fc600000|  0%| F|  |TAMS 0x00000000fc500000, 0x00000000fc500000| Untracked 
|   6|0x00000000fc600000, 0x00000000fc600000, 0x00000000fc700000|  0%| F|  |TAMS 0x00000000fc600000, 0x00000000fc600000| Untracked 
|   7|0x00000000fc700000, 0x00000000fc700000, 0x00000000fc800000|  0%| F|  |TAMS 0x00000000fc700000, 0x00000000fc700000| Untracked 
|   8|0x00000000fc800000, 0x00000000fc800000, 0x00000000fc900000|  0%| F|  |TAMS 0x00000000fc800000, 0x00000000fc800000| Untracked 
|   9|0x00000000fc900000, 0x00000000fc900000, 0x00000000fca00000|  0%| F|  |TAMS 0x00000000fc900000, 0x00000000fc900000| Untracked 
|  10|0x00000000fca00000, 0x00000000fca00000, 0x00000000fcb00000|  0%| F|  |TAMS 0x00000000fca00000, 0x00000000fca00000| Untracked 
|  11|0x00000000fcb00000, 0x00000000fcb00000, 0x00000000fcc00000|  0%| F|  |TAMS 0x00000000fcb00000, 0x00000000fcb00000| Untracked 
|  12|0x00000000fcc00000, 0x00000000fcc00000, 0x00000000fcd00000|  0%| F|  |TAMS 0x00000000fcc00000, 0x00000000fcc00000| Untracked 
|  13|0x00000000fcd00000, 0x00000000fcd00000, 0x00000000fce00000|  0%| F|  |TAMS 0x00000000fcd00000, 0x00000000fcd00000| Untracked 
|  14|0x00000000fce00000, 0x00000000fce00000, 0x00000000fcf00000|  0%| F|  |TAMS 0x00000000fce00000, 0x00000000fce00000| Untracked 
|  15|0x00000000fcf00000, 0x00000000fcf00000, 0x00000000fd000000|  0%| F|  |TAMS 0x00000000fcf00000, 0x00000000fcf00000| Untracked 
|  16|0x00000000fd000000, 0x00000000fd000000, 0x00000000fd100000|  0%| F|  |TAMS 0x00000000fd000000, 0x00000000fd000000| Untracked 
|  17|0x00000000fd100000, 0x00000000fd100000, 0x00000000fd200000|  0%| F|  |TAMS 0x00000000fd100000, 0x00000000fd100000| Untracked 
|  18|0x00000000fd200000, 0x00000000fd200000, 0x00000000fd300000|  0%| F|  |TAMS 0x00000000fd200000, 0x00000000fd200000| Untracked 
|  19|0x00000000fd300000, 0x00000000fd300000, 0x00000000fd400000|  0%| F|  |TAMS 0x00000000fd300000, 0x00000000fd300000| Untracked 
|  20|0x00000000fd400000, 0x00000000fd400000, 0x00000000fd500000|  0%| F|  |TAMS 0x00000000fd400000, 0x00000000fd400000| Untracked 
|  21|0x00000000fd500000, 0x00000000fd500000, 0x00000000fd600000|  0%| F|  |TAMS 0x00000000fd500000, 0x00000000fd500000| Untracked 
|  22|0x00000000fd600000, 0x00000000fd600000, 0x00000000fd700000|  0%| F|  |TAMS 0x00000000fd600000, 0x00000000fd600000| Untracked 
|  23|0x00000000fd700000, 0x00000000fd700000, 0x00000000fd800000|  0%| F|  |TAMS 0x00000000fd700000, 0x00000000fd700000| Untracked 
|  24|0x00000000fd800000, 0x00000000fd800000, 0x00000000fd900000|  0%| F|  |TAMS 0x00000000fd800000, 0x00000000fd800000| Untracked 
|  25|0x00000000fd900000, 0x00000000fd900000, 0x00000000fda00000|  0%| F|  |TAMS 0x00000000fd900000, 0x00000000fd900000| Untracked 
|  26|0x00000000fda00000, 0x00000000fda00000, 0x00000000fdb00000|  0%| F|  |TAMS 0x00000000fda00000, 0x00000000fda00000| Untracked 
|  27|0x00000000fdb00000, 0x00000000fdb00000, 0x00000000fdc00000|  0%| F|  |TAMS 0x00000000fdb00000, 0x00000000fdb00000| Untracked 
|  28|0x00000000fdc00000, 0x00000000fdc00000, 0x00000000fdd00000|  0%| F|  |TAMS 0x00000000fdc00000, 0x00000000fdc00000| Untracked 
|  29|0x00000000fdd00000, 0x00000000fdd00000, 0x00000000fde00000|  0%| F|  |TAMS 0x00000000fdd00000, 0x00000000fdd00000| Untracked 
|  30|0x00000000fde00000, 0x00000000fde00000, 0x00000000fdf00000|  0%| F|  |TAMS 0x00000000fde00000, 0x00000000fde00000| Untracked 
|  31|0x00000000fdf00000, 0x00000000fdf00000, 0x00000000fe000000|  0%| F|  |TAMS 0x00000000fdf00000, 0x00000000fdf00000| Untracked 
|  32|0x00000000fe000000, 0x00000000fe000000, 0x00000000fe100000|  0%| F|  |TAMS 0x00000000fe000000, 0x00000000fe000000| Untracked 
|  33|0x00000000fe100000, 0x00000000fe100000, 0x00000000fe200000|  0%| F|  |TAMS 0x00000000fe100000, 0x00000000fe100000| Untracked 
|  34|0x00000000fe200000, 0x00000000fe200000, 0x00000000fe300000|  0%| F|  |TAMS 0x00000000fe200000, 0x00000000fe200000| Untracked 
|  35|0x00000000fe300000, 0x00000000fe300000, 0x00000000fe400000|  0%| F|  |TAMS 0x00000000fe300000, 0x00000000fe300000| Untracked 
|  36|0x00000000fe400000, 0x00000000fe400000, 0x00000000fe500000|  0%| F|  |TAMS 0x00000000fe400000, 0x00000000fe400000| Untracked 
|  37|0x00000000fe500000, 0x00000000fe500000, 0x00000000fe600000|  0%| F|  |TAMS 0x00000000fe500000, 0x00000000fe500000| Untracked 
|  38|0x00000000fe600000, 0x00000000fe600000, 0x00000000fe700000|  0%| F|  |TAMS 0x00000000fe600000, 0x00000000fe600000| Untracked 
|  39|0x00000000fe700000, 0x00000000fe700000, 0x00000000fe800000|  0%| F|  |TAMS 0x00000000fe700000, 0x00000000fe700000| Untracked 
|  40|0x00000000fe800000, 0x00000000fe800000, 0x00000000fe900000|  0%| F|  |TAMS 0x00000000fe800000, 0x00000000fe800000| Untracked 
|  41|0x00000000fe900000, 0x00000000fe900000, 0x00000000fea00000|  0%| F|  |TAMS 0x00000000fe900000, 0x00000000fe900000| Untracked 
|  42|0x00000000fea00000, 0x00000000feaebee8, 0x00000000feb00000| 92%| E|  |TAMS 0x00000000fea00000, 0x00000000fea00000| Complete 
|  43|0x00000000feb00000, 0x00000000fec00000, 0x00000000fec00000|100%| E|CS|TAMS 0x00000000feb00000, 0x00000000feb00000| Complete 
|  44|0x00000000fec00000, 0x00000000fed00000, 0x00000000fed00000|100%| E|CS|TAMS 0x00000000fec00000, 0x00000000fec00000| Complete 
|  45|0x00000000fed00000, 0x00000000fee00000, 0x00000000fee00000|100%| E|CS|TAMS 0x00000000fed00000, 0x00000000fed00000| Complete 
|  46|0x00000000fee00000, 0x00000000fef00000, 0x00000000fef00000|100%| E|CS|TAMS 0x00000000fee00000, 0x00000000fee00000| Complete 
|  47|0x00000000fef00000, 0x00000000ff000000, 0x00000000ff000000|100%| E|CS|TAMS 0x00000000fef00000, 0x00000000fef00000| Complete 
|  48|0x00000000ff000000, 0x00000000ff100000, 0x00000000ff100000|100%| E|CS|TAMS 0x00000000ff000000, 0x00000000ff000000| Complete 
|  49|0x00000000ff100000, 0x00000000ff200000, 0x00000000ff200000|100%| E|CS|TAMS 0x00000000ff100000, 0x00000000ff100000| Complete 
|  50|0x00000000ff200000, 0x00000000ff300000, 0x00000000ff300000|100%| E|CS|TAMS 0x00000000ff200000, 0x00000000ff200000| Complete 
|  51|0x00000000ff300000, 0x00000000ff400000, 0x00000000ff400000|100%| E|  |TAMS 0x00000000ff300000, 0x00000000ff300000| Complete 
|  52|0x00000000ff400000, 0x00000000ff500000, 0x00000000ff500000|100%| E|CS|TAMS 0x00000000ff400000, 0x00000000ff400000| Complete 
|  53|0x00000000ff500000, 0x00000000ff600000, 0x00000000ff600000|100%| E|CS|TAMS 0x00000000ff500000, 0x00000000ff500000| Complete 
|  54|0x00000000ff600000, 0x00000000ff700000, 0x00000000ff700000|100%| E|CS|TAMS 0x00000000ff600000, 0x00000000ff600000| Complete 
|  55|0x00000000ff700000, 0x00000000ff800000, 0x00000000ff800000|100%| E|CS|TAMS 0x00000000ff700000, 0x00000000ff700000| Complete 
|  56|0x00000000ff800000, 0x00000000ff900000, 0x00000000ff900000|100%| E|CS|TAMS 0x00000000ff800000, 0x00000000ff800000| Complete 
|  57|0x00000000ff900000, 0x00000000ffa00000, 0x00000000ffa00000|100%| E|CS|TAMS 0x00000000ff900000, 0x00000000ff900000| Complete 
|  58|0x00000000ffa00000, 0x00000000ffb00000, 0x00000000ffb00000|100%| E|CS|TAMS 0x00000000ffa00000, 0x00000000ffa00000| Complete 
|  59|0x00000000ffb00000, 0x00000000ffc00000, 0x00000000ffc00000|100%| E|CS|TAMS 0x00000000ffb00000, 0x00000000ffb00000| Complete 
|  60|0x00000000ffc00000, 0x00000000ffd00000, 0x00000000ffd00000|100%| E|CS|TAMS 0x00000000ffc00000, 0x00000000ffc00000| Complete 
|  61|0x00000000ffd00000, 0x00000000ffe00000, 0x00000000ffe00000|100%| E|CS|TAMS 0x00000000ffd00000, 0x00000000ffd00000| Complete 
|  62|0x00000000ffe00000, 0x00000000fff00000, 0x00000000fff00000|100%| E|CS|TAMS 0x00000000ffe00000, 0x00000000ffe00000| Complete 
|  63|0x00000000fff00000, 0x0000000100000000, 0x0000000100000000|100%| E|CS|TAMS 0x00000000fff00000, 0x00000000fff00000| Complete 

Card table byte_map: [0x000001611ef40000,0x000001611ef60000] _byte_map_base: 0x000001611e760000

Marking Bits (Prev, Next): (CMBitMap*) 0x000001611f032430, (CMBitMap*) 0x000001611f032470
 Prev Bits: [0x0000016136050000, 0x0000016136150000)
 Next Bits: [0x0000016136150000, 0x0000016136250000)

Polling page: 0x000001611e7c0000

Metaspace:

Usage:
  Non-class:      2.77 MB used.
      Class:    352.52 KB used.
       Both:      3.11 MB used.

Virtual space:
  Non-class space:       64.00 MB reserved,       2.81 MB (  4%) committed,  1 nodes.
      Class space:        1.00 GB reserved,     448.00 KB ( <1%) committed,  1 nodes.
             Both:        1.06 GB reserved,       3.25 MB ( <1%) committed. 

Chunk freelists:
   Non-Class:  10.94 MB
       Class:  15.53 MB
        Both:  26.47 MB

MaxMetaspaceSize: unlimited
CompressedClassSpaceSize: 1.00 GB
Initial GC threshold: 21.00 MB
Current GC threshold: 21.00 MB
CDS: on
MetaspaceReclaimPolicy: balanced
 - commit_granule_bytes: 65536.
 - commit_granule_words: 8192.
 - virtual_space_node_default_size: 8388608.
 - enlarge_chunks_in_place: 1.
 - new_chunks_are_fully_committed: 0.
 - uncommit_free_chunks: 1.
 - use_allocation_guard: 0.
 - handle_deallocations: 1.


Internal statistics:

num_allocs_failed_limit: 0.
num_arena_births: 16.
num_arena_deaths: 0.
num_vsnodes_births: 2.
num_vsnodes_deaths: 0.
num_space_committed: 52.
num_space_uncommitted: 0.
num_chunks_returned_to_freelist: 0.
num_chunks_taken_from_freelist: 85.
num_chunk_merges: 0.
num_chunk_splits: 55.
num_chunks_enlarged: 49.
num_inconsistent_stats: 0.

CodeHeap 'non-profiled nmethods': size=120000Kb used=304Kb max_used=304Kb free=119695Kb
 bounds [0x000001612e5d0000, 0x000001612e840000, 0x0000016135b00000]
CodeHeap 'profiled nmethods': size=120000Kb used=1506Kb max_used=1506Kb free=118494Kb
 bounds [0x0000016126b00000, 0x0000016126d70000, 0x000001612e030000]
CodeHeap 'non-nmethods': size=5760Kb used=1122Kb max_used=1149Kb free=4637Kb
 bounds [0x000001612e030000, 0x000001612e2a0000, 0x000001612e5d0000]
 total_blobs=1204 nmethods=799 adapters=318
 compilation: enabled
              stopped_count=0, restarted_count=0
 full_count=0

Compilation events (20 events):
Event: 0.389 Thread 0x000001617e1b5850 nmethod 767 0x000001612e616f90 code [0x000001612e6171a0, 0x000001612e617e70]
Event: 0.390 Thread 0x0000016138e3d7e0 nmethod 784 0x000001612e618610 code [0x000001612e6187c0, 0x000001612e618e48]
Event: 0.390 Thread 0x0000016138e41a00  792       3       java.lang.String::newStringUTF8NoRepl (274 bytes)
Event: 0.391 Thread 0x0000016138e41a00 nmethod 792 0x0000016126c6d790 code [0x0000016126c6da40, 0x0000016126c6e9c8]
Event: 0.391 Thread 0x0000016138e41a00  793   !   3       java.net.URLClassLoader::defineClass (224 bytes)
Event: 0.392 Thread 0x0000016138e3d7e0  796       4       java.util.jar.JarFile::getEntry (35 bytes)
Event: 0.392 Thread 0x0000016138e41a00 nmethod 793 0x0000016126c6ee90 code [0x0000016126c6f340, 0x0000016126c714a8]
Event: 0.392 Thread 0x0000016138e41a00  794       3       java.net.URLClassLoader::getAndVerifyPackage (109 bytes)
Event: 0.393 Thread 0x000001617e1b5850  797  s!   4       jdk.internal.loader.URLClassPath::getLoader (194 bytes)
Event: 0.393 Thread 0x0000016138e41a00 nmethod 794 0x0000016126c72390 code [0x0000016126c72700, 0x0000016126c73908]
Event: 0.393 Thread 0x0000016138e41a00  795       3       jdk.internal.perf.PerfCounter::getReadClassBytesTime (4 bytes)
Event: 0.393 Thread 0x0000016138e41a00 nmethod 795 0x0000016126c73f10 code [0x0000016126c740a0, 0x0000016126c74198]
Event: 0.394 Thread 0x0000016138e41a00  799       3       java.lang.ref.SoftReference::get (29 bytes)
Event: 0.394 Thread 0x0000016138e41a00 nmethod 799 0x0000016126c74210 code [0x0000016126c743a0, 0x0000016126c74578]
Event: 0.396 Thread 0x0000016138e41a00  800   !   3       java.net.URLClassLoader$1::run (81 bytes)
Event: 0.397 Thread 0x0000016138e41a00 nmethod 800 0x0000016126c74610 code [0x0000016126c749a0, 0x0000016126c75f08]
Event: 0.397 Thread 0x0000016138e41a00  801  s    3       java.util.jar.JarFile::getInputStream (72 bytes)
Event: 0.397 Thread 0x0000016138e41a00 nmethod 801 0x0000016126c76790 code [0x0000016126c769c0, 0x0000016126c76f18]
Event: 0.397 Thread 0x0000016138e41a00  802       3       java.lang.ClassLoader::definePackage (85 bytes)
Event: 0.398 Thread 0x0000016138e41a00 nmethod 802 0x0000016126c77110 code [0x0000016126c773e0, 0x0000016126c78338]

GC Heap History (0 events):
No events

Dll operation events (7 events):
Event: 0.006 Loaded shared library C:\Program Files\Microsoft\jdk-17.0.8.7-hotspot\bin\java.dll
Event: 0.019 Loaded shared library C:\Program Files\Microsoft\jdk-17.0.8.7-hotspot\bin\jsvml.dll
Event: 0.041 Loaded shared library C:\Program Files\Microsoft\jdk-17.0.8.7-hotspot\bin\net.dll
Event: 0.042 Loaded shared library C:\Program Files\Microsoft\jdk-17.0.8.7-hotspot\bin\nio.dll
Event: 0.043 Loaded shared library C:\Program Files\Microsoft\jdk-17.0.8.7-hotspot\bin\zip.dll
Event: 0.227 Loaded shared library C:\Program Files\Microsoft\jdk-17.0.8.7-hotspot\bin\jimage.dll
Event: 0.282 Loaded shared library C:\Program Files\Microsoft\jdk-17.0.8.7-hotspot\bin\verify.dll

Deoptimization events (20 events):
Event: 0.268 Thread 0x000001611f011a30 Uncommon trap: trap_request=0xffffffde fr.pc=0x000001612e5fac50 relative=0x0000000000000e50
Event: 0.268 Thread 0x000001611f011a30 Uncommon trap: reason=class_check action=maybe_recompile pc=0x000001612e5fac50 method=java.util.HashMap.putVal(ILjava/lang/Object;Ljava/lang/Object;ZZ)Ljava/lang/Object; @ 91 c2
Event: 0.268 Thread 0x000001611f011a30 DEOPT PACKING pc=0x000001612e5fac50 sp=0x0000003da8df9440
Event: 0.268 Thread 0x000001611f011a30 DEOPT UNPACKING pc=0x000001612e0869a3 sp=0x0000003da8df93d0 mode 2
Event: 0.306 Thread 0x000001611f011a30 DEOPT PACKING pc=0x0000016126b361c8 sp=0x0000003da8dfb340
Event: 0.306 Thread 0x000001611f011a30 DEOPT UNPACKING pc=0x000001612e087143 sp=0x0000003da8dfa800 mode 0
Event: 0.321 Thread 0x000001611f011a30 Uncommon trap: trap_request=0xffffff45 fr.pc=0x000001612e600058 relative=0x0000000000000418
Event: 0.321 Thread 0x000001611f011a30 Uncommon trap: reason=unstable_if action=reinterpret pc=0x000001612e600058 method=java.util.zip.ZipCoder$UTF8ZipCoder.checkedHash([BII)I @ 27 c2
Event: 0.321 Thread 0x000001611f011a30 DEOPT PACKING pc=0x000001612e600058 sp=0x0000003da8dfafd0
Event: 0.321 Thread 0x000001611f011a30 DEOPT UNPACKING pc=0x000001612e0869a3 sp=0x0000003da8dfae98 mode 2
Event: 0.321 Thread 0x000001611f011a30 Uncommon trap: trap_request=0xffffff45 fr.pc=0x000001612e5d9234 relative=0x00000000000001b4
Event: 0.321 Thread 0x000001611f011a30 Uncommon trap: reason=unstable_if action=reinterpret pc=0x000001612e5d9234 method=java.lang.String.hashCode()I @ 20 c2
Event: 0.321 Thread 0x000001611f011a30 DEOPT PACKING pc=0x000001612e5d9234 sp=0x0000003da8dfadd0
Event: 0.321 Thread 0x000001611f011a30 DEOPT UNPACKING pc=0x000001612e0869a3 sp=0x0000003da8dfad60 mode 2
Event: 0.321 Thread 0x000001611f011a30 Uncommon trap: trap_request=0xffffff45 fr.pc=0x000001612e5fed98 relative=0x0000000000000178
Event: 0.321 Thread 0x000001611f011a30 Uncommon trap: reason=unstable_if action=reinterpret pc=0x000001612e5fed98 method=java.util.zip.ZipFile$Source.isMetaName([BII)Z @ 57 c2
Event: 0.321 Thread 0x000001611f011a30 DEOPT PACKING pc=0x000001612e5fed98 sp=0x0000003da8dfafe0
Event: 0.321 Thread 0x000001611f011a30 DEOPT UNPACKING pc=0x000001612e0869a3 sp=0x0000003da8dfaf70 mode 2
Event: 0.390 Thread 0x000001611f011a30 DEOPT PACKING pc=0x0000016126bf0c77 sp=0x0000003da8df8040
Event: 0.390 Thread 0x000001611f011a30 DEOPT UNPACKING pc=0x000001612e087143 sp=0x0000003da8df74a0 mode 0

Classes unloaded (0 events):
No events

Classes redefined (0 events):
No events

Internal exceptions (1 events):
Event: 0.104 Thread 0x000001611f011a30 Exception <a 'java/lang/NoSuchMethodError'{0x00000000ffc73870}: 'int java.lang.invoke.DirectMethodHandle$Holder.invokeStaticInit(java.lang.Object, java.lang.Object)'> (0x00000000ffc73870) 
thrown [s\src\hotspot\share\interpreter\linkResolver.cpp, line 759]

VM Operations (2 events):
Event: 0.044 Executing VM operation: HandshakeAllThreads
Event: 0.044 Executing VM operation: HandshakeAllThreads done

Events (20 events):
Event: 0.351 loading class java/lang/IllegalAccessException
Event: 0.351 loading class java/lang/IllegalAccessException done
Event: 0.351 loading class java/lang/reflect/UndeclaredThrowableException
Event: 0.351 loading class java/lang/reflect/UndeclaredThrowableException done
Event: 0.351 loading class java/lang/reflect/Proxy$ProxyBuilder$1
Event: 0.351 loading class java/lang/reflect/Proxy$ProxyBuilder$1 done
Event: 0.353 loading class java/lang/reflect/InvocationTargetException
Event: 0.353 loading class java/lang/reflect/InvocationTargetException done
Event: 0.358 loading class java/util/LinkedList$ListItr
Event: 0.358 loading class java/util/LinkedList$ListItr done
Event: 0.359 loading class java/util/concurrent/ConcurrentLinkedQueue
Event: 0.360 loading class java/util/concurrent/ConcurrentLinkedQueue done
Event: 0.360 loading class java/util/concurrent/ConcurrentLinkedQueue$Node
Event: 0.360 loading class java/util/concurrent/ConcurrentLinkedQueue$Node done
Event: 0.361 loading class java/lang/reflect/ParameterizedType
Event: 0.361 loading class java/lang/reflect/ParameterizedType done
Event: 0.391 loading class java/io/InvalidObjectException
Event: 0.391 loading class java/io/ObjectStreamException
Event: 0.391 loading class java/io/ObjectStreamException done
Event: 0.391 loading class java/io/InvalidObjectException done


Dynamic libraries:
0x00007ff640530000 - 0x00007ff64053e000 	C:\Program Files\Microsoft\jdk-17.0.8.7-hotspot\bin\java.exe
0x00007ff83f850000 - 0x00007ff83fa66000 	C:\WINDOWS\SYSTEM32\ntdll.dll
0x00007ff83e600000 - 0x00007ff83e6c4000 	C:\WINDOWS\System32\KERNEL32.DLL
0x00007ff83d0d0000 - 0x00007ff83d476000 	C:\WINDOWS\System32\KERNELBASE.dll
0x00007ff83d480000 - 0x00007ff83d591000 	C:\WINDOWS\System32\ucrtbase.dll
0x00007ff81b950000 - 0x00007ff81b967000 	C:\Program Files\Microsoft\jdk-17.0.8.7-hotspot\bin\jli.dll
0x00007ff81c160000 - 0x00007ff81c17b000 	C:\Program Files\Microsoft\jdk-17.0.8.7-hotspot\bin\VCRUNTIME140.dll
0x00007ff83f450000 - 0x00007ff83f5fd000 	C:\WINDOWS\System32\USER32.dll
0x00007ff83cc50000 - 0x00007ff83cc76000 	C:\WINDOWS\System32\win32u.dll
0x00007ff82bec0000 - 0x00007ff82c153000 	C:\WINDOWS\WinSxS\amd64_microsoft.windows.common-controls_6595b64144ccf1df_6.0.22621.3235_none_270f74e173860f98\COMCTL32.dll
0x00007ff83f380000 - 0x00007ff83f3a9000 	C:\WINDOWS\System32\GDI32.dll
0x00007ff83dc70000 - 0x00007ff83dd17000 	C:\WINDOWS\System32\msvcrt.dll
0x00007ff83cf10000 - 0x00007ff83d028000 	C:\WINDOWS\System32\gdi32full.dll
0x00007ff83d030000 - 0x00007ff83d0ca000 	C:\WINDOWS\System32\msvcp_win.dll
0x00007ff83f3b0000 - 0x00007ff83f3e1000 	C:\WINDOWS\System32\IMM32.DLL
0x00007ff81bf50000 - 0x00007ff81bf5c000 	C:\Program Files\Microsoft\jdk-17.0.8.7-hotspot\bin\vcruntime140_1.dll
0x00007fffb3b30000 - 0x00007fffb3bbd000 	C:\Program Files\Microsoft\jdk-17.0.8.7-hotspot\bin\msvcp140.dll
0x00007fffafe80000 - 0x00007fffb0ae5000 	C:\Program Files\Microsoft\jdk-17.0.8.7-hotspot\bin\server\jvm.dll
0x00007ff83ef90000 - 0x00007ff83f042000 	C:\WINDOWS\System32\ADVAPI32.dll
0x00007ff83dbc0000 - 0x00007ff83dc68000 	C:\WINDOWS\System32\sechost.dll
0x00007ff83cdf0000 - 0x00007ff83ce18000 	C:\WINDOWS\System32\bcrypt.dll
0x00007ff83f260000 - 0x00007ff83f375000 	C:\WINDOWS\System32\RPCRT4.dll
0x00007ff81bbc0000 - 0x00007ff81bbc9000 	C:\WINDOWS\SYSTEM32\WSOCK32.dll
0x00007ff83ca60000 - 0x00007ff83caad000 	C:\WINDOWS\SYSTEM32\POWRPROF.dll
0x00007ff836050000 - 0x00007ff836084000 	C:\WINDOWS\SYSTEM32\WINMM.dll
0x00007ff83f050000 - 0x00007ff83f0c1000 	C:\WINDOWS\System32\WS2_32.dll
0x00007ff835f60000 - 0x00007ff835f6a000 	C:\WINDOWS\SYSTEM32\VERSION.dll
0x00007ff83ca40000 - 0x00007ff83ca53000 	C:\WINDOWS\SYSTEM32\UMPDC.dll
0x00007ff83bbd0000 - 0x00007ff83bbe8000 	C:\WINDOWS\SYSTEM32\kernel.appcore.dll
0x00007ff81bae0000 - 0x00007ff81baea000 	C:\Program Files\Microsoft\jdk-17.0.8.7-hotspot\bin\jimage.dll
0x00007ff83a750000 - 0x00007ff83a983000 	C:\WINDOWS\SYSTEM32\DBGHELP.DLL
0x00007ff83d710000 - 0x00007ff83da98000 	C:\WINDOWS\System32\combase.dll
0x00007ff83e890000 - 0x00007ff83e967000 	C:\WINDOWS\System32\OLEAUT32.dll
0x00007ff823590000 - 0x00007ff8235c2000 	C:\WINDOWS\SYSTEM32\dbgcore.DLL
0x00007ff83ce20000 - 0x00007ff83ce9a000 	C:\WINDOWS\System32\bcryptPrimitives.dll
0x00007ff81b6e0000 - 0x00007ff81b705000 	C:\Program Files\Microsoft\jdk-17.0.8.7-hotspot\bin\java.dll
0x00007fffb3a50000 - 0x00007fffb3b27000 	C:\Program Files\Microsoft\jdk-17.0.8.7-hotspot\bin\jsvml.dll
0x00007ff83dd20000 - 0x00007ff83e57d000 	C:\WINDOWS\System32\SHELL32.dll
0x00007ff83aaf0000 - 0x00007ff83b3e8000 	C:\WINDOWS\SYSTEM32\windows.storage.dll
0x00007ff83a9b0000 - 0x00007ff83aaee000 	C:\WINDOWS\SYSTEM32\wintypes.dll
0x00007ff83dac0000 - 0x00007ff83dbb3000 	C:\WINDOWS\System32\SHCORE.dll
0x00007ff83d600000 - 0x00007ff83d65e000 	C:\WINDOWS\System32\shlwapi.dll
0x00007ff83cac0000 - 0x00007ff83cae6000 	C:\WINDOWS\SYSTEM32\profapi.dll
0x00007ff81b2e0000 - 0x00007ff81b2f9000 	C:\Program Files\Microsoft\jdk-17.0.8.7-hotspot\bin\net.dll
0x00007ff836510000 - 0x00007ff836647000 	C:\WINDOWS\SYSTEM32\WINHTTP.dll
0x00007ff83c050000 - 0x00007ff83c0b9000 	C:\WINDOWS\system32\mswsock.dll
0x00007ff813850000 - 0x00007ff813866000 	C:\Program Files\Microsoft\jdk-17.0.8.7-hotspot\bin\nio.dll
0x00007ff813830000 - 0x00007ff813848000 	C:\Program Files\Microsoft\jdk-17.0.8.7-hotspot\bin\zip.dll
0x00007ff81b6a0000 - 0x00007ff81b6b0000 	C:\Program Files\Microsoft\jdk-17.0.8.7-hotspot\bin\verify.dll

dbghelp: loaded successfully - version: 4.0.5 - missing functions: none
symbol engine: initialized successfully - sym options: 0x614 - pdb path: .;C:\Program Files\Microsoft\jdk-17.0.8.7-hotspot\bin;C:\WINDOWS\SYSTEM32;C:\WINDOWS\WinSxS\amd64_microsoft.windows.common-controls_6595b64144ccf1df_6.0.22621.3235_none_270f74e173860f98;C:\Program Files\Microsoft\jdk-17.0.8.7-hotspot\bin\server

VM Arguments:
jvm_args: -Xmx64m -Xms64m -Dorg.gradle.appname=gradlew 
java_command: org.gradle.wrapper.GradleWrapperMain app:installDebug -PreactNativeDevServerPort=8081
java_class_path (initial): D:\Dolphin_Project\Get_Otp_Demo\android\\gradle\wrapper\gradle-wrapper.jar
Launcher Type: SUN_STANDARD

[Global flags]
     intx CICompilerCount                          = 4                                         {product} {ergonomic}
     uint ConcGCThreads                            = 3                                         {product} {ergonomic}
     uint G1ConcRefinementThreads                  = 10                                        {product} {ergonomic}
   size_t G1HeapRegionSize                         = 1048576                                   {product} {ergonomic}
    uintx GCDrainStackTargetSize                   = 64                                        {product} {ergonomic}
   size_t InitialHeapSize                          = 67108864                                  {product} {command line}
   size_t MarkStackSize                            = 4194304                                   {product} {ergonomic}
   size_t MaxHeapSize                              = 67108864                                  {product} {command line}
   size_t MaxNewSize                               = 39845888                                  {product} {ergonomic}
   size_t MinHeapDeltaBytes                        = 1048576                                   {product} {ergonomic}
   size_t MinHeapSize                              = 67108864                                  {product} {command line}
    uintx NonNMethodCodeHeapSize                   = 5839372                                {pd product} {ergonomic}
    uintx NonProfiledCodeHeapSize                  = 122909434                              {pd product} {ergonomic}
    uintx ProfiledCodeHeapSize                     = 122909434                              {pd product} {ergonomic}
    uintx ReservedCodeCacheSize                    = 251658240                              {pd product} {ergonomic}
     bool SegmentedCodeCache                       = true                                      {product} {ergonomic}
   size_t SoftMaxHeapSize                          = 67108864                               {manageable} {ergonomic}
     bool UseCompressedClassPointers               = true                           {product lp64_product} {ergonomic}
     bool UseCompressedOops                        = true                           {product lp64_product} {ergonomic}
     bool UseG1GC                                  = true                                      {product} {ergonomic}
     bool UseLargePagesIndividualAllocation        = false                                  {pd product} {ergonomic}

Logging:
Log output configuration:
 #0: stdout all=warning uptime,level,tags
 #1: stderr all=off uptime,level,tags

Environment Variables:
JAVA_HOME=C:\Program Files\Microsoft\jdk-17.0.8.7-hotspot\
CLASSPATH=D:\Dolphin_Project\Get_Otp_Demo\android\\gradle\wrapper\gradle-wrapper.jar
PATH=D:\Dolphin_Project\Get_Otp_Demo\node_modules\.bin;D:\Dolphin_Project\Get_Otp_Demo\node_modules\.bin;D:\Dolphin_Project\node_modules\.bin;D:\node_modules\.bin;C:\Program Files\nodejs\node_modules\npm\node_modules\@npmcli\run-script\lib\node-gyp-bin;D:\Dolphin_Project\Get_Otp_Demo\node_modules\.bin;D:\Dolphin_Project\Get_Otp_Demo\node_modules\.bin;D:\Dolphin_Project\node_modules\.bin;D:\node_modules\.bin;C:\Program Files\nodejs\node_modules\npm\node_modules\@npmcli\run-script\lib\node-gyp-bin;C:\Program Files\Microsoft\jdk-17.0.8.7-hotspot\bin;C:\Python312\Scripts\;C:\Python312\;C:\Program Files (x86)\VMware\VMware Workstation\bin\;C:\Windows\system32;C:\Windows;C:\Windows\System32\Wbem;C:\Windows\System32\WindowsPowerShell\v1.0\;C:\Windows\System32\OpenSSH\;C:\Program Files (x86)\NVIDIA Corporation\PhysX\Common;C:\Program Files\NVIDIA Corporation\NVIDIA NvDLISR;C:\Program Files\Java\jdk1.8.0_202\bin;C:\Program Files\Git\cmd;C:\ProgramData\chocolatey\bin;C:\Users\Dhruvil Prajapati\AppData\Local\Android\Sdk\platform-tools;;C:\WINDOWS\system32;C:\WINDOWS;C:\WINDOWS\System32\Wbem;C:\WINDOWS\System32\WindowsPowerShell\v1.0\;C:\WINDOWS\System32\OpenSSH\;C:\Program Files\nodejs\;C:\Users\Dhruvil Prajapati\AppData\Local\Programs\Python\Python311\Scripts\;C:\Users\Dhruvil Prajapati\AppData\Local\Programs\Python\Python311\;C:\Users\Dhruvil Prajapati\AppData\Local\Microsoft\WindowsApps;C:\Program Files\dart-sdk\bin;C:\Users\Dhruvil Prajapati\AppData\Local\Programs\Microsoft VS Code\bin;C:\Users\Dhruvil Prajapati\Desktop\mobile app\Sem 2\flutter\bin;C:\Users\Dhruvil Prajapati\AppData\Local\Programs\mongosh\;C:\Users\Dhruvil Prajapati\Desktop\mobile app\Sem 2\Flutter\flutter\flutter_windows_3.7.12-stable\flutter\bin;C:\Users\Dhruvil Prajapati\AppData\Roaming\npm
USERNAME=Dhruvil Prajapati
LANG=en_US.UTF-8
OS=Windows_NT
PROCESSOR_IDENTIFIER=AMD64 Family 25 Model 80 Stepping 0, AuthenticAMD
TMP=C:\Users\DHRUVI~1\AppData\Local\Temp
TEMP=C:\Users\DHRUVI~1\AppData\Local\Temp



---------------  S Y S T E M  ---------------

OS:
 Windows 11 , 64 bit Build 22621 (10.0.22621.3235)
OS uptime: 0 days 22:18 hours

CPU: total 12 (initial active 12) (12 cores per cpu, 2 threads per core) family 25 model 80 stepping 0 microcode 0x0, cx8, cmov, fxsr, ht, mmx, 3dnowpref, sse, sse2, sse3, ssse3, sse4a, sse4.1, sse4.2, popcnt, lzcnt, tsc, tscinvbit, avx, avx2, aes, erms, clmul, bmi1, bmi2, adx, sha, fma, vzeroupper, clflush, clflushopt
Processor Information for processor 0
  Max Mhz: 3301, Current Mhz: 3301, Mhz Limit: 3301
Processor Information for processor 1
  Max Mhz: 3301, Current Mhz: 2630, Mhz Limit: 3301
Processor Information for processor 2
  Max Mhz: 3301, Current Mhz: 3301, Mhz Limit: 3301
Processor Information for processor 3
  Max Mhz: 3301, Current Mhz: 2630, Mhz Limit: 3301
Processor Information for processor 4
  Max Mhz: 3301, Current Mhz: 3301, Mhz Limit: 3301
Processor Information for processor 5
  Max Mhz: 3301, Current Mhz: 2630, Mhz Limit: 3301
Processor Information for processor 6
  Max Mhz: 3301, Current Mhz: 2630, Mhz Limit: 3301
Processor Information for processor 7
  Max Mhz: 3301, Current Mhz: 2630, Mhz Limit: 3301
Processor Information for processor 8
  Max Mhz: 3301, Current Mhz: 3301, Mhz Limit: 3301
Processor Information for processor 9
  Max Mhz: 3301, Current Mhz: 2630, Mhz Limit: 3301
Processor Information for processor 10
  Max Mhz: 3301, Current Mhz: 2630, Mhz Limit: 3301
Processor Information for processor 11
  Max Mhz: 3301, Current Mhz: 2630, Mhz Limit: 3301

Memory: 4k page, system-wide physical 15724M (1611M free)
TotalPageFile size 19820M (AvailPageFile size 2M)
current process WorkingSet (physical memory assigned to process): 77M, peak: 77M
current process commit charge ("private bytes"): 164M, peak: 164M

vm_info: OpenJDK 64-Bit Server VM (17.0.8+7-LTS) for windows-amd64 JRE (17.0.8+7-LTS), built on Jul  7 2023 17:21:55 by "MicrosoftCorporation" with MS VC++ 16.10 / 16.11 (VS2019)

END.
