#
# There is insufficient memory for the Java Runtime Environment to continue.
# Native memory allocation (malloc) failed to allocate 1916656 bytes for Chunk::new
# Possible reasons:
#   The system is out of physical RAM or swap space
#   The process is running with CompressedOops enabled, and the Java Heap may be blocking the growth of the native heap
# Possible solutions:
#   Reduce memory load on the system
#   Increase physical memory or swap space
#   Check if swap backing store is full
#   Decrease Java heap size (-Xmx/-Xms)
#   Decrease number of Java threads
#   Decrease Java thread stack sizes (-Xss)
#   Set larger code cache with -XX:ReservedCodeCacheSize=
#   JVM is running with Zero Based Compressed Oops mode in which the Java heap is
#     placed in the first 32GB address space. The Java Heap base address is the
#     maximum limit for the native heap growth. Please use -XX:HeapBaseMinAddress
#     to set the Java Heap base and to place the Java Heap above 32GB virtual address.
# This output file may be truncated or incomplete.
#
#  Out of Memory Error (arena.cpp:189), pid=7640, tid=11788
#
# JRE version: OpenJDK Runtime Environment Microsoft-8035246 (17.0.8+7) (build 17.0.8+7-LTS)
# Java VM: OpenJDK 64-Bit Server VM Microsoft-8035246 (17.0.8+7-LTS, mixed mode, sharing, tiered, compressed oops, compressed class ptrs, g1 gc, windows-amd64)
# No core dump will be written. Minidumps are not enabled by default on client versions of Windows
#

---------------  S U M M A R Y ------------

Command Line: org.jetbrains.kotlin.cli.jvm.K2JVMCompiler @D:\Dolphin_Project\Get_Otp_Demo\node_modules\react-native-gesture-handler\android\build\20240226_7832663080450406487.compiler.options

Host: AMD Ryzen 5 5600H with Radeon Graphics         , 12 cores, 15G,  Windows 11 , 64 bit Build 22621 (10.0.22621.3085)
Time: Mon Feb 26 18:12:31 2024 India Standard Time elapsed time: 11.195895 seconds (0d 0h 0m 11s)

---------------  T H R E A D  ---------------

Current thread (0x0000021c6b0c9c70):  JavaThread "C2 CompilerThread2" daemon [_thread_in_native, id=11788, stack(0x000000b476e00000,0x000000b476f00000)]


Current CompileTask:
C2:  11195 13011       4       org.jetbrains.kotlin.types.AbstractStrictEqualityTypeChecker::strictEqualTypesInternal (129 bytes)

Stack: [0x000000b476e00000,0x000000b476f00000]
Native frames: (J=compiled Java code, j=interpreted, Vv=VM code, C=native code)
V  [jvm.dll+0x67bf3a]
V  [jvm.dll+0x83a024]
V  [jvm.dll+0x83b7ce]
V  [jvm.dll+0x83be33]
V  [jvm.dll+0x24785f]
V  [jvm.dll+0xac3bc]
V  [jvm.dll+0xac98c]
V  [jvm.dll+0x3680b2]
V  [jvm.dll+0x332451]
V  [jvm.dll+0x3318fa]
V  [jvm.dll+0x21a131]
V  [jvm.dll+0x219551]
V  [jvm.dll+0x1a56b6]
V  [jvm.dll+0x2291ea]
V  [jvm.dll+0x22724c]
V  [jvm.dll+0x7efd0c]
V  [jvm.dll+0x7ea13a]
V  [jvm.dll+0x67ad85]
C  [ucrtbase.dll+0x29363]
C  [KERNEL32.DLL+0x1257d]
C  [ntdll.dll+0x5aa58]


---------------  P R O C E S S  ---------------

Threads class SMR info:
_java_thread_list=0x0000021c70c54e60, length=14, elements={
0x0000021c45e8cf20, 0x0000021c6aeeaba0, 0x0000021c6aeeb730, 0x0000021c6af20f90,
0x0000021c6af22870, 0x0000021c6af25150, 0x0000021c6af25a20, 0x0000021c6af27240,
0x0000021c6af298a0, 0x0000021c6af3d740, 0x0000021c6b066bb0, 0x0000021c6b06e850,
0x0000021c6b0ccc40, 0x0000021c6b0c9c70
}

Java Threads: ( => current thread )
  0x0000021c45e8cf20 JavaThread "main" [_thread_in_Java, id=15088, stack(0x000000b475600000,0x000000b475700000)]
  0x0000021c6aeeaba0 JavaThread "Reference Handler" daemon [_thread_blocked, id=8900, stack(0x000000b475d00000,0x000000b475e00000)]
  0x0000021c6aeeb730 JavaThread "Finalizer" daemon [_thread_blocked, id=17072, stack(0x000000b475e00000,0x000000b475f00000)]
  0x0000021c6af20f90 JavaThread "Signal Dispatcher" daemon [_thread_blocked, id=16804, stack(0x000000b475f00000,0x000000b476000000)]
  0x0000021c6af22870 JavaThread "Attach Listener" daemon [_thread_blocked, id=12172, stack(0x000000b476000000,0x000000b476100000)]
  0x0000021c6af25150 JavaThread "Service Thread" daemon [_thread_blocked, id=19188, stack(0x000000b476100000,0x000000b476200000)]
  0x0000021c6af25a20 JavaThread "Monitor Deflation Thread" daemon [_thread_blocked, id=12524, stack(0x000000b476200000,0x000000b476300000)]
  0x0000021c6af27240 JavaThread "C2 CompilerThread0" daemon [_thread_in_native, id=18400, stack(0x000000b476300000,0x000000b476400000)]
  0x0000021c6af298a0 JavaThread "C1 CompilerThread0" daemon [_thread_in_native, id=10120, stack(0x000000b476400000,0x000000b476500000)]
  0x0000021c6af3d740 JavaThread "Sweeper thread" daemon [_thread_blocked, id=5328, stack(0x000000b476500000,0x000000b476600000)]
  0x0000021c6b066bb0 JavaThread "Notification Thread" daemon [_thread_blocked, id=18436, stack(0x000000b476600000,0x000000b476700000)]
  0x0000021c6b06e850 JavaThread "Common-Cleaner" daemon [_thread_blocked, id=12612, stack(0x000000b476800000,0x000000b476900000)]
  0x0000021c6b0ccc40 JavaThread "C2 CompilerThread1" daemon [_thread_in_vm, id=5776, stack(0x000000b476900000,0x000000b476a00000)]
=>0x0000021c6b0c9c70 JavaThread "C2 CompilerThread2" daemon [_thread_in_native, id=11788, stack(0x000000b476e00000,0x000000b476f00000)]

Other Threads:
  0x0000021c6a96ea00 VMThread "VM Thread" [stack: 0x000000b475c00000,0x000000b475d00000] [id=1528]
  0x0000021c6b069cc0 WatcherThread [stack: 0x000000b476700000,0x000000b476800000] [id=3920]
  0x0000021c4805ecd0 GCTaskThread "GC Thread#0" [stack: 0x000000b475700000,0x000000b475800000] [id=19012]
  0x0000021c6b6264a0 GCTaskThread "GC Thread#1" [stack: 0x000000b476a00000,0x000000b476b00000] [id=2712]
  0x0000021c6b6bc8a0 GCTaskThread "GC Thread#2" [stack: 0x000000b476b00000,0x000000b476c00000] [id=18720]
  0x0000021c6b6beb70 GCTaskThread "GC Thread#3" [stack: 0x000000b476c00000,0x000000b476d00000] [id=9636]
  0x0000021c6b6bee30 GCTaskThread "GC Thread#4" [stack: 0x000000b476d00000,0x000000b476e00000] [id=11352]
  0x0000021c702bad70 GCTaskThread "GC Thread#5" [stack: 0x000000b476f00000,0x000000b477000000] [id=4964]
  0x0000021c7014b240 GCTaskThread "GC Thread#6" [stack: 0x000000b477000000,0x000000b477100000] [id=19228]
  0x0000021c708ea0e0 GCTaskThread "GC Thread#7" [stack: 0x000000b477100000,0x000000b477200000] [id=17356]
  0x0000021c701a4850 GCTaskThread "GC Thread#8" [stack: 0x000000b477200000,0x000000b477300000] [id=19960]
  0x0000021c701a4b10 GCTaskThread "GC Thread#9" [stack: 0x000000b477300000,0x000000b477400000] [id=2696]
  0x0000021c4806f0f0 ConcurrentGCThread "G1 Main Marker" [stack: 0x000000b475800000,0x000000b475900000] [id=19196]
  0x0000021c480701b0 ConcurrentGCThread "G1 Conc#0" [stack: 0x000000b475900000,0x000000b475a00000] [id=19296]
  0x0000021c70cad670 ConcurrentGCThread "G1 Conc#1" [stack: 0x000000b477400000,0x000000b477500000] [id=16932]
  0x0000021c70a37c00 ConcurrentGCThread "G1 Conc#2" [stack: 0x000000b477500000,0x000000b477600000] [id=19088]
  0x0000021c4809d420 ConcurrentGCThread "G1 Refine#0" [stack: 0x000000b475a00000,0x000000b475b00000] [id=3308]
  0x0000021c4809db00 ConcurrentGCThread "G1 Service" [stack: 0x000000b475b00000,0x000000b475c00000] [id=18284]

Threads with active compile tasks:
C2 CompilerThread0    11214 12836       4       org.jetbrains.kotlin.parsing.KotlinParsing::parseAnnotationOrList (162 bytes)
C2 CompilerThread1    11214 13051       4       org.jetbrains.kotlin.types.AbstractStrictEqualityTypeChecker::strictEqualSimpleTypes (248 bytes)
C2 CompilerThread2    11214 13011       4       org.jetbrains.kotlin.types.AbstractStrictEqualityTypeChecker::strictEqualTypesInternal (129 bytes)

VM state: not at safepoint (normal execution)

VM Mutex/Monitor currently owned by a thread: None

Heap address: 0x000000070a400000, size: 3932 MB, Compressed Oops mode: Zero based, Oop shift amount: 3

CDS archive(s) mapped at: [0x0000021c00000000-0x0000021c00bd0000-0x0000021c00bd0000), size 12386304, SharedBaseAddress: 0x0000021c00000000, ArchiveRelocationMode: 1.
Compressed class space mapped at: 0x0000021c01000000-0x0000021c41000000, reserved size: 1073741824
Narrow klass base: 0x0000021c00000000, Narrow klass shift: 0, Narrow klass range: 0x100000000

GC Precious Log:
 CPUs: 12 total, 12 available
 Memory: 15724M
 Large Page Support: Disabled
 NUMA Support: Disabled
 Compressed Oops: Enabled (Zero based)
 Heap Region Size: 2M
 Heap Min Capacity: 8M
 Heap Initial Capacity: 246M
 Heap Max Capacity: 3932M
 Pre-touch: Disabled
 Parallel Workers: 10
 Concurrent Workers: 3
 Concurrent Refinement Workers: 10
 Periodic GC: Disabled

Heap:
 garbage-first heap   total 182272K, used 103247K [0x000000070a400000, 0x0000000800000000)
  region size 2048K, 16 young (32768K), 1 survivors (2048K)
 Metaspace       used 60614K, committed 60928K, reserved 1114112K
  class space    used 6949K, committed 7104K, reserved 1048576K

Heap Regions: E=young(eden), S=young(survivor), O=old, HS=humongous(starts), HC=humongous(continues), CS=collection set, F=free, OA=open archive, CA=closed archive, TAMS=top-at-mark-start (previous, next)
|   0|0x000000070a400000, 0x000000070a600000, 0x000000070a600000|100%|HS|  |TAMS 0x000000070a600000, 0x000000070a400000| Complete 
|   1|0x000000070a600000, 0x000000070a800000, 0x000000070a800000|100%|HC|  |TAMS 0x000000070a800000, 0x000000070a600000| Complete 
|   2|0x000000070a800000, 0x000000070a9de600, 0x000000070aa00000| 93%| O|  |TAMS 0x000000070a9de600, 0x000000070a800000| Untracked 
|   3|0x000000070aa00000, 0x000000070ac00000, 0x000000070ac00000|100%|HS|  |TAMS 0x000000070ac00000, 0x000000070aa00000| Complete 
|   4|0x000000070ac00000, 0x000000070ae00000, 0x000000070ae00000|100%|HC|  |TAMS 0x000000070ae00000, 0x000000070ac00000| Complete 
|   5|0x000000070ae00000, 0x000000070b000000, 0x000000070b000000|100%|HS|  |TAMS 0x000000070b000000, 0x000000070ae00000| Complete 
|   6|0x000000070b000000, 0x000000070b200000, 0x000000070b200000|100%| O|  |TAMS 0x000000070b200000, 0x000000070b000000| Untracked 
|   7|0x000000070b200000, 0x000000070b400000, 0x000000070b400000|100%| O|  |TAMS 0x000000070b400000, 0x000000070b200000| Untracked 
|   8|0x000000070b400000, 0x000000070b600000, 0x000000070b600000|100%| O|  |TAMS 0x000000070b600000, 0x000000070b400000| Untracked 
|   9|0x000000070b600000, 0x000000070b800000, 0x000000070b800000|100%| O|  |TAMS 0x000000070b800000, 0x000000070b600000| Untracked 
|  10|0x000000070b800000, 0x000000070ba00000, 0x000000070ba00000|100%| O|  |TAMS 0x000000070ba00000, 0x000000070b800000| Untracked 
|  11|0x000000070ba00000, 0x000000070bc00000, 0x000000070bc00000|100%| O|  |TAMS 0x000000070bc00000, 0x000000070ba00000| Untracked 
|  12|0x000000070bc00000, 0x000000070be00000, 0x000000070be00000|100%| O|  |TAMS 0x000000070be00000, 0x000000070bc00000| Untracked 
|  13|0x000000070be00000, 0x000000070c000000, 0x000000070c000000|100%| O|  |TAMS 0x000000070c000000, 0x000000070be00000| Untracked 
|  14|0x000000070c000000, 0x000000070c200000, 0x000000070c200000|100%| O|  |TAMS 0x000000070c200000, 0x000000070c000000| Untracked 
|  15|0x000000070c200000, 0x000000070c400000, 0x000000070c400000|100%| O|  |TAMS 0x000000070c400000, 0x000000070c200000| Untracked 
|  16|0x000000070c400000, 0x000000070c600000, 0x000000070c600000|100%| O|  |TAMS 0x000000070c600000, 0x000000070c400000| Untracked 
|  17|0x000000070c600000, 0x000000070c800000, 0x000000070c800000|100%| O|  |TAMS 0x000000070c800000, 0x000000070c600000| Untracked 
|  18|0x000000070c800000, 0x000000070ca00000, 0x000000070ca00000|100%| O|  |TAMS 0x000000070ca00000, 0x000000070c800000| Untracked 
|  19|0x000000070ca00000, 0x000000070cc00000, 0x000000070cc00000|100%| O|  |TAMS 0x000000070cc00000, 0x000000070ca00000| Untracked 
|  20|0x000000070cc00000, 0x000000070ce00000, 0x000000070ce00000|100%| O|  |TAMS 0x000000070ce00000, 0x000000070cc00000| Untracked 
|  21|0x000000070ce00000, 0x000000070d000000, 0x000000070d000000|100%| O|  |TAMS 0x000000070d000000, 0x000000070ce00000| Untracked 
|  22|0x000000070d000000, 0x000000070d200000, 0x000000070d200000|100%| O|  |TAMS 0x000000070d200000, 0x000000070d000000| Untracked 
|  23|0x000000070d200000, 0x000000070d400000, 0x000000070d400000|100%| O|  |TAMS 0x000000070d400000, 0x000000070d200000| Untracked 
|  24|0x000000070d400000, 0x000000070d600000, 0x000000070d600000|100%| O|  |TAMS 0x000000070d600000, 0x000000070d400000| Untracked 
|  25|0x000000070d600000, 0x000000070d800000, 0x000000070d800000|100%| O|  |TAMS 0x000000070d800000, 0x000000070d600000| Untracked 
|  26|0x000000070d800000, 0x000000070da00000, 0x000000070da00000|100%| O|  |TAMS 0x000000070da00000, 0x000000070d800000| Untracked 
|  27|0x000000070da00000, 0x000000070dc00000, 0x000000070dc00000|100%|HS|  |TAMS 0x000000070dc00000, 0x000000070da00000| Complete 
|  28|0x000000070dc00000, 0x000000070de00000, 0x000000070de00000|100%| O|  |TAMS 0x000000070de00000, 0x000000070dc00000| Untracked 
|  29|0x000000070de00000, 0x000000070e000000, 0x000000070e000000|100%| O|  |TAMS 0x000000070e000000, 0x000000070de00000| Untracked 
|  30|0x000000070e000000, 0x000000070e200000, 0x000000070e200000|100%| O|  |TAMS 0x000000070e200000, 0x000000070e000000| Untracked 
|  31|0x000000070e200000, 0x000000070e400000, 0x000000070e400000|100%| O|  |TAMS 0x000000070e34bc00, 0x000000070e200000| Untracked 
|  32|0x000000070e400000, 0x000000070e600000, 0x000000070e600000|100%| O|  |TAMS 0x000000070e400000, 0x000000070e400000| Untracked 
|  33|0x000000070e600000, 0x000000070e800000, 0x000000070e800000|100%| O|  |TAMS 0x000000070e600000, 0x000000070e600000| Untracked 
|  34|0x000000070e800000, 0x000000070ea00000, 0x000000070ea00000|100%| O|  |TAMS 0x000000070e800000, 0x000000070e800000| Untracked 
|  35|0x000000070ea00000, 0x000000070eb1fe00, 0x000000070ec00000| 56%| O|  |TAMS 0x000000070ea00000, 0x000000070ea00000| Untracked 
|  36|0x000000070ec00000, 0x000000070ec00000, 0x000000070ee00000|  0%| F|  |TAMS 0x000000070ec00000, 0x000000070ec00000| Untracked 
|  37|0x000000070ee00000, 0x000000070ee00000, 0x000000070f000000|  0%| F|  |TAMS 0x000000070ee00000, 0x000000070ee00000| Untracked 
|  38|0x000000070f000000, 0x000000070f000000, 0x000000070f200000|  0%| F|  |TAMS 0x000000070f000000, 0x000000070f000000| Untracked 
|  39|0x000000070f200000, 0x000000070f200000, 0x000000070f400000|  0%| F|  |TAMS 0x000000070f200000, 0x000000070f200000| Untracked 
|  40|0x000000070f400000, 0x000000070f400000, 0x000000070f600000|  0%| F|  |TAMS 0x000000070f400000, 0x000000070f400000| Untracked 
|  41|0x000000070f600000, 0x000000070f600000, 0x000000070f800000|  0%| F|  |TAMS 0x000000070f600000, 0x000000070f600000| Untracked 
|  42|0x000000070f800000, 0x000000070f800000, 0x000000070fa00000|  0%| F|  |TAMS 0x000000070f800000, 0x000000070f800000| Untracked 
|  43|0x000000070fa00000, 0x000000070fa00000, 0x000000070fc00000|  0%| F|  |TAMS 0x000000070fa00000, 0x000000070fa00000| Untracked 
|  44|0x000000070fc00000, 0x000000070fc00000, 0x000000070fe00000|  0%| F|  |TAMS 0x000000070fc00000, 0x000000070fc00000| Untracked 
|  45|0x000000070fe00000, 0x000000070fe00000, 0x0000000710000000|  0%| F|  |TAMS 0x000000070fe00000, 0x000000070fe00000| Untracked 
|  46|0x0000000710000000, 0x0000000710000000, 0x0000000710200000|  0%| F|  |TAMS 0x0000000710000000, 0x0000000710000000| Untracked 
|  47|0x0000000710200000, 0x0000000710200000, 0x0000000710400000|  0%| F|  |TAMS 0x0000000710200000, 0x0000000710200000| Untracked 
|  48|0x0000000710400000, 0x0000000710400000, 0x0000000710600000|  0%| F|  |TAMS 0x0000000710400000, 0x0000000710400000| Untracked 
|  49|0x0000000710600000, 0x0000000710600000, 0x0000000710800000|  0%| F|  |TAMS 0x0000000710600000, 0x0000000710600000| Untracked 
|  50|0x0000000710800000, 0x0000000710800000, 0x0000000710a00000|  0%| F|  |TAMS 0x0000000710800000, 0x0000000710800000| Untracked 
|  51|0x0000000710a00000, 0x0000000710a00000, 0x0000000710c00000|  0%| F|  |TAMS 0x0000000710a00000, 0x0000000710a00000| Untracked 
|  52|0x0000000710c00000, 0x0000000710c00000, 0x0000000710e00000|  0%| F|  |TAMS 0x0000000710c00000, 0x0000000710c00000| Untracked 
|  53|0x0000000710e00000, 0x0000000710e00000, 0x0000000711000000|  0%| F|  |TAMS 0x0000000710e00000, 0x0000000710e00000| Untracked 
|  54|0x0000000711000000, 0x0000000711000000, 0x0000000711200000|  0%| F|  |TAMS 0x0000000711000000, 0x0000000711000000| Untracked 
|  55|0x0000000711200000, 0x0000000711200000, 0x0000000711400000|  0%| F|  |TAMS 0x0000000711200000, 0x0000000711200000| Untracked 
|  56|0x0000000711400000, 0x0000000711400000, 0x0000000711600000|  0%| F|  |TAMS 0x0000000711400000, 0x0000000711400000| Untracked 
|  57|0x0000000711600000, 0x0000000711600000, 0x0000000711800000|  0%| F|  |TAMS 0x0000000711600000, 0x0000000711600000| Untracked 
|  58|0x0000000711800000, 0x0000000711800000, 0x0000000711a00000|  0%| F|  |TAMS 0x0000000711800000, 0x0000000711800000| Untracked 
|  59|0x0000000711a00000, 0x0000000711a00000, 0x0000000711c00000|  0%| F|  |TAMS 0x0000000711a00000, 0x0000000711a00000| Untracked 
|  60|0x0000000711c00000, 0x0000000711c00000, 0x0000000711e00000|  0%| F|  |TAMS 0x0000000711c00000, 0x0000000711c00000| Untracked 
|  61|0x0000000711e00000, 0x0000000711e00000, 0x0000000712000000|  0%| F|  |TAMS 0x0000000711e00000, 0x0000000711e00000| Untracked 
|  62|0x0000000712000000, 0x0000000712000000, 0x0000000712200000|  0%| F|  |TAMS 0x0000000712000000, 0x0000000712000000| Untracked 
|  63|0x0000000712200000, 0x0000000712200000, 0x0000000712400000|  0%| F|  |TAMS 0x0000000712200000, 0x0000000712200000| Untracked 
|  64|0x0000000712400000, 0x0000000712400000, 0x0000000712600000|  0%| F|  |TAMS 0x0000000712400000, 0x0000000712400000| Untracked 
|  65|0x0000000712600000, 0x0000000712600000, 0x0000000712800000|  0%| F|  |TAMS 0x0000000712600000, 0x0000000712600000| Untracked 
|  66|0x0000000712800000, 0x0000000712800000, 0x0000000712a00000|  0%| F|  |TAMS 0x0000000712800000, 0x0000000712800000| Untracked 
|  67|0x0000000712a00000, 0x0000000712a00000, 0x0000000712c00000|  0%| F|  |TAMS 0x0000000712a00000, 0x0000000712a00000| Untracked 
|  68|0x0000000712c00000, 0x0000000712c00000, 0x0000000712e00000|  0%| F|  |TAMS 0x0000000712c00000, 0x0000000712c00000| Untracked 
|  69|0x0000000712e00000, 0x0000000712e00000, 0x0000000713000000|  0%| F|  |TAMS 0x0000000712e00000, 0x0000000712e00000| Untracked 
|  70|0x0000000713000000, 0x0000000713000000, 0x0000000713200000|  0%| F|  |TAMS 0x0000000713000000, 0x0000000713000000| Untracked 
|  71|0x0000000713200000, 0x0000000713200000, 0x0000000713400000|  0%| F|  |TAMS 0x0000000713200000, 0x0000000713200000| Untracked 
|  72|0x0000000713400000, 0x0000000713400000, 0x0000000713600000|  0%| F|  |TAMS 0x0000000713400000, 0x0000000713400000| Untracked 
|  73|0x0000000713600000, 0x0000000713700800, 0x0000000713800000| 50%| E|  |TAMS 0x0000000713600000, 0x0000000713600000| Complete 
|  74|0x0000000713800000, 0x0000000713a00000, 0x0000000713a00000|100%| E|CS|TAMS 0x0000000713800000, 0x0000000713800000| Complete 
|  75|0x0000000713a00000, 0x0000000713c00000, 0x0000000713c00000|100%| E|CS|TAMS 0x0000000713a00000, 0x0000000713a00000| Complete 
|  76|0x0000000713c00000, 0x0000000713e00000, 0x0000000713e00000|100%| E|CS|TAMS 0x0000000713c00000, 0x0000000713c00000| Complete 
|  77|0x0000000713e00000, 0x0000000714000000, 0x0000000714000000|100%| E|CS|TAMS 0x0000000713e00000, 0x0000000713e00000| Complete 
|  78|0x0000000714000000, 0x0000000714200000, 0x0000000714200000|100%| E|CS|TAMS 0x0000000714000000, 0x0000000714000000| Complete 
|  79|0x0000000714200000, 0x0000000714400000, 0x0000000714400000|100%| E|CS|TAMS 0x0000000714200000, 0x0000000714200000| Complete 
|  80|0x0000000714400000, 0x0000000714600000, 0x0000000714600000|100%| E|CS|TAMS 0x0000000714400000, 0x0000000714400000| Complete 
|  81|0x0000000714600000, 0x0000000714800000, 0x0000000714800000|100%| E|CS|TAMS 0x0000000714600000, 0x0000000714600000| Complete 
|  82|0x0000000714800000, 0x0000000714a00000, 0x0000000714a00000|100%| E|CS|TAMS 0x0000000714800000, 0x0000000714800000| Complete 
|  83|0x0000000714a00000, 0x0000000714c00000, 0x0000000714c00000|100%| E|CS|TAMS 0x0000000714a00000, 0x0000000714a00000| Complete 
|  84|0x0000000714c00000, 0x0000000714dd5b28, 0x0000000714e00000| 91%| S|CS|TAMS 0x0000000714c00000, 0x0000000714c00000| Complete 
|  85|0x0000000714e00000, 0x0000000715000000, 0x0000000715000000|100%| E|CS|TAMS 0x0000000714e00000, 0x0000000714e00000| Complete 
|  86|0x0000000715000000, 0x0000000715200000, 0x0000000715200000|100%| E|CS|TAMS 0x0000000715000000, 0x0000000715000000| Complete 
|  87|0x0000000715200000, 0x0000000715400000, 0x0000000715400000|100%| E|CS|TAMS 0x0000000715200000, 0x0000000715200000| Complete 
| 122|0x0000000719800000, 0x0000000719a00000, 0x0000000719a00000|100%| E|CS|TAMS 0x0000000719800000, 0x0000000719800000| Complete 

Card table byte_map: [0x0000021c5f7e0000,0x0000021c5ff90000] _byte_map_base: 0x0000021c5bf8e000

Marking Bits (Prev, Next): (CMBitMap*) 0x0000021c4805f240, (CMBitMap*) 0x0000021c4805f200
 Prev Bits: [0x0000021c644b0000, 0x0000021c68220000)
 Next Bits: [0x0000021c60740000, 0x0000021c644b0000)

Polling page: 0x0000021c45d60000

Metaspace:

Usage:
  Non-class:     52.42 MB used.
      Class:      6.79 MB used.
       Both:     59.20 MB used.

Virtual space:
  Non-class space:       64.00 MB reserved,      52.56 MB ( 82%) committed,  1 nodes.
      Class space:        1.00 GB reserved,       6.94 MB ( <1%) committed,  1 nodes.
             Both:        1.06 GB reserved,      59.50 MB (  5%) committed. 

Chunk freelists:
   Non-Class:  11.34 MB
       Class:  9.06 MB
        Both:  20.41 MB

MaxMetaspaceSize: unlimited
CompressedClassSpaceSize: 1.00 GB
Initial GC threshold: 21.00 MB
Current GC threshold: 98.69 MB
CDS: on
MetaspaceReclaimPolicy: balanced
 - commit_granule_bytes: 65536.
 - commit_granule_words: 8192.
 - virtual_space_node_default_size: 8388608.
 - enlarge_chunks_in_place: 1.
 - new_chunks_are_fully_committed: 0.
 - uncommit_free_chunks: 1.
 - use_allocation_guard: 0.
 - handle_deallocations: 1.


Internal statistics:

num_allocs_failed_limit: 9.
num_arena_births: 364.
num_arena_deaths: 0.
num_vsnodes_births: 2.
num_vsnodes_deaths: 0.
num_space_committed: 950.
num_space_uncommitted: 0.
num_chunks_returned_to_freelist: 9.
num_chunks_taken_from_freelist: 2590.
num_chunk_merges: 9.
num_chunk_splits: 2020.
num_chunks_enlarged: 1730.
num_inconsistent_stats: 0.

CodeHeap 'non-profiled nmethods': size=120000Kb used=5847Kb max_used=5860Kb free=114152Kb
 bounds [0x0000021c575b0000, 0x0000021c57b70000, 0x0000021c5eae0000]
CodeHeap 'profiled nmethods': size=120000Kb used=29547Kb max_used=29558Kb free=90452Kb
 bounds [0x0000021c4fae0000, 0x0000021c517d0000, 0x0000021c57010000]
CodeHeap 'non-nmethods': size=5760Kb used=1318Kb max_used=1400Kb free=4441Kb
 bounds [0x0000021c57010000, 0x0000021c57280000, 0x0000021c575b0000]
 total_blobs=11062 nmethods=10430 adapters=542
 compilation: enabled
              stopped_count=0, restarted_count=0
 full_count=0

Compilation events (20 events):
Event: 11.142 Thread 0x0000021c6af298a0 13056       3       org.jetbrains.kotlin.types.AbstractTypeApproximator$referenceApproximateToSuperType$1::invoke (20 bytes)
Event: 11.143 Thread 0x0000021c6af298a0 nmethod 13056 0x0000021c517b5f10 code [0x0000021c517b6200, 0x0000021c517b7278]
Event: 11.149 Thread 0x0000021c6af298a0 13059       3       org.jetbrains.kotlin.resolve.constants.evaluate.ConstantExpressionEvaluatorVisitor::getCompileTimeType (207 bytes)
Event: 11.154 Thread 0x0000021c6af298a0 nmethod 13059 0x0000021c517b7790 code [0x0000021c517b7fe0, 0x0000021c517bcd48]
Event: 11.154 Thread 0x0000021c6af298a0 13060       3       org.jetbrains.kotlin.resolve.constants.evaluate.ConstantExpressionEvaluatorKt::getReceiverExpressionType (90 bytes)
Event: 11.154 Thread 0x0000021c6af298a0 nmethod 13060 0x0000021c517be290 code [0x0000021c517be580, 0x0000021c517bf508]
Event: 11.154 Thread 0x0000021c6af298a0 13057       1       org.jetbrains.kotlin.types.FlexibleTypeWithEnhancement::getEnhancement (5 bytes)
Event: 11.154 Thread 0x0000021c6af298a0 nmethod 13057 0x0000021c57b68b10 code [0x0000021c57b68ca0, 0x0000021c57b68d78]
Event: 11.154 Thread 0x0000021c6af298a0 13058       1       org.jetbrains.kotlin.resolve.constants.CompileTimeConstant$Parameters::getUsesVariableAsConstant (5 bytes)
Event: 11.155 Thread 0x0000021c6af298a0 nmethod 13058 0x0000021c57b68e10 code [0x0000021c57b68fa0, 0x0000021c57b69078]
Event: 11.177 Thread 0x0000021c6af298a0 13063       3       org.jetbrains.kotlin.resolve.calls.components.candidate.ResolutionCandidate::getResolutionSequence (16 bytes)
Event: 11.178 Thread 0x0000021c6af298a0 nmethod 13063 0x0000021c517bf990 code [0x0000021c517bfb40, 0x0000021c517bfe98]
Event: 11.178 Thread 0x0000021c6af298a0 13064       3       org.jetbrains.kotlin.resolve.calls.model.MutableResolvedCallAtom::setAnalyzedResults (12 bytes)
Event: 11.179 Thread 0x0000021c6af298a0 nmethod 13064 0x0000021c517c0010 code [0x0000021c517c0220, 0x0000021c517c0808]
Event: 11.188 Thread 0x0000021c6af298a0 13066       3       org.jetbrains.kotlin.metadata.jvm.deserialization.JvmMetadataVersion::<init> (22 bytes)
Event: 11.188 Thread 0x0000021c6af298a0 nmethod 13066 0x0000021c4feef990 code [0x0000021c4feefbc0, 0x0000021c4fef0218]
Event: 11.190 Thread 0x0000021c6af298a0 13067       3       org.jetbrains.kotlin.metadata.jvm.JvmProtoBuf$JvmFieldSignature::getDefaultInstance (4 bytes)
Event: 11.190 Thread 0x0000021c6af298a0 nmethod 13067 0x0000021c504a3390 code [0x0000021c504a3520, 0x0000021c504a3618]
Event: 11.190 Thread 0x0000021c6af298a0 13068       3       org.jetbrains.kotlin.metadata.jvm.JvmProtoBuf$JvmPropertySignature::isInitialized (25 bytes)
Event: 11.190 Thread 0x0000021c6af298a0 nmethod 13068 0x0000021c501b2e90 code [0x0000021c501b3040, 0x0000021c501b3238]

GC Heap History (20 events):
Event: 2.099 GC heap before
{Heap before GC invocations=6 (full 0):
 garbage-first heap   total 75776K, used 52934K [0x000000070a400000, 0x0000000800000000)
  region size 2048K, 14 young (28672K), 1 survivors (2048K)
 Metaspace       used 32182K, committed 32448K, reserved 1114112K
  class space    used 4051K, committed 4160K, reserved 1048576K
}
Event: 2.103 GC heap after
{Heap after GC invocations=7 (full 0):
 garbage-first heap   total 75776K, used 26540K [0x000000070a400000, 0x0000000800000000)
  region size 2048K, 2 young (4096K), 2 survivors (4096K)
 Metaspace       used 32182K, committed 32448K, reserved 1114112K
  class space    used 4051K, committed 4160K, reserved 1048576K
}
Event: 2.341 GC heap before
{Heap before GC invocations=7 (full 0):
 garbage-first heap   total 75776K, used 40876K [0x000000070a400000, 0x0000000800000000)
  region size 2048K, 10 young (20480K), 2 survivors (4096K)
 Metaspace       used 35718K, committed 35968K, reserved 1114112K
  class space    used 4427K, committed 4544K, reserved 1048576K
}
Event: 2.347 GC heap after
{Heap after GC invocations=8 (full 0):
 garbage-first heap   total 135168K, used 27952K [0x000000070a400000, 0x0000000800000000)
  region size 2048K, 1 young (2048K), 1 survivors (2048K)
 Metaspace       used 35718K, committed 35968K, reserved 1114112K
  class space    used 4427K, committed 4544K, reserved 1048576K
}
Event: 3.163 GC heap before
{Heap before GC invocations=9 (full 0):
 garbage-first heap   total 102400K, used 87344K [0x000000070a400000, 0x0000000800000000)
  region size 2048K, 30 young (61440K), 1 survivors (2048K)
 Metaspace       used 41541K, committed 41792K, reserved 1114112K
  class space    used 5061K, committed 5184K, reserved 1048576K
}
Event: 3.177 GC heap after
{Heap after GC invocations=10 (full 0):
 garbage-first heap   total 102400K, used 36729K [0x000000070a400000, 0x0000000800000000)
  region size 2048K, 4 young (8192K), 4 survivors (8192K)
 Metaspace       used 41541K, committed 41792K, reserved 1114112K
  class space    used 5061K, committed 5184K, reserved 1048576K
}
Event: 3.220 GC heap before
{Heap before GC invocations=10 (full 0):
 garbage-first heap   total 102400K, used 36729K [0x000000070a400000, 0x0000000800000000)
  region size 2048K, 5 young (10240K), 4 survivors (8192K)
 Metaspace       used 41888K, committed 42048K, reserved 1114112K
  class space    used 5111K, committed 5184K, reserved 1048576K
}
Event: 3.233 GC heap after
{Heap after GC invocations=11 (full 0):
 garbage-first heap   total 102400K, used 37556K [0x000000070a400000, 0x0000000800000000)
  region size 2048K, 1 young (2048K), 1 survivors (2048K)
 Metaspace       used 41888K, committed 42048K, reserved 1114112K
  class space    used 5111K, committed 5184K, reserved 1048576K
}
Event: 4.073 GC heap before
{Heap before GC invocations=11 (full 0):
 garbage-first heap   total 102400K, used 74420K [0x000000070a400000, 0x0000000800000000)
  region size 2048K, 19 young (38912K), 1 survivors (2048K)
 Metaspace       used 49299K, committed 49600K, reserved 1114112K
  class space    used 6021K, committed 6208K, reserved 1048576K
}
Event: 4.085 GC heap after
{Heap after GC invocations=12 (full 0):
 garbage-first heap   total 102400K, used 41631K [0x000000070a400000, 0x0000000800000000)
  region size 2048K, 3 young (6144K), 3 survivors (6144K)
 Metaspace       used 49299K, committed 49600K, reserved 1114112K
  class space    used 6021K, committed 6208K, reserved 1048576K
}
Event: 5.149 GC heap before
{Heap before GC invocations=12 (full 0):
 garbage-first heap   total 102400K, used 74399K [0x000000070a400000, 0x0000000800000000)
  region size 2048K, 20 young (40960K), 3 survivors (6144K)
 Metaspace       used 52603K, committed 52928K, reserved 1114112K
  class space    used 6345K, committed 6528K, reserved 1048576K
}
Event: 5.167 GC heap after
{Heap after GC invocations=13 (full 0):
 garbage-first heap   total 102400K, used 47275K [0x000000070a400000, 0x0000000800000000)
  region size 2048K, 3 young (6144K), 3 survivors (6144K)
 Metaspace       used 52603K, committed 52928K, reserved 1114112K
  class space    used 6345K, committed 6528K, reserved 1048576K
}
Event: 5.699 GC heap before
{Heap before GC invocations=13 (full 0):
 garbage-first heap   total 102400K, used 75947K [0x000000070a400000, 0x0000000800000000)
  region size 2048K, 17 young (34816K), 3 survivors (6144K)
 Metaspace       used 53520K, committed 53824K, reserved 1114112K
  class space    used 6398K, committed 6592K, reserved 1048576K
}
Event: 5.719 GC heap after
{Heap after GC invocations=14 (full 0):
 garbage-first heap   total 182272K, used 53515K [0x000000070a400000, 0x0000000800000000)
  region size 2048K, 3 young (6144K), 3 survivors (6144K)
 Metaspace       used 53520K, committed 53824K, reserved 1114112K
  class space    used 6398K, committed 6592K, reserved 1048576K
}
Event: 7.235 GC heap before
{Heap before GC invocations=14 (full 0):
 garbage-first heap   total 182272K, used 129291K [0x000000070a400000, 0x0000000800000000)
  region size 2048K, 40 young (81920K), 3 survivors (6144K)
 Metaspace       used 56242K, committed 56576K, reserved 1114112K
  class space    used 6602K, committed 6784K, reserved 1048576K
}
Event: 7.254 GC heap after
{Heap after GC invocations=15 (full 0):
 garbage-first heap   total 182272K, used 62664K [0x000000070a400000, 0x0000000800000000)
  region size 2048K, 5 young (10240K), 5 survivors (10240K)
 Metaspace       used 56242K, committed 56576K, reserved 1114112K
  class space    used 6602K, committed 6784K, reserved 1048576K
}
Event: 9.758 GC heap before
{Heap before GC invocations=15 (full 0):
 garbage-first heap   total 182272K, used 132296K [0x000000070a400000, 0x0000000800000000)
  region size 2048K, 38 young (77824K), 5 survivors (10240K)
 Metaspace       used 59710K, committed 60032K, reserved 1114112K
  class space    used 6854K, committed 7040K, reserved 1048576K
}
Event: 9.776 GC heap after
{Heap after GC invocations=16 (full 0):
 garbage-first heap   total 182272K, used 73644K [0x000000070a400000, 0x0000000800000000)
  region size 2048K, 5 young (10240K), 5 survivors (10240K)
 Metaspace       used 59710K, committed 60032K, reserved 1114112K
  class space    used 6854K, committed 7040K, reserved 1048576K
}
Event: 9.937 GC heap before
{Heap before GC invocations=16 (full 0):
 garbage-first heap   total 182272K, used 79788K [0x000000070a400000, 0x0000000800000000)
  region size 2048K, 9 young (18432K), 5 survivors (10240K)
 Metaspace       used 60011K, committed 60288K, reserved 1114112K
  class space    used 6882K, committed 7040K, reserved 1048576K
}
Event: 9.947 GC heap after
{Heap after GC invocations=17 (full 0):
 garbage-first heap   total 182272K, used 74575K [0x000000070a400000, 0x0000000800000000)
  region size 2048K, 1 young (2048K), 1 survivors (2048K)
 Metaspace       used 60011K, committed 60288K, reserved 1114112K
  class space    used 6882K, committed 7040K, reserved 1048576K
}

Dll operation events (7 events):
Event: 0.007 Loaded shared library C:\Program Files\Microsoft\jdk-17.0.8.7-hotspot\bin\java.dll
Event: 0.027 Loaded shared library C:\Program Files\Microsoft\jdk-17.0.8.7-hotspot\bin\jsvml.dll
Event: 0.061 Loaded shared library C:\Program Files\Microsoft\jdk-17.0.8.7-hotspot\bin\net.dll
Event: 0.062 Loaded shared library C:\Program Files\Microsoft\jdk-17.0.8.7-hotspot\bin\nio.dll
Event: 0.078 Loaded shared library C:\Program Files\Microsoft\jdk-17.0.8.7-hotspot\bin\zip.dll
Event: 0.094 Loaded shared library C:\Program Files\Microsoft\jdk-17.0.8.7-hotspot\bin\jimage.dll
Event: 0.729 Loaded shared library C:\Program Files\Microsoft\jdk-17.0.8.7-hotspot\bin\verify.dll

Deoptimization events (20 events):
Event: 11.161 Thread 0x0000021c45e8cf20 DEOPT PACKING pc=0x0000021c57b1371c sp=0x000000b4756fb660
Event: 11.161 Thread 0x0000021c45e8cf20 DEOPT UNPACKING pc=0x0000021c570669a3 sp=0x000000b4756fb5d0 mode 2
Event: 11.176 Thread 0x0000021c45e8cf20 DEOPT PACKING pc=0x0000021c57aba93c sp=0x000000b4756fab80
Event: 11.176 Thread 0x0000021c45e8cf20 DEOPT UNPACKING pc=0x0000021c57067143 sp=0x000000b4756f9f80 mode 0
Event: 11.176 Thread 0x0000021c45e8cf20 Uncommon trap: trap_request=0xffffffc6 fr.pc=0x0000021c579837a4 relative=0x0000000000001384
Event: 11.176 Thread 0x0000021c45e8cf20 Uncommon trap: reason=bimorphic_or_optimized_type_check action=maybe_recompile pc=0x0000021c579837a4 method=org.jetbrains.kotlin.resolve.calls.components.candidate.ResolutionCandidate.getStepCount()I @ 1 c2
Event: 11.176 Thread 0x0000021c45e8cf20 DEOPT PACKING pc=0x0000021c579837a4 sp=0x000000b4756fa8c0
Event: 11.176 Thread 0x0000021c45e8cf20 DEOPT UNPACKING pc=0x0000021c570669a3 sp=0x000000b4756fa7a0 mode 2
Event: 11.177 Thread 0x0000021c45e8cf20 Uncommon trap: trap_request=0xffffffc6 fr.pc=0x0000021c579837a4 relative=0x0000000000001384
Event: 11.177 Thread 0x0000021c45e8cf20 Uncommon trap: reason=bimorphic_or_optimized_type_check action=maybe_recompile pc=0x0000021c579837a4 method=org.jetbrains.kotlin.resolve.calls.components.candidate.ResolutionCandidate.getStepCount()I @ 1 c2
Event: 11.177 Thread 0x0000021c45e8cf20 DEOPT PACKING pc=0x0000021c579837a4 sp=0x000000b4756fa900
Event: 11.177 Thread 0x0000021c45e8cf20 DEOPT UNPACKING pc=0x0000021c570669a3 sp=0x000000b4756fa7e0 mode 2
Event: 11.177 Thread 0x0000021c45e8cf20 Uncommon trap: trap_request=0xffffffc6 fr.pc=0x0000021c579837a4 relative=0x0000000000001384
Event: 11.177 Thread 0x0000021c45e8cf20 Uncommon trap: reason=bimorphic_or_optimized_type_check action=maybe_recompile pc=0x0000021c579837a4 method=org.jetbrains.kotlin.resolve.calls.components.candidate.ResolutionCandidate.getStepCount()I @ 1 c2
Event: 11.177 Thread 0x0000021c45e8cf20 DEOPT PACKING pc=0x0000021c579837a4 sp=0x000000b4756fa900
Event: 11.177 Thread 0x0000021c45e8cf20 DEOPT UNPACKING pc=0x0000021c570669a3 sp=0x000000b4756fa7e0 mode 2
Event: 11.182 Thread 0x0000021c45e8cf20 Uncommon trap: trap_request=0xffffffde fr.pc=0x0000021c57af714c relative=0x000000000000094c
Event: 11.182 Thread 0x0000021c45e8cf20 Uncommon trap: reason=class_check action=maybe_recompile pc=0x0000021c57af714c method=org.jetbrains.kotlin.resolve.calls.tower.KotlinToResolvedCallTransformer.runCallCheckers(Lorg/jetbrains/kotlin/resolve/calls/model/ResolvedCall;Lorg/jetbrains/kotlin/res
Event: 11.182 Thread 0x0000021c45e8cf20 DEOPT PACKING pc=0x0000021c57af714c sp=0x000000b4756fad70
Event: 11.182 Thread 0x0000021c45e8cf20 DEOPT UNPACKING pc=0x0000021c570669a3 sp=0x000000b4756fad50 mode 2

Classes unloaded (0 events):
No events

Classes redefined (0 events):
No events

Internal exceptions (20 events):
Event: 3.984 Thread 0x0000021c45e8cf20 Exception <a 'java/lang/NoSuchMethodError'{0x000000070e636808}: 'void java.lang.invoke.DirectMethodHandle$Holder.invokeInterface(java.lang.Object, java.lang.Object)'> (0x000000070e636808) 
thrown [s\src\hotspot\share\interpreter\linkResolver.cpp, line 759]
Event: 4.175 Thread 0x0000021c45e8cf20 Exception <a 'java/lang/NoSuchMethodError'{0x00000007101afb68}: 'java.lang.Object java.lang.invoke.DirectMethodHandle$Holder.invokeStaticInit(java.lang.Object, java.lang.Object, java.lang.Object)'> (0x00000007101afb68) 
thrown [s\src\hotspot\share\interpreter\linkResolver.cpp, line 759]
Event: 4.485 Thread 0x0000021c45e8cf20 Exception <a 'java/lang/IncompatibleClassChangeError'{0x000000070f8452b0}: Found class java.lang.Object, but interface was expected> (0x000000070f8452b0) 
thrown [s\src\hotspot\share\interpreter\linkResolver.cpp, line 826]
Event: 4.843 Thread 0x0000021c45e8cf20 Exception <a 'java/lang/NoSuchMethodError'{0x000000070ee1f260}: 'int java.lang.invoke.DirectMethodHandle$Holder.invokeStaticInit(java.lang.Object, int)'> (0x000000070ee1f260) 
thrown [s\src\hotspot\share\interpreter\linkResolver.cpp, line 759]
Event: 5.040 Thread 0x0000021c45e8cf20 Exception <a 'java/lang/NoSuchMethodError'{0x000000070e91cc98}: 'java.lang.Object java.lang.invoke.DirectMethodHandle$Holder.invokeStatic(java.lang.Object, int, java.lang.Object)'> (0x000000070e91cc98) 
thrown [s\src\hotspot\share\interpreter\linkResolver.cpp, line 759]
Event: 5.050 Thread 0x0000021c45e8cf20 Exception <a 'java/lang/NoSuchMethodError'{0x000000070e968c00}: 'java.lang.Object java.lang.invoke.DirectMethodHandle$Holder.invokeSpecial(java.lang.Object, java.lang.Object, int, java.lang.Object, java.lang.Object)'> (0x000000070e968c00) 
thrown [s\src\hotspot\share\interpreter\linkResolver.cpp, line 759]
Event: 5.188 Thread 0x0000021c45e8cf20 Exception <a 'java/lang/NoSuchMethodError'{0x00000007198b7e98}: 'int java.lang.invoke.DirectMethodHandle$Holder.invokeInterface(java.lang.Object, java.lang.Object)'> (0x00000007198b7e98) 
thrown [s\src\hotspot\share\interpreter\linkResolver.cpp, line 759]
Event: 5.289 Thread 0x0000021c45e8cf20 Exception <a 'java/lang/NoSuchMethodError'{0x0000000710343050}: 'java.lang.Object java.lang.invoke.DirectMethodHandle$Holder.invokeStatic(java.lang.Object, int, java.lang.Object, java.lang.Object)'> (0x0000000710343050) 
thrown [s\src\hotspot\share\interpreter\linkResolver.cpp, line 759]
Event: 5.290 Thread 0x0000021c45e8cf20 Exception <a 'java/lang/NoSuchMethodError'{0x000000071034b238}: 'java.lang.Object java.lang.invoke.DirectMethodHandle$Holder.newInvokeSpecial(java.lang.Object, int, java.lang.Object)'> (0x000000071034b238) 
thrown [s\src\hotspot\share\interpreter\linkResolver.cpp, line 759]
Event: 6.241 Thread 0x0000021c45e8cf20 Exception <a 'java/lang/NoSuchMethodError'{0x00000007132f5788}: 'java.lang.Object java.lang.invoke.DirectMethodHandle$Holder.invokeInterface(java.lang.Object, java.lang.Object, java.lang.Object)'> (0x00000007132f5788) 
thrown [s\src\hotspot\share\interpreter\linkResolver.cpp, line 759]
Event: 6.242 Thread 0x0000021c45e8cf20 Exception <a 'java/lang/IncompatibleClassChangeError'{0x00000007132f90f8}: Found class java.lang.Object, but interface was expected> (0x00000007132f90f8) 
thrown [s\src\hotspot\share\interpreter\linkResolver.cpp, line 826]
Event: 6.335 Thread 0x0000021c45e8cf20 Exception <a 'java/lang/NoSuchMethodError'{0x00000007129e9760}: 'java.lang.Object java.lang.invoke.DirectMethodHandle$Holder.newInvokeSpecial(java.lang.Object, java.lang.Object, java.lang.Object, java.lang.Object, java.lang.Object, java.lang.Object, java.lang.Object)'> (0x00000007129e9760) 
thrown [s\src\hotspot\share\interpreter\linkResolver.cpp, line 759]
Event: 6.335 Thread 0x0000021c45e8cf20 Exception <a 'java/lang/NoSuchMethodError'{0x00000007129ee318}: 'java.lang.Object java.lang.invoke.Invokers$Holder.linkToTargetMethod(java.lang.Object, java.lang.Object, java.lang.Object, java.lang.Object, java.lang.Object, java.lang.Object, java.lang.Object)'> (0x00000007129ee318) 
thrown [s\src\hotspot\share\interpreter\linkResolver.cpp, line 759]
Event: 6.537 Thread 0x0000021c45e8cf20 Implicit null exception at 0x0000021c578be0dc to 0x0000021c578bf03c
Event: 6.851 Thread 0x0000021c45e8cf20 Implicit null exception at 0x0000021c57968427 to 0x0000021c579704d4
Event: 7.066 Thread 0x0000021c45e8cf20 Implicit null exception at 0x0000021c575cc1d5 to 0x0000021c575cc798
Event: 7.085 Thread 0x0000021c45e8cf20 Implicit null exception at 0x0000021c575cd1d2 to 0x0000021c575cd784
Event: 7.423 Thread 0x0000021c45e8cf20 Implicit null exception at 0x0000021c578d0f61 to 0x0000021c578d18f4
Event: 8.090 Thread 0x0000021c45e8cf20 Implicit null exception at 0x0000021c579f34ac to 0x0000021c579f3574
Event: 8.536 Thread 0x0000021c45e8cf20 Exception <a 'java/lang/NoSuchMethodError'{0x00000007131a1bd0}: 'void java.lang.invoke.DirectMethodHandle$Holder.invokeStatic(java.lang.Object, java.lang.Object, java.lang.Object)'> (0x00000007131a1bd0) 
thrown [s\src\hotspot\share\interpreter\linkResolver.cpp, line 759]

VM Operations (20 events):
Event: 10.164 Executing VM operation: HandshakeAllThreads
Event: 10.164 Executing VM operation: HandshakeAllThreads done
Event: 10.264 Executing VM operation: ICBufferFull
Event: 10.264 Executing VM operation: ICBufferFull done
Event: 10.448 Executing VM operation: ICBufferFull
Event: 10.448 Executing VM operation: ICBufferFull done
Event: 10.856 Executing VM operation: ICBufferFull
Event: 10.857 Executing VM operation: ICBufferFull done
Event: 11.105 Executing VM operation: ICBufferFull
Event: 11.105 Executing VM operation: ICBufferFull done
Event: 11.165 Executing VM operation: HandshakeAllThreads
Event: 11.165 Executing VM operation: HandshakeAllThreads done
Event: 11.173 Executing VM operation: HandshakeAllThreads
Event: 11.173 Executing VM operation: HandshakeAllThreads done
Event: 11.173 Executing VM operation: HandshakeAllThreads
Event: 11.173 Executing VM operation: HandshakeAllThreads done
Event: 11.175 Executing VM operation: HandshakeAllThreads
Event: 11.175 Executing VM operation: HandshakeAllThreads done
Event: 11.181 Executing VM operation: HandshakeAllThreads
Event: 11.181 Executing VM operation: HandshakeAllThreads done

Events (20 events):
Event: 10.179 Thread 0x0000021c6af3d740 flushing nmethod 0x0000021c50778210
Event: 10.183 Thread 0x0000021c6af3d740 flushing nmethod 0x0000021c50bab110
Event: 10.183 Thread 0x0000021c6af3d740 flushing nmethod 0x0000021c50c39e10
Event: 10.183 Thread 0x0000021c6af3d740 flushing nmethod 0x0000021c50c49e90
Event: 10.184 Thread 0x0000021c6af3d740 flushing nmethod 0x0000021c50cf2e10
Event: 10.185 Thread 0x0000021c6af3d740 flushing nmethod 0x0000021c50d83510
Event: 10.185 Thread 0x0000021c6af3d740 flushing nmethod 0x0000021c50dcec10
Event: 10.185 Thread 0x0000021c6af3d740 flushing nmethod 0x0000021c50deb790
Event: 10.186 Thread 0x0000021c6af3d740 flushing nmethod 0x0000021c50e84c90
Event: 11.176 Thread 0x0000021c6af3d740 flushing nmethod 0x0000021c5777b910
Event: 11.177 Thread 0x0000021c6af3d740 flushing nmethod 0x0000021c57906510
Event: 11.177 Thread 0x0000021c6af3d740 flushing nmethod 0x0000021c57932010
Event: 11.179 Thread 0x0000021c6af3d740 flushing nmethod 0x0000021c579bc490
Event: 11.179 Thread 0x0000021c6af3d740 flushing nmethod 0x0000021c579e2610
Event: 11.186 Thread 0x0000021c6af3d740 flushing nmethod 0x0000021c4feebf10
Event: 11.188 Thread 0x0000021c6af3d740 flushing nmethod 0x0000021c500def10
Event: 11.189 Thread 0x0000021c6af3d740 flushing nmethod 0x0000021c5010a110
Event: 11.189 Thread 0x0000021c6af3d740 flushing nmethod 0x0000021c50167c10
Event: 11.189 Thread 0x0000021c6af3d740 flushing nmethod 0x0000021c501b2e90
Event: 11.193 Thread 0x0000021c6af3d740 flushing nmethod 0x0000021c50532e10


Dynamic libraries:
0x00007ff717df0000 - 0x00007ff717dfe000 	C:\Program Files\Microsoft\jdk-17.0.8.7-hotspot\bin\java.exe
0x00007ff819c30000 - 0x00007ff819e47000 	C:\WINDOWS\SYSTEM32\ntdll.dll
0x00007ff817d10000 - 0x00007ff817dd4000 	C:\WINDOWS\System32\KERNEL32.DLL
0x00007ff817010000 - 0x00007ff8173b6000 	C:\WINDOWS\System32\KERNELBASE.dll
0x00007ff817530000 - 0x00007ff817641000 	C:\WINDOWS\System32\ucrtbase.dll
0x00007ffff0e30000 - 0x00007ffff0e47000 	C:\Program Files\Microsoft\jdk-17.0.8.7-hotspot\bin\jli.dll
0x00007ff813cc0000 - 0x00007ff813cdb000 	C:\Program Files\Microsoft\jdk-17.0.8.7-hotspot\bin\VCRUNTIME140.dll
0x00007ff8187e0000 - 0x00007ff81898e000 	C:\WINDOWS\System32\USER32.dll
0x00007ff817950000 - 0x00007ff817976000 	C:\WINDOWS\System32\win32u.dll
0x00007ff8057b0000 - 0x00007ff805a43000 	C:\WINDOWS\WinSxS\amd64_microsoft.windows.common-controls_6595b64144ccf1df_6.0.22621.2506_none_270c5ae97388e100\COMCTL32.dll
0x00007ff817cc0000 - 0x00007ff817ce9000 	C:\WINDOWS\System32\GDI32.dll
0x00007ff817830000 - 0x00007ff817948000 	C:\WINDOWS\System32\gdi32full.dll
0x00007ff8179a0000 - 0x00007ff817a47000 	C:\WINDOWS\System32\msvcrt.dll
0x00007ff816f70000 - 0x00007ff81700a000 	C:\WINDOWS\System32\msvcp_win.dll
0x00007ff819bb0000 - 0x00007ff819be1000 	C:\WINDOWS\System32\IMM32.DLL
0x00007ff813d20000 - 0x00007ff813d2c000 	C:\Program Files\Microsoft\jdk-17.0.8.7-hotspot\bin\vcruntime140_1.dll
0x00007fffeb320000 - 0x00007fffeb3ad000 	C:\Program Files\Microsoft\jdk-17.0.8.7-hotspot\bin\msvcp140.dll
0x00007fff7fa00000 - 0x00007fff80665000 	C:\Program Files\Microsoft\jdk-17.0.8.7-hotspot\bin\server\jvm.dll
0x00007ff818e00000 - 0x00007ff818eb3000 	C:\WINDOWS\System32\ADVAPI32.dll
0x00007ff819800000 - 0x00007ff8198a8000 	C:\WINDOWS\System32\sechost.dll
0x00007ff817440000 - 0x00007ff817468000 	C:\WINDOWS\System32\bcrypt.dll
0x00007ff818440000 - 0x00007ff818557000 	C:\WINDOWS\System32\RPCRT4.dll
0x00007ff80ee10000 - 0x00007ff80ee44000 	C:\WINDOWS\SYSTEM32\WINMM.dll
0x00007ff816e30000 - 0x00007ff816e7d000 	C:\WINDOWS\SYSTEM32\POWRPROF.dll
0x00007ffff0e20000 - 0x00007ffff0e29000 	C:\WINDOWS\SYSTEM32\WSOCK32.dll
0x00007ff80e070000 - 0x00007ff80e07a000 	C:\WINDOWS\SYSTEM32\VERSION.dll
0x00007ff819780000 - 0x00007ff8197f1000 	C:\WINDOWS\System32\WS2_32.dll
0x00007ff816e10000 - 0x00007ff816e23000 	C:\WINDOWS\SYSTEM32\UMPDC.dll
0x00007ff815fb0000 - 0x00007ff815fc8000 	C:\WINDOWS\SYSTEM32\kernel.appcore.dll
0x00007ffff0e10000 - 0x00007ffff0e1a000 	C:\Program Files\Microsoft\jdk-17.0.8.7-hotspot\bin\jimage.dll
0x00007ff814b30000 - 0x00007ff814d63000 	C:\WINDOWS\SYSTEM32\DBGHELP.DLL
0x00007ff818990000 - 0x00007ff818d19000 	C:\WINDOWS\System32\combase.dll
0x00007ff818d20000 - 0x00007ff818df7000 	C:\WINDOWS\System32\OLEAUT32.dll
0x00007fffff760000 - 0x00007fffff792000 	C:\WINDOWS\SYSTEM32\dbgcore.DLL
0x00007ff8173c0000 - 0x00007ff81743a000 	C:\WINDOWS\System32\bcryptPrimitives.dll
0x00007fffed380000 - 0x00007fffed3a5000 	C:\Program Files\Microsoft\jdk-17.0.8.7-hotspot\bin\java.dll
0x00007fffeae80000 - 0x00007fffeaf57000 	C:\Program Files\Microsoft\jdk-17.0.8.7-hotspot\bin\jsvml.dll
0x00007ff818f20000 - 0x00007ff81977b000 	C:\WINDOWS\System32\SHELL32.dll
0x00007ff814ed0000 - 0x00007ff8157c6000 	C:\WINDOWS\SYSTEM32\windows.storage.dll
0x00007ff814d90000 - 0x00007ff814ece000 	C:\WINDOWS\SYSTEM32\wintypes.dll
0x00007ff818340000 - 0x00007ff818433000 	C:\WINDOWS\System32\SHCORE.dll
0x00007ff818560000 - 0x00007ff8185be000 	C:\WINDOWS\System32\shlwapi.dll
0x00007ff816ea0000 - 0x00007ff816ec6000 	C:\WINDOWS\SYSTEM32\profapi.dll
0x00007fffed360000 - 0x00007fffed379000 	C:\Program Files\Microsoft\jdk-17.0.8.7-hotspot\bin\net.dll
0x00007ff80fdd0000 - 0x00007ff80ff07000 	C:\WINDOWS\SYSTEM32\WINHTTP.dll
0x00007ff816430000 - 0x00007ff816499000 	C:\WINDOWS\system32\mswsock.dll
0x00007fffed340000 - 0x00007fffed356000 	C:\Program Files\Microsoft\jdk-17.0.8.7-hotspot\bin\nio.dll
0x00007fffeb300000 - 0x00007fffeb318000 	C:\Program Files\Microsoft\jdk-17.0.8.7-hotspot\bin\zip.dll
0x00007ffff0e00000 - 0x00007ffff0e10000 	C:\Program Files\Microsoft\jdk-17.0.8.7-hotspot\bin\verify.dll

dbghelp: loaded successfully - version: 4.0.5 - missing functions: none
symbol engine: initialized successfully - sym options: 0x614 - pdb path: .;C:\Program Files\Microsoft\jdk-17.0.8.7-hotspot\bin;C:\WINDOWS\SYSTEM32;C:\WINDOWS\WinSxS\amd64_microsoft.windows.common-controls_6595b64144ccf1df_6.0.22621.2506_none_270c5ae97388e100;C:\Program Files\Microsoft\jdk-17.0.8.7-hotspot\bin\server

VM Arguments:
java_command: org.jetbrains.kotlin.cli.jvm.K2JVMCompiler @D:\Dolphin_Project\Get_Otp_Demo\node_modules\react-native-gesture-handler\android\build\20240226_7832663080450406487.compiler.options
java_class_path (initial): C:\Users\Dhruvil Prajapati\.gradle\caches\modules-2\files-2.1\org.jetbrains.kotlin\kotlin-compiler-embeddable\1.8.0\eb9118d4bcceaa2a94b2ae2a33a4ddba7c9a947f\kotlin-compiler-embeddable-1.8.0.jar;C:\Users\Dhruvil Prajapati\.gradle\caches\modules-2\files-2.1\org.jetbrains.kotlin\kotlin-stdlib\1.8.0\1796921c7a3e2e2665a83e6c8d33399336cd39bc\kotlin-stdlib-1.8.0.jar;C:\Users\Dhruvil Prajapati\.gradle\caches\modules-2\files-2.1\org.jetbrains.kotlin\kotlin-script-runtime\1.8.0\b2f7e760d283cb339974851c222a4c1d48f2d3d\kotlin-script-runtime-1.8.0.jar;C:\Users\Dhruvil Prajapati\.gradle\caches\modules-2\files-2.1\org.jetbrains.kotlin\kotlin-reflect\1.6.10\1cbe9c92c12a94eea200d23c2bbaedaf3daf5132\kotlin-reflect-1.6.10.jar;C:\Users\Dhruvil Prajapati\.gradle\caches\modules-2\files-2.1\org.jetbrains.kotlin\kotlin-daemon-embeddable\1.8.0\d255216c551685dc3a7e852b53617f5f01aaaa5c\kotlin-daemon-embeddable-1.8.0.jar;C:\Users\Dhruvil Prajapati\.gradle\caches\modules-2\files-2.1\org.jetbrains.intellij.deps\trove4j\1.0.20200330\3afb14d5f9ceb459d724e907a21145e8ff394f02\trove4j-1.0.20200330.jar;C:\Users\Dhruvil Prajapati\.gradle\caches\modules-2\files-2.1\net.java.dev.jna\jna\5.6.0\330f2244e9030119ab3030fc3fededc86713d9cc\jna-5.6.0.jar;C:\Users\Dhruvil Prajapati\.gradle\caches\modules-2\files-2.1\org.jetbrains.kotlin\kotlin-stdlib-common\1.8.0\f7197e7cc76453ac59f8b0f8d5137cc600becd36\kotlin-stdlib-common-1.8.0.jar;C:\Users\Dhruvil Prajapati\.gradle\caches\modules-2\files-2.1\org.jetbrains\annotations\13.0\919f0dfe192fb4e063e7dacadee7f8bb9a2672a9\annotations-13.0.jar
Launcher Type: SUN_STANDARD

[Global flags]
     intx CICompilerCount                          = 4                                         {product} {ergonomic}
     uint ConcGCThreads                            = 3                                         {product} {ergonomic}
     uint G1ConcRefinementThreads                  = 10                                        {product} {ergonomic}
   size_t G1HeapRegionSize                         = 2097152                                   {product} {ergonomic}
    uintx GCDrainStackTargetSize                   = 64                                        {product} {ergonomic}
   size_t InitialHeapSize                          = 257949696                                 {product} {ergonomic}
   size_t MarkStackSize                            = 4194304                                   {product} {ergonomic}
   size_t MaxHeapSize                              = 4123000832                                {product} {ergonomic}
   size_t MaxNewSize                               = 2472542208                                {product} {ergonomic}
   size_t MinHeapDeltaBytes                        = 2097152                                   {product} {ergonomic}
   size_t MinHeapSize                              = 8388608                                   {product} {ergonomic}
    uintx NonNMethodCodeHeapSize                   = 5839372                                {pd product} {ergonomic}
    uintx NonProfiledCodeHeapSize                  = 122909434                              {pd product} {ergonomic}
    uintx ProfiledCodeHeapSize                     = 122909434                              {pd product} {ergonomic}
    uintx ReservedCodeCacheSize                    = 251658240                              {pd product} {ergonomic}
     bool SegmentedCodeCache                       = true                                      {product} {ergonomic}
   size_t SoftMaxHeapSize                          = 4123000832                             {manageable} {ergonomic}
     bool UseCompressedClassPointers               = true                           {product lp64_product} {ergonomic}
     bool UseCompressedOops                        = true                           {product lp64_product} {ergonomic}
     bool UseG1GC                                  = true                                      {product} {ergonomic}
     bool UseLargePagesIndividualAllocation        = false                                  {pd product} {ergonomic}

Logging:
Log output configuration:
 #0: stdout all=warning uptime,level,tags
 #1: stderr all=off uptime,level,tags

Environment Variables:
JAVA_HOME=C:\Program Files\Microsoft\jdk-17.0.8.7-hotspot\
CLASSPATH=D:\Dolphin_Project\Get_Otp_Demo\android\\gradle\wrapper\gradle-wrapper.jar
PATH=D:\Dolphin_Project\Get_Otp_Demo\node_modules\.bin;D:\Dolphin_Project\Get_Otp_Demo\node_modules\.bin;D:\Dolphin_Project\node_modules\.bin;D:\node_modules\.bin;C:\Program Files\nodejs\node_modules\npm\node_modules\@npmcli\run-script\lib\node-gyp-bin;D:\Dolphin_Project\Get_Otp_Demo\node_modules\.bin;D:\Dolphin_Project\Get_Otp_Demo\node_modules\.bin;D:\Dolphin_Project\node_modules\.bin;D:\node_modules\.bin;C:\Program Files\nodejs\node_modules\npm\node_modules\@npmcli\run-script\lib\node-gyp-bin;C:\Program Files\Microsoft\jdk-17.0.8.7-hotspot\bin;C:\Python312\Scripts\;C:\Python312\;C:\Program Files (x86)\VMware\VMware Workstation\bin\;C:\Windows\system32;C:\Windows;C:\Windows\System32\Wbem;C:\Windows\System32\WindowsPowerShell\v1.0\;C:\Windows\System32\OpenSSH\;C:\Program Files (x86)\NVIDIA Corporation\PhysX\Common;C:\Program Files\NVIDIA Corporation\NVIDIA NvDLISR;C:\Program Files\Java\jdk1.8.0_202\bin;C:\Program Files\Git\cmd;C:\ProgramData\chocolatey\bin;C:\Users\Dhruvil Prajapati\AppData\Local\Android\Sdk\platform-tools;;C:\WINDOWS\system32;C:\WINDOWS;C:\WINDOWS\System32\Wbem;C:\WINDOWS\System32\WindowsPowerShell\v1.0\;C:\WINDOWS\System32\OpenSSH\;C:\Program Files\nodejs\;C:\Users\Dhruvil Prajapati\AppData\Local\Programs\Python\Python311\Scripts\;C:\Users\Dhruvil Prajapati\AppData\Local\Programs\Python\Python311\;C:\Users\Dhruvil Prajapati\AppData\Local\Microsoft\WindowsApps;C:\Program Files\dart-sdk\bin;C:\Users\Dhruvil Prajapati\AppData\Local\Programs\Microsoft VS Code\bin;C:\Users\Dhruvil Prajapati\Desktop\mobile app\Sem 2\flutter\bin;C:\Users\Dhruvil Prajapati\AppData\Local\Programs\mongosh\;C:\Users\Dhruvil Prajapati\Desktop\mobile app\Sem 2\Flutter\flutter\flutter_windows_3.7.12-stable\flutter\bin;C:\Users\Dhruvil Prajapati\AppData\Roaming\npm
USERNAME=Dhruvil Prajapati
LANG=en_US.UTF-8
OS=Windows_NT
PROCESSOR_IDENTIFIER=AMD64 Family 25 Model 80 Stepping 0, AuthenticAMD
TMP=C:\Users\DHRUVI~1\AppData\Local\Temp
TEMP=C:\Users\DHRUVI~1\AppData\Local\Temp



---------------  S Y S T E M  ---------------

OS:
 Windows 11 , 64 bit Build 22621 (10.0.22621.3085)
OS uptime: 0 days 0:36 hours

CPU: total 12 (initial active 12) (12 cores per cpu, 2 threads per core) family 25 model 80 stepping 0 microcode 0x0, cx8, cmov, fxsr, ht, mmx, 3dnowpref, sse, sse2, sse3, ssse3, sse4a, sse4.1, sse4.2, popcnt, lzcnt, tsc, tscinvbit, avx, avx2, aes, erms, clmul, bmi1, bmi2, adx, sha, fma, vzeroupper, clflush, clflushopt
Processor Information for all 12 processors :
  Max Mhz: 3301, Current Mhz: 3301, Mhz Limit: 3301

Memory: 4k page, system-wide physical 15724M (2496M free)
TotalPageFile size 19820M (AvailPageFile size 5M)
current process WorkingSet (physical memory assigned to process): 398M, peak: 413M
current process commit charge ("private bytes"): 447M, peak: 461M

vm_info: OpenJDK 64-Bit Server VM (17.0.8+7-LTS) for windows-amd64 JRE (17.0.8+7-LTS), built on Jul  7 2023 17:21:55 by "MicrosoftCorporation" with MS VC++ 16.10 / 16.11 (VS2019)

END.
