#
# There is insufficient memory for the Java Runtime Environment to continue.
# Native memory allocation (malloc) failed to allocate 169936 bytes for Chunk::new
# Possible reasons:
#   The system is out of physical RAM or swap space
#   The process is running with CompressedOops enabled, and the Java Heap may be blocking the growth of the native heap
# Possible solutions:
#   Reduce memory load on the system
#   Increase physical memory or swap space
#   Check if swap backing store is full
#   Decrease Java heap size (-Xmx/-Xms)
#   Decrease number of Java threads
#   Decrease Java thread stack sizes (-Xss)
#   Set larger code cache with -XX:ReservedCodeCacheSize=
#   JVM is running with Unscaled Compressed Oops mode in which the Java heap is
#     placed in the first 4GB address space. The Java Heap base address is the
#     maximum limit for the native heap growth. Please use -XX:HeapBaseMinAddress
#     to set the Java Heap base and to place the Java Heap above 4GB virtual address.
# This output file may be truncated or incomplete.
#
#  Out of Memory Error (arena.cpp:189), pid=16348, tid=3628
#
# JRE version: OpenJDK Runtime Environment Microsoft-8035246 (17.0.8+7) (build 17.0.8+7-LTS)
# Java VM: OpenJDK 64-Bit Server VM Microsoft-8035246 (17.0.8+7-LTS, mixed mode, sharing, tiered, compressed oops, compressed class ptrs, g1 gc, windows-amd64)
# No core dump will be written. Minidumps are not enabled by default on client versions of Windows
#

---------------  S U M M A R Y ------------

Command Line: -Xmx64m -Xms64m -Dorg.gradle.appname=gradlew org.gradle.wrapper.GradleWrapperMain app:installDebug -PreactNativeDevServerPort=8081

Host: AMD Ryzen 5 5600H with Radeon Graphics         , 12 cores, 15G,  Windows 11 , 64 bit Build 22621 (10.0.22621.3235)
Time: Wed Mar  6 16:34:43 2024 India Standard Time elapsed time: 39.577857 seconds (0d 0h 0m 39s)

---------------  T H R E A D  ---------------

Current thread (0x000001a7fa921a30):  JavaThread "C2 CompilerThread0" daemon [_thread_in_native, id=3628, stack(0x000000731a100000,0x000000731a200000)]


Current CompileTask:
C2:  39577 1657 % !   4       java.io.BufferedReader::readLine @ 139 (327 bytes)

Stack: [0x000000731a100000,0x000000731a200000]
Native frames: (J=compiled Java code, j=interpreted, Vv=VM code, C=native code)
V  [jvm.dll+0x67bf3a]
V  [jvm.dll+0x83a024]
V  [jvm.dll+0x83b7ce]
V  [jvm.dll+0x83be33]
V  [jvm.dll+0x24785f]
V  [jvm.dll+0xac3bc]
V  [jvm.dll+0xac98c]
V  [jvm.dll+0x2af19f]
V  [jvm.dll+0x584667]
V  [jvm.dll+0x222a82]
V  [jvm.dll+0x21bcee]
V  [jvm.dll+0x21944b]
V  [jvm.dll+0x1a56b6]
V  [jvm.dll+0x2291ea]
V  [jvm.dll+0x22724c]
V  [jvm.dll+0x7efd0c]
V  [jvm.dll+0x7ea13a]
V  [jvm.dll+0x67ad85]
C  [ucrtbase.dll+0x29363]
C  [KERNEL32.DLL+0x1257d]
C  [ntdll.dll+0x5aa58]


---------------  P R O C E S S  ---------------

Threads class SMR info:
_java_thread_list=0x000001a7d0042d40, length=16, elements={
0x000001a7efad0c20, 0x000001a7fa901f40, 0x000001a7fa902970, 0x000001a7fa915f90,
0x000001a7fa917870, 0x000001a7fa918140, 0x000001a7fa920a20, 0x000001a7fa921a30,
0x000001a7fa929c60, 0x000001a7fa92da10, 0x000001a7fa92fd80, 0x000001a7fa92d500,
0x000001a7fa92c5d0, 0x000001a7fa92df20, 0x000001a7faccbd00, 0x000001a7faccd240
}

Java Threads: ( => current thread )
  0x000001a7efad0c20 JavaThread "main" [_thread_blocked, id=11044, stack(0x0000007319400000,0x0000007319500000)]
  0x000001a7fa901f40 JavaThread "Reference Handler" daemon [_thread_blocked, id=12268, stack(0x0000007319b00000,0x0000007319c00000)]
  0x000001a7fa902970 JavaThread "Finalizer" daemon [_thread_blocked, id=21480, stack(0x0000007319c00000,0x0000007319d00000)]
  0x000001a7fa915f90 JavaThread "Signal Dispatcher" daemon [_thread_blocked, id=15876, stack(0x0000007319d00000,0x0000007319e00000)]
  0x000001a7fa917870 JavaThread "Attach Listener" daemon [_thread_blocked, id=20460, stack(0x0000007319e00000,0x0000007319f00000)]
  0x000001a7fa918140 JavaThread "Service Thread" daemon [_thread_blocked, id=20716, stack(0x0000007319f00000,0x000000731a000000)]
  0x000001a7fa920a20 JavaThread "Monitor Deflation Thread" daemon [_thread_blocked, id=1636, stack(0x000000731a000000,0x000000731a100000)]
=>0x000001a7fa921a30 JavaThread "C2 CompilerThread0" daemon [_thread_in_native, id=3628, stack(0x000000731a100000,0x000000731a200000)]
  0x000001a7fa929c60 JavaThread "C1 CompilerThread0" daemon [_thread_in_native, id=19940, stack(0x000000731a200000,0x000000731a300000)]
  0x000001a7fa92da10 JavaThread "Sweeper thread" daemon [_thread_blocked, id=17136, stack(0x000000731a300000,0x000000731a400000)]
  0x000001a7fa92fd80 JavaThread "Notification Thread" daemon [_thread_blocked, id=19896, stack(0x000000731a400000,0x000000731a500000)]
  0x000001a7fa92d500 JavaThread "Common-Cleaner" daemon [_thread_blocked, id=1424, stack(0x000000731a600000,0x000000731a700000)]
  0x000001a7fa92c5d0 JavaThread "pool-1-thread-1" [_thread_blocked, id=21376, stack(0x000000731ad00000,0x000000731ae00000)]
  0x000001a7fa92df20 JavaThread "DisconnectableInputStream source reader" daemon [_thread_in_native, id=13864, stack(0x000000731a700000,0x000000731a800000)]
  0x000001a7faccbd00 JavaThread "C2 CompilerThread1" daemon [_thread_in_native, id=21388, stack(0x000000731a800000,0x000000731a900000)]
  0x000001a7faccd240 JavaThread "C2 CompilerThread2" daemon [_thread_in_native, id=4092, stack(0x000000731b100000,0x000000731b200000)]

Other Threads:
  0x000001a7efb7d050 VMThread "VM Thread" [stack: 0x0000007319a00000,0x0000007319b00000] [id=14144]
  0x000001a7efafedc0 WatcherThread [stack: 0x000000731a500000,0x000000731a600000] [id=14124]
  0x000001a7efaf10f0 GCTaskThread "GC Thread#0" [stack: 0x0000007319500000,0x0000007319600000] [id=7448]
  0x000001a7ff535030 GCTaskThread "GC Thread#1" [stack: 0x000000731a900000,0x000000731aa00000] [id=20992]
  0x000001a7ff2bfc40 GCTaskThread "GC Thread#2" [stack: 0x000000731aa00000,0x000000731ab00000] [id=19000]
  0x000001a7ff2b5db0 GCTaskThread "GC Thread#3" [stack: 0x000000731ab00000,0x000000731ac00000] [id=4344]
  0x000001a7ff2b6070 GCTaskThread "GC Thread#4" [stack: 0x000000731ac00000,0x000000731ad00000] [id=20884]
  0x000001a7efaf2840 ConcurrentGCThread "G1 Main Marker" [stack: 0x0000007319600000,0x0000007319700000] [id=12720]
  0x000001a7efaf3250 ConcurrentGCThread "G1 Conc#0" [stack: 0x0000007319700000,0x0000007319800000] [id=13956]
  0x000001a7efb609c0 ConcurrentGCThread "G1 Refine#0" [stack: 0x0000007319800000,0x0000007319900000] [id=2928]
  0x000001a7efb64220 ConcurrentGCThread "G1 Service" [stack: 0x0000007319900000,0x0000007319a00000] [id=12052]

Threads with active compile tasks:
C2 CompilerThread0    39594 1657 % !   4       java.io.BufferedReader::readLine @ 139 (327 bytes)
C1 CompilerThread0    39594 1703       3       org.gradle.internal.logging.console.StyledTextOutputBackedRenderer::onOutput (260 bytes)
C2 CompilerThread1    39594 1697       4       org.gradle.internal.logging.text.AbstractLineChoppingStyledTextOutput::doAppend (43 bytes)
C2 CompilerThread2    39594 1683       4       org.gradle.internal.logging.text.AbstractLineChoppingStyledTextOutput$1::execute (9 bytes)

VM state: not at safepoint (normal execution)

VM Mutex/Monitor currently owned by a thread: None

Heap address: 0x00000000fc000000, size: 64 MB, Compressed Oops mode: 32-bit

CDS archive(s) mapped at: [0x000001a78f000000-0x000001a78fbd0000-0x000001a78fbd0000), size 12386304, SharedBaseAddress: 0x000001a78f000000, ArchiveRelocationMode: 1.
Compressed class space mapped at: 0x000001a790000000-0x000001a7d0000000, reserved size: 1073741824
Narrow klass base: 0x000001a78f000000, Narrow klass shift: 0, Narrow klass range: 0x100000000

GC Precious Log:
 CPUs: 12 total, 12 available
 Memory: 15724M
 Large Page Support: Disabled
 NUMA Support: Disabled
 Compressed Oops: Enabled (32-bit)
 Heap Region Size: 1M
 Heap Min Capacity: 64M
 Heap Initial Capacity: 64M
 Heap Max Capacity: 64M
 Pre-touch: Disabled
 Parallel Workers: 10
 Concurrent Workers: 3
 Concurrent Refinement Workers: 10
 Periodic GC: Disabled

Heap:
 garbage-first heap   total 65536K, used 30176K [0x00000000fc000000, 0x0000000100000000)
  region size 1024K, 23 young (23552K), 3 survivors (3072K)
 Metaspace       used 9096K, committed 9280K, reserved 1114112K
  class space    used 1195K, committed 1280K, reserved 1048576K

Heap Regions: E=young(eden), S=young(survivor), O=old, HS=humongous(starts), HC=humongous(continues), CS=collection set, F=free, OA=open archive, CA=closed archive, TAMS=top-at-mark-start (previous, next)
|   0|0x00000000fc000000, 0x00000000fc100000, 0x00000000fc100000|100%|HS|  |TAMS 0x00000000fc000000, 0x00000000fc000000| Complete 
|   1|0x00000000fc100000, 0x00000000fc200000, 0x00000000fc200000|100%|HC|  |TAMS 0x00000000fc100000, 0x00000000fc100000| Complete 
|   2|0x00000000fc200000, 0x00000000fc300000, 0x00000000fc300000|100%|HC|  |TAMS 0x00000000fc200000, 0x00000000fc200000| Complete 
|   3|0x00000000fc300000, 0x00000000fc400000, 0x00000000fc400000|100%|HC|  |TAMS 0x00000000fc300000, 0x00000000fc300000| Complete 
|   4|0x00000000fc400000, 0x00000000fc500000, 0x00000000fc500000|100%| O|  |TAMS 0x00000000fc400000, 0x00000000fc400000| Untracked 
|   5|0x00000000fc500000, 0x00000000fc600000, 0x00000000fc600000|100%| O|  |TAMS 0x00000000fc500000, 0x00000000fc500000| Untracked 
|   6|0x00000000fc600000, 0x00000000fc700000, 0x00000000fc700000|100%| O|  |TAMS 0x00000000fc600000, 0x00000000fc600000| Untracked 
|   7|0x00000000fc700000, 0x00000000fc778000, 0x00000000fc800000| 46%| O|  |TAMS 0x00000000fc700000, 0x00000000fc700000| Untracked 
|   8|0x00000000fc800000, 0x00000000fc800000, 0x00000000fc900000|  0%| F|  |TAMS 0x00000000fc800000, 0x00000000fc800000| Untracked 
|   9|0x00000000fc900000, 0x00000000fc900000, 0x00000000fca00000|  0%| F|  |TAMS 0x00000000fc900000, 0x00000000fc900000| Untracked 
|  10|0x00000000fca00000, 0x00000000fca00000, 0x00000000fcb00000|  0%| F|  |TAMS 0x00000000fca00000, 0x00000000fca00000| Untracked 
|  11|0x00000000fcb00000, 0x00000000fcb00000, 0x00000000fcc00000|  0%| F|  |TAMS 0x00000000fcb00000, 0x00000000fcb00000| Untracked 
|  12|0x00000000fcc00000, 0x00000000fcc00000, 0x00000000fcd00000|  0%| F|  |TAMS 0x00000000fcc00000, 0x00000000fcc00000| Untracked 
|  13|0x00000000fcd00000, 0x00000000fcd00000, 0x00000000fce00000|  0%| F|  |TAMS 0x00000000fcd00000, 0x00000000fcd00000| Untracked 
|  14|0x00000000fce00000, 0x00000000fce00000, 0x00000000fcf00000|  0%| F|  |TAMS 0x00000000fce00000, 0x00000000fce00000| Untracked 
|  15|0x00000000fcf00000, 0x00000000fcf00000, 0x00000000fd000000|  0%| F|  |TAMS 0x00000000fcf00000, 0x00000000fcf00000| Untracked 
|  16|0x00000000fd000000, 0x00000000fd000000, 0x00000000fd100000|  0%| F|  |TAMS 0x00000000fd000000, 0x00000000fd000000| Untracked 
|  17|0x00000000fd100000, 0x00000000fd100000, 0x00000000fd200000|  0%| F|  |TAMS 0x00000000fd100000, 0x00000000fd100000| Untracked 
|  18|0x00000000fd200000, 0x00000000fd200000, 0x00000000fd300000|  0%| F|  |TAMS 0x00000000fd200000, 0x00000000fd200000| Untracked 
|  19|0x00000000fd300000, 0x00000000fd300000, 0x00000000fd400000|  0%| F|  |TAMS 0x00000000fd300000, 0x00000000fd300000| Untracked 
|  20|0x00000000fd400000, 0x00000000fd400000, 0x00000000fd500000|  0%| F|  |TAMS 0x00000000fd400000, 0x00000000fd400000| Untracked 
|  21|0x00000000fd500000, 0x00000000fd500000, 0x00000000fd600000|  0%| F|  |TAMS 0x00000000fd500000, 0x00000000fd500000| Untracked 
|  22|0x00000000fd600000, 0x00000000fd600000, 0x00000000fd700000|  0%| F|  |TAMS 0x00000000fd600000, 0x00000000fd600000| Untracked 
|  23|0x00000000fd700000, 0x00000000fd700000, 0x00000000fd800000|  0%| F|  |TAMS 0x00000000fd700000, 0x00000000fd700000| Untracked 
|  24|0x00000000fd800000, 0x00000000fd800000, 0x00000000fd900000|  0%| F|  |TAMS 0x00000000fd800000, 0x00000000fd800000| Untracked 
|  25|0x00000000fd900000, 0x00000000fd900000, 0x00000000fda00000|  0%| F|  |TAMS 0x00000000fd900000, 0x00000000fd900000| Untracked 
|  26|0x00000000fda00000, 0x00000000fda00000, 0x00000000fdb00000|  0%| F|  |TAMS 0x00000000fda00000, 0x00000000fda00000| Untracked 
|  27|0x00000000fdb00000, 0x00000000fdb00000, 0x00000000fdc00000|  0%| F|  |TAMS 0x00000000fdb00000, 0x00000000fdb00000| Untracked 
|  28|0x00000000fdc00000, 0x00000000fdc00000, 0x00000000fdd00000|  0%| F|  |TAMS 0x00000000fdc00000, 0x00000000fdc00000| Untracked 
|  29|0x00000000fdd00000, 0x00000000fdd00000, 0x00000000fde00000|  0%| F|  |TAMS 0x00000000fdd00000, 0x00000000fdd00000| Untracked 
|  30|0x00000000fde00000, 0x00000000fde00000, 0x00000000fdf00000|  0%| F|  |TAMS 0x00000000fde00000, 0x00000000fde00000| Untracked 
|  31|0x00000000fdf00000, 0x00000000fdf00000, 0x00000000fe000000|  0%| F|  |TAMS 0x00000000fdf00000, 0x00000000fdf00000| Untracked 
|  32|0x00000000fe000000, 0x00000000fe000000, 0x00000000fe100000|  0%| F|  |TAMS 0x00000000fe000000, 0x00000000fe000000| Untracked 
|  33|0x00000000fe100000, 0x00000000fe100000, 0x00000000fe200000|  0%| F|  |TAMS 0x00000000fe100000, 0x00000000fe100000| Untracked 
|  34|0x00000000fe200000, 0x00000000fe200000, 0x00000000fe300000|  0%| F|  |TAMS 0x00000000fe200000, 0x00000000fe200000| Untracked 
|  35|0x00000000fe300000, 0x00000000fe300000, 0x00000000fe400000|  0%| F|  |TAMS 0x00000000fe300000, 0x00000000fe300000| Untracked 
|  36|0x00000000fe400000, 0x00000000fe400000, 0x00000000fe500000|  0%| F|  |TAMS 0x00000000fe400000, 0x00000000fe400000| Untracked 
|  37|0x00000000fe500000, 0x00000000fe500000, 0x00000000fe600000|  0%| F|  |TAMS 0x00000000fe500000, 0x00000000fe500000| Untracked 
|  38|0x00000000fe600000, 0x00000000fe700000, 0x00000000fe700000|100%| S|CS|TAMS 0x00000000fe600000, 0x00000000fe600000| Complete 
|  39|0x00000000fe700000, 0x00000000fe800000, 0x00000000fe800000|100%| S|CS|TAMS 0x00000000fe700000, 0x00000000fe700000| Complete 
|  40|0x00000000fe800000, 0x00000000fe900000, 0x00000000fe900000|100%| S|CS|TAMS 0x00000000fe800000, 0x00000000fe800000| Complete 
|  41|0x00000000fe900000, 0x00000000fe900000, 0x00000000fea00000|  0%| F|  |TAMS 0x00000000fe900000, 0x00000000fe900000| Untracked 
|  42|0x00000000fea00000, 0x00000000fea00000, 0x00000000feb00000|  0%| F|  |TAMS 0x00000000fea00000, 0x00000000fea00000| Untracked 
|  43|0x00000000feb00000, 0x00000000feb00000, 0x00000000fec00000|  0%| F|  |TAMS 0x00000000feb00000, 0x00000000feb00000| Untracked 
|  44|0x00000000fec00000, 0x00000000feca97a8, 0x00000000fed00000| 66%| E|  |TAMS 0x00000000fec00000, 0x00000000fec00000| Complete 
|  45|0x00000000fed00000, 0x00000000fee00000, 0x00000000fee00000|100%| E|CS|TAMS 0x00000000fed00000, 0x00000000fed00000| Complete 
|  46|0x00000000fee00000, 0x00000000fef00000, 0x00000000fef00000|100%| E|CS|TAMS 0x00000000fee00000, 0x00000000fee00000| Complete 
|  47|0x00000000fef00000, 0x00000000ff000000, 0x00000000ff000000|100%| E|CS|TAMS 0x00000000fef00000, 0x00000000fef00000| Complete 
|  48|0x00000000ff000000, 0x00000000ff100000, 0x00000000ff100000|100%| E|CS|TAMS 0x00000000ff000000, 0x00000000ff000000| Complete 
|  49|0x00000000ff100000, 0x00000000ff200000, 0x00000000ff200000|100%| E|CS|TAMS 0x00000000ff100000, 0x00000000ff100000| Complete 
|  50|0x00000000ff200000, 0x00000000ff300000, 0x00000000ff300000|100%| E|CS|TAMS 0x00000000ff200000, 0x00000000ff200000| Complete 
|  51|0x00000000ff300000, 0x00000000ff400000, 0x00000000ff400000|100%| E|CS|TAMS 0x00000000ff300000, 0x00000000ff300000| Complete 
|  52|0x00000000ff400000, 0x00000000ff500000, 0x00000000ff500000|100%| E|CS|TAMS 0x00000000ff400000, 0x00000000ff400000| Complete 
|  53|0x00000000ff500000, 0x00000000ff600000, 0x00000000ff600000|100%| E|CS|TAMS 0x00000000ff500000, 0x00000000ff500000| Complete 
|  54|0x00000000ff600000, 0x00000000ff700000, 0x00000000ff700000|100%| E|CS|TAMS 0x00000000ff600000, 0x00000000ff600000| Complete 
|  55|0x00000000ff700000, 0x00000000ff800000, 0x00000000ff800000|100%| E|CS|TAMS 0x00000000ff700000, 0x00000000ff700000| Complete 
|  56|0x00000000ff800000, 0x00000000ff900000, 0x00000000ff900000|100%| E|CS|TAMS 0x00000000ff800000, 0x00000000ff800000| Complete 
|  57|0x00000000ff900000, 0x00000000ffa00000, 0x00000000ffa00000|100%| E|CS|TAMS 0x00000000ff900000, 0x00000000ff900000| Complete 
|  58|0x00000000ffa00000, 0x00000000ffb00000, 0x00000000ffb00000|100%| E|CS|TAMS 0x00000000ffa00000, 0x00000000ffa00000| Complete 
|  59|0x00000000ffb00000, 0x00000000ffc00000, 0x00000000ffc00000|100%| E|CS|TAMS 0x00000000ffb00000, 0x00000000ffb00000| Complete 
|  60|0x00000000ffc00000, 0x00000000ffd00000, 0x00000000ffd00000|100%| E|CS|TAMS 0x00000000ffc00000, 0x00000000ffc00000| Complete 
|  61|0x00000000ffd00000, 0x00000000ffe00000, 0x00000000ffe00000|100%| E|CS|TAMS 0x00000000ffd00000, 0x00000000ffd00000| Complete 
|  62|0x00000000ffe00000, 0x00000000fff00000, 0x00000000fff00000|100%| E|CS|TAMS 0x00000000ffe00000, 0x00000000ffe00000| Complete 
|  63|0x00000000fff00000, 0x0000000100000000, 0x0000000100000000|100%| E|CS|TAMS 0x00000000fff00000, 0x00000000fff00000| Complete 

Card table byte_map: [0x000001a7efa10000,0x000001a7efa30000] _byte_map_base: 0x000001a7ef230000

Marking Bits (Prev, Next): (CMBitMap*) 0x000001a7efaf1710, (CMBitMap*) 0x000001a7efaf1750
 Prev Bits: [0x000001a7f7b10000, 0x000001a7f7c10000)
 Next Bits: [0x000001a7f7c10000, 0x000001a7f7d10000)

Polling page: 0x000001a7ef280000

Metaspace:

Usage:
  Non-class:      7.72 MB used.
      Class:      1.17 MB used.
       Both:      8.88 MB used.

Virtual space:
  Non-class space:       64.00 MB reserved,       7.81 MB ( 12%) committed,  1 nodes.
      Class space:        1.00 GB reserved,       1.25 MB ( <1%) committed,  1 nodes.
             Both:        1.06 GB reserved,       9.06 MB ( <1%) committed. 

Chunk freelists:
   Non-Class:  8.01 MB
       Class:  14.63 MB
        Both:  22.63 MB

MaxMetaspaceSize: unlimited
CompressedClassSpaceSize: 1.00 GB
Initial GC threshold: 21.00 MB
Current GC threshold: 21.00 MB
CDS: on
MetaspaceReclaimPolicy: balanced
 - commit_granule_bytes: 65536.
 - commit_granule_words: 8192.
 - virtual_space_node_default_size: 8388608.
 - enlarge_chunks_in_place: 1.
 - new_chunks_are_fully_committed: 0.
 - uncommit_free_chunks: 1.
 - use_allocation_guard: 0.
 - handle_deallocations: 1.


Internal statistics:

num_allocs_failed_limit: 0.
num_arena_births: 82.
num_arena_deaths: 0.
num_vsnodes_births: 2.
num_vsnodes_deaths: 0.
num_space_committed: 145.
num_space_uncommitted: 0.
num_chunks_returned_to_freelist: 0.
num_chunks_taken_from_freelist: 320.
num_chunk_merges: 0.
num_chunk_splits: 218.
num_chunks_enlarged: 181.
num_inconsistent_stats: 0.

CodeHeap 'non-profiled nmethods': size=120000Kb used=655Kb max_used=655Kb free=119344Kb
 bounds [0x000001a787ad0000, 0x000001a787d40000, 0x000001a78f000000]
CodeHeap 'profiled nmethods': size=120000Kb used=3179Kb max_used=3179Kb free=116820Kb
 bounds [0x000001a780000000, 0x000001a780320000, 0x000001a787530000]
CodeHeap 'non-nmethods': size=5760Kb used=1166Kb max_used=1199Kb free=4593Kb
 bounds [0x000001a787530000, 0x000001a7877a0000, 0x000001a787ad0000]
 total_blobs=2149 nmethods=1688 adapters=374
 compilation: enabled
              stopped_count=0, restarted_count=0
 full_count=0

Compilation events (20 events):
Event: 39.572 Thread 0x000001a7fa929c60 nmethod 1656 0x000001a787b72590 code [0x000001a787b72720, 0x000001a787b727f8]
Event: 39.572 Thread 0x000001a7fa929c60 1658       3       java.util.LinkedList::checkPositionIndex (22 bytes)
Event: 39.572 Thread 0x000001a7fa921a30 nmethod 1655 0x000001a787b72890 code [0x000001a787b72a00, 0x000001a787b72a78]
Event: 39.572 Thread 0x000001a7fa921a30 1657 % !   4       java.io.BufferedReader::readLine @ 139 (327 bytes)
Event: 39.573 Thread 0x000001a7fa929c60 nmethod 1658 0x000001a78030a190 code [0x000001a78030a3e0, 0x000001a78030ab48]
Event: 39.573 Thread 0x000001a7fa929c60 1659       3       java.util.LinkedList::isPositionIndex (18 bytes)
Event: 39.573 Thread 0x000001a7fa929c60 nmethod 1659 0x000001a78030ae90 code [0x000001a78030b020, 0x000001a78030b1b8]
Event: 39.573 Thread 0x000001a7fa929c60 1660       3       java.util.LinkedList::node (65 bytes)
Event: 39.573 Thread 0x000001a7fa929c60 nmethod 1660 0x000001a78030b290 code [0x000001a78030b440, 0x000001a78030b718]
Event: 39.573 Thread 0x000001a7fa929c60 1661       3       org.gradle.util.internal.LimitedDescription::append (33 bytes)
Event: 39.573 Thread 0x000001a7fa929c60 nmethod 1661 0x000001a78030b890 code [0x000001a78030bac0, 0x000001a78030c208]
Event: 39.573 Thread 0x000001a7fa929c60 1662       3       java.util.LinkedList::add (32 bytes)
Event: 39.573 Thread 0x000001a7fa929c60 nmethod 1662 0x000001a78030c510 code [0x000001a78030c720, 0x000001a78030cc08]
Event: 39.573 Thread 0x000001a7fa929c60 1663       3       java.util.LinkedList::linkBefore (63 bytes)
Event: 39.574 Thread 0x000001a7fa929c60 nmethod 1663 0x000001a78030ce10 code [0x000001a78030cfe0, 0x000001a78030d498]
Event: 39.574 Thread 0x000001a7fa929c60 1664       3       java.util.LinkedList::removeLast (23 bytes)
Event: 39.574 Thread 0x000001a7fa929c60 nmethod 1664 0x000001a78030d610 code [0x000001a78030d7c0, 0x000001a78030da18]
Event: 39.574 Thread 0x000001a7fa929c60 1665       3       java.util.LinkedList::unlinkLast (64 bytes)
Event: 39.574 Thread 0x000001a7fa929c60 nmethod 1665 0x000001a78030db10 code [0x000001a78030dcc0, 0x000001a78030df58]
Event: 39.577 Thread 0x000001a7fa929c60 1668       3       java.lang.invoke.LambdaForm$BasicType::basicTypeSlots (8 bytes)

GC Heap History (2 events):
Event: 0.392 GC heap before
{Heap before GC invocations=0 (full 0):
 garbage-first heap   total 65536K, used 26624K [0x00000000fc000000, 0x0000000100000000)
  region size 1024K, 23 young (23552K), 0 survivors (0K)
 Metaspace       used 3510K, committed 3648K, reserved 1114112K
  class space    used 410K, committed 512K, reserved 1048576K
}
Event: 0.396 GC heap after
{Heap after GC invocations=1 (full 0):
 garbage-first heap   total 65536K, used 10720K [0x00000000fc000000, 0x0000000100000000)
  region size 1024K, 3 young (3072K), 3 survivors (3072K)
 Metaspace       used 3510K, committed 3648K, reserved 1114112K
  class space    used 410K, committed 512K, reserved 1048576K
}

Dll operation events (11 events):
Event: 0.005 Loaded shared library C:\Program Files\Microsoft\jdk-17.0.8.7-hotspot\bin\java.dll
Event: 0.017 Loaded shared library C:\Program Files\Microsoft\jdk-17.0.8.7-hotspot\bin\jsvml.dll
Event: 0.037 Loaded shared library C:\Program Files\Microsoft\jdk-17.0.8.7-hotspot\bin\net.dll
Event: 0.038 Loaded shared library C:\Program Files\Microsoft\jdk-17.0.8.7-hotspot\bin\nio.dll
Event: 0.040 Loaded shared library C:\Program Files\Microsoft\jdk-17.0.8.7-hotspot\bin\zip.dll
Event: 0.206 Loaded shared library C:\Program Files\Microsoft\jdk-17.0.8.7-hotspot\bin\jimage.dll
Event: 0.257 Loaded shared library C:\Program Files\Microsoft\jdk-17.0.8.7-hotspot\bin\verify.dll
Event: 0.426 Loaded shared library C:\Users\Dhruvil Prajapati\.gradle\native\68d5fa5c4cc2d200863cafc0d521ce42e7d3e7ee720ec0a83991735586a16f82\windows-amd64\native-platform.dll
Event: 0.503 Loaded shared library C:\Program Files\Microsoft\jdk-17.0.8.7-hotspot\bin\management.dll
Event: 0.504 Loaded shared library C:\Program Files\Microsoft\jdk-17.0.8.7-hotspot\bin\management_ext.dll
Event: 0.708 Loaded shared library C:\Program Files\Microsoft\jdk-17.0.8.7-hotspot\bin\sunmscapi.dll

Deoptimization events (20 events):
Event: 0.726 Thread 0x000001a7efad0c20 DEOPT PACKING pc=0x000001a787b279f4 sp=0x00000073194fb8d0
Event: 0.726 Thread 0x000001a7efad0c20 DEOPT UNPACKING pc=0x000001a7875869a3 sp=0x00000073194fb888 mode 2
Event: 10.448 Thread 0x000001a7fa92c5d0 Uncommon trap: trap_request=0xffffff45 fr.pc=0x000001a787b5d020 relative=0x0000000000000520
Event: 10.449 Thread 0x000001a7fa92c5d0 Uncommon trap: reason=unstable_if action=reinterpret pc=0x000001a787b5d020 method=org.gradle.internal.logging.text.AbstractLineChoppingStyledTextOutput$2.execute(Lorg/gradle/internal/logging/text/AbstractLineChoppingStyledTextOutput$StateContext;)V @ 34 c
Event: 10.449 Thread 0x000001a7fa92c5d0 DEOPT PACKING pc=0x000001a787b5d020 sp=0x000000731adfeba0
Event: 10.449 Thread 0x000001a7fa92c5d0 DEOPT UNPACKING pc=0x000001a7875869a3 sp=0x000000731adfea28 mode 2
Event: 18.125 Thread 0x000001a7efad0c20 DEOPT PACKING pc=0x000001a78025b74d sp=0x00000073194fc320
Event: 18.125 Thread 0x000001a7efad0c20 DEOPT UNPACKING pc=0x000001a787587143 sp=0x00000073194fb7b8 mode 0
Event: 39.520 Thread 0x000001a7efad0c20 Uncommon trap: trap_request=0xffffff45 fr.pc=0x000001a787b6562c relative=0x000000000000050c
Event: 39.520 Thread 0x000001a7efad0c20 Uncommon trap: reason=unstable_if action=reinterpret pc=0x000001a787b6562c method=com.esotericsoftware.kryo.io.Input.readUtf8(I)V @ 79 c2
Event: 39.520 Thread 0x000001a7efad0c20 DEOPT PACKING pc=0x000001a787b6562c sp=0x00000073194fc3b0
Event: 39.520 Thread 0x000001a7efad0c20 DEOPT UNPACKING pc=0x000001a7875869a3 sp=0x00000073194fc348 mode 2
Event: 39.520 Thread 0x000001a7efad0c20 Uncommon trap: trap_request=0xffffff45 fr.pc=0x000001a787b623b0 relative=0x0000000000000410
Event: 39.520 Thread 0x000001a7efad0c20 Uncommon trap: reason=unstable_if action=reinterpret pc=0x000001a787b623b0 method=com.esotericsoftware.kryo.io.Input.readUtf8(I)V @ 79 c2
Event: 39.520 Thread 0x000001a7efad0c20 DEOPT PACKING pc=0x000001a787b623b0 sp=0x00000073194fc3b0
Event: 39.520 Thread 0x000001a7efad0c20 DEOPT UNPACKING pc=0x000001a7875869a3 sp=0x00000073194fc348 mode 2
Event: 39.569 Thread 0x000001a7efad0c20 Uncommon trap: trap_request=0xffffff45 fr.pc=0x000001a787b63668 relative=0x00000000000004e8
Event: 39.569 Thread 0x000001a7efad0c20 Uncommon trap: reason=unstable_if action=reinterpret pc=0x000001a787b63668 method=com.esotericsoftware.kryo.io.Input.require(I)I @ 180 c2
Event: 39.569 Thread 0x000001a7efad0c20 DEOPT PACKING pc=0x000001a787b63668 sp=0x00000073194fc730
Event: 39.569 Thread 0x000001a7efad0c20 DEOPT UNPACKING pc=0x000001a7875869a3 sp=0x00000073194fc598 mode 2

Classes unloaded (0 events):
No events

Classes redefined (0 events):
No events

Internal exceptions (20 events):
Event: 0.096 Thread 0x000001a7efad0c20 Exception <a 'java/lang/NoSuchMethodError'{0x00000000ffc73830}: 'int java.lang.invoke.DirectMethodHandle$Holder.invokeStaticInit(java.lang.Object, java.lang.Object)'> (0x00000000ffc73830) 
thrown [s\src\hotspot\share\interpreter\linkResolver.cpp, line 759]
Event: 0.389 Thread 0x000001a7efad0c20 Exception <a 'java/lang/NoSuchMethodError'{0x00000000fe9d3938}: 'void java.lang.invoke.DirectMethodHandle$Holder.invokeStatic(java.lang.Object, java.lang.Object)'> (0x00000000fe9d3938) 
thrown [s\src\hotspot\share\interpreter\linkResolver.cpp, line 759]
Event: 0.404 Thread 0x000001a7efad0c20 Exception <a 'java/lang/NoClassDefFoundError'{0x00000000fff5a658}: org/slf4j/impl/StaticMarkerBinder> (0x00000000fff5a658) 
thrown [s\src\hotspot\share\classfile\systemDictionary.cpp, line 245]
Event: 0.413 Thread 0x000001a7efad0c20 Exception <a 'java/lang/NoSuchMethodError'{0x00000000ffe360b8}: 'java.lang.Object java.lang.invoke.DirectMethodHandle$Holder.invokeVirtual(java.lang.Object, java.lang.Object, java.lang.Object, java.lang.Object, java.lang.Object, java.lang.Object, java.lang.Object)'> (0x00000000ffe360b8) 
thrown [s\src\hotspot\share\interpreter\linkResolver.cpp, line 759]
Event: 0.414 Thread 0x000001a7efad0c20 Exception <a 'java/lang/NoSuchMethodError'{0x00000000ffe47cd8}: 'java.lang.Object java.lang.invoke.Invokers$Holder.invoker(java.lang.Object, java.lang.Object, java.lang.Object)'> (0x00000000ffe47cd8) 
thrown [s\src\hotspot\share\interpreter\linkResolver.cpp, line 759]
Event: 0.415 Thread 0x000001a7efad0c20 Exception <a 'java/lang/NoSuchMethodError'{0x00000000ffe50eb0}: 'java.lang.Object java.lang.invoke.DirectMethodHandle$Holder.invokeStatic(java.lang.Object, java.lang.Object, int)'> (0x00000000ffe50eb0) 
thrown [s\src\hotspot\share\interpreter\linkResolver.cpp, line 759]
Event: 0.416 Thread 0x000001a7efad0c20 Exception <a 'java/lang/NoSuchMethodError'{0x00000000ffe5cba0}: 'void java.lang.invoke.DelegatingMethodHandle$Holder.delegate(java.lang.Object, java.lang.Object, int, java.lang.Object)'> (0x00000000ffe5cba0) 
thrown [s\src\hotspot\share\interpreter\linkResolver.cpp, line 759]
Event: 0.417 Thread 0x000001a7efad0c20 Exception <a 'java/lang/NoSuchMethodError'{0x00000000ffe60d68}: 'int java.lang.invoke.DirectMethodHandle$Holder.invokeSpecial(java.lang.Object, java.lang.Object, java.lang.Object)'> (0x00000000ffe60d68) 
thrown [s\src\hotspot\share\interpreter\linkResolver.cpp, line 759]
Event: 0.418 Thread 0x000001a7efad0c20 Exception <a 'java/lang/NoSuchMethodError'{0x00000000ffe740f0}: 'java.lang.Object java.lang.invoke.Invokers$Holder.invokeExact_MT(java.lang.Object, java.lang.Object, java.lang.Object, java.lang.Object)'> (0x00000000ffe740f0) 
thrown [s\src\hotspot\share\interpreter\linkResolver.cpp, line 759]
Event: 0.486 Thread 0x000001a7efad0c20 Exception <a 'java/lang/NoSuchMethodError'{0x00000000ff9b29a0}: 'void java.lang.invoke.DirectMethodHandle$Holder.invokeSpecial(java.lang.Object, java.lang.Object, java.lang.Object)'> (0x00000000ff9b29a0) 
thrown [s\src\hotspot\share\interpreter\linkResolver.cpp, line 759]
Event: 0.491 Thread 0x000001a7efad0c20 Implicit null exception at 0x000001a787b1f40a to 0x000001a787b1f924
Event: 0.491 Thread 0x000001a7efad0c20 Implicit null exception at 0x000001a787b1468d to 0x000001a787b14ba4
Event: 0.501 Thread 0x000001a7efad0c20 Exception <a 'java/lang/NoSuchMethodError'{0x00000000ff703ee0}: 'java.lang.Object java.lang.invoke.DirectMethodHandle$Holder.invokeStaticInit(java.lang.Object)'> (0x00000000ff703ee0) 
thrown [s\src\hotspot\share\interpreter\linkResolver.cpp, line 759]
Event: 0.555 Thread 0x000001a7efad0c20 Exception <a 'java/lang/NoSuchMethodError'{0x00000000ff4ccea8}: 'java.lang.Object java.lang.invoke.DirectMethodHandle$Holder.invokeStaticInit(java.lang.Object, int, int, int, int)'> (0x00000000ff4ccea8) 
thrown [s\src\hotspot\share\interpreter\linkResolver.cpp, line 759]
Event: 0.594 Thread 0x000001a7efad0c20 Exception <a 'java/lang/NoSuchMethodError'{0x00000000ff3b7a98}: 'java.lang.Object java.lang.invoke.DirectMethodHandle$Holder.invokeStaticInit(java.lang.Object, java.lang.Object, int, int, int, int)'> (0x00000000ff3b7a98) 
thrown [s\src\hotspot\share\interpreter\linkResolver.cpp, line 759]
Event: 0.675 Thread 0x000001a7efad0c20 Exception <a 'java/lang/NoSuchMethodError'{0x00000000ff3e5588}: 'void java.lang.invoke.DirectMethodHandle$Holder.invokeStatic(java.lang.Object, java.lang.Object, java.lang.Object)'> (0x00000000ff3e5588) 
thrown [s\src\hotspot\share\interpreter\linkResolver.cpp, line 759]
Event: 0.688 Thread 0x000001a7efad0c20 Implicit null exception at 0x000001a787b07f72 to 0x000001a787b0853c
Event: 0.688 Thread 0x000001a7efad0c20 Implicit null exception at 0x000001a787b12cf2 to 0x000001a787b132cc
Event: 39.569 Thread 0x000001a7efad0c20 Exception <a 'sun/net/ConnectionResetException'{0x00000000fed56bf0}: Connection reset> (0x00000000fed56bf0) 
thrown [s\src\hotspot\share\prims\jni.cpp, line 535]
Event: 39.577 Thread 0x000001a7efad0c20 Exception <a 'java/lang/NoSuchMethodError'{0x00000000fedd1330}: 'int java.lang.invoke.DirectMethodHandle$Holder.invokeVirtual(java.lang.Object, java.lang.Object)'> (0x00000000fedd1330) 
thrown [s\src\hotspot\share\interpreter\linkResolver.cpp, line 759]

VM Operations (20 events):
Event: 14.667 Executing VM operation: Cleanup
Event: 14.667 Executing VM operation: Cleanup done
Event: 15.676 Executing VM operation: Cleanup
Event: 15.676 Executing VM operation: Cleanup done
Event: 17.684 Executing VM operation: Cleanup
Event: 17.684 Executing VM operation: Cleanup done
Event: 20.710 Executing VM operation: Cleanup
Event: 20.710 Executing VM operation: Cleanup done
Event: 23.752 Executing VM operation: Cleanup
Event: 23.752 Executing VM operation: Cleanup done
Event: 26.777 Executing VM operation: Cleanup
Event: 26.777 Executing VM operation: Cleanup done
Event: 29.808 Executing VM operation: Cleanup
Event: 29.808 Executing VM operation: Cleanup done
Event: 32.849 Executing VM operation: Cleanup
Event: 32.850 Executing VM operation: Cleanup done
Event: 36.873 Executing VM operation: Cleanup
Event: 36.873 Executing VM operation: Cleanup done
Event: 38.895 Executing VM operation: Cleanup
Event: 38.895 Executing VM operation: Cleanup done

Events (20 events):
Event: 10.159 loading class jdk/internal/logger/LazyLoggers$LazyLoggerFactories
Event: 10.159 loading class jdk/internal/logger/LazyLoggers$LazyLoggerFactories done
Event: 10.159 loading class jdk/internal/logger/LoggerFinderLoader
Event: 10.159 loading class jdk/internal/logger/LoggerFinderLoader done
Event: 10.160 loading class sun/util/logging/internal/LoggingProviderImpl$JULWrapper
Event: 10.160 loading class sun/util/logging/PlatformLogger$ConfigurableBridge$LoggerConfiguration
Event: 10.160 loading class sun/util/logging/PlatformLogger$ConfigurableBridge$LoggerConfiguration done
Event: 10.160 loading class sun/util/logging/internal/LoggingProviderImpl$JULWrapper done
Event: 10.160 loading class java/io/ObjectInputFilter
Event: 10.160 loading class java/io/ObjectInputFilter done
Event: 10.161 loading class java/io/ObjectInputFilter$Config$BuiltinFilterFactory
Event: 10.161 loading class java/io/ObjectInputFilter$Config$BuiltinFilterFactory done
Event: 10.161 loading class jdk/internal/access/JavaObjectInputFilterAccess
Event: 10.161 loading class jdk/internal/access/JavaObjectInputFilterAccess done
Event: 10.161 loading class java/lang/System$Logger$Level
Event: 10.161 loading class java/lang/System$Logger$Level done
Event: 10.161 loading class java/io/Bits
Event: 10.161 loading class java/io/Bits done
Event: 39.569 loading class sun/net/ConnectionResetException
Event: 39.569 loading class sun/net/ConnectionResetException done


Dynamic libraries:
0x00007ff768120000 - 0x00007ff76812e000 	C:\Program Files\Microsoft\jdk-17.0.8.7-hotspot\bin\java.exe
0x00007ff9b0dd0000 - 0x00007ff9b0fe6000 	C:\WINDOWS\SYSTEM32\ntdll.dll
0x00007ff9aeda0000 - 0x00007ff9aee64000 	C:\WINDOWS\System32\KERNEL32.DLL
0x00007ff9ae450000 - 0x00007ff9ae7f6000 	C:\WINDOWS\System32\KERNELBASE.dll
0x00007ff9ae190000 - 0x00007ff9ae2a1000 	C:\WINDOWS\System32\ucrtbase.dll
0x00007ff933be0000 - 0x00007ff933bf7000 	C:\Program Files\Microsoft\jdk-17.0.8.7-hotspot\bin\jli.dll
0x00007ff91d940000 - 0x00007ff91d95b000 	C:\Program Files\Microsoft\jdk-17.0.8.7-hotspot\bin\VCRUNTIME140.dll
0x00007ff9afe10000 - 0x00007ff9affbd000 	C:\WINDOWS\System32\USER32.dll
0x00007ff9aeaf0000 - 0x00007ff9aeb16000 	C:\WINDOWS\System32\win32u.dll
0x00007ff999290000 - 0x00007ff999523000 	C:\WINDOWS\WinSxS\amd64_microsoft.windows.common-controls_6595b64144ccf1df_6.0.22621.3235_none_270f74e173860f98\COMCTL32.dll
0x00007ff9affc0000 - 0x00007ff9affe9000 	C:\WINDOWS\System32\GDI32.dll
0x00007ff9af310000 - 0x00007ff9af3b7000 	C:\WINDOWS\System32\msvcrt.dll
0x00007ff9ae800000 - 0x00007ff9ae918000 	C:\WINDOWS\System32\gdi32full.dll
0x00007ff9ae9e0000 - 0x00007ff9aea7a000 	C:\WINDOWS\System32\msvcp_win.dll
0x00007ff9af2d0000 - 0x00007ff9af301000 	C:\WINDOWS\System32\IMM32.DLL
0x00007ff97fe90000 - 0x00007ff97fe9c000 	C:\Program Files\Microsoft\jdk-17.0.8.7-hotspot\bin\vcruntime140_1.dll
0x00007ff902c20000 - 0x00007ff902cad000 	C:\Program Files\Microsoft\jdk-17.0.8.7-hotspot\bin\msvcp140.dll
0x00007ff901fb0000 - 0x00007ff902c15000 	C:\Program Files\Microsoft\jdk-17.0.8.7-hotspot\bin\server\jvm.dll
0x00007ff9af210000 - 0x00007ff9af2c2000 	C:\WINDOWS\System32\ADVAPI32.dll
0x00007ff9b0ac0000 - 0x00007ff9b0b68000 	C:\WINDOWS\System32\sechost.dll
0x00007ff9ae420000 - 0x00007ff9ae448000 	C:\WINDOWS\System32\bcrypt.dll
0x00007ff9afb20000 - 0x00007ff9afc35000 	C:\WINDOWS\System32\RPCRT4.dll
0x00007ff92dc50000 - 0x00007ff92dc59000 	C:\WINDOWS\SYSTEM32\WSOCK32.dll
0x00007ff9adfe0000 - 0x00007ff9ae02d000 	C:\WINDOWS\SYSTEM32\POWRPROF.dll
0x00007ff9b0a40000 - 0x00007ff9b0ab1000 	C:\WINDOWS\System32\WS2_32.dll
0x00007ff9a6d00000 - 0x00007ff9a6d34000 	C:\WINDOWS\SYSTEM32\WINMM.dll
0x00007ff9a64d0000 - 0x00007ff9a64da000 	C:\WINDOWS\SYSTEM32\VERSION.dll
0x00007ff9adfc0000 - 0x00007ff9adfd3000 	C:\WINDOWS\SYSTEM32\UMPDC.dll
0x00007ff9ad150000 - 0x00007ff9ad168000 	C:\WINDOWS\SYSTEM32\kernel.appcore.dll
0x00007ff91d930000 - 0x00007ff91d93a000 	C:\Program Files\Microsoft\jdk-17.0.8.7-hotspot\bin\jimage.dll
0x00007ff9abb20000 - 0x00007ff9abd53000 	C:\WINDOWS\SYSTEM32\DBGHELP.DLL
0x00007ff9aee70000 - 0x00007ff9af1f8000 	C:\WINDOWS\System32\combase.dll
0x00007ff9aecc0000 - 0x00007ff9aed97000 	C:\WINDOWS\System32\OLEAUT32.dll
0x00007ff9a53b0000 - 0x00007ff9a53e2000 	C:\WINDOWS\SYSTEM32\dbgcore.DLL
0x00007ff9ae110000 - 0x00007ff9ae18a000 	C:\WINDOWS\System32\bcryptPrimitives.dll
0x00007ff91d900000 - 0x00007ff91d925000 	C:\Program Files\Microsoft\jdk-17.0.8.7-hotspot\bin\java.dll
0x00007ff901ed0000 - 0x00007ff901fa7000 	C:\Program Files\Microsoft\jdk-17.0.8.7-hotspot\bin\jsvml.dll
0x00007ff9b01e0000 - 0x00007ff9b0a3c000 	C:\WINDOWS\System32\SHELL32.dll
0x00007ff9ac070000 - 0x00007ff9ac968000 	C:\WINDOWS\SYSTEM32\windows.storage.dll
0x00007ff9abf30000 - 0x00007ff9ac06e000 	C:\WINDOWS\SYSTEM32\wintypes.dll
0x00007ff9b00e0000 - 0x00007ff9b01d3000 	C:\WINDOWS\System32\SHCORE.dll
0x00007ff9afff0000 - 0x00007ff9b004e000 	C:\WINDOWS\System32\shlwapi.dll
0x00007ff9ae040000 - 0x00007ff9ae066000 	C:\WINDOWS\SYSTEM32\profapi.dll
0x00007ff91d8e0000 - 0x00007ff91d8f9000 	C:\Program Files\Microsoft\jdk-17.0.8.7-hotspot\bin\net.dll
0x00007ff9a7e50000 - 0x00007ff9a7f87000 	C:\WINDOWS\SYSTEM32\WINHTTP.dll
0x00007ff9ad5d0000 - 0x00007ff9ad639000 	C:\WINDOWS\system32\mswsock.dll
0x00007ff901eb0000 - 0x00007ff901ec6000 	C:\Program Files\Microsoft\jdk-17.0.8.7-hotspot\bin\nio.dll
0x00007ff901e90000 - 0x00007ff901ea8000 	C:\Program Files\Microsoft\jdk-17.0.8.7-hotspot\bin\zip.dll
0x00007ff91d8d0000 - 0x00007ff91d8e0000 	C:\Program Files\Microsoft\jdk-17.0.8.7-hotspot\bin\verify.dll
0x00007ff901e60000 - 0x00007ff901e87000 	C:\Users\Dhruvil Prajapati\.gradle\native\68d5fa5c4cc2d200863cafc0d521ce42e7d3e7ee720ec0a83991735586a16f82\windows-amd64\native-platform.dll
0x00007ff901e50000 - 0x00007ff901e59000 	C:\Program Files\Microsoft\jdk-17.0.8.7-hotspot\bin\management.dll
0x00007ff901e40000 - 0x00007ff901e4b000 	C:\Program Files\Microsoft\jdk-17.0.8.7-hotspot\bin\management_ext.dll
0x00007ff9af200000 - 0x00007ff9af208000 	C:\WINDOWS\System32\PSAPI.DLL
0x00007ff9ad830000 - 0x00007ff9ad84b000 	C:\WINDOWS\SYSTEM32\CRYPTSP.dll
0x00007ff9ad0b0000 - 0x00007ff9ad0e5000 	C:\WINDOWS\system32\rsaenh.dll
0x00007ff9ad6c0000 - 0x00007ff9ad6ec000 	C:\WINDOWS\SYSTEM32\USERENV.dll
0x00007ff9ad820000 - 0x00007ff9ad82c000 	C:\WINDOWS\SYSTEM32\CRYPTBASE.dll
0x00007ff9acbd0000 - 0x00007ff9acbfd000 	C:\WINDOWS\SYSTEM32\IPHLPAPI.DLL
0x00007ff9afb10000 - 0x00007ff9afb19000 	C:\WINDOWS\System32\NSI.dll
0x00007ff9a83a0000 - 0x00007ff9a83b9000 	C:\WINDOWS\SYSTEM32\dhcpcsvc6.DLL
0x00007ff9a7830000 - 0x00007ff9a784f000 	C:\WINDOWS\SYSTEM32\dhcpcsvc.DLL
0x00007ff9acc40000 - 0x00007ff9acd39000 	C:\WINDOWS\SYSTEM32\DNSAPI.dll
0x00007ff9753d0000 - 0x00007ff9753de000 	C:\Program Files\Microsoft\jdk-17.0.8.7-hotspot\bin\sunmscapi.dll
0x00007ff9ae2b0000 - 0x00007ff9ae416000 	C:\WINDOWS\System32\CRYPT32.dll
0x00007ff9ad9e0000 - 0x00007ff9ada0e000 	C:\WINDOWS\SYSTEM32\ncrypt.dll
0x00007ff9ad9a0000 - 0x00007ff9ad9d7000 	C:\WINDOWS\SYSTEM32\NTASN1.dll
0x00007ff988000000 - 0x00007ff988008000 	C:\WINDOWS\system32\wshunix.dll

dbghelp: loaded successfully - version: 4.0.5 - missing functions: none
symbol engine: initialized successfully - sym options: 0x614 - pdb path: .;C:\Program Files\Microsoft\jdk-17.0.8.7-hotspot\bin;C:\WINDOWS\SYSTEM32;C:\WINDOWS\WinSxS\amd64_microsoft.windows.common-controls_6595b64144ccf1df_6.0.22621.3235_none_270f74e173860f98;C:\Program Files\Microsoft\jdk-17.0.8.7-hotspot\bin\server;C:\Users\Dhruvil Prajapati\.gradle\native\68d5fa5c4cc2d200863cafc0d521ce42e7d3e7ee720ec0a83991735586a16f82\windows-amd64

VM Arguments:
jvm_args: -Xmx64m -Xms64m -Dorg.gradle.appname=gradlew 
java_command: org.gradle.wrapper.GradleWrapperMain app:installDebug -PreactNativeDevServerPort=8081
java_class_path (initial): D:\Dolphin_Project\Get_Otp_Demo\android\\gradle\wrapper\gradle-wrapper.jar
Launcher Type: SUN_STANDARD

[Global flags]
     intx CICompilerCount                          = 4                                         {product} {ergonomic}
     uint ConcGCThreads                            = 3                                         {product} {ergonomic}
     uint G1ConcRefinementThreads                  = 10                                        {product} {ergonomic}
   size_t G1HeapRegionSize                         = 1048576                                   {product} {ergonomic}
    uintx GCDrainStackTargetSize                   = 64                                        {product} {ergonomic}
   size_t InitialHeapSize                          = 67108864                                  {product} {command line}
   size_t MarkStackSize                            = 4194304                                   {product} {ergonomic}
   size_t MaxHeapSize                              = 67108864                                  {product} {command line}
   size_t MaxNewSize                               = 39845888                                  {product} {ergonomic}
   size_t MinHeapDeltaBytes                        = 1048576                                   {product} {ergonomic}
   size_t MinHeapSize                              = 67108864                                  {product} {command line}
    uintx NonNMethodCodeHeapSize                   = 5839372                                {pd product} {ergonomic}
    uintx NonProfiledCodeHeapSize                  = 122909434                              {pd product} {ergonomic}
    uintx ProfiledCodeHeapSize                     = 122909434                              {pd product} {ergonomic}
    uintx ReservedCodeCacheSize                    = 251658240                              {pd product} {ergonomic}
     bool SegmentedCodeCache                       = true                                      {product} {ergonomic}
   size_t SoftMaxHeapSize                          = 67108864                               {manageable} {ergonomic}
     bool UseCompressedClassPointers               = true                           {product lp64_product} {ergonomic}
     bool UseCompressedOops                        = true                           {product lp64_product} {ergonomic}
     bool UseG1GC                                  = true                                      {product} {ergonomic}
     bool UseLargePagesIndividualAllocation        = false                                  {pd product} {ergonomic}

Logging:
Log output configuration:
 #0: stdout all=warning uptime,level,tags
 #1: stderr all=off uptime,level,tags

Environment Variables:
JAVA_HOME=C:\Program Files\Microsoft\jdk-17.0.8.7-hotspot\
CLASSPATH=D:\Dolphin_Project\Get_Otp_Demo\android\\gradle\wrapper\gradle-wrapper.jar
PATH=D:\Dolphin_Project\Get_Otp_Demo\node_modules\.bin;D:\Dolphin_Project\Get_Otp_Demo\node_modules\.bin;D:\Dolphin_Project\node_modules\.bin;D:\node_modules\.bin;C:\Program Files\nodejs\node_modules\npm\node_modules\@npmcli\run-script\lib\node-gyp-bin;D:\Dolphin_Project\Get_Otp_Demo\node_modules\.bin;D:\Dolphin_Project\Get_Otp_Demo\node_modules\.bin;D:\Dolphin_Project\node_modules\.bin;D:\node_modules\.bin;C:\Program Files\nodejs\node_modules\npm\node_modules\@npmcli\run-script\lib\node-gyp-bin;C:\Program Files\Microsoft\jdk-17.0.8.7-hotspot\bin;C:\Python312\Scripts\;C:\Python312\;C:\Program Files (x86)\VMware\VMware Workstation\bin\;C:\Windows\system32;C:\Windows;C:\Windows\System32\Wbem;C:\Windows\System32\WindowsPowerShell\v1.0\;C:\Windows\System32\OpenSSH\;C:\Program Files (x86)\NVIDIA Corporation\PhysX\Common;C:\Program Files\NVIDIA Corporation\NVIDIA NvDLISR;C:\Program Files\Java\jdk1.8.0_202\bin;C:\Program Files\Git\cmd;C:\ProgramData\chocolatey\bin;C:\Users\Dhruvil Prajapati\AppData\Local\Android\Sdk\platform-tools;;C:\WINDOWS\system32;C:\WINDOWS;C:\WINDOWS\System32\Wbem;C:\WINDOWS\System32\WindowsPowerShell\v1.0\;C:\WINDOWS\System32\OpenSSH\;C:\Program Files\nodejs\;C:\Users\Dhruvil Prajapati\AppData\Local\Programs\Python\Python311\Scripts\;C:\Users\Dhruvil Prajapati\AppData\Local\Programs\Python\Python311\;C:\Users\Dhruvil Prajapati\AppData\Local\Microsoft\WindowsApps;C:\Program Files\dart-sdk\bin;C:\Users\Dhruvil Prajapati\AppData\Local\Programs\Microsoft VS Code\bin;C:\Users\Dhruvil Prajapati\Desktop\mobile app\Sem 2\flutter\bin;C:\Users\Dhruvil Prajapati\AppData\Local\Programs\mongosh\;C:\Users\Dhruvil Prajapati\Desktop\mobile app\Sem 2\Flutter\flutter\flutter_windows_3.7.12-stable\flutter\bin;C:\Users\Dhruvil Prajapati\AppData\Roaming\npm
USERNAME=Dhruvil Prajapati
LANG=en_US.UTF-8
OS=Windows_NT
PROCESSOR_IDENTIFIER=AMD64 Family 25 Model 80 Stepping 0, AuthenticAMD
TMP=C:\Users\DHRUVI~1\AppData\Local\Temp
TEMP=C:\Users\DHRUVI~1\AppData\Local\Temp



---------------  S Y S T E M  ---------------

OS:
 Windows 11 , 64 bit Build 22621 (10.0.22621.3235)
OS uptime: 0 days 0:19 hours

CPU: total 12 (initial active 12) (12 cores per cpu, 2 threads per core) family 25 model 80 stepping 0 microcode 0x0, cx8, cmov, fxsr, ht, mmx, 3dnowpref, sse, sse2, sse3, ssse3, sse4a, sse4.1, sse4.2, popcnt, lzcnt, tsc, tscinvbit, avx, avx2, aes, erms, clmul, bmi1, bmi2, adx, sha, fma, vzeroupper, clflush, clflushopt
Processor Information for all 12 processors :
  Max Mhz: 3301, Current Mhz: 3301, Mhz Limit: 3301

Memory: 4k page, system-wide physical 15724M (2568M free)
TotalPageFile size 19820M (AvailPageFile size 14M)
current process WorkingSet (physical memory assigned to process): 95M, peak: 103M
current process commit charge ("private bytes"): 173M, peak: 180M

vm_info: OpenJDK 64-Bit Server VM (17.0.8+7-LTS) for windows-amd64 JRE (17.0.8+7-LTS), built on Jul  7 2023 17:21:55 by "MicrosoftCorporation" with MS VC++ 16.10 / 16.11 (VS2019)

END.
