#
# There is insufficient memory for the Java Runtime Environment to continue.
# Native memory allocation (malloc) failed to allocate 150736 bytes for Chunk::new
# Possible reasons:
#   The system is out of physical RAM or swap space
#   The process is running with CompressedOops enabled, and the Java Heap may be blocking the growth of the native heap
# Possible solutions:
#   Reduce memory load on the system
#   Increase physical memory or swap space
#   Check if swap backing store is full
#   Decrease Java heap size (-Xmx/-Xms)
#   Decrease number of Java threads
#   Decrease Java thread stack sizes (-Xss)
#   Set larger code cache with -XX:ReservedCodeCacheSize=
#   JVM is running with Unscaled Compressed Oops mode in which the Java heap is
#     placed in the first 4GB address space. The Java Heap base address is the
#     maximum limit for the native heap growth. Please use -XX:HeapBaseMinAddress
#     to set the Java Heap base and to place the Java Heap above 4GB virtual address.
# This output file may be truncated or incomplete.
#
#  Out of Memory Error (arena.cpp:189), pid=7508, tid=9616
#
# JRE version: OpenJDK Runtime Environment Microsoft-8035246 (17.0.8+7) (build 17.0.8+7-LTS)
# Java VM: OpenJDK 64-Bit Server VM Microsoft-8035246 (17.0.8+7-LTS, mixed mode, sharing, tiered, compressed oops, compressed class ptrs, g1 gc, windows-amd64)
# No core dump will be written. Minidumps are not enabled by default on client versions of Windows
#

---------------  S U M M A R Y ------------

Command Line: -Xmx64m -Xms64m -Dorg.gradle.appname=gradlew org.gradle.wrapper.GradleWrapperMain app:installDebug -PreactNativeDevServerPort=8081

Host: AMD Ryzen 5 5600H with Radeon Graphics         , 12 cores, 15G,  Windows 11 , 64 bit Build 22621 (10.0.22621.3085)
Time: Fri Feb 16 17:08:08 2024 India Standard Time elapsed time: 29.850095 seconds (0d 0h 0m 29s)

---------------  T H R E A D  ---------------

Current thread (0x000001c2fbb9eb70):  JavaThread "C2 CompilerThread0" daemon [_thread_in_native, id=9616, stack(0x000000176ab00000,0x000000176ac00000)]


Current CompileTask:
C2:  29850 1488       4       org.gradle.internal.logging.text.AbstractLineChoppingStyledTextOutput$1::execute (9 bytes)

Stack: [0x000000176ab00000,0x000000176ac00000]
Native frames: (J=compiled Java code, j=interpreted, Vv=VM code, C=native code)
V  [jvm.dll+0x67bf3a]
V  [jvm.dll+0x83a024]
V  [jvm.dll+0x83b7ce]
V  [jvm.dll+0x83be33]
V  [jvm.dll+0x24785f]
V  [jvm.dll+0xac3bc]
V  [jvm.dll+0xac98c]
V  [jvm.dll+0x2af19f]
V  [jvm.dll+0x584667]
V  [jvm.dll+0x222a82]
V  [jvm.dll+0x21bb2b]
V  [jvm.dll+0x21944b]
V  [jvm.dll+0x1a56b6]
V  [jvm.dll+0x2291ea]
V  [jvm.dll+0x22724c]
V  [jvm.dll+0x7efd0c]
V  [jvm.dll+0x7ea13a]
V  [jvm.dll+0x67ad85]
C  [ucrtbase.dll+0x29363]
C  [KERNEL32.DLL+0x1257d]
C  [ntdll.dll+0x5aa58]


---------------  P R O C E S S  ---------------

Threads class SMR info:
_java_thread_list=0x000001c2d4f917d0, length=14, elements={
0x000001c2f0d80b70, 0x000001c2fbb825a0, 0x000001c2fbb83220, 0x000001c2fbb97820,
0x000001c2fbb991f0, 0x000001c2fbb99bb0, 0x000001c2fbb9a570, 0x000001c2fbb9eb70,
0x000001c2fbba7580, 0x000001c2fbba9f90, 0x000001c2d41bbfa0, 0x000001c2d41df0c0,
0x000001c2d4ac7e90, 0x000001c2d5018010
}

Java Threads: ( => current thread )
  0x000001c2f0d80b70 JavaThread "main" [_thread_in_native, id=20464, stack(0x0000001769e00000,0x0000001769f00000)]
  0x000001c2fbb825a0 JavaThread "Reference Handler" daemon [_thread_blocked, id=11212, stack(0x000000176a500000,0x000000176a600000)]
  0x000001c2fbb83220 JavaThread "Finalizer" daemon [_thread_blocked, id=8680, stack(0x000000176a600000,0x000000176a700000)]
  0x000001c2fbb97820 JavaThread "Signal Dispatcher" daemon [_thread_blocked, id=9612, stack(0x000000176a700000,0x000000176a800000)]
  0x000001c2fbb991f0 JavaThread "Attach Listener" daemon [_thread_blocked, id=16644, stack(0x000000176a800000,0x000000176a900000)]
  0x000001c2fbb99bb0 JavaThread "Service Thread" daemon [_thread_blocked, id=11084, stack(0x000000176a900000,0x000000176aa00000)]
  0x000001c2fbb9a570 JavaThread "Monitor Deflation Thread" daemon [_thread_blocked, id=16188, stack(0x000000176aa00000,0x000000176ab00000)]
=>0x000001c2fbb9eb70 JavaThread "C2 CompilerThread0" daemon [_thread_in_native, id=9616, stack(0x000000176ab00000,0x000000176ac00000)]
  0x000001c2fbba7580 JavaThread "C1 CompilerThread0" daemon [_thread_blocked, id=11164, stack(0x000000176ac00000,0x000000176ad00000)]
  0x000001c2fbba9f90 JavaThread "Sweeper thread" daemon [_thread_blocked, id=10548, stack(0x000000176ad00000,0x000000176ae00000)]
  0x000001c2d41bbfa0 JavaThread "Notification Thread" daemon [_thread_blocked, id=4032, stack(0x000000176ae00000,0x000000176af00000)]
  0x000001c2d41df0c0 JavaThread "Common-Cleaner" daemon [_thread_blocked, id=3656, stack(0x000000176b000000,0x000000176b100000)]
  0x000001c2d4ac7e90 JavaThread "pool-1-thread-1" [_thread_blocked, id=10864, stack(0x000000176b600000,0x000000176b700000)]
  0x000001c2d5018010 JavaThread "Forward input" [_thread_blocked, id=15984, stack(0x000000176b900000,0x000000176ba00000)]

Other Threads:
  0x000001c2f0e2e720 VMThread "VM Thread" [stack: 0x000000176a400000,0x000000176a500000] [id=12044]
  0x000001c2f0db3b10 WatcherThread [stack: 0x000000176af00000,0x000000176b000000] [id=2000]
  0x000001c2f0da11a0 GCTaskThread "GC Thread#0" [stack: 0x0000001769f00000,0x000000176a000000] [id=20504]
  0x000001c2d43ef640 GCTaskThread "GC Thread#1" [stack: 0x000000176b200000,0x000000176b300000] [id=11160]
  0x000001c2d4b5ad60 GCTaskThread "GC Thread#2" [stack: 0x000000176b300000,0x000000176b400000] [id=16504]
  0x000001c2d4abcf90 GCTaskThread "GC Thread#3" [stack: 0x000000176b400000,0x000000176b500000] [id=6504]
  0x000001c2d4c727c0 GCTaskThread "GC Thread#4" [stack: 0x000000176b500000,0x000000176b600000] [id=6260]
  0x000001c2f0da28f0 ConcurrentGCThread "G1 Main Marker" [stack: 0x000000176a000000,0x000000176a100000] [id=6396]
  0x000001c2f0da3300 ConcurrentGCThread "G1 Conc#0" [stack: 0x000000176a100000,0x000000176a200000] [id=18868]
  0x000001c2f0e0ceb0 ConcurrentGCThread "G1 Refine#0" [stack: 0x000000176a200000,0x000000176a300000] [id=15064]
  0x000001c2f0e0f7f0 ConcurrentGCThread "G1 Service" [stack: 0x000000176a300000,0x000000176a400000] [id=12924]

Threads with active compile tasks:
C2 CompilerThread0    29863 1488       4       org.gradle.internal.logging.text.AbstractLineChoppingStyledTextOutput$1::execute (9 bytes)

VM state: not at safepoint (normal execution)

VM Mutex/Monitor currently owned by a thread: None

Heap address: 0x00000000fc000000, size: 64 MB, Compressed Oops mode: 32-bit

CDS archive(s) mapped at: [0x000001c28f000000-0x000001c28fbd0000-0x000001c28fbd0000), size 12386304, SharedBaseAddress: 0x000001c28f000000, ArchiveRelocationMode: 1.
Compressed class space mapped at: 0x000001c290000000-0x000001c2d0000000, reserved size: 1073741824
Narrow klass base: 0x000001c28f000000, Narrow klass shift: 0, Narrow klass range: 0x100000000

GC Precious Log:
 CPUs: 12 total, 12 available
 Memory: 15724M
 Large Page Support: Disabled
 NUMA Support: Disabled
 Compressed Oops: Enabled (32-bit)
 Heap Region Size: 1M
 Heap Min Capacity: 64M
 Heap Initial Capacity: 64M
 Heap Max Capacity: 64M
 Pre-touch: Disabled
 Parallel Workers: 10
 Concurrent Workers: 3
 Concurrent Refinement Workers: 10
 Periodic GC: Disabled

Heap:
 garbage-first heap   total 65536K, used 27928K [0x00000000fc000000, 0x0000000100000000)
  region size 1024K, 21 young (21504K), 3 survivors (3072K)
 Metaspace       used 8881K, committed 9152K, reserved 1114112K
  class space    used 1174K, committed 1280K, reserved 1048576K

Heap Regions: E=young(eden), S=young(survivor), O=old, HS=humongous(starts), HC=humongous(continues), CS=collection set, F=free, OA=open archive, CA=closed archive, TAMS=top-at-mark-start (previous, next)
|   0|0x00000000fc000000, 0x00000000fc100000, 0x00000000fc100000|100%|HS|  |TAMS 0x00000000fc000000, 0x00000000fc000000| Complete 
|   1|0x00000000fc100000, 0x00000000fc200000, 0x00000000fc200000|100%|HC|  |TAMS 0x00000000fc100000, 0x00000000fc100000| Complete 
|   2|0x00000000fc200000, 0x00000000fc300000, 0x00000000fc300000|100%|HC|  |TAMS 0x00000000fc200000, 0x00000000fc200000| Complete 
|   3|0x00000000fc300000, 0x00000000fc400000, 0x00000000fc400000|100%|HC|  |TAMS 0x00000000fc300000, 0x00000000fc300000| Complete 
|   4|0x00000000fc400000, 0x00000000fc500000, 0x00000000fc500000|100%| O|  |TAMS 0x00000000fc400000, 0x00000000fc400000| Untracked 
|   5|0x00000000fc500000, 0x00000000fc600000, 0x00000000fc600000|100%| O|  |TAMS 0x00000000fc500000, 0x00000000fc500000| Untracked 
|   6|0x00000000fc600000, 0x00000000fc700000, 0x00000000fc700000|100%| O|  |TAMS 0x00000000fc600000, 0x00000000fc600000| Untracked 
|   7|0x00000000fc700000, 0x00000000fc746200, 0x00000000fc800000| 27%| O|  |TAMS 0x00000000fc700000, 0x00000000fc700000| Untracked 
|   8|0x00000000fc800000, 0x00000000fc800000, 0x00000000fc900000|  0%| F|  |TAMS 0x00000000fc800000, 0x00000000fc800000| Untracked 
|   9|0x00000000fc900000, 0x00000000fc900000, 0x00000000fca00000|  0%| F|  |TAMS 0x00000000fc900000, 0x00000000fc900000| Untracked 
|  10|0x00000000fca00000, 0x00000000fca00000, 0x00000000fcb00000|  0%| F|  |TAMS 0x00000000fca00000, 0x00000000fca00000| Untracked 
|  11|0x00000000fcb00000, 0x00000000fcb00000, 0x00000000fcc00000|  0%| F|  |TAMS 0x00000000fcb00000, 0x00000000fcb00000| Untracked 
|  12|0x00000000fcc00000, 0x00000000fcc00000, 0x00000000fcd00000|  0%| F|  |TAMS 0x00000000fcc00000, 0x00000000fcc00000| Untracked 
|  13|0x00000000fcd00000, 0x00000000fcd00000, 0x00000000fce00000|  0%| F|  |TAMS 0x00000000fcd00000, 0x00000000fcd00000| Untracked 
|  14|0x00000000fce00000, 0x00000000fce00000, 0x00000000fcf00000|  0%| F|  |TAMS 0x00000000fce00000, 0x00000000fce00000| Untracked 
|  15|0x00000000fcf00000, 0x00000000fcf00000, 0x00000000fd000000|  0%| F|  |TAMS 0x00000000fcf00000, 0x00000000fcf00000| Untracked 
|  16|0x00000000fd000000, 0x00000000fd000000, 0x00000000fd100000|  0%| F|  |TAMS 0x00000000fd000000, 0x00000000fd000000| Untracked 
|  17|0x00000000fd100000, 0x00000000fd100000, 0x00000000fd200000|  0%| F|  |TAMS 0x00000000fd100000, 0x00000000fd100000| Untracked 
|  18|0x00000000fd200000, 0x00000000fd200000, 0x00000000fd300000|  0%| F|  |TAMS 0x00000000fd200000, 0x00000000fd200000| Untracked 
|  19|0x00000000fd300000, 0x00000000fd300000, 0x00000000fd400000|  0%| F|  |TAMS 0x00000000fd300000, 0x00000000fd300000| Untracked 
|  20|0x00000000fd400000, 0x00000000fd400000, 0x00000000fd500000|  0%| F|  |TAMS 0x00000000fd400000, 0x00000000fd400000| Untracked 
|  21|0x00000000fd500000, 0x00000000fd500000, 0x00000000fd600000|  0%| F|  |TAMS 0x00000000fd500000, 0x00000000fd500000| Untracked 
|  22|0x00000000fd600000, 0x00000000fd600000, 0x00000000fd700000|  0%| F|  |TAMS 0x00000000fd600000, 0x00000000fd600000| Untracked 
|  23|0x00000000fd700000, 0x00000000fd700000, 0x00000000fd800000|  0%| F|  |TAMS 0x00000000fd700000, 0x00000000fd700000| Untracked 
|  24|0x00000000fd800000, 0x00000000fd800000, 0x00000000fd900000|  0%| F|  |TAMS 0x00000000fd800000, 0x00000000fd800000| Untracked 
|  25|0x00000000fd900000, 0x00000000fd900000, 0x00000000fda00000|  0%| F|  |TAMS 0x00000000fd900000, 0x00000000fd900000| Untracked 
|  26|0x00000000fda00000, 0x00000000fda00000, 0x00000000fdb00000|  0%| F|  |TAMS 0x00000000fda00000, 0x00000000fda00000| Untracked 
|  27|0x00000000fdb00000, 0x00000000fdb00000, 0x00000000fdc00000|  0%| F|  |TAMS 0x00000000fdb00000, 0x00000000fdb00000| Untracked 
|  28|0x00000000fdc00000, 0x00000000fdc00000, 0x00000000fdd00000|  0%| F|  |TAMS 0x00000000fdc00000, 0x00000000fdc00000| Untracked 
|  29|0x00000000fdd00000, 0x00000000fdd00000, 0x00000000fde00000|  0%| F|  |TAMS 0x00000000fdd00000, 0x00000000fdd00000| Untracked 
|  30|0x00000000fde00000, 0x00000000fde00000, 0x00000000fdf00000|  0%| F|  |TAMS 0x00000000fde00000, 0x00000000fde00000| Untracked 
|  31|0x00000000fdf00000, 0x00000000fdf00000, 0x00000000fe000000|  0%| F|  |TAMS 0x00000000fdf00000, 0x00000000fdf00000| Untracked 
|  32|0x00000000fe000000, 0x00000000fe000000, 0x00000000fe100000|  0%| F|  |TAMS 0x00000000fe000000, 0x00000000fe000000| Untracked 
|  33|0x00000000fe100000, 0x00000000fe100000, 0x00000000fe200000|  0%| F|  |TAMS 0x00000000fe100000, 0x00000000fe100000| Untracked 
|  34|0x00000000fe200000, 0x00000000fe200000, 0x00000000fe300000|  0%| F|  |TAMS 0x00000000fe200000, 0x00000000fe200000| Untracked 
|  35|0x00000000fe300000, 0x00000000fe300000, 0x00000000fe400000|  0%| F|  |TAMS 0x00000000fe300000, 0x00000000fe300000| Untracked 
|  36|0x00000000fe400000, 0x00000000fe400000, 0x00000000fe500000|  0%| F|  |TAMS 0x00000000fe400000, 0x00000000fe400000| Untracked 
|  37|0x00000000fe500000, 0x00000000fe500000, 0x00000000fe600000|  0%| F|  |TAMS 0x00000000fe500000, 0x00000000fe500000| Untracked 
|  38|0x00000000fe600000, 0x00000000fe700000, 0x00000000fe700000|100%| S|CS|TAMS 0x00000000fe600000, 0x00000000fe600000| Complete 
|  39|0x00000000fe700000, 0x00000000fe800000, 0x00000000fe800000|100%| S|CS|TAMS 0x00000000fe700000, 0x00000000fe700000| Complete 
|  40|0x00000000fe800000, 0x00000000fe900000, 0x00000000fe900000|100%| S|CS|TAMS 0x00000000fe800000, 0x00000000fe800000| Complete 
|  41|0x00000000fe900000, 0x00000000fe900000, 0x00000000fea00000|  0%| F|  |TAMS 0x00000000fe900000, 0x00000000fe900000| Untracked 
|  42|0x00000000fea00000, 0x00000000fea00000, 0x00000000feb00000|  0%| F|  |TAMS 0x00000000fea00000, 0x00000000fea00000| Untracked 
|  43|0x00000000feb00000, 0x00000000feb00000, 0x00000000fec00000|  0%| F|  |TAMS 0x00000000feb00000, 0x00000000feb00000| Untracked 
|  44|0x00000000fec00000, 0x00000000fec00000, 0x00000000fed00000|  0%| F|  |TAMS 0x00000000fec00000, 0x00000000fec00000| Untracked 
|  45|0x00000000fed00000, 0x00000000fed00000, 0x00000000fee00000|  0%| F|  |TAMS 0x00000000fed00000, 0x00000000fed00000| Untracked 
|  46|0x00000000fee00000, 0x00000000feea9bf0, 0x00000000fef00000| 66%| E|  |TAMS 0x00000000fee00000, 0x00000000fee00000| Complete 
|  47|0x00000000fef00000, 0x00000000ff000000, 0x00000000ff000000|100%| E|CS|TAMS 0x00000000fef00000, 0x00000000fef00000| Complete 
|  48|0x00000000ff000000, 0x00000000ff100000, 0x00000000ff100000|100%| E|CS|TAMS 0x00000000ff000000, 0x00000000ff000000| Complete 
|  49|0x00000000ff100000, 0x00000000ff200000, 0x00000000ff200000|100%| E|CS|TAMS 0x00000000ff100000, 0x00000000ff100000| Complete 
|  50|0x00000000ff200000, 0x00000000ff300000, 0x00000000ff300000|100%| E|CS|TAMS 0x00000000ff200000, 0x00000000ff200000| Complete 
|  51|0x00000000ff300000, 0x00000000ff400000, 0x00000000ff400000|100%| E|CS|TAMS 0x00000000ff300000, 0x00000000ff300000| Complete 
|  52|0x00000000ff400000, 0x00000000ff500000, 0x00000000ff500000|100%| E|CS|TAMS 0x00000000ff400000, 0x00000000ff400000| Complete 
|  53|0x00000000ff500000, 0x00000000ff600000, 0x00000000ff600000|100%| E|CS|TAMS 0x00000000ff500000, 0x00000000ff500000| Complete 
|  54|0x00000000ff600000, 0x00000000ff700000, 0x00000000ff700000|100%| E|CS|TAMS 0x00000000ff600000, 0x00000000ff600000| Complete 
|  55|0x00000000ff700000, 0x00000000ff800000, 0x00000000ff800000|100%| E|CS|TAMS 0x00000000ff700000, 0x00000000ff700000| Complete 
|  56|0x00000000ff800000, 0x00000000ff900000, 0x00000000ff900000|100%| E|CS|TAMS 0x00000000ff800000, 0x00000000ff800000| Complete 
|  57|0x00000000ff900000, 0x00000000ffa00000, 0x00000000ffa00000|100%| E|CS|TAMS 0x00000000ff900000, 0x00000000ff900000| Complete 
|  58|0x00000000ffa00000, 0x00000000ffb00000, 0x00000000ffb00000|100%| E|CS|TAMS 0x00000000ffa00000, 0x00000000ffa00000| Complete 
|  59|0x00000000ffb00000, 0x00000000ffc00000, 0x00000000ffc00000|100%| E|CS|TAMS 0x00000000ffb00000, 0x00000000ffb00000| Complete 
|  60|0x00000000ffc00000, 0x00000000ffd00000, 0x00000000ffd00000|100%| E|CS|TAMS 0x00000000ffc00000, 0x00000000ffc00000| Complete 
|  61|0x00000000ffd00000, 0x00000000ffe00000, 0x00000000ffe00000|100%| E|CS|TAMS 0x00000000ffd00000, 0x00000000ffd00000| Complete 
|  62|0x00000000ffe00000, 0x00000000fff00000, 0x00000000fff00000|100%| E|CS|TAMS 0x00000000ffe00000, 0x00000000ffe00000| Complete 
|  63|0x00000000fff00000, 0x0000000100000000, 0x0000000100000000|100%| E|CS|TAMS 0x00000000fff00000, 0x00000000fff00000| Complete 

Card table byte_map: [0x000001c2f0cb0000,0x000001c2f0cd0000] _byte_map_base: 0x000001c2f04d0000

Marking Bits (Prev, Next): (CMBitMap*) 0x000001c2f0da17c0, (CMBitMap*) 0x000001c2f0da1800
 Prev Bits: [0x000001c2f8dc0000, 0x000001c2f8ec0000)
 Next Bits: [0x000001c2f8ec0000, 0x000001c2f8fc0000)

Polling page: 0x000001c2f0530000

Metaspace:

Usage:
  Non-class:      7.53 MB used.
      Class:      1.15 MB used.
       Both:      8.67 MB used.

Virtual space:
  Non-class space:       64.00 MB reserved,       7.69 MB ( 12%) committed,  1 nodes.
      Class space:        1.00 GB reserved,       1.25 MB ( <1%) committed,  1 nodes.
             Both:        1.06 GB reserved,       8.94 MB ( <1%) committed. 

Chunk freelists:
   Non-Class:  8.11 MB
       Class:  14.65 MB
        Both:  22.76 MB

MaxMetaspaceSize: unlimited
CompressedClassSpaceSize: 1.00 GB
Initial GC threshold: 21.00 MB
Current GC threshold: 21.00 MB
CDS: on
MetaspaceReclaimPolicy: balanced
 - commit_granule_bytes: 65536.
 - commit_granule_words: 8192.
 - virtual_space_node_default_size: 8388608.
 - enlarge_chunks_in_place: 1.
 - new_chunks_are_fully_committed: 0.
 - uncommit_free_chunks: 1.
 - use_allocation_guard: 0.
 - handle_deallocations: 1.


Internal statistics:

num_allocs_failed_limit: 0.
num_arena_births: 78.
num_arena_deaths: 0.
num_vsnodes_births: 2.
num_vsnodes_deaths: 0.
num_space_committed: 143.
num_space_uncommitted: 0.
num_chunks_returned_to_freelist: 0.
num_chunks_taken_from_freelist: 304.
num_chunk_merges: 0.
num_chunk_splits: 212.
num_chunks_enlarged: 178.
num_inconsistent_stats: 0.

CodeHeap 'non-profiled nmethods': size=120000Kb used=557Kb max_used=557Kb free=119442Kb
 bounds [0x000001c287ad0000, 0x000001c287d40000, 0x000001c28f000000]
CodeHeap 'profiled nmethods': size=120000Kb used=2796Kb max_used=2796Kb free=117203Kb
 bounds [0x000001c280000000, 0x000001c2802c0000, 0x000001c287530000]
CodeHeap 'non-nmethods': size=5760Kb used=1165Kb max_used=1191Kb free=4594Kb
 bounds [0x000001c287530000, 0x000001c2877a0000, 0x000001c287ad0000]
 total_blobs=1954 nmethods=1493 adapters=374
 compilation: enabled
              stopped_count=0, restarted_count=0
 full_count=0

Compilation events (20 events):
Event: 26.232 Thread 0x000001c2fbba7580 nmethod 1483 0x000001c2802b8110 code [0x000001c2802b8320, 0x000001c2802b8a48]
Event: 26.232 Thread 0x000001c2fbba7580 1484       3       org.gradle.internal.logging.sink.GroupingProgressLogEventGenerator::access$800 (4 bytes)
Event: 26.232 Thread 0x000001c2fbba7580 nmethod 1484 0x000001c2802b8d10 code [0x000001c2802b8ea0, 0x000001c2802b8f98]
Event: 27.038 Thread 0x000001c2fbba7580 1485       3       java.util.concurrent.locks.AbstractQueuedSynchronizer::signalNext (34 bytes)
Event: 27.039 Thread 0x000001c2fbba7580 nmethod 1485 0x000001c2802b9010 code [0x000001c2802b91e0, 0x000001c2802b9498]
Event: 27.134 Thread 0x000001c2fbb9eb70 1486       4       java.util.concurrent.locks.AbstractQueuedSynchronizer::compareAndSetState (13 bytes)
Event: 27.134 Thread 0x000001c2fbb9eb70 nmethod 1486 0x000001c287b5ad90 code [0x000001c287b5af00, 0x000001c287b5af98]
Event: 28.239 Thread 0x000001c2fbba7580 1487       3       org.gradle.internal.logging.console.ThrottlingOutputEventListener::renderNow (40 bytes)
Event: 28.239 Thread 0x000001c2fbba7580 nmethod 1487 0x000001c2802b9610 code [0x000001c2802b97e0, 0x000001c2802b9d08]
Event: 29.846 Thread 0x000001c2fbb9eb70 1488       4       org.gradle.internal.logging.text.AbstractLineChoppingStyledTextOutput$1::execute (9 bytes)
Event: 29.847 Thread 0x000001c2fbba7580 1491       1       org.gradle.internal.logging.sink.GroupingProgressLogEventGenerator::access$400 (5 bytes)
Event: 29.847 Thread 0x000001c2fbba7580 nmethod 1491 0x000001c287b5b090 code [0x000001c287b5b220, 0x000001c287b5b2d8]
Event: 29.848 Thread 0x000001c2fbba7580 1492       3       java.io.FileOutputStream::write (20 bytes)
Event: 29.848 Thread 0x000001c2fbba7580 nmethod 1492 0x000001c2802b9e90 code [0x000001c2802ba040, 0x000001c2802ba1e8]
Event: 29.848 Thread 0x000001c2fbba7580 1493       3       java.io.FileDescriptor$1::getAppend (5 bytes)
Event: 29.848 Thread 0x000001c2fbba7580 nmethod 1493 0x000001c2802ba310 code [0x000001c2802ba4a0, 0x000001c2802ba5b8]
Event: 29.848 Thread 0x000001c2fbba7580 1495       3       java.util.Arrays::copyOf (19 bytes)
Event: 29.849 Thread 0x000001c2fbba7580 nmethod 1495 0x000001c2802ba690 code [0x000001c2802ba840, 0x000001c2802bab28]
Event: 29.849 Thread 0x000001c2fbba7580 1496       3       org.gradle.internal.logging.text.AbstractLineChoppingStyledTextOutput$SeenFromEol::<init> (20 bytes)
Event: 29.849 Thread 0x000001c2fbba7580 nmethod 1496 0x000001c2802bac90 code [0x000001c2802bae40, 0x000001c2802bb058]

GC Heap History (2 events):
Event: 0.383 GC heap before
{Heap before GC invocations=0 (full 0):
 garbage-first heap   total 65536K, used 26624K [0x00000000fc000000, 0x0000000100000000)
  region size 1024K, 23 young (23552K), 0 survivors (0K)
 Metaspace       used 3491K, committed 3648K, reserved 1114112K
  class space    used 409K, committed 512K, reserved 1048576K
}
Event: 0.387 GC heap after
{Heap after GC invocations=1 (full 0):
 garbage-first heap   total 65536K, used 10520K [0x00000000fc000000, 0x0000000100000000)
  region size 1024K, 3 young (3072K), 3 survivors (3072K)
 Metaspace       used 3491K, committed 3648K, reserved 1114112K
  class space    used 409K, committed 512K, reserved 1048576K
}

Dll operation events (11 events):
Event: 0.006 Loaded shared library C:\Program Files\Microsoft\jdk-17.0.8.7-hotspot\bin\java.dll
Event: 0.016 Loaded shared library C:\Program Files\Microsoft\jdk-17.0.8.7-hotspot\bin\jsvml.dll
Event: 0.034 Loaded shared library C:\Program Files\Microsoft\jdk-17.0.8.7-hotspot\bin\net.dll
Event: 0.035 Loaded shared library C:\Program Files\Microsoft\jdk-17.0.8.7-hotspot\bin\nio.dll
Event: 0.036 Loaded shared library C:\Program Files\Microsoft\jdk-17.0.8.7-hotspot\bin\zip.dll
Event: 0.199 Loaded shared library C:\Program Files\Microsoft\jdk-17.0.8.7-hotspot\bin\jimage.dll
Event: 0.249 Loaded shared library C:\Program Files\Microsoft\jdk-17.0.8.7-hotspot\bin\verify.dll
Event: 0.418 Loaded shared library C:\Users\Dhruvil Prajapati\.gradle\native\68d5fa5c4cc2d200863cafc0d521ce42e7d3e7ee720ec0a83991735586a16f82\windows-amd64\native-platform.dll
Event: 0.494 Loaded shared library C:\Program Files\Microsoft\jdk-17.0.8.7-hotspot\bin\management.dll
Event: 0.496 Loaded shared library C:\Program Files\Microsoft\jdk-17.0.8.7-hotspot\bin\management_ext.dll
Event: 0.700 Loaded shared library C:\Program Files\Microsoft\jdk-17.0.8.7-hotspot\bin\sunmscapi.dll

Deoptimization events (20 events):
Event: 0.678 Thread 0x000001c2f0d80b70 Uncommon trap: trap_request=0xffffff45 fr.pc=0x000001c287b08954 relative=0x0000000000000614
Event: 0.678 Thread 0x000001c2f0d80b70 Uncommon trap: reason=unstable_if action=reinterpret pc=0x000001c287b08954 method=java.lang.AbstractStringBuilder.append(Ljava/lang/String;)Ljava/lang/AbstractStringBuilder; @ 1 c2
Event: 0.678 Thread 0x000001c2f0d80b70 DEOPT PACKING pc=0x000001c287b08954 sp=0x0000001769efc4f0
Event: 0.678 Thread 0x000001c2f0d80b70 DEOPT UNPACKING pc=0x000001c2875869a3 sp=0x0000001769efc470 mode 2
Event: 0.678 Thread 0x000001c2f0d80b70 Uncommon trap: trap_request=0xffffff45 fr.pc=0x000001c287b1aae4 relative=0x0000000000000624
Event: 0.678 Thread 0x000001c2f0d80b70 Uncommon trap: reason=unstable_if action=reinterpret pc=0x000001c287b1aae4 method=java.lang.AbstractStringBuilder.append(Ljava/lang/String;)Ljava/lang/AbstractStringBuilder; @ 1 c2
Event: 0.678 Thread 0x000001c2f0d80b70 DEOPT PACKING pc=0x000001c287b1aae4 sp=0x0000001769efc490
Event: 0.678 Thread 0x000001c2f0d80b70 DEOPT UNPACKING pc=0x000001c2875869a3 sp=0x0000001769efc478 mode 2
Event: 0.708 Thread 0x000001c2f0d80b70 Uncommon trap: trap_request=0xffffff45 fr.pc=0x000001c287b45d1c relative=0x000000000000015c
Event: 0.708 Thread 0x000001c2f0d80b70 Uncommon trap: reason=unstable_if action=reinterpret pc=0x000001c287b45d1c method=java.lang.invoke.VarHandle.checkExactAccessMode(Ljava/lang/invoke/VarHandle$AccessDescriptor;)V @ 4 c2
Event: 0.708 Thread 0x000001c2f0d80b70 DEOPT PACKING pc=0x000001c287b45d1c sp=0x0000001769efc590
Event: 0.708 Thread 0x000001c2f0d80b70 DEOPT UNPACKING pc=0x000001c2875869a3 sp=0x0000001769efc4d0 mode 2
Event: 0.716 Thread 0x000001c2f0d80b70 Uncommon trap: trap_request=0xffffff45 fr.pc=0x000001c287b232f4 relative=0x0000000000000414
Event: 0.716 Thread 0x000001c2f0d80b70 Uncommon trap: reason=unstable_if action=reinterpret pc=0x000001c287b232f4 method=java.util.regex.Matcher.match(II)Z @ 76 c2
Event: 0.716 Thread 0x000001c2f0d80b70 DEOPT PACKING pc=0x000001c287b232f4 sp=0x0000001769efb760
Event: 0.716 Thread 0x000001c2f0d80b70 DEOPT UNPACKING pc=0x000001c2875869a3 sp=0x0000001769efb718 mode 2
Event: 5.341 Thread 0x000001c2d4ac7e90 Uncommon trap: trap_request=0xffffff45 fr.pc=0x000001c287b585a0 relative=0x0000000000000520
Event: 5.341 Thread 0x000001c2d4ac7e90 Uncommon trap: reason=unstable_if action=reinterpret pc=0x000001c287b585a0 method=org.gradle.internal.logging.text.AbstractLineChoppingStyledTextOutput$2.execute(Lorg/gradle/internal/logging/text/AbstractLineChoppingStyledTextOutput$StateContext;)V @ 34 c
Event: 5.341 Thread 0x000001c2d4ac7e90 DEOPT PACKING pc=0x000001c287b585a0 sp=0x000000176b6fe800
Event: 5.341 Thread 0x000001c2d4ac7e90 DEOPT UNPACKING pc=0x000001c2875869a3 sp=0x000000176b6fe688 mode 2

Classes unloaded (0 events):
No events

Classes redefined (0 events):
No events

Internal exceptions (20 events):
Event: 29.848 Thread 0x000001c2d4ac7e90 Exception <a 'java/io/IOException'{0x00000000fefe5170}> (0x00000000fefe5170) 
thrown [s\src\hotspot\share\prims\jni.cpp, line 516]
Event: 29.848 Thread 0x000001c2d4ac7e90 Exception <a 'java/io/IOException'{0x00000000fee71ad0}> (0x00000000fee71ad0) 
thrown [s\src\hotspot\share\prims\jni.cpp, line 516]
Event: 29.848 Thread 0x000001c2d4ac7e90 Exception <a 'java/io/IOException'{0x00000000fee72138}> (0x00000000fee72138) 
thrown [s\src\hotspot\share\prims\jni.cpp, line 516]
Event: 29.848 Thread 0x000001c2d4ac7e90 Exception <a 'java/io/IOException'{0x00000000fee726f0}> (0x00000000fee726f0) 
thrown [s\src\hotspot\share\prims\jni.cpp, line 516]
Event: 29.848 Thread 0x000001c2d4ac7e90 Exception <a 'java/io/IOException'{0x00000000fee72f40}> (0x00000000fee72f40) 
thrown [s\src\hotspot\share\prims\jni.cpp, line 516]
Event: 29.848 Thread 0x000001c2d4ac7e90 Exception <a 'java/io/IOException'{0x00000000fee734f8}> (0x00000000fee734f8) 
thrown [s\src\hotspot\share\prims\jni.cpp, line 516]
Event: 29.848 Thread 0x000001c2d4ac7e90 Exception <a 'java/io/IOException'{0x00000000fee73b60}> (0x00000000fee73b60) 
thrown [s\src\hotspot\share\prims\jni.cpp, line 516]
Event: 29.848 Thread 0x000001c2d4ac7e90 Exception <a 'java/io/IOException'{0x00000000fee74118}> (0x00000000fee74118) 
thrown [s\src\hotspot\share\prims\jni.cpp, line 516]
Event: 29.848 Thread 0x000001c2d4ac7e90 Exception <a 'java/io/IOException'{0x00000000fee74928}> (0x00000000fee74928) 
thrown [s\src\hotspot\share\prims\jni.cpp, line 516]
Event: 29.848 Thread 0x000001c2d4ac7e90 Exception <a 'java/io/IOException'{0x00000000fee74ee0}> (0x00000000fee74ee0) 
thrown [s\src\hotspot\share\prims\jni.cpp, line 516]
Event: 29.849 Thread 0x000001c2d4ac7e90 Exception <a 'java/io/IOException'{0x00000000fee75548}> (0x00000000fee75548) 
thrown [s\src\hotspot\share\prims\jni.cpp, line 516]
Event: 29.849 Thread 0x000001c2d4ac7e90 Exception <a 'java/io/IOException'{0x00000000fee75b00}> (0x00000000fee75b00) 
thrown [s\src\hotspot\share\prims\jni.cpp, line 516]
Event: 29.849 Thread 0x000001c2d4ac7e90 Exception <a 'java/io/IOException'{0x00000000fee76310}> (0x00000000fee76310) 
thrown [s\src\hotspot\share\prims\jni.cpp, line 516]
Event: 29.849 Thread 0x000001c2d4ac7e90 Exception <a 'java/io/IOException'{0x00000000fee768c8}> (0x00000000fee768c8) 
thrown [s\src\hotspot\share\prims\jni.cpp, line 516]
Event: 29.849 Thread 0x000001c2d4ac7e90 Exception <a 'java/io/IOException'{0x00000000fee76f30}> (0x00000000fee76f30) 
thrown [s\src\hotspot\share\prims\jni.cpp, line 516]
Event: 29.849 Thread 0x000001c2d4ac7e90 Exception <a 'java/io/IOException'{0x00000000fee774e8}> (0x00000000fee774e8) 
thrown [s\src\hotspot\share\prims\jni.cpp, line 516]
Event: 29.849 Thread 0x000001c2d4ac7e90 Exception <a 'java/io/IOException'{0x00000000fee77cc0}> (0x00000000fee77cc0) 
thrown [s\src\hotspot\share\prims\jni.cpp, line 516]
Event: 29.849 Thread 0x000001c2d4ac7e90 Exception <a 'java/io/IOException'{0x00000000fee78278}> (0x00000000fee78278) 
thrown [s\src\hotspot\share\prims\jni.cpp, line 516]
Event: 29.849 Thread 0x000001c2d4ac7e90 Exception <a 'java/io/IOException'{0x00000000fee788e0}> (0x00000000fee788e0) 
thrown [s\src\hotspot\share\prims\jni.cpp, line 516]
Event: 29.849 Thread 0x000001c2d4ac7e90 Exception <a 'java/io/IOException'{0x00000000fee78e98}> (0x00000000fee78e98) 
thrown [s\src\hotspot\share\prims\jni.cpp, line 516]

VM Operations (20 events):
Event: 0.395 Executing VM operation: HandshakeAllThreads
Event: 0.395 Executing VM operation: HandshakeAllThreads done
Event: 0.395 Executing VM operation: HandshakeAllThreads
Event: 0.395 Executing VM operation: HandshakeAllThreads done
Event: 0.408 Executing VM operation: HandshakeAllThreads
Event: 0.408 Executing VM operation: HandshakeAllThreads done
Event: 0.522 Executing VM operation: HandshakeAllThreads
Event: 0.522 Executing VM operation: HandshakeAllThreads done
Event: 0.578 Executing VM operation: HandshakeAllThreads
Event: 0.578 Executing VM operation: HandshakeAllThreads done
Event: 1.589 Executing VM operation: Cleanup
Event: 1.589 Executing VM operation: Cleanup done
Event: 5.261 Executing VM operation: HandshakeAllThreads
Event: 5.261 Executing VM operation: HandshakeAllThreads done
Event: 5.261 Executing VM operation: Cleanup
Event: 5.261 Executing VM operation: Cleanup done
Event: 6.268 Executing VM operation: Cleanup
Event: 6.268 Executing VM operation: Cleanup done
Event: 26.417 Executing VM operation: Cleanup
Event: 26.417 Executing VM operation: Cleanup done

Events (20 events):
Event: 5.258 loading class jdk/internal/logger/LazyLoggers$LazyLoggerFactories done
Event: 5.259 loading class jdk/internal/logger/LoggerFinderLoader
Event: 5.259 loading class jdk/internal/logger/LoggerFinderLoader done
Event: 5.259 loading class sun/util/logging/internal/LoggingProviderImpl$JULWrapper
Event: 5.259 loading class sun/util/logging/PlatformLogger$ConfigurableBridge$LoggerConfiguration
Event: 5.259 loading class sun/util/logging/PlatformLogger$ConfigurableBridge$LoggerConfiguration done
Event: 5.259 loading class sun/util/logging/internal/LoggingProviderImpl$JULWrapper done
Event: 5.259 loading class java/io/ObjectInputFilter
Event: 5.259 loading class java/io/ObjectInputFilter done
Event: 5.260 loading class java/io/ObjectInputFilter$Config$BuiltinFilterFactory
Event: 5.260 loading class java/io/ObjectInputFilter$Config$BuiltinFilterFactory done
Event: 5.260 loading class jdk/internal/access/JavaObjectInputFilterAccess
Event: 5.260 loading class jdk/internal/access/JavaObjectInputFilterAccess done
Event: 5.260 loading class java/lang/System$Logger$Level
Event: 5.260 loading class java/lang/System$Logger$Level done
Event: 5.260 loading class java/io/Bits
Event: 5.260 loading class java/io/Bits done
Event: 20.826 loading class java/util/concurrent/locks/AbstractQueuedSynchronizer$ExclusiveNode
Event: 20.826 loading class java/util/concurrent/locks/AbstractQueuedSynchronizer$ExclusiveNode done
Event: 20.826 Thread 0x000001c2d4e94980 Thread exited: 0x000001c2d4e94980


Dynamic libraries:
0x00007ff729340000 - 0x00007ff72934e000 	C:\Program Files\Microsoft\jdk-17.0.8.7-hotspot\bin\java.exe
0x00007ff9e9830000 - 0x00007ff9e9a47000 	C:\WINDOWS\SYSTEM32\ntdll.dll
0x00007ff9e88f0000 - 0x00007ff9e89b4000 	C:\WINDOWS\System32\KERNEL32.DLL
0x00007ff9e71a0000 - 0x00007ff9e7546000 	C:\WINDOWS\System32\KERNELBASE.dll
0x00007ff9e7050000 - 0x00007ff9e7161000 	C:\WINDOWS\System32\ucrtbase.dll
0x00007ff9c4210000 - 0x00007ff9c422b000 	C:\Program Files\Microsoft\jdk-17.0.8.7-hotspot\bin\VCRUNTIME140.dll
0x00007ff9bca00000 - 0x00007ff9bca17000 	C:\Program Files\Microsoft\jdk-17.0.8.7-hotspot\bin\jli.dll
0x00007ff9e82a0000 - 0x00007ff9e844e000 	C:\WINDOWS\System32\USER32.dll
0x00007ff9ca700000 - 0x00007ff9ca993000 	C:\WINDOWS\WinSxS\amd64_microsoft.windows.common-controls_6595b64144ccf1df_6.0.22621.2506_none_270c5ae97388e100\COMCTL32.dll
0x00007ff9e7170000 - 0x00007ff9e7196000 	C:\WINDOWS\System32\win32u.dll
0x00007ff9e75b0000 - 0x00007ff9e7657000 	C:\WINDOWS\System32\msvcrt.dll
0x00007ff9e7580000 - 0x00007ff9e75a9000 	C:\WINDOWS\System32\GDI32.dll
0x00007ff9e6d50000 - 0x00007ff9e6e68000 	C:\WINDOWS\System32\gdi32full.dll
0x00007ff9e6b70000 - 0x00007ff9e6c0a000 	C:\WINDOWS\System32\msvcp_win.dll
0x00007ff9e92a0000 - 0x00007ff9e92d1000 	C:\WINDOWS\System32\IMM32.DLL
0x00007ff9d9690000 - 0x00007ff9d969c000 	C:\Program Files\Microsoft\jdk-17.0.8.7-hotspot\bin\vcruntime140_1.dll
0x00007ff9bc970000 - 0x00007ff9bc9fd000 	C:\Program Files\Microsoft\jdk-17.0.8.7-hotspot\bin\msvcp140.dll
0x00007ff93b310000 - 0x00007ff93bf75000 	C:\Program Files\Microsoft\jdk-17.0.8.7-hotspot\bin\server\jvm.dll
0x00007ff9e9310000 - 0x00007ff9e93c3000 	C:\WINDOWS\System32\ADVAPI32.dll
0x00007ff9e93e0000 - 0x00007ff9e9488000 	C:\WINDOWS\System32\sechost.dll
0x00007ff9e7550000 - 0x00007ff9e7578000 	C:\WINDOWS\System32\bcrypt.dll
0x00007ff9e89c0000 - 0x00007ff9e8ad7000 	C:\WINDOWS\System32\RPCRT4.dll
0x00007ff9e6a40000 - 0x00007ff9e6a8d000 	C:\WINDOWS\SYSTEM32\POWRPROF.dll
0x00007ff9cd880000 - 0x00007ff9cd889000 	C:\WINDOWS\SYSTEM32\WSOCK32.dll
0x00007ff9df300000 - 0x00007ff9df334000 	C:\WINDOWS\SYSTEM32\WINMM.dll
0x00007ff9e8870000 - 0x00007ff9e88e1000 	C:\WINDOWS\System32\WS2_32.dll
0x00007ff9ddd30000 - 0x00007ff9ddd3a000 	C:\WINDOWS\SYSTEM32\VERSION.dll
0x00007ff9e6a20000 - 0x00007ff9e6a33000 	C:\WINDOWS\SYSTEM32\UMPDC.dll
0x00007ff9e5bb0000 - 0x00007ff9e5bc8000 	C:\WINDOWS\SYSTEM32\kernel.appcore.dll
0x00007ff9c66b0000 - 0x00007ff9c66ba000 	C:\Program Files\Microsoft\jdk-17.0.8.7-hotspot\bin\jimage.dll
0x00007ff9e4580000 - 0x00007ff9e47b3000 	C:\WINDOWS\SYSTEM32\DBGHELP.DLL
0x00007ff9e84d0000 - 0x00007ff9e8859000 	C:\WINDOWS\System32\combase.dll
0x00007ff9e91c0000 - 0x00007ff9e9297000 	C:\WINDOWS\System32\OLEAUT32.dll
0x00007ff9d8df0000 - 0x00007ff9d8e22000 	C:\WINDOWS\SYSTEM32\dbgcore.DLL
0x00007ff9e6c10000 - 0x00007ff9e6c8a000 	C:\WINDOWS\System32\bcryptPrimitives.dll
0x00007ff9bc940000 - 0x00007ff9bc965000 	C:\Program Files\Microsoft\jdk-17.0.8.7-hotspot\bin\java.dll
0x00007ff975840000 - 0x00007ff975917000 	C:\Program Files\Microsoft\jdk-17.0.8.7-hotspot\bin\jsvml.dll
0x00007ff9e7740000 - 0x00007ff9e7f9b000 	C:\WINDOWS\System32\SHELL32.dll
0x00007ff9e4ad0000 - 0x00007ff9e53c6000 	C:\WINDOWS\SYSTEM32\windows.storage.dll
0x00007ff9e4990000 - 0x00007ff9e4ace000 	C:\WINDOWS\SYSTEM32\wintypes.dll
0x00007ff9e8ae0000 - 0x00007ff9e8bd3000 	C:\WINDOWS\System32\SHCORE.dll
0x00007ff9e9490000 - 0x00007ff9e94ee000 	C:\WINDOWS\System32\shlwapi.dll
0x00007ff9e6aa0000 - 0x00007ff9e6ac6000 	C:\WINDOWS\SYSTEM32\profapi.dll
0x00007ff9bc920000 - 0x00007ff9bc939000 	C:\Program Files\Microsoft\jdk-17.0.8.7-hotspot\bin\net.dll
0x00007ff9e0160000 - 0x00007ff9e0297000 	C:\WINDOWS\SYSTEM32\WINHTTP.dll
0x00007ff9e6030000 - 0x00007ff9e6099000 	C:\WINDOWS\system32\mswsock.dll
0x00007ff9bc900000 - 0x00007ff9bc916000 	C:\Program Files\Microsoft\jdk-17.0.8.7-hotspot\bin\nio.dll
0x00007ff9bc8e0000 - 0x00007ff9bc8f8000 	C:\Program Files\Microsoft\jdk-17.0.8.7-hotspot\bin\zip.dll
0x00007ff9b4d60000 - 0x00007ff9b4d70000 	C:\Program Files\Microsoft\jdk-17.0.8.7-hotspot\bin\verify.dll
0x00007ff9a9f40000 - 0x00007ff9a9f67000 	C:\Users\Dhruvil Prajapati\.gradle\native\68d5fa5c4cc2d200863cafc0d521ce42e7d3e7ee720ec0a83991735586a16f82\windows-amd64\native-platform.dll
0x00007ff9a9f30000 - 0x00007ff9a9f39000 	C:\Program Files\Microsoft\jdk-17.0.8.7-hotspot\bin\management.dll
0x00007ff9a3310000 - 0x00007ff9a331b000 	C:\Program Files\Microsoft\jdk-17.0.8.7-hotspot\bin\management_ext.dll
0x00007ff9e93d0000 - 0x00007ff9e93d8000 	C:\WINDOWS\System32\PSAPI.DLL
0x00007ff9e6290000 - 0x00007ff9e62ab000 	C:\WINDOWS\SYSTEM32\CRYPTSP.dll
0x00007ff9e5b10000 - 0x00007ff9e5b45000 	C:\WINDOWS\system32\rsaenh.dll
0x00007ff9e6120000 - 0x00007ff9e614c000 	C:\WINDOWS\SYSTEM32\USERENV.dll
0x00007ff9e6280000 - 0x00007ff9e628c000 	C:\WINDOWS\SYSTEM32\CRYPTBASE.dll
0x00007ff9e5670000 - 0x00007ff9e569d000 	C:\WINDOWS\SYSTEM32\IPHLPAPI.DLL
0x00007ff9e8860000 - 0x00007ff9e8869000 	C:\WINDOWS\System32\NSI.dll
0x00007ff9e0930000 - 0x00007ff9e0949000 	C:\WINDOWS\SYSTEM32\dhcpcsvc6.DLL
0x00007ff9e0400000 - 0x00007ff9e041f000 	C:\WINDOWS\SYSTEM32\dhcpcsvc.DLL
0x00007ff9e56a0000 - 0x00007ff9e5799000 	C:\WINDOWS\SYSTEM32\DNSAPI.dll
0x00007ff9d96a0000 - 0x00007ff9d96ae000 	C:\Program Files\Microsoft\jdk-17.0.8.7-hotspot\bin\sunmscapi.dll
0x00007ff9e6ee0000 - 0x00007ff9e7046000 	C:\WINDOWS\System32\CRYPT32.dll
0x00007ff9e6440000 - 0x00007ff9e646e000 	C:\WINDOWS\SYSTEM32\ncrypt.dll
0x00007ff9e6400000 - 0x00007ff9e6437000 	C:\WINDOWS\SYSTEM32\NTASN1.dll
0x00007ff9bba90000 - 0x00007ff9bba98000 	C:\WINDOWS\system32\wshunix.dll

dbghelp: loaded successfully - version: 4.0.5 - missing functions: none
symbol engine: initialized successfully - sym options: 0x614 - pdb path: .;C:\Program Files\Microsoft\jdk-17.0.8.7-hotspot\bin;C:\WINDOWS\SYSTEM32;C:\WINDOWS\WinSxS\amd64_microsoft.windows.common-controls_6595b64144ccf1df_6.0.22621.2506_none_270c5ae97388e100;C:\Program Files\Microsoft\jdk-17.0.8.7-hotspot\bin\server;C:\Users\Dhruvil Prajapati\.gradle\native\68d5fa5c4cc2d200863cafc0d521ce42e7d3e7ee720ec0a83991735586a16f82\windows-amd64

VM Arguments:
jvm_args: -Xmx64m -Xms64m -Dorg.gradle.appname=gradlew 
java_command: org.gradle.wrapper.GradleWrapperMain app:installDebug -PreactNativeDevServerPort=8081
java_class_path (initial): D:\Dolphin_Project\Get_Otp_Demo\android\\gradle\wrapper\gradle-wrapper.jar
Launcher Type: SUN_STANDARD

[Global flags]
     intx CICompilerCount                          = 4                                         {product} {ergonomic}
     uint ConcGCThreads                            = 3                                         {product} {ergonomic}
     uint G1ConcRefinementThreads                  = 10                                        {product} {ergonomic}
   size_t G1HeapRegionSize                         = 1048576                                   {product} {ergonomic}
    uintx GCDrainStackTargetSize                   = 64                                        {product} {ergonomic}
   size_t InitialHeapSize                          = 67108864                                  {product} {command line}
   size_t MarkStackSize                            = 4194304                                   {product} {ergonomic}
   size_t MaxHeapSize                              = 67108864                                  {product} {command line}
   size_t MaxNewSize                               = 39845888                                  {product} {ergonomic}
   size_t MinHeapDeltaBytes                        = 1048576                                   {product} {ergonomic}
   size_t MinHeapSize                              = 67108864                                  {product} {command line}
    uintx NonNMethodCodeHeapSize                   = 5839372                                {pd product} {ergonomic}
    uintx NonProfiledCodeHeapSize                  = 122909434                              {pd product} {ergonomic}
    uintx ProfiledCodeHeapSize                     = 122909434                              {pd product} {ergonomic}
    uintx ReservedCodeCacheSize                    = 251658240                              {pd product} {ergonomic}
     bool SegmentedCodeCache                       = true                                      {product} {ergonomic}
   size_t SoftMaxHeapSize                          = 67108864                               {manageable} {ergonomic}
     bool UseCompressedClassPointers               = true                           {product lp64_product} {ergonomic}
     bool UseCompressedOops                        = true                           {product lp64_product} {ergonomic}
     bool UseG1GC                                  = true                                      {product} {ergonomic}
     bool UseLargePagesIndividualAllocation        = false                                  {pd product} {ergonomic}

Logging:
Log output configuration:
 #0: stdout all=warning uptime,level,tags
 #1: stderr all=off uptime,level,tags

Environment Variables:
JAVA_HOME=C:\Program Files\Microsoft\jdk-17.0.8.7-hotspot\
CLASSPATH=D:\Dolphin_Project\Get_Otp_Demo\android\\gradle\wrapper\gradle-wrapper.jar
PATH=D:\Dolphin_Project\Get_Otp_Demo\node_modules\.bin;D:\Dolphin_Project\Get_Otp_Demo\node_modules\.bin;D:\Dolphin_Project\node_modules\.bin;D:\node_modules\.bin;C:\Program Files\nodejs\node_modules\npm\node_modules\@npmcli\run-script\lib\node-gyp-bin;D:\Dolphin_Project\Get_Otp_Demo\node_modules\.bin;D:\Dolphin_Project\Get_Otp_Demo\node_modules\.bin;D:\Dolphin_Project\node_modules\.bin;D:\node_modules\.bin;C:\Program Files\nodejs\node_modules\npm\node_modules\@npmcli\run-script\lib\node-gyp-bin;C:\Program Files\Microsoft\jdk-17.0.8.7-hotspot\bin;C:\Python312\Scripts\;C:\Python312\;C:\Program Files (x86)\VMware\VMware Workstation\bin\;C:\Windows\system32;C:\Windows;C:\Windows\System32\Wbem;C:\Windows\System32\WindowsPowerShell\v1.0\;C:\Windows\System32\OpenSSH\;C:\Program Files (x86)\NVIDIA Corporation\PhysX\Common;C:\Program Files\NVIDIA Corporation\NVIDIA NvDLISR;C:\Program Files\Java\jdk1.8.0_202\bin;C:\Program Files\Git\cmd;C:\ProgramData\chocolatey\bin;C:\Users\Dhruvil Prajapati\AppData\Local\Android\Sdk\platform-tools;;C:\WINDOWS\system32;C:\WINDOWS;C:\WINDOWS\System32\Wbem;C:\WINDOWS\System32\WindowsPowerShell\v1.0\;C:\WINDOWS\System32\OpenSSH\;C:\Program Files\nodejs\;C:\Users\Dhruvil Prajapati\AppData\Local\Programs\Python\Python311\Scripts\;C:\Users\Dhruvil Prajapati\AppData\Local\Programs\Python\Python311\;C:\Users\Dhruvil Prajapati\AppData\Local\Microsoft\WindowsApps;C:\Program Files\dart-sdk\bin;C:\Users\Dhruvil Prajapati\AppData\Local\Programs\Microsoft VS Code\bin;C:\Users\Dhruvil Prajapati\Desktop\mobile app\Sem 2\flutter\bin;C:\Users\Dhruvil Prajapati\AppData\Local\Programs\mongosh\;C:\Users\Dhruvil Prajapati\Desktop\mobile app\Sem 2\Flutter\flutter\flutter_windows_3.7.12-stable\flutter\bin;C:\Users\Dhruvil Prajapati\AppData\Roaming\npm
USERNAME=Dhruvil Prajapati
LANG=en_US.UTF-8
OS=Windows_NT
PROCESSOR_IDENTIFIER=AMD64 Family 25 Model 80 Stepping 0, AuthenticAMD
TMP=C:\Users\DHRUVI~1\AppData\Local\Temp
TEMP=C:\Users\DHRUVI~1\AppData\Local\Temp



---------------  S Y S T E M  ---------------

OS:
 Windows 11 , 64 bit Build 22621 (10.0.22621.3085)
OS uptime: 1 days 0:19 hours

CPU: total 12 (initial active 12) (12 cores per cpu, 2 threads per core) family 25 model 80 stepping 0 microcode 0x0, cx8, cmov, fxsr, ht, mmx, 3dnowpref, sse, sse2, sse3, ssse3, sse4a, sse4.1, sse4.2, popcnt, lzcnt, tsc, tscinvbit, avx, avx2, aes, erms, clmul, bmi1, bmi2, adx, sha, fma, vzeroupper, clflush, clflushopt
Processor Information for processor 0
  Max Mhz: 3301, Current Mhz: 3301, Mhz Limit: 3301
Processor Information for processor 1
  Max Mhz: 3301, Current Mhz: 3301, Mhz Limit: 3301
Processor Information for processor 2
  Max Mhz: 3301, Current Mhz: 3301, Mhz Limit: 3301
Processor Information for processor 3
  Max Mhz: 3301, Current Mhz: 2630, Mhz Limit: 3301
Processor Information for processor 4
  Max Mhz: 3301, Current Mhz: 3301, Mhz Limit: 3301
Processor Information for processor 5
  Max Mhz: 3301, Current Mhz: 3301, Mhz Limit: 3301
Processor Information for processor 6
  Max Mhz: 3301, Current Mhz: 3301, Mhz Limit: 3301
Processor Information for processor 7
  Max Mhz: 3301, Current Mhz: 3301, Mhz Limit: 3301
Processor Information for processor 8
  Max Mhz: 3301, Current Mhz: 3301, Mhz Limit: 3301
Processor Information for processor 9
  Max Mhz: 3301, Current Mhz: 3301, Mhz Limit: 3301
Processor Information for processor 10
  Max Mhz: 3301, Current Mhz: 3301, Mhz Limit: 3301
Processor Information for processor 11
  Max Mhz: 3301, Current Mhz: 2630, Mhz Limit: 3301

Memory: 4k page, system-wide physical 15724M (1867M free)
TotalPageFile size 19820M (AvailPageFile size 4M)
current process WorkingSet (physical memory assigned to process): 89M, peak: 93M
current process commit charge ("private bytes"): 166M, peak: 170M

vm_info: OpenJDK 64-Bit Server VM (17.0.8+7-LTS) for windows-amd64 JRE (17.0.8+7-LTS), built on Jul  7 2023 17:21:55 by "MicrosoftCorporation" with MS VC++ 16.10 / 16.11 (VS2019)

END.
