#
# There is insufficient memory for the Java Runtime Environment to continue.
# Native memory allocation (malloc) failed to allocate 167136 bytes for Chunk::new
# Possible reasons:
#   The system is out of physical RAM or swap space
#   The process is running with CompressedOops enabled, and the Java Heap may be blocking the growth of the native heap
# Possible solutions:
#   Reduce memory load on the system
#   Increase physical memory or swap space
#   Check if swap backing store is full
#   Decrease Java heap size (-Xmx/-Xms)
#   Decrease number of Java threads
#   Decrease Java thread stack sizes (-Xss)
#   Set larger code cache with -XX:ReservedCodeCacheSize=
#   JVM is running with Unscaled Compressed Oops mode in which the Java heap is
#     placed in the first 4GB address space. The Java Heap base address is the
#     maximum limit for the native heap growth. Please use -XX:HeapBaseMinAddress
#     to set the Java Heap base and to place the Java Heap above 4GB virtual address.
# This output file may be truncated or incomplete.
#
#  Out of Memory Error (arena.cpp:189), pid=13780, tid=22324
#
# JRE version: OpenJDK Runtime Environment Microsoft-8035246 (17.0.8+7) (build 17.0.8+7-LTS)
# Java VM: OpenJDK 64-Bit Server VM Microsoft-8035246 (17.0.8+7-LTS, mixed mode, sharing, tiered, compressed oops, compressed class ptrs, g1 gc, windows-amd64)
# No core dump will be written. Minidumps are not enabled by default on client versions of Windows
#

---------------  S U M M A R Y ------------

Command Line: -Xmx64m -Xms64m -Dorg.gradle.appname=gradlew org.gradle.wrapper.GradleWrapperMain app:installDebug -PreactNativeDevServerPort=8081

Host: AMD Ryzen 5 5600H with Radeon Graphics         , 12 cores, 15G,  Windows 11 , 64 bit Build 22621 (10.0.22621.3085)
Time: Wed Mar  6 15:07:47 2024 India Standard Time elapsed time: 50.017622 seconds (0d 0h 0m 50s)

---------------  T H R E A D  ---------------

Current thread (0x000001d0f7ea19a0):  JavaThread "C2 CompilerThread0" daemon [_thread_in_native, id=22324, stack(0x0000006332e00000,0x0000006332f00000)]


Current CompileTask:
C2:  50017 1968 % !   4       java.io.BufferedReader::readLine @ 139 (327 bytes)

Stack: [0x0000006332e00000,0x0000006332f00000]
Native frames: (J=compiled Java code, j=interpreted, Vv=VM code, C=native code)
V  [jvm.dll+0x67bf3a]
V  [jvm.dll+0x83a024]
V  [jvm.dll+0x83b7ce]
V  [jvm.dll+0x83be33]
V  [jvm.dll+0x24785f]
V  [jvm.dll+0xac3bc]
V  [jvm.dll+0xac98c]
V  [jvm.dll+0x2af19f]
V  [jvm.dll+0x584667]
V  [jvm.dll+0x222a82]
V  [jvm.dll+0x21b7ff]
V  [jvm.dll+0x21944b]
V  [jvm.dll+0x1a56b6]
V  [jvm.dll+0x2291ea]
V  [jvm.dll+0x22724c]
V  [jvm.dll+0x7efd0c]
V  [jvm.dll+0x7ea13a]
V  [jvm.dll+0x67ad85]
C  [ucrtbase.dll+0x29363]
C  [KERNEL32.DLL+0x1257d]
C  [ntdll.dll+0x5aa58]


---------------  P R O C E S S  ---------------

Threads class SMR info:
_java_thread_list=0x000001d0fce6c5d0, length=15, elements={
0x000001d0de081980, 0x000001d0f7e7ffb0, 0x000001d0f7e80850, 0x000001d0f7e952f0,
0x000001d0f7e96ad0, 0x000001d0f7e991b0, 0x000001d0f7e9d790, 0x000001d0f7ea19a0,
0x000001d0f7eae3e0, 0x000001d0f7ebaa30, 0x000001d0fc1733c0, 0x000001d0fc179b50,
0x000001d0fcc52620, 0x000001d0fc200020, 0x000001d0fc200540
}

Java Threads: ( => current thread )
  0x000001d0de081980 JavaThread "main" [_thread_blocked, id=20140, stack(0x0000006332100000,0x0000006332200000)]
  0x000001d0f7e7ffb0 JavaThread "Reference Handler" daemon [_thread_blocked, id=7852, stack(0x0000006332800000,0x0000006332900000)]
  0x000001d0f7e80850 JavaThread "Finalizer" daemon [_thread_blocked, id=16540, stack(0x0000006332900000,0x0000006332a00000)]
  0x000001d0f7e952f0 JavaThread "Signal Dispatcher" daemon [_thread_blocked, id=10712, stack(0x0000006332a00000,0x0000006332b00000)]
  0x000001d0f7e96ad0 JavaThread "Attach Listener" daemon [_thread_blocked, id=11316, stack(0x0000006332b00000,0x0000006332c00000)]
  0x000001d0f7e991b0 JavaThread "Service Thread" daemon [_thread_blocked, id=12408, stack(0x0000006332c00000,0x0000006332d00000)]
  0x000001d0f7e9d790 JavaThread "Monitor Deflation Thread" daemon [_thread_blocked, id=8892, stack(0x0000006332d00000,0x0000006332e00000)]
=>0x000001d0f7ea19a0 JavaThread "C2 CompilerThread0" daemon [_thread_in_native, id=22324, stack(0x0000006332e00000,0x0000006332f00000)]
  0x000001d0f7eae3e0 JavaThread "C1 CompilerThread0" daemon [_thread_blocked, id=3512, stack(0x0000006332f00000,0x0000006333000000)]
  0x000001d0f7ebaa30 JavaThread "Sweeper thread" daemon [_thread_blocked, id=3264, stack(0x0000006333000000,0x0000006333100000)]
  0x000001d0fc1733c0 JavaThread "Notification Thread" daemon [_thread_blocked, id=7304, stack(0x0000006333100000,0x0000006333200000)]
  0x000001d0fc179b50 JavaThread "Common-Cleaner" daemon [_thread_blocked, id=19636, stack(0x0000006333300000,0x0000006333400000)]
  0x000001d0fcc52620 JavaThread "DisconnectableInputStream source reader" daemon [_thread_in_native, id=11364, stack(0x0000006333f00000,0x0000006334000000)]
  0x000001d0fc200020 JavaThread "C2 CompilerThread1" daemon [_thread_blocked, id=18752, stack(0x0000006334000000,0x0000006334100000)]
  0x000001d0fc200540 JavaThread "C2 CompilerThread2" daemon [_thread_blocked, id=4308, stack(0x0000006334100000,0x0000006334200000)]

Other Threads:
  0x000001d0de12c150 VMThread "VM Thread" [stack: 0x0000006332700000,0x0000006332800000] [id=9264]
  0x000001d0fc1798c0 WatcherThread [stack: 0x0000006333200000,0x0000006333300000] [id=22368]
  0x000001d0de0a1760 GCTaskThread "GC Thread#0" [stack: 0x0000006332200000,0x0000006332300000] [id=2812]
  0x000001d0fc572a50 GCTaskThread "GC Thread#1" [stack: 0x0000006333500000,0x0000006333600000] [id=22028]
  0x000001d0fc6f62d0 GCTaskThread "GC Thread#2" [stack: 0x0000006333600000,0x0000006333700000] [id=3320]
  0x000001d0fc769a80 GCTaskThread "GC Thread#3" [stack: 0x0000006333700000,0x0000006333800000] [id=19080]
  0x000001d0fc769d40 GCTaskThread "GC Thread#4" [stack: 0x0000006333800000,0x0000006333900000] [id=17768]
  0x000001d0fcb4c830 GCTaskThread "GC Thread#5" [stack: 0x0000006333b00000,0x0000006333c00000] [id=7016]
  0x000001d0fcb33510 GCTaskThread "GC Thread#6" [stack: 0x0000006333c00000,0x0000006333d00000] [id=13284]
  0x000001d0fcb337d0 GCTaskThread "GC Thread#7" [stack: 0x0000006333d00000,0x0000006333e00000] [id=12512]
  0x000001d0de0a2eb0 ConcurrentGCThread "G1 Main Marker" [stack: 0x0000006332300000,0x0000006332400000] [id=12196]
  0x000001d0de0a48d0 ConcurrentGCThread "G1 Conc#0" [stack: 0x0000006332400000,0x0000006332500000] [id=8104]
  0x000001d0de10cd20 ConcurrentGCThread "G1 Refine#0" [stack: 0x0000006332500000,0x0000006332600000] [id=4740]
  0x000001d0de10d360 ConcurrentGCThread "G1 Service" [stack: 0x0000006332600000,0x0000006332700000] [id=9128]

Threads with active compile tasks:
C2 CompilerThread0    50034 1968 % !   4       java.io.BufferedReader::readLine @ 139 (327 bytes)

VM state: not at safepoint (normal execution)

VM Mutex/Monitor currently owned by a thread: None

Heap address: 0x00000000fc000000, size: 64 MB, Compressed Oops mode: 32-bit

CDS archive(s) mapped at: [0x000001d080000000-0x000001d080bd0000-0x000001d080bd0000), size 12386304, SharedBaseAddress: 0x000001d080000000, ArchiveRelocationMode: 1.
Compressed class space mapped at: 0x000001d081000000-0x000001d0c1000000, reserved size: 1073741824
Narrow klass base: 0x000001d080000000, Narrow klass shift: 0, Narrow klass range: 0x100000000

GC Precious Log:
 CPUs: 12 total, 12 available
 Memory: 15724M
 Large Page Support: Disabled
 NUMA Support: Disabled
 Compressed Oops: Enabled (32-bit)
 Heap Region Size: 1M
 Heap Min Capacity: 64M
 Heap Initial Capacity: 64M
 Heap Max Capacity: 64M
 Pre-touch: Disabled
 Parallel Workers: 10
 Concurrent Workers: 3
 Concurrent Refinement Workers: 10
 Periodic GC: Disabled

Heap:
 garbage-first heap   total 65536K, used 19129K [0x00000000fc000000, 0x0000000100000000)
  region size 1024K, 9 young (9216K), 2 survivors (2048K)
 Metaspace       used 9874K, committed 10048K, reserved 1114112K
  class space    used 1272K, committed 1344K, reserved 1048576K

Heap Regions: E=young(eden), S=young(survivor), O=old, HS=humongous(starts), HC=humongous(continues), CS=collection set, F=free, OA=open archive, CA=closed archive, TAMS=top-at-mark-start (previous, next)
|   0|0x00000000fc000000, 0x00000000fc100000, 0x00000000fc100000|100%|HS|  |TAMS 0x00000000fc000000, 0x00000000fc000000| Complete 
|   1|0x00000000fc100000, 0x00000000fc200000, 0x00000000fc200000|100%|HC|  |TAMS 0x00000000fc100000, 0x00000000fc100000| Complete 
|   2|0x00000000fc200000, 0x00000000fc300000, 0x00000000fc300000|100%|HC|  |TAMS 0x00000000fc200000, 0x00000000fc200000| Complete 
|   3|0x00000000fc300000, 0x00000000fc400000, 0x00000000fc400000|100%|HC|  |TAMS 0x00000000fc300000, 0x00000000fc300000| Complete 
|   4|0x00000000fc400000, 0x00000000fc500000, 0x00000000fc500000|100%| O|  |TAMS 0x00000000fc400000, 0x00000000fc400000| Untracked 
|   5|0x00000000fc500000, 0x00000000fc600000, 0x00000000fc600000|100%| O|  |TAMS 0x00000000fc500000, 0x00000000fc500000| Untracked 
|   6|0x00000000fc600000, 0x00000000fc700000, 0x00000000fc700000|100%| O|  |TAMS 0x00000000fc600000, 0x00000000fc600000| Untracked 
|   7|0x00000000fc700000, 0x00000000fc800000, 0x00000000fc800000|100%| O|  |TAMS 0x00000000fc700000, 0x00000000fc700000| Untracked 
|   8|0x00000000fc800000, 0x00000000fc900000, 0x00000000fc900000|100%| O|  |TAMS 0x00000000fc800000, 0x00000000fc800000| Untracked 
|   9|0x00000000fc900000, 0x00000000fca00000, 0x00000000fca00000|100%| O|  |TAMS 0x00000000fc900000, 0x00000000fc900000| Untracked 
|  10|0x00000000fca00000, 0x00000000fcaefc00, 0x00000000fcb00000| 93%| O|  |TAMS 0x00000000fca00000, 0x00000000fca00000| Untracked 
|  11|0x00000000fcb00000, 0x00000000fcb00000, 0x00000000fcc00000|  0%| F|  |TAMS 0x00000000fcb00000, 0x00000000fcb00000| Untracked 
|  12|0x00000000fcc00000, 0x00000000fcc00000, 0x00000000fcd00000|  0%| F|  |TAMS 0x00000000fcc00000, 0x00000000fcc00000| Untracked 
|  13|0x00000000fcd00000, 0x00000000fcd00000, 0x00000000fce00000|  0%| F|  |TAMS 0x00000000fcd00000, 0x00000000fcd00000| Untracked 
|  14|0x00000000fce00000, 0x00000000fce00000, 0x00000000fcf00000|  0%| F|  |TAMS 0x00000000fce00000, 0x00000000fce00000| Untracked 
|  15|0x00000000fcf00000, 0x00000000fcf00000, 0x00000000fd000000|  0%| F|  |TAMS 0x00000000fcf00000, 0x00000000fcf00000| Untracked 
|  16|0x00000000fd000000, 0x00000000fd000000, 0x00000000fd100000|  0%| F|  |TAMS 0x00000000fd000000, 0x00000000fd000000| Untracked 
|  17|0x00000000fd100000, 0x00000000fd100000, 0x00000000fd200000|  0%| F|  |TAMS 0x00000000fd100000, 0x00000000fd100000| Untracked 
|  18|0x00000000fd200000, 0x00000000fd200000, 0x00000000fd300000|  0%| F|  |TAMS 0x00000000fd200000, 0x00000000fd200000| Untracked 
|  19|0x00000000fd300000, 0x00000000fd300000, 0x00000000fd400000|  0%| F|  |TAMS 0x00000000fd300000, 0x00000000fd300000| Untracked 
|  20|0x00000000fd400000, 0x00000000fd400000, 0x00000000fd500000|  0%| F|  |TAMS 0x00000000fd400000, 0x00000000fd400000| Untracked 
|  21|0x00000000fd500000, 0x00000000fd500000, 0x00000000fd600000|  0%| F|  |TAMS 0x00000000fd500000, 0x00000000fd500000| Untracked 
|  22|0x00000000fd600000, 0x00000000fd600000, 0x00000000fd700000|  0%| F|  |TAMS 0x00000000fd600000, 0x00000000fd600000| Untracked 
|  23|0x00000000fd700000, 0x00000000fd700000, 0x00000000fd800000|  0%| F|  |TAMS 0x00000000fd700000, 0x00000000fd700000| Untracked 
|  24|0x00000000fd800000, 0x00000000fd800000, 0x00000000fd900000|  0%| F|  |TAMS 0x00000000fd800000, 0x00000000fd800000| Untracked 
|  25|0x00000000fd900000, 0x00000000fd900000, 0x00000000fda00000|  0%| F|  |TAMS 0x00000000fd900000, 0x00000000fd900000| Untracked 
|  26|0x00000000fda00000, 0x00000000fda00000, 0x00000000fdb00000|  0%| F|  |TAMS 0x00000000fda00000, 0x00000000fda00000| Untracked 
|  27|0x00000000fdb00000, 0x00000000fdb00000, 0x00000000fdc00000|  0%| F|  |TAMS 0x00000000fdb00000, 0x00000000fdb00000| Untracked 
|  28|0x00000000fdc00000, 0x00000000fdc00000, 0x00000000fdd00000|  0%| F|  |TAMS 0x00000000fdc00000, 0x00000000fdc00000| Untracked 
|  29|0x00000000fdd00000, 0x00000000fdd00000, 0x00000000fde00000|  0%| F|  |TAMS 0x00000000fdd00000, 0x00000000fdd00000| Untracked 
|  30|0x00000000fde00000, 0x00000000fde00000, 0x00000000fdf00000|  0%| F|  |TAMS 0x00000000fde00000, 0x00000000fde00000| Untracked 
|  31|0x00000000fdf00000, 0x00000000fdf00000, 0x00000000fe000000|  0%| F|  |TAMS 0x00000000fdf00000, 0x00000000fdf00000| Untracked 
|  32|0x00000000fe000000, 0x00000000fe000000, 0x00000000fe100000|  0%| F|  |TAMS 0x00000000fe000000, 0x00000000fe000000| Untracked 
|  33|0x00000000fe100000, 0x00000000fe100000, 0x00000000fe200000|  0%| F|  |TAMS 0x00000000fe100000, 0x00000000fe100000| Untracked 
|  34|0x00000000fe200000, 0x00000000fe200000, 0x00000000fe300000|  0%| F|  |TAMS 0x00000000fe200000, 0x00000000fe200000| Untracked 
|  35|0x00000000fe300000, 0x00000000fe300000, 0x00000000fe400000|  0%| F|  |TAMS 0x00000000fe300000, 0x00000000fe300000| Untracked 
|  36|0x00000000fe400000, 0x00000000fe400000, 0x00000000fe500000|  0%| F|  |TAMS 0x00000000fe400000, 0x00000000fe400000| Untracked 
|  37|0x00000000fe500000, 0x00000000fe5be968, 0x00000000fe600000| 74%| S|CS|TAMS 0x00000000fe500000, 0x00000000fe500000| Complete 
|  38|0x00000000fe600000, 0x00000000fe600000, 0x00000000fe700000|  0%| F|  |TAMS 0x00000000fe600000, 0x00000000fe600000| Untracked 
|  39|0x00000000fe700000, 0x00000000fe700000, 0x00000000fe800000|  0%| F|  |TAMS 0x00000000fe700000, 0x00000000fe700000| Untracked 
|  40|0x00000000fe800000, 0x00000000fe800000, 0x00000000fe900000|  0%| F|  |TAMS 0x00000000fe800000, 0x00000000fe800000| Untracked 
|  41|0x00000000fe900000, 0x00000000fea00000, 0x00000000fea00000|100%| S|CS|TAMS 0x00000000fe900000, 0x00000000fe900000| Complete 
|  42|0x00000000fea00000, 0x00000000fea00000, 0x00000000feb00000|  0%| F|  |TAMS 0x00000000fea00000, 0x00000000fea00000| Untracked 
|  43|0x00000000feb00000, 0x00000000feb00000, 0x00000000fec00000|  0%| F|  |TAMS 0x00000000feb00000, 0x00000000feb00000| Untracked 
|  44|0x00000000fec00000, 0x00000000fec00000, 0x00000000fed00000|  0%| F|  |TAMS 0x00000000fec00000, 0x00000000fec00000| Untracked 
|  45|0x00000000fed00000, 0x00000000fed00000, 0x00000000fee00000|  0%| F|  |TAMS 0x00000000fed00000, 0x00000000fed00000| Untracked 
|  46|0x00000000fee00000, 0x00000000fee00000, 0x00000000fef00000|  0%| F|  |TAMS 0x00000000fee00000, 0x00000000fee00000| Untracked 
|  47|0x00000000fef00000, 0x00000000fef00000, 0x00000000ff000000|  0%| F|  |TAMS 0x00000000fef00000, 0x00000000fef00000| Untracked 
|  48|0x00000000ff000000, 0x00000000ff000000, 0x00000000ff100000|  0%| F|  |TAMS 0x00000000ff000000, 0x00000000ff000000| Untracked 
|  49|0x00000000ff100000, 0x00000000ff100000, 0x00000000ff200000|  0%| F|  |TAMS 0x00000000ff100000, 0x00000000ff100000| Untracked 
|  50|0x00000000ff200000, 0x00000000ff200000, 0x00000000ff300000|  0%| F|  |TAMS 0x00000000ff200000, 0x00000000ff200000| Untracked 
|  51|0x00000000ff300000, 0x00000000ff300000, 0x00000000ff400000|  0%| F|  |TAMS 0x00000000ff300000, 0x00000000ff300000| Untracked 
|  52|0x00000000ff400000, 0x00000000ff400000, 0x00000000ff500000|  0%| F|  |TAMS 0x00000000ff400000, 0x00000000ff400000| Untracked 
|  53|0x00000000ff500000, 0x00000000ff500000, 0x00000000ff600000|  0%| F|  |TAMS 0x00000000ff500000, 0x00000000ff500000| Untracked 
|  54|0x00000000ff600000, 0x00000000ff600000, 0x00000000ff700000|  0%| F|  |TAMS 0x00000000ff600000, 0x00000000ff600000| Untracked 
|  55|0x00000000ff700000, 0x00000000ff700000, 0x00000000ff800000|  0%| F|  |TAMS 0x00000000ff700000, 0x00000000ff700000| Untracked 
|  56|0x00000000ff800000, 0x00000000ff800000, 0x00000000ff900000|  0%| F|  |TAMS 0x00000000ff800000, 0x00000000ff800000| Untracked 
|  57|0x00000000ff900000, 0x00000000ff900800, 0x00000000ffa00000|  0%| E|  |TAMS 0x00000000ff900000, 0x00000000ff900000| Complete 
|  58|0x00000000ffa00000, 0x00000000ffb00000, 0x00000000ffb00000|100%| E|CS|TAMS 0x00000000ffa00000, 0x00000000ffa00000| Complete 
|  59|0x00000000ffb00000, 0x00000000ffc00000, 0x00000000ffc00000|100%| E|CS|TAMS 0x00000000ffb00000, 0x00000000ffb00000| Complete 
|  60|0x00000000ffc00000, 0x00000000ffd00000, 0x00000000ffd00000|100%| E|CS|TAMS 0x00000000ffc00000, 0x00000000ffc00000| Complete 
|  61|0x00000000ffd00000, 0x00000000ffe00000, 0x00000000ffe00000|100%| E|CS|TAMS 0x00000000ffd00000, 0x00000000ffd00000| Complete 
|  62|0x00000000ffe00000, 0x00000000fff00000, 0x00000000fff00000|100%| E|CS|TAMS 0x00000000ffe00000, 0x00000000ffe00000| Complete 
|  63|0x00000000fff00000, 0x0000000100000000, 0x0000000100000000|100%| E|CS|TAMS 0x00000000fff00000, 0x00000000fff00000| Complete 

Card table byte_map: [0x000001d0dc060000,0x000001d0dc080000] _byte_map_base: 0x000001d0db880000

Marking Bits (Prev, Next): (CMBitMap*) 0x000001d0de0a1d80, (CMBitMap*) 0x000001d0de0a1dc0
 Prev Bits: [0x000001d0f50c0000, 0x000001d0f51c0000)
 Next Bits: [0x000001d0f51c0000, 0x000001d0f52c0000)

Polling page: 0x000001d0dc010000

Metaspace:

Usage:
  Non-class:      8.40 MB used.
      Class:      1.24 MB used.
       Both:      9.64 MB used.

Virtual space:
  Non-class space:       64.00 MB reserved,       8.50 MB ( 13%) committed,  1 nodes.
      Class space:        1.00 GB reserved,       1.31 MB ( <1%) committed,  1 nodes.
             Both:        1.06 GB reserved,       9.81 MB ( <1%) committed. 

Chunk freelists:
   Non-Class:  6.73 MB
       Class:  14.58 MB
        Both:  21.31 MB

MaxMetaspaceSize: unlimited
CompressedClassSpaceSize: 1.00 GB
Initial GC threshold: 21.00 MB
Current GC threshold: 21.00 MB
CDS: on
MetaspaceReclaimPolicy: balanced
 - commit_granule_bytes: 65536.
 - commit_granule_words: 8192.
 - virtual_space_node_default_size: 8388608.
 - enlarge_chunks_in_place: 1.
 - new_chunks_are_fully_committed: 0.
 - uncommit_free_chunks: 1.
 - use_allocation_guard: 0.
 - handle_deallocations: 1.


Internal statistics:

num_allocs_failed_limit: 0.
num_arena_births: 94.
num_arena_deaths: 0.
num_vsnodes_births: 2.
num_vsnodes_deaths: 0.
num_space_committed: 157.
num_space_uncommitted: 0.
num_chunks_returned_to_freelist: 0.
num_chunks_taken_from_freelist: 348.
num_chunk_merges: 0.
num_chunk_splits: 234.
num_chunks_enlarged: 190.
num_inconsistent_stats: 0.

CodeHeap 'non-profiled nmethods': size=120000Kb used=758Kb max_used=758Kb free=119241Kb
 bounds [0x000001d0ed640000, 0x000001d0ed8b0000, 0x000001d0f4b70000]
CodeHeap 'profiled nmethods': size=120000Kb used=3944Kb max_used=3944Kb free=116055Kb
 bounds [0x000001d0e5b70000, 0x000001d0e5f50000, 0x000001d0ed0a0000]
CodeHeap 'non-nmethods': size=5760Kb used=1178Kb max_used=1203Kb free=4581Kb
 bounds [0x000001d0ed0a0000, 0x000001d0ed310000, 0x000001d0ed640000]
 total_blobs=2474 nmethods=1995 adapters=392
 compilation: enabled
              stopped_count=0, restarted_count=0
 full_count=0

Compilation events (20 events):
Event: 49.597 Thread 0x000001d0f7ea19a0 nmethod 1962 0x000001d0ed6f9590 code [0x000001d0ed6f9780, 0x000001d0ed6f9f60]
Event: 49.729 Thread 0x000001d0f7eae3e0 1963       3       com.google.common.collect.CollectPreconditions::checkNonnegative (48 bytes)
Event: 49.729 Thread 0x000001d0f7eae3e0 nmethod 1963 0x000001d0e5f3fb90 code [0x000001d0e5f3fe00, 0x000001d0e5f40708]
Event: 50.013 Thread 0x000001d0f7eae3e0 1964       1       java.util.LinkedList::size (5 bytes)
Event: 50.013 Thread 0x000001d0f7eae3e0 nmethod 1964 0x000001d0ed6fa690 code [0x000001d0ed6fa820, 0x000001d0ed6fa8f8]
Event: 50.013 Thread 0x000001d0f7eae3e0 1965       3       java.util.LinkedList::checkPositionIndex (22 bytes)
Event: 50.013 Thread 0x000001d0f7ea19a0 1967       4       java.nio.ByteBuffer::arrayOffset (35 bytes)
Event: 50.013 Thread 0x000001d0f7eae3e0 nmethod 1965 0x000001d0e5f40b10 code [0x000001d0e5f40d60, 0x000001d0e5f414c8]
Event: 50.013 Thread 0x000001d0f7eae3e0 1966       3       java.util.LinkedList::isPositionIndex (18 bytes)
Event: 50.013 Thread 0x000001d0f7eae3e0 nmethod 1966 0x000001d0e5f41810 code [0x000001d0e5f419a0, 0x000001d0e5f41b38]
Event: 50.013 Thread 0x000001d0f7eae3e0 1969       3       java.util.LinkedList::node (65 bytes)
Event: 50.014 Thread 0x000001d0f7ea19a0 nmethod 1967 0x000001d0ed6fa990 code [0x000001d0ed6fab00, 0x000001d0ed6fabb8]
Event: 50.014 Thread 0x000001d0f7ea19a0 1968 % !   4       java.io.BufferedReader::readLine @ 139 (327 bytes)
Event: 50.014 Thread 0x000001d0f7eae3e0 nmethod 1969 0x000001d0e5f41c10 code [0x000001d0e5f41dc0, 0x000001d0e5f42098]
Event: 50.015 Thread 0x000001d0f7eae3e0 1972       3       jdk.internal.org.objectweb.asm.MethodWriter::visitCode (1 bytes)
Event: 50.015 Thread 0x000001d0f7eae3e0 nmethod 1972 0x000001d0e5f42210 code [0x000001d0e5f423a0, 0x000001d0e5f424b8]
Event: 50.015 Thread 0x000001d0f7eae3e0 1973       3       java.util.ImmutableCollections$Set12::iterator (9 bytes)
Event: 50.016 Thread 0x000001d0f7eae3e0 nmethod 1973 0x000001d0e5f42590 code [0x000001d0e5f42740, 0x000001d0e5f42a38]
Event: 50.016 Thread 0x000001d0f7eae3e0 1974       3       java.util.ImmutableCollections$Set12$1::<init> (32 bytes)
Event: 50.016 Thread 0x000001d0f7eae3e0 nmethod 1974 0x000001d0e5f42b10 code [0x000001d0e5f42cc0, 0x000001d0e5f42ef8]

GC Heap History (4 events):
Event: 0.380 GC heap before
{Heap before GC invocations=0 (full 0):
 garbage-first heap   total 65536K, used 26624K [0x00000000fc000000, 0x0000000100000000)
  region size 1024K, 23 young (23552K), 0 survivors (0K)
 Metaspace       used 3490K, committed 3648K, reserved 1114112K
  class space    used 409K, committed 512K, reserved 1048576K
}
Event: 0.384 GC heap after
{Heap after GC invocations=1 (full 0):
 garbage-first heap   total 65536K, used 10816K [0x00000000fc000000, 0x0000000100000000)
  region size 1024K, 3 young (3072K), 3 survivors (3072K)
 Metaspace       used 3490K, committed 3648K, reserved 1114112K
  class space    used 409K, committed 512K, reserved 1048576K
}
Event: 3.985 GC heap before
{Heap before GC invocations=1 (full 0):
 garbage-first heap   total 65536K, used 33344K [0x00000000fc000000, 0x0000000100000000)
  region size 1024K, 25 young (25600K), 3 survivors (3072K)
 Metaspace       used 8117K, committed 8384K, reserved 1114112K
  class space    used 1080K, committed 1216K, reserved 1048576K
}
Event: 3.987 GC heap after
{Heap after GC invocations=2 (full 0):
 garbage-first heap   total 65536K, used 12985K [0x00000000fc000000, 0x0000000100000000)
  region size 1024K, 2 young (2048K), 2 survivors (2048K)
 Metaspace       used 8117K, committed 8384K, reserved 1114112K
  class space    used 1080K, committed 1216K, reserved 1048576K
}

Dll operation events (11 events):
Event: 0.006 Loaded shared library C:\Program Files\Microsoft\jdk-17.0.8.7-hotspot\bin\java.dll
Event: 0.017 Loaded shared library C:\Program Files\Microsoft\jdk-17.0.8.7-hotspot\bin\jsvml.dll
Event: 0.035 Loaded shared library C:\Program Files\Microsoft\jdk-17.0.8.7-hotspot\bin\net.dll
Event: 0.037 Loaded shared library C:\Program Files\Microsoft\jdk-17.0.8.7-hotspot\bin\nio.dll
Event: 0.039 Loaded shared library C:\Program Files\Microsoft\jdk-17.0.8.7-hotspot\bin\zip.dll
Event: 0.202 Loaded shared library C:\Program Files\Microsoft\jdk-17.0.8.7-hotspot\bin\jimage.dll
Event: 0.251 Loaded shared library C:\Program Files\Microsoft\jdk-17.0.8.7-hotspot\bin\verify.dll
Event: 0.416 Loaded shared library C:\Users\Dhruvil Prajapati\.gradle\native\68d5fa5c4cc2d200863cafc0d521ce42e7d3e7ee720ec0a83991735586a16f82\windows-amd64\native-platform.dll
Event: 0.494 Loaded shared library C:\Program Files\Microsoft\jdk-17.0.8.7-hotspot\bin\management.dll
Event: 0.496 Loaded shared library C:\Program Files\Microsoft\jdk-17.0.8.7-hotspot\bin\management_ext.dll
Event: 5.142 Loaded shared library C:\Program Files\Microsoft\jdk-17.0.8.7-hotspot\bin\sunmscapi.dll

Deoptimization events (20 events):
Event: 5.139 Thread 0x000001d0de081980 Uncommon trap: trap_request=0xffffffc6 fr.pc=0x000001d0ed6d3d90 relative=0x0000000000000450
Event: 5.139 Thread 0x000001d0de081980 Uncommon trap: reason=bimorphic_or_optimized_type_check action=maybe_recompile pc=0x000001d0ed6d3d90 method=java.util.HashMap.getNode(Ljava/lang/Object;)Ljava/util/HashMap$Node; @ 128 c2
Event: 5.139 Thread 0x000001d0de081980 DEOPT PACKING pc=0x000001d0ed6d3d90 sp=0x00000063321fa740
Event: 5.139 Thread 0x000001d0de081980 DEOPT UNPACKING pc=0x000001d0ed0f69a3 sp=0x00000063321fa6b8 mode 2
Event: 5.162 Thread 0x000001d0de081980 Uncommon trap: trap_request=0xffffff45 fr.pc=0x000001d0ed6b0e9c relative=0x000000000000015c
Event: 5.162 Thread 0x000001d0de081980 Uncommon trap: reason=unstable_if action=reinterpret pc=0x000001d0ed6b0e9c method=java.lang.invoke.VarHandle.checkExactAccessMode(Ljava/lang/invoke/VarHandle$AccessDescriptor;)V @ 4 c2
Event: 5.162 Thread 0x000001d0de081980 DEOPT PACKING pc=0x000001d0ed6b0e9c sp=0x00000063321fc7b0
Event: 5.162 Thread 0x000001d0de081980 DEOPT UNPACKING pc=0x000001d0ed0f69a3 sp=0x00000063321fc6f0 mode 2
Event: 5.169 Thread 0x000001d0de081980 Uncommon trap: trap_request=0xffffff45 fr.pc=0x000001d0ed68d674 relative=0x0000000000000414
Event: 5.169 Thread 0x000001d0de081980 Uncommon trap: reason=unstable_if action=reinterpret pc=0x000001d0ed68d674 method=java.util.regex.Matcher.match(II)Z @ 76 c2
Event: 5.169 Thread 0x000001d0de081980 DEOPT PACKING pc=0x000001d0ed68d674 sp=0x00000063321fb990
Event: 5.169 Thread 0x000001d0de081980 DEOPT UNPACKING pc=0x000001d0ed0f69a3 sp=0x00000063321fb948 mode 2
Event: 50.010 Thread 0x000001d0de081980 Uncommon trap: trap_request=0xffffff45 fr.pc=0x000001d0ed6f9d1c relative=0x000000000000059c
Event: 50.010 Thread 0x000001d0de081980 Uncommon trap: reason=unstable_if action=reinterpret pc=0x000001d0ed6f9d1c method=com.esotericsoftware.kryo.io.Input.require(I)I @ 180 c2
Event: 50.010 Thread 0x000001d0de081980 DEOPT PACKING pc=0x000001d0ed6f9d1c sp=0x00000063321fc8f0
Event: 50.010 Thread 0x000001d0de081980 DEOPT UNPACKING pc=0x000001d0ed0f69a3 sp=0x00000063321fc6f0 mode 2
Event: 50.016 Thread 0x000001d0de081980 Uncommon trap: trap_request=0xffffff45 fr.pc=0x000001d0ed6ce6e4 relative=0x00000000000001c4
Event: 50.016 Thread 0x000001d0de081980 Uncommon trap: reason=unstable_if action=reinterpret pc=0x000001d0ed6ce6e4 method=java.net.URI$Parser.scan(IILjava/lang/String;)I @ 26 c2
Event: 50.016 Thread 0x000001d0de081980 DEOPT PACKING pc=0x000001d0ed6ce6e4 sp=0x00000063321fc700
Event: 50.016 Thread 0x000001d0de081980 DEOPT UNPACKING pc=0x000001d0ed0f69a3 sp=0x00000063321fc690 mode 2

Classes unloaded (0 events):
No events

Classes redefined (0 events):
No events

Internal exceptions (20 events):
Event: 0.405 Thread 0x000001d0de081980 Exception <a 'java/lang/NoSuchMethodError'{0x00000000ffe57b30}: 'java.lang.Object java.lang.invoke.DirectMethodHandle$Holder.invokeStatic(java.lang.Object, java.lang.Object, int)'> (0x00000000ffe57b30) 
thrown [s\src\hotspot\share\interpreter\linkResolver.cpp, line 759]
Event: 0.406 Thread 0x000001d0de081980 Exception <a 'java/lang/NoSuchMethodError'{0x00000000ffe63820}: 'void java.lang.invoke.DelegatingMethodHandle$Holder.delegate(java.lang.Object, java.lang.Object, int, java.lang.Object)'> (0x00000000ffe63820) 
thrown [s\src\hotspot\share\interpreter\linkResolver.cpp, line 759]
Event: 0.406 Thread 0x000001d0de081980 Exception <a 'java/lang/NoSuchMethodError'{0x00000000ffe679e8}: 'int java.lang.invoke.DirectMethodHandle$Holder.invokeSpecial(java.lang.Object, java.lang.Object, java.lang.Object)'> (0x00000000ffe679e8) 
thrown [s\src\hotspot\share\interpreter\linkResolver.cpp, line 759]
Event: 0.408 Thread 0x000001d0de081980 Exception <a 'java/lang/NoSuchMethodError'{0x00000000ffe7ad80}: 'java.lang.Object java.lang.invoke.Invokers$Holder.invokeExact_MT(java.lang.Object, java.lang.Object, java.lang.Object, java.lang.Object)'> (0x00000000ffe7ad80) 
thrown [s\src\hotspot\share\interpreter\linkResolver.cpp, line 759]
Event: 0.476 Thread 0x000001d0de081980 Exception <a 'java/lang/NoSuchMethodError'{0x00000000ff9bd998}: 'void java.lang.invoke.DirectMethodHandle$Holder.invokeSpecial(java.lang.Object, java.lang.Object, java.lang.Object)'> (0x00000000ff9bd998) 
thrown [s\src\hotspot\share\interpreter\linkResolver.cpp, line 759]
Event: 0.482 Thread 0x000001d0de081980 Implicit null exception at 0x000001d0ed69420a to 0x000001d0ed694724
Event: 0.482 Thread 0x000001d0de081980 Implicit null exception at 0x000001d0ed68128d to 0x000001d0ed6817a4
Event: 0.493 Thread 0x000001d0de081980 Exception <a 'java/lang/NoSuchMethodError'{0x00000000ff710b10}: 'java.lang.Object java.lang.invoke.DirectMethodHandle$Holder.invokeStaticInit(java.lang.Object)'> (0x00000000ff710b10) 
thrown [s\src\hotspot\share\interpreter\linkResolver.cpp, line 759]
Event: 0.548 Thread 0x000001d0de081980 Exception <a 'java/lang/NoSuchMethodError'{0x00000000ff4da248}: 'java.lang.Object java.lang.invoke.DirectMethodHandle$Holder.invokeStaticInit(java.lang.Object, int, int, int, int)'> (0x00000000ff4da248) 
thrown [s\src\hotspot\share\interpreter\linkResolver.cpp, line 759]
Event: 0.590 Thread 0x000001d0de081980 Exception <a 'java/lang/NoSuchMethodError'{0x00000000ff3c45a0}: 'java.lang.Object java.lang.invoke.DirectMethodHandle$Holder.invokeStaticInit(java.lang.Object, java.lang.Object, int, int, int, int)'> (0x00000000ff3c45a0) 
thrown [s\src\hotspot\share\interpreter\linkResolver.cpp, line 759]
Event: 0.672 Thread 0x000001d0de081980 Exception <a 'java/lang/NoSuchMethodError'{0x00000000ff3f2ab0}: 'void java.lang.invoke.DirectMethodHandle$Holder.invokeStatic(java.lang.Object, java.lang.Object, java.lang.Object)'> (0x00000000ff3f2ab0) 
thrown [s\src\hotspot\share\interpreter\linkResolver.cpp, line 759]
Event: 0.685 Thread 0x000001d0de081980 Implicit null exception at 0x000001d0ed6759f2 to 0x000001d0ed675fc0
Event: 0.685 Thread 0x000001d0de081980 Implicit null exception at 0x000001d0ed67f472 to 0x000001d0ed67fa50
Event: 3.983 Thread 0x000001d0fcb4bfd0 Exception <a 'java/lang/NoSuchMethodError'{0x00000000feaf2b70}: 'void java.lang.invoke.DirectMethodHandle$Holder.invokeStatic(java.lang.Object, long)'> (0x00000000feaf2b70) 
thrown [s\src\hotspot\share\interpreter\linkResolver.cpp, line 759]
Event: 3.983 Thread 0x000001d0fcb4bfd0 Exception <a 'java/lang/NoSuchMethodError'{0x00000000feaf84c8}: 'java.lang.Object java.lang.invoke.DirectMethodHandle$Holder.newInvokeSpecial(java.lang.Object, long)'> (0x00000000feaf84c8) 
thrown [s\src\hotspot\share\interpreter\linkResolver.cpp, line 759]
Event: 3.987 Thread 0x000001d0fcb4bfd0 Exception <a 'java/lang/NoSuchMethodError'{0x00000000fff03730}: 'java.lang.Object java.lang.invoke.DirectMethodHandle$Holder.invokeStaticInit(java.lang.Object, java.lang.Object, long, java.lang.Object)'> (0x00000000fff03730) 
thrown [s\src\hotspot\share\interpreter\linkResolver.cpp, line 759]
Event: 3.988 Thread 0x000001d0fcb4bfd0 Exception <a 'java/lang/NoSuchMethodError'{0x00000000fff09e40}: 'java.lang.Object java.lang.invoke.DirectMethodHandle$Holder.newInvokeSpecial(java.lang.Object, java.lang.Object, long)'> (0x00000000fff09e40) 
thrown [s\src\hotspot\share\interpreter\linkResolver.cpp, line 759]
Event: 3.988 Thread 0x000001d0fcb4bfd0 Exception <a 'java/lang/NoSuchMethodError'{0x00000000fff0e130}: 'java.lang.Object java.lang.invoke.Invokers$Holder.linkToTargetMethod(java.lang.Object, long, java.lang.Object)'> (0x00000000fff0e130) 
thrown [s\src\hotspot\share\interpreter\linkResolver.cpp, line 759]
Event: 50.010 Thread 0x000001d0de081980 Exception <a 'sun/net/ConnectionResetException'{0x00000000ffbf45a8}: Connection reset> (0x00000000ffbf45a8) 
thrown [s\src\hotspot\share\prims\jni.cpp, line 535]
Event: 50.015 Thread 0x000001d0de081980 Exception <a 'java/lang/NoSuchMethodError'{0x00000000ffa54d10}: 'int java.lang.invoke.DirectMethodHandle$Holder.invokeVirtual(java.lang.Object, java.lang.Object)'> (0x00000000ffa54d10) 
thrown [s\src\hotspot\share\interpreter\linkResolver.cpp, line 759]

VM Operations (20 events):
Event: 23.301 Executing VM operation: Cleanup
Event: 23.301 Executing VM operation: Cleanup done
Event: 24.310 Executing VM operation: Cleanup
Event: 24.310 Executing VM operation: Cleanup done
Event: 25.319 Executing VM operation: Cleanup
Event: 25.319 Executing VM operation: Cleanup done
Event: 26.321 Executing VM operation: Cleanup
Event: 26.322 Executing VM operation: Cleanup done
Event: 32.363 Executing VM operation: Cleanup
Event: 32.363 Executing VM operation: Cleanup done
Event: 34.386 Executing VM operation: Cleanup
Event: 34.386 Executing VM operation: Cleanup done
Event: 39.442 Executing VM operation: Cleanup
Event: 39.442 Executing VM operation: Cleanup done
Event: 40.457 Executing VM operation: Cleanup
Event: 40.457 Executing VM operation: Cleanup done
Event: 41.471 Executing VM operation: Cleanup
Event: 41.471 Executing VM operation: Cleanup done
Event: 49.541 Executing VM operation: Cleanup
Event: 49.541 Executing VM operation: Cleanup done

Events (20 events):
Event: 39.145 loading class jdk/internal/logger/LazyLoggers$LazyLoggerFactories
Event: 39.145 loading class jdk/internal/logger/LazyLoggers$LazyLoggerFactories done
Event: 39.146 loading class jdk/internal/logger/LoggerFinderLoader
Event: 39.146 loading class jdk/internal/logger/LoggerFinderLoader done
Event: 39.146 loading class sun/util/logging/internal/LoggingProviderImpl$JULWrapper
Event: 39.146 loading class sun/util/logging/PlatformLogger$ConfigurableBridge$LoggerConfiguration
Event: 39.146 loading class sun/util/logging/PlatformLogger$ConfigurableBridge$LoggerConfiguration done
Event: 39.146 loading class sun/util/logging/internal/LoggingProviderImpl$JULWrapper done
Event: 39.147 loading class java/io/ObjectInputFilter
Event: 39.147 loading class java/io/ObjectInputFilter done
Event: 39.147 loading class java/io/ObjectInputFilter$Config$BuiltinFilterFactory
Event: 39.147 loading class java/io/ObjectInputFilter$Config$BuiltinFilterFactory done
Event: 39.147 loading class jdk/internal/access/JavaObjectInputFilterAccess
Event: 39.148 loading class jdk/internal/access/JavaObjectInputFilterAccess done
Event: 39.150 loading class java/lang/System$Logger$Level
Event: 39.150 loading class java/lang/System$Logger$Level done
Event: 39.150 loading class java/io/Bits
Event: 39.150 loading class java/io/Bits done
Event: 50.010 loading class sun/net/ConnectionResetException
Event: 50.010 loading class sun/net/ConnectionResetException done


Dynamic libraries:
0x00007ff6346f0000 - 0x00007ff6346fe000 	C:\Program Files\Microsoft\jdk-17.0.8.7-hotspot\bin\java.exe
0x00007ff9a2670000 - 0x00007ff9a2887000 	C:\WINDOWS\SYSTEM32\ntdll.dll
0x00007ff9a08b0000 - 0x00007ff9a0974000 	C:\WINDOWS\System32\KERNEL32.DLL
0x00007ff99fef0000 - 0x00007ff9a0296000 	C:\WINDOWS\System32\KERNELBASE.dll
0x00007ff9a02a0000 - 0x00007ff9a03b1000 	C:\WINDOWS\System32\ucrtbase.dll
0x00007ff99aa10000 - 0x00007ff99aa27000 	C:\Program Files\Microsoft\jdk-17.0.8.7-hotspot\bin\jli.dll
0x00007ff999130000 - 0x00007ff99914b000 	C:\Program Files\Microsoft\jdk-17.0.8.7-hotspot\bin\VCRUNTIME140.dll
0x00007ff9a1150000 - 0x00007ff9a12fe000 	C:\WINDOWS\System32\USER32.dll
0x00007ff99fcf0000 - 0x00007ff99fd16000 	C:\WINDOWS\System32\win32u.dll
0x00007ff98e660000 - 0x00007ff98e8f3000 	C:\WINDOWS\WinSxS\amd64_microsoft.windows.common-controls_6595b64144ccf1df_6.0.22621.2506_none_270c5ae97388e100\COMCTL32.dll
0x00007ff9a19a0000 - 0x00007ff9a19c9000 	C:\WINDOWS\System32\GDI32.dll
0x00007ff9a0d40000 - 0x00007ff9a0de7000 	C:\WINDOWS\System32\msvcrt.dll
0x00007ff99fd50000 - 0x00007ff99fe68000 	C:\WINDOWS\System32\gdi32full.dll
0x00007ff99fa20000 - 0x00007ff99faba000 	C:\WINDOWS\System32\msvcp_win.dll
0x00007ff9a1b10000 - 0x00007ff9a1b41000 	C:\WINDOWS\System32\IMM32.DLL
0x00007ff99c7b0000 - 0x00007ff99c7bc000 	C:\Program Files\Microsoft\jdk-17.0.8.7-hotspot\bin\vcruntime140_1.dll
0x00007ff98f190000 - 0x00007ff98f21d000 	C:\Program Files\Microsoft\jdk-17.0.8.7-hotspot\bin\msvcp140.dll
0x00007ff95e310000 - 0x00007ff95ef75000 	C:\Program Files\Microsoft\jdk-17.0.8.7-hotspot\bin\server\jvm.dll
0x00007ff9a1740000 - 0x00007ff9a17f3000 	C:\WINDOWS\System32\ADVAPI32.dll
0x00007ff9a0a30000 - 0x00007ff9a0ad8000 	C:\WINDOWS\System32\sechost.dll
0x00007ff99fd20000 - 0x00007ff99fd48000 	C:\WINDOWS\System32\bcrypt.dll
0x00007ff9a2510000 - 0x00007ff9a2627000 	C:\WINDOWS\System32\RPCRT4.dll
0x00007ff999120000 - 0x00007ff999129000 	C:\WINDOWS\SYSTEM32\WSOCK32.dll
0x00007ff99f880000 - 0x00007ff99f8cd000 	C:\WINDOWS\SYSTEM32\POWRPROF.dll
0x00007ff9a0be0000 - 0x00007ff9a0c51000 	C:\WINDOWS\System32\WS2_32.dll
0x00007ff997600000 - 0x00007ff997634000 	C:\WINDOWS\SYSTEM32\WINMM.dll
0x00007ff9969e0000 - 0x00007ff9969ea000 	C:\WINDOWS\SYSTEM32\VERSION.dll
0x00007ff99f860000 - 0x00007ff99f873000 	C:\WINDOWS\SYSTEM32\UMPDC.dll
0x00007ff99e9f0000 - 0x00007ff99ea08000 	C:\WINDOWS\SYSTEM32\kernel.appcore.dll
0x00007ff997a40000 - 0x00007ff997a4a000 	C:\Program Files\Microsoft\jdk-17.0.8.7-hotspot\bin\jimage.dll
0x00007ff99d410000 - 0x00007ff99d643000 	C:\WINDOWS\SYSTEM32\DBGHELP.DLL
0x00007ff9a13b0000 - 0x00007ff9a1739000 	C:\WINDOWS\System32\combase.dll
0x00007ff9a0c60000 - 0x00007ff9a0d37000 	C:\WINDOWS\System32\OLEAUT32.dll
0x00007ff986280000 - 0x00007ff9862b2000 	C:\WINDOWS\SYSTEM32\dbgcore.DLL
0x00007ff99fe70000 - 0x00007ff99feea000 	C:\WINDOWS\System32\bcryptPrimitives.dll
0x00007ff991ce0000 - 0x00007ff991d05000 	C:\Program Files\Microsoft\jdk-17.0.8.7-hotspot\bin\java.dll
0x00007ff98f0b0000 - 0x00007ff98f187000 	C:\Program Files\Microsoft\jdk-17.0.8.7-hotspot\bin\jsvml.dll
0x00007ff9a1b50000 - 0x00007ff9a23ab000 	C:\WINDOWS\System32\SHELL32.dll
0x00007ff99d910000 - 0x00007ff99e206000 	C:\WINDOWS\SYSTEM32\windows.storage.dll
0x00007ff99d7d0000 - 0x00007ff99d90e000 	C:\WINDOWS\SYSTEM32\wintypes.dll
0x00007ff9a2410000 - 0x00007ff9a2503000 	C:\WINDOWS\System32\SHCORE.dll
0x00007ff9a03c0000 - 0x00007ff9a041e000 	C:\WINDOWS\System32\shlwapi.dll
0x00007ff99f8e0000 - 0x00007ff99f906000 	C:\WINDOWS\SYSTEM32\profapi.dll
0x00007ff991c90000 - 0x00007ff991ca9000 	C:\Program Files\Microsoft\jdk-17.0.8.7-hotspot\bin\net.dll
0x00007ff999180000 - 0x00007ff9992b7000 	C:\WINDOWS\SYSTEM32\WINHTTP.dll
0x00007ff99ee70000 - 0x00007ff99eed9000 	C:\WINDOWS\system32\mswsock.dll
0x00007ff9901b0000 - 0x00007ff9901c6000 	C:\Program Files\Microsoft\jdk-17.0.8.7-hotspot\bin\nio.dll
0x00007ff990190000 - 0x00007ff9901a8000 	C:\Program Files\Microsoft\jdk-17.0.8.7-hotspot\bin\zip.dll
0x00007ff9920f0000 - 0x00007ff992100000 	C:\Program Files\Microsoft\jdk-17.0.8.7-hotspot\bin\verify.dll
0x00007ff990160000 - 0x00007ff990187000 	C:\Users\Dhruvil Prajapati\.gradle\native\68d5fa5c4cc2d200863cafc0d521ce42e7d3e7ee720ec0a83991735586a16f82\windows-amd64\native-platform.dll
0x00007ff991cd0000 - 0x00007ff991cd9000 	C:\Program Files\Microsoft\jdk-17.0.8.7-hotspot\bin\management.dll
0x00007ff98fe50000 - 0x00007ff98fe5b000 	C:\Program Files\Microsoft\jdk-17.0.8.7-hotspot\bin\management_ext.dll
0x00007ff9a1a30000 - 0x00007ff9a1a38000 	C:\WINDOWS\System32\PSAPI.DLL
0x00007ff99f0d0000 - 0x00007ff99f0eb000 	C:\WINDOWS\SYSTEM32\CRYPTSP.dll
0x00007ff99e950000 - 0x00007ff99e985000 	C:\WINDOWS\system32\rsaenh.dll
0x00007ff99ef60000 - 0x00007ff99ef8c000 	C:\WINDOWS\SYSTEM32\USERENV.dll
0x00007ff99f0c0000 - 0x00007ff99f0cc000 	C:\WINDOWS\SYSTEM32\CRYPTBASE.dll
0x00007ff99e470000 - 0x00007ff99e49d000 	C:\WINDOWS\SYSTEM32\IPHLPAPI.DLL
0x00007ff9a0e20000 - 0x00007ff9a0e29000 	C:\WINDOWS\System32\NSI.dll
0x00007ff998dc0000 - 0x00007ff998dd9000 	C:\WINDOWS\SYSTEM32\dhcpcsvc6.DLL
0x00007ff998da0000 - 0x00007ff998dbf000 	C:\WINDOWS\SYSTEM32\dhcpcsvc.DLL
0x00007ff99e4e0000 - 0x00007ff99e5d9000 	C:\WINDOWS\SYSTEM32\DNSAPI.dll
0x00007ff98fe30000 - 0x00007ff98fe3e000 	C:\Program Files\Microsoft\jdk-17.0.8.7-hotspot\bin\sunmscapi.dll
0x00007ff99fac0000 - 0x00007ff99fc26000 	C:\WINDOWS\System32\CRYPT32.dll
0x00007ff99f280000 - 0x00007ff99f2ae000 	C:\WINDOWS\SYSTEM32\ncrypt.dll
0x00007ff99f240000 - 0x00007ff99f277000 	C:\WINDOWS\SYSTEM32\NTASN1.dll
0x00007ff97c7b0000 - 0x00007ff97c7b8000 	C:\WINDOWS\system32\wshunix.dll

dbghelp: loaded successfully - version: 4.0.5 - missing functions: none
symbol engine: initialized successfully - sym options: 0x614 - pdb path: .;C:\Program Files\Microsoft\jdk-17.0.8.7-hotspot\bin;C:\WINDOWS\SYSTEM32;C:\WINDOWS\WinSxS\amd64_microsoft.windows.common-controls_6595b64144ccf1df_6.0.22621.2506_none_270c5ae97388e100;C:\Program Files\Microsoft\jdk-17.0.8.7-hotspot\bin\server;C:\Users\Dhruvil Prajapati\.gradle\native\68d5fa5c4cc2d200863cafc0d521ce42e7d3e7ee720ec0a83991735586a16f82\windows-amd64

VM Arguments:
jvm_args: -Xmx64m -Xms64m -Dorg.gradle.appname=gradlew 
java_command: org.gradle.wrapper.GradleWrapperMain app:installDebug -PreactNativeDevServerPort=8081
java_class_path (initial): D:\Dolphin_Project\Get_Otp_Demo\android\\gradle\wrapper\gradle-wrapper.jar
Launcher Type: SUN_STANDARD

[Global flags]
     intx CICompilerCount                          = 4                                         {product} {ergonomic}
     uint ConcGCThreads                            = 3                                         {product} {ergonomic}
     uint G1ConcRefinementThreads                  = 10                                        {product} {ergonomic}
   size_t G1HeapRegionSize                         = 1048576                                   {product} {ergonomic}
    uintx GCDrainStackTargetSize                   = 64                                        {product} {ergonomic}
   size_t InitialHeapSize                          = 67108864                                  {product} {command line}
   size_t MarkStackSize                            = 4194304                                   {product} {ergonomic}
   size_t MaxHeapSize                              = 67108864                                  {product} {command line}
   size_t MaxNewSize                               = 39845888                                  {product} {ergonomic}
   size_t MinHeapDeltaBytes                        = 1048576                                   {product} {ergonomic}
   size_t MinHeapSize                              = 67108864                                  {product} {command line}
    uintx NonNMethodCodeHeapSize                   = 5839372                                {pd product} {ergonomic}
    uintx NonProfiledCodeHeapSize                  = 122909434                              {pd product} {ergonomic}
    uintx ProfiledCodeHeapSize                     = 122909434                              {pd product} {ergonomic}
    uintx ReservedCodeCacheSize                    = 251658240                              {pd product} {ergonomic}
     bool SegmentedCodeCache                       = true                                      {product} {ergonomic}
   size_t SoftMaxHeapSize                          = 67108864                               {manageable} {ergonomic}
     bool UseCompressedClassPointers               = true                           {product lp64_product} {ergonomic}
     bool UseCompressedOops                        = true                           {product lp64_product} {ergonomic}
     bool UseG1GC                                  = true                                      {product} {ergonomic}
     bool UseLargePagesIndividualAllocation        = false                                  {pd product} {ergonomic}

Logging:
Log output configuration:
 #0: stdout all=warning uptime,level,tags
 #1: stderr all=off uptime,level,tags

Environment Variables:
JAVA_HOME=C:\Program Files\Microsoft\jdk-17.0.8.7-hotspot\
CLASSPATH=D:\Dolphin_Project\Get_Otp_Demo\android\\gradle\wrapper\gradle-wrapper.jar
PATH=D:\Dolphin_Project\Get_Otp_Demo\node_modules\.bin;D:\Dolphin_Project\Get_Otp_Demo\node_modules\.bin;D:\Dolphin_Project\node_modules\.bin;D:\node_modules\.bin;C:\Program Files\nodejs\node_modules\npm\node_modules\@npmcli\run-script\lib\node-gyp-bin;D:\Dolphin_Project\Get_Otp_Demo\node_modules\.bin;D:\Dolphin_Project\Get_Otp_Demo\node_modules\.bin;D:\Dolphin_Project\node_modules\.bin;D:\node_modules\.bin;C:\Program Files\nodejs\node_modules\npm\node_modules\@npmcli\run-script\lib\node-gyp-bin;C:\Program Files\Microsoft\jdk-17.0.8.7-hotspot\bin;C:\Python312\Scripts\;C:\Python312\;C:\Program Files (x86)\VMware\VMware Workstation\bin\;C:\Windows\system32;C:\Windows;C:\Windows\System32\Wbem;C:\Windows\System32\WindowsPowerShell\v1.0\;C:\Windows\System32\OpenSSH\;C:\Program Files (x86)\NVIDIA Corporation\PhysX\Common;C:\Program Files\NVIDIA Corporation\NVIDIA NvDLISR;C:\Program Files\Java\jdk1.8.0_202\bin;C:\Program Files\Git\cmd;C:\ProgramData\chocolatey\bin;C:\Users\Dhruvil Prajapati\AppData\Local\Android\Sdk\platform-tools;;C:\WINDOWS\system32;C:\WINDOWS;C:\WINDOWS\System32\Wbem;C:\WINDOWS\System32\WindowsPowerShell\v1.0\;C:\WINDOWS\System32\OpenSSH\;C:\Program Files\nodejs\;C:\Users\Dhruvil Prajapati\AppData\Local\Programs\Python\Python311\Scripts\;C:\Users\Dhruvil Prajapati\AppData\Local\Programs\Python\Python311\;C:\Users\Dhruvil Prajapati\AppData\Local\Microsoft\WindowsApps;C:\Program Files\dart-sdk\bin;C:\Users\Dhruvil Prajapati\AppData\Local\Programs\Microsoft VS Code\bin;C:\Users\Dhruvil Prajapati\Desktop\mobile app\Sem 2\flutter\bin;C:\Users\Dhruvil Prajapati\AppData\Local\Programs\mongosh\;C:\Users\Dhruvil Prajapati\Desktop\mobile app\Sem 2\Flutter\flutter\flutter_windows_3.7.12-stable\flutter\bin;C:\Users\Dhruvil Prajapati\AppData\Roaming\npm
USERNAME=Dhruvil Prajapati
LANG=en_US.UTF-8
OS=Windows_NT
PROCESSOR_IDENTIFIER=AMD64 Family 25 Model 80 Stepping 0, AuthenticAMD
TMP=C:\Users\DHRUVI~1\AppData\Local\Temp
TEMP=C:\Users\DHRUVI~1\AppData\Local\Temp



---------------  S Y S T E M  ---------------

OS:
 Windows 11 , 64 bit Build 22621 (10.0.22621.3085)
OS uptime: 5 days 22:39 hours

CPU: total 12 (initial active 12) (12 cores per cpu, 2 threads per core) family 25 model 80 stepping 0 microcode 0x0, cx8, cmov, fxsr, ht, mmx, 3dnowpref, sse, sse2, sse3, ssse3, sse4a, sse4.1, sse4.2, popcnt, lzcnt, tsc, tscinvbit, avx, avx2, aes, erms, clmul, bmi1, bmi2, adx, sha, fma, vzeroupper, clflush, clflushopt
Processor Information for processor 0
  Max Mhz: 3301, Current Mhz: 3301, Mhz Limit: 3301
Processor Information for processor 1
  Max Mhz: 3301, Current Mhz: 3301, Mhz Limit: 3301
Processor Information for processor 2
  Max Mhz: 3301, Current Mhz: 3301, Mhz Limit: 3301
Processor Information for processor 3
  Max Mhz: 3301, Current Mhz: 3301, Mhz Limit: 3301
Processor Information for processor 4
  Max Mhz: 3301, Current Mhz: 2630, Mhz Limit: 3301
Processor Information for processor 5
  Max Mhz: 3301, Current Mhz: 3301, Mhz Limit: 3301
Processor Information for processor 6
  Max Mhz: 3301, Current Mhz: 3301, Mhz Limit: 3301
Processor Information for processor 7
  Max Mhz: 3301, Current Mhz: 2630, Mhz Limit: 3301
Processor Information for processor 8
  Max Mhz: 3301, Current Mhz: 2630, Mhz Limit: 3301
Processor Information for processor 9
  Max Mhz: 3301, Current Mhz: 2630, Mhz Limit: 3301
Processor Information for processor 10
  Max Mhz: 3301, Current Mhz: 3301, Mhz Limit: 3301
Processor Information for processor 11
  Max Mhz: 3301, Current Mhz: 3301, Mhz Limit: 3301

Memory: 4k page, system-wide physical 15724M (2020M free)
TotalPageFile size 19820M (AvailPageFile size 4M)
current process WorkingSet (physical memory assigned to process): 97M, peak: 101M
current process commit charge ("private bytes"): 170M, peak: 175M

vm_info: OpenJDK 64-Bit Server VM (17.0.8+7-LTS) for windows-amd64 JRE (17.0.8+7-LTS), built on Jul  7 2023 17:21:55 by "MicrosoftCorporation" with MS VC++ 16.10 / 16.11 (VS2019)

END.
