#
# There is insufficient memory for the Java Runtime Environment to continue.
# Native memory allocation (malloc) failed to allocate 1067456 bytes for Chunk::new
# Possible reasons:
#   The system is out of physical RAM or swap space
#   The process is running with CompressedOops enabled, and the Java Heap may be blocking the growth of the native heap
# Possible solutions:
#   Reduce memory load on the system
#   Increase physical memory or swap space
#   Check if swap backing store is full
#   Decrease Java heap size (-Xmx/-Xms)
#   Decrease number of Java threads
#   Decrease Java thread stack sizes (-Xss)
#   Set larger code cache with -XX:ReservedCodeCacheSize=
#   JVM is running with Unscaled Compressed Oops mode in which the Java heap is
#     placed in the first 4GB address space. The Java Heap base address is the
#     maximum limit for the native heap growth. Please use -XX:HeapBaseMinAddress
#     to set the Java Heap base and to place the Java Heap above 4GB virtual address.
# This output file may be truncated or incomplete.
#
#  Out of Memory Error (arena.cpp:189), pid=320, tid=13740
#
# JRE version: OpenJDK Runtime Environment (17.0.7) (build 17.0.7+0-b2043.56-10550314)
# Java VM: OpenJDK 64-Bit Server VM (17.0.7+0-b2043.56-10550314, mixed mode, tiered, compressed oops, compressed class ptrs, g1 gc, windows-amd64)
# No core dump will be written. Minidumps are not enabled by default on client versions of Windows
#

---------------  S U M M A R Y ------------

Command Line: -XX:MaxMetaspaceSize=512m --add-opens=java.base/java.util=ALL-UNNAMED --add-opens=java.base/java.lang=ALL-UNNAMED --add-opens=java.base/java.lang.invoke=ALL-UNNAMED --add-opens=java.prefs/java.util.prefs=ALL-UNNAMED --add-opens=java.base/java.nio.charset=ALL-UNNAMED --add-opens=java.base/java.net=ALL-UNNAMED --add-opens=java.base/java.util.concurrent.atomic=ALL-UNNAMED -Xmx2048m -Dfile.encoding=windows-1252 -Duser.country=US -Duser.language=en -Duser.variant -javaagent:C:\Users\Dhruvil Prajapati\.gradle\wrapper\dists\gradle-8.3-all\6en3ugtfdg5xnpx44z4qbwgas\gradle-8.3\lib\agents\gradle-instrumentation-agent-8.3.jar org.gradle.launcher.daemon.bootstrap.GradleDaemon 8.3

Host: AMD Ryzen 5 5600H with Radeon Graphics         , 12 cores, 15G,  Windows 11 , 64 bit Build 22621 (10.0.22621.3085)
Time: Wed Feb 14 10:25:40 2024 India Standard Time elapsed time: 7.575153 seconds (0d 0h 0m 7s)

---------------  T H R E A D  ---------------

Current thread (0x000001f3468bab70):  JavaThread "C2 CompilerThread1" daemon [_thread_in_native, id=13740, stack(0x000000be51800000,0x000000be51900000)]


Current CompileTask:
C2:   7575 7524       4       java.lang.String::split (327 bytes)

Stack: [0x000000be51800000,0x000000be51900000]
Native frames: (J=compiled Java code, j=interpreted, Vv=VM code, C=native code)
V  [jvm.dll+0x683bfa]
V  [jvm.dll+0x8430a4]
V  [jvm.dll+0x8449be]
V  [jvm.dll+0x845023]
V  [jvm.dll+0x24ad2f]
V  [jvm.dll+0xac25c]
V  [jvm.dll+0xac82c]
V  [jvm.dll+0x36a187]
V  [jvm.dll+0x1be138]
V  [jvm.dll+0x21d3a9]
V  [jvm.dll+0x21c671]
V  [jvm.dll+0x1a605d]
V  [jvm.dll+0x22c148]
V  [jvm.dll+0x22a209]
V  [jvm.dll+0x7f858c]
V  [jvm.dll+0x7f2aea]
V  [jvm.dll+0x682a35]
C  [ucrtbase.dll+0x29363]
C  [KERNEL32.DLL+0x1257d]
C  [ntdll.dll+0x5aa58]


---------------  P R O C E S S  ---------------

Threads class SMR info:
_java_thread_list=0x000001f346151bd0, length=79, elements={
0x000001f327724530, 0x000001f341b53120, 0x000001f341b53ca0, 0x000001f341bba6d0,
0x000001f341bbbfa0, 0x000001f341bbc860, 0x000001f341bbd120, 0x000001f341bbdd10,
0x000001f341bc1b10, 0x000001f341bc2410, 0x000001f341caaea0, 0x000001f341e8c490,
0x000001f346e8dcb0, 0x000001f347897a20, 0x000001f34801caf0, 0x000001f348e84b00,
0x000001f346d4e7a0, 0x000001f34833e900, 0x000001f347bd8740, 0x000001f348c82c90,
0x000001f348c85cb0, 0x000001f348c83fd0, 0x000001f348c84970, 0x000001f348c84e40,
0x000001f348c85310, 0x000001f348c857e0, 0x000001f348c86180, 0x000001f348c83b00,
0x000001f348c844a0, 0x000001f348c827c0, 0x000001f348c83630, 0x000001f34a93c200,
0x000001f34a93e3b0, 0x000001f34a93dee0, 0x000001f34a93e880, 0x000001f34a93bd30,
0x000001f34a93b860, 0x000001f34a93d540, 0x000001f34a93cba0, 0x000001f3468bab70,
0x000001f3468bbfb0, 0x000001f34a93d070, 0x000001f34a93da10, 0x000001f34b438ec0,
0x000001f34b438520, 0x000001f34b4389f0, 0x000001f34b439d30, 0x000001f34b439390,
0x000001f34b437b80, 0x000001f34b439860, 0x000001f34b436840, 0x000001f34b436d10,
0x000001f34b4371e0, 0x000001f34ade1970, 0x000001f34ade0160, 0x000001f34ade0630,
0x000001f34ade4e60, 0x000001f34ade3650, 0x000001f34ade0fd0, 0x000001f34ade1e40,
0x000001f34adde950, 0x000001f34ade5330, 0x000001f34addee20, 0x000001f34addf2f0,
0x000001f34adddae0, 0x000001f34ade27e0, 0x000001f34ade0b00, 0x000001f34ade14a0,
0x000001f34addfc90, 0x000001f34ade2310, 0x000001f34ade2cb0, 0x000001f34ade3180,
0x000001f34ade3b20, 0x000001f34ade3ff0, 0x000001f34ade44c0, 0x000001f34ade4990,
0x000001f34c452f30, 0x000001f34c451bf0, 0x000001f34c4503e0
}

Java Threads: ( => current thread )
  0x000001f327724530 JavaThread "main" [_thread_blocked, id=17028, stack(0x000000be50500000,0x000000be50600000)]
  0x000001f341b53120 JavaThread "Reference Handler" daemon [_thread_blocked, id=19552, stack(0x000000be50c00000,0x000000be50d00000)]
  0x000001f341b53ca0 JavaThread "Finalizer" daemon [_thread_blocked, id=9876, stack(0x000000be50d00000,0x000000be50e00000)]
  0x000001f341bba6d0 JavaThread "Signal Dispatcher" daemon [_thread_blocked, id=16220, stack(0x000000be50e00000,0x000000be50f00000)]
  0x000001f341bbbfa0 JavaThread "Attach Listener" daemon [_thread_blocked, id=16252, stack(0x000000be50f00000,0x000000be51000000)]
  0x000001f341bbc860 JavaThread "Service Thread" daemon [_thread_blocked, id=8532, stack(0x000000be51000000,0x000000be51100000)]
  0x000001f341bbd120 JavaThread "Monitor Deflation Thread" daemon [_thread_blocked, id=17280, stack(0x000000be51100000,0x000000be51200000)]
  0x000001f341bbdd10 JavaThread "C2 CompilerThread0" daemon [_thread_in_native, id=9124, stack(0x000000be51200000,0x000000be51300000)]
  0x000001f341bc1b10 JavaThread "C1 CompilerThread0" daemon [_thread_in_native, id=4132, stack(0x000000be51300000,0x000000be51400000)]
  0x000001f341bc2410 JavaThread "Sweeper thread" daemon [_thread_blocked, id=1420, stack(0x000000be51400000,0x000000be51500000)]
  0x000001f341caaea0 JavaThread "Common-Cleaner" daemon [_thread_blocked, id=9488, stack(0x000000be51500000,0x000000be51600000)]
  0x000001f341e8c490 JavaThread "Notification Thread" daemon [_thread_blocked, id=12372, stack(0x000000be51600000,0x000000be51700000)]
  0x000001f346e8dcb0 JavaThread "Daemon health stats" [_thread_blocked, id=18024, stack(0x000000be51e00000,0x000000be51f00000)]
  0x000001f347897a20 JavaThread "Incoming local TCP Connector on port 54314" [_thread_in_native, id=20192, stack(0x000000be51f00000,0x000000be52000000)]
  0x000001f34801caf0 JavaThread "Daemon periodic checks" [_thread_blocked, id=2908, stack(0x000000be52000000,0x000000be52100000)]
  0x000001f348e84b00 JavaThread "Daemon" [_thread_blocked, id=12632, stack(0x000000be52100000,0x000000be52200000)]
  0x000001f346d4e7a0 JavaThread "Handler for socket connection from /127.0.0.1:54314 to /127.0.0.1:54315" [_thread_in_native, id=8252, stack(0x000000be52200000,0x000000be52300000)]
  0x000001f34833e900 JavaThread "Cancel handler" [_thread_blocked, id=10892, stack(0x000000be52300000,0x000000be52400000)]
  0x000001f347bd8740 JavaThread "Daemon worker" [_thread_in_Java, id=13264, stack(0x000000be52400000,0x000000be52500000)]
  0x000001f348c82c90 JavaThread "Asynchronous log dispatcher for DefaultDaemonConnection: socket connection from /127.0.0.1:54314 to /127.0.0.1:54315" [_thread_blocked, id=4392, stack(0x000000be52500000,0x000000be52600000)]
  0x000001f348c85cb0 JavaThread "Stdin handler" [_thread_blocked, id=6112, stack(0x000000be52600000,0x000000be52700000)]
  0x000001f348c83fd0 JavaThread "Daemon client event forwarder" [_thread_blocked, id=18912, stack(0x000000be52700000,0x000000be52800000)]
  0x000001f348c84970 JavaThread "Cache worker for journal cache (C:\Users\Dhruvil Prajapati\.gradle\caches\journal-1)" [_thread_blocked, id=13692, stack(0x000000be52f00000,0x000000be53000000)]
  0x000001f348c84e40 JavaThread "File lock request listener" [_thread_in_native, id=8924, stack(0x000000be53000000,0x000000be53100000)]
  0x000001f348c85310 JavaThread "Cache worker for file hash cache (C:\Users\Dhruvil Prajapati\.gradle\caches\8.3\fileHashes)" [_thread_blocked, id=19044, stack(0x000000be53100000,0x000000be53200000)]
  0x000001f348c857e0 JavaThread "File watcher server" daemon [_thread_in_native, id=15160, stack(0x000000be53200000,0x000000be53300000)]
  0x000001f348c86180 JavaThread "File watcher consumer" daemon [_thread_blocked, id=14980, stack(0x000000be53300000,0x000000be53400000)]
  0x000001f348c83b00 JavaThread "Cache worker for checksums cache (D:\Dolphin_Project\Get_Otp_Demo\android\.gradle\8.3\checksums)" [_thread_blocked, id=16148, stack(0x000000be53400000,0x000000be53500000)]
  0x000001f348c844a0 JavaThread "Cache worker for file hash cache (D:\Dolphin_Project\Get_Otp_Demo\android\.gradle\8.3\fileHashes)" [_thread_blocked, id=15176, stack(0x000000be53500000,0x000000be53600000)]
  0x000001f348c827c0 JavaThread "Cache worker for cache directory md-supplier (C:\Users\Dhruvil Prajapati\.gradle\caches\8.3\md-supplier)" [_thread_blocked, id=18824, stack(0x000000be53600000,0x000000be53700000)]
  0x000001f348c83630 JavaThread "Cache worker for file content cache (C:\Users\Dhruvil Prajapati\.gradle\caches\8.3\fileContent)" [_thread_blocked, id=12112, stack(0x000000be53700000,0x000000be53800000)]
  0x000001f34a93c200 JavaThread "Cache worker for cache directory md-rule (C:\Users\Dhruvil Prajapati\.gradle\caches\8.3\md-rule)" [_thread_blocked, id=11440, stack(0x000000be53800000,0x000000be53900000)]
  0x000001f34a93e3b0 JavaThread "Cache worker for execution history cache (C:\Users\Dhruvil Prajapati\.gradle\caches\8.3\executionHistory)" [_thread_blocked, id=9832, stack(0x000000be53900000,0x000000be53a00000)]
  0x000001f34a93dee0 JavaThread "jar transforms" [_thread_blocked, id=6168, stack(0x000000be53b00000,0x000000be53c00000)]
  0x000001f34a93e880 JavaThread "jar transforms Thread 2" [_thread_blocked, id=13840, stack(0x000000be53c00000,0x000000be53d00000)]
  0x000001f34a93bd30 JavaThread "jar transforms Thread 3" [_thread_blocked, id=13200, stack(0x000000be53d00000,0x000000be53e00000)]
  0x000001f34a93b860 JavaThread "jar transforms Thread 4" [_thread_blocked, id=5548, stack(0x000000be53e00000,0x000000be53f00000)]
  0x000001f34a93d540 JavaThread "jar transforms Thread 5" [_thread_blocked, id=15408, stack(0x000000be53f00000,0x000000be54000000)]
  0x000001f34a93cba0 JavaThread "jar transforms Thread 6" [_thread_blocked, id=14040, stack(0x000000be54000000,0x000000be54100000)]
=>0x000001f3468bab70 JavaThread "C2 CompilerThread1" daemon [_thread_in_native, id=13740, stack(0x000000be51800000,0x000000be51900000)]
  0x000001f3468bbfb0 JavaThread "C2 CompilerThread2" daemon [_thread_in_native, id=3436, stack(0x000000be51900000,0x000000be51a00000)]
  0x000001f34a93d070 JavaThread "Cache worker for kotlin-dsl (C:\Users\Dhruvil Prajapati\.gradle\caches\8.3\kotlin-dsl)" [_thread_blocked, id=15196, stack(0x000000be54100000,0x000000be54200000)]
  0x000001f34a93da10 JavaThread "jar transforms Thread 7" [_thread_blocked, id=14760, stack(0x000000be54200000,0x000000be54300000)]
  0x000001f34b438ec0 JavaThread "jar transforms Thread 8" [_thread_blocked, id=20472, stack(0x000000be54300000,0x000000be54400000)]
  0x000001f34b438520 JavaThread "Unconstrained build operations" [_thread_blocked, id=15356, stack(0x000000be54400000,0x000000be54500000)]
  0x000001f34b4389f0 JavaThread "Unconstrained build operations Thread 2" [_thread_blocked, id=19240, stack(0x000000be54500000,0x000000be54600000)]
  0x000001f34b439d30 JavaThread "jar transforms Thread 9" [_thread_blocked, id=7132, stack(0x000000be54600000,0x000000be54700000)]
  0x000001f34b439390 JavaThread "jar transforms Thread 10" [_thread_blocked, id=10196, stack(0x000000be54700000,0x000000be54800000)]
  0x000001f34b437b80 JavaThread "jar transforms Thread 11" [_thread_blocked, id=17984, stack(0x000000be54800000,0x000000be54900000)]
  0x000001f34b439860 JavaThread "jar transforms Thread 12" [_thread_blocked, id=15256, stack(0x000000be54900000,0x000000be54a00000)]
  0x000001f34b436840 JavaThread "Cache worker for dependencies-accessors (D:\Dolphin_Project\Get_Otp_Demo\android\.gradle\8.3\dependencies-accessors)" [_thread_blocked, id=14736, stack(0x000000be54a00000,0x000000be54b00000)]
  0x000001f34b436d10 JavaThread "Cache worker for Build Output Cleanup Cache (D:\Dolphin_Project\Get_Otp_Demo\node_modules\@react-native\gradle-plugin\.gradle\buildOutputCleanup)" [_thread_blocked, id=6852, stack(0x000000be54b00000,0x000000be54c00000)]
  0x000001f34b4371e0 JavaThread "Unconstrained build operations Thread 3" [_thread_blocked, id=5216, stack(0x000000be54c00000,0x000000be54d00000)]
  0x000001f34ade1970 JavaThread "Unconstrained build operations Thread 4" [_thread_blocked, id=8744, stack(0x000000be54d00000,0x000000be54e00000)]
  0x000001f34ade0160 JavaThread "Unconstrained build operations Thread 5" [_thread_blocked, id=14964, stack(0x000000be54e00000,0x000000be54f00000)]
  0x000001f34ade0630 JavaThread "Unconstrained build operations Thread 6" [_thread_blocked, id=4296, stack(0x000000be54f00000,0x000000be55000000)]
  0x000001f34ade4e60 JavaThread "Unconstrained build operations Thread 7" [_thread_blocked, id=5148, stack(0x000000be55000000,0x000000be55100000)]
  0x000001f34ade3650 JavaThread "Unconstrained build operations Thread 8" [_thread_blocked, id=3368, stack(0x000000be55100000,0x000000be55200000)]
  0x000001f34ade0fd0 JavaThread "Unconstrained build operations Thread 9" [_thread_blocked, id=19308, stack(0x000000be55200000,0x000000be55300000)]
  0x000001f34ade1e40 JavaThread "Unconstrained build operations Thread 10" [_thread_blocked, id=4376, stack(0x000000be55300000,0x000000be55400000)]
  0x000001f34adde950 JavaThread "Unconstrained build operations Thread 11" [_thread_blocked, id=6712, stack(0x000000be55400000,0x000000be55500000)]
  0x000001f34ade5330 JavaThread "Unconstrained build operations Thread 12" [_thread_blocked, id=2916, stack(0x000000be55500000,0x000000be55600000)]
  0x000001f34addee20 JavaThread "Unconstrained build operations Thread 13" [_thread_blocked, id=17396, stack(0x000000be55600000,0x000000be55700000)]
  0x000001f34addf2f0 JavaThread "Memory manager" [_thread_blocked, id=11868, stack(0x000000be55700000,0x000000be55800000)]
  0x000001f34adddae0 JavaThread "Cache worker for Build Output Cleanup Cache (D:\Dolphin_Project\Get_Otp_Demo\android\.gradle\buildOutputCleanup)" [_thread_blocked, id=4320, stack(0x000000be55800000,0x000000be55900000)]
  0x000001f34ade27e0 JavaThread "ForkJoinPool.commonPool-worker-1" daemon [_thread_blocked, id=5992, stack(0x000000be55900000,0x000000be55a00000)]
  0x000001f34ade0b00 JavaThread "ForkJoinPool.commonPool-worker-2" daemon [_thread_blocked, id=19216, stack(0x000000be55a00000,0x000000be55b00000)]
  0x000001f34ade14a0 JavaThread "ForkJoinPool.commonPool-worker-3" daemon [_thread_blocked, id=11736, stack(0x000000be55b00000,0x000000be55c00000)]
  0x000001f34addfc90 JavaThread "ForkJoinPool.commonPool-worker-4" daemon [_thread_blocked, id=11344, stack(0x000000be55c00000,0x000000be55d00000)]
  0x000001f34ade2310 JavaThread "ForkJoinPool.commonPool-worker-5" daemon [_thread_blocked, id=15264, stack(0x000000be55d00000,0x000000be55e00000)]
  0x000001f34ade2cb0 JavaThread "ForkJoinPool.commonPool-worker-6" daemon [_thread_blocked, id=6120, stack(0x000000be55e00000,0x000000be55f00000)]
  0x000001f34ade3180 JavaThread "ForkJoinPool.commonPool-worker-7" daemon [_thread_blocked, id=2212, stack(0x000000be55f00000,0x000000be56000000)]
  0x000001f34ade3b20 JavaThread "ForkJoinPool.commonPool-worker-8" daemon [_thread_blocked, id=7916, stack(0x000000be56000000,0x000000be56100000)]
  0x000001f34ade3ff0 JavaThread "ForkJoinPool.commonPool-worker-9" daemon [_thread_blocked, id=5656, stack(0x000000be56100000,0x000000be56200000)]
  0x000001f34ade44c0 JavaThread "ForkJoinPool.commonPool-worker-10" daemon [_thread_blocked, id=8572, stack(0x000000be56200000,0x000000be56300000)]
  0x000001f34ade4990 JavaThread "ForkJoinPool.commonPool-worker-11" daemon [_thread_blocked, id=20168, stack(0x000000be56300000,0x000000be56400000)]
  0x000001f34c452f30 JavaThread "Exec process" [_thread_blocked, id=13120, stack(0x000000be56400000,0x000000be56500000)]
  0x000001f34c451bf0 JavaThread "Exec process Thread 2" [_thread_blocked, id=17184, stack(0x000000be56500000,0x000000be56600000)]
  0x000001f34c4503e0 JavaThread "Exec process Thread 3" [_thread_blocked, id=8528, stack(0x000000be56600000,0x000000be56700000)]

Other Threads:
  0x000001f3419eec90 VMThread "VM Thread" [stack: 0x000000be50b00000,0x000000be50c00000] [id=4912]
  0x000001f3277ae920 WatcherThread [stack: 0x000000be51700000,0x000000be51800000] [id=13576]
  0x000001f3277813b0 GCTaskThread "GC Thread#0" [stack: 0x000000be50600000,0x000000be50700000] [id=11296]
  0x000001f34647a930 GCTaskThread "GC Thread#1" [stack: 0x000000be51a00000,0x000000be51b00000] [id=13032]
  0x000001f34647abe0 GCTaskThread "GC Thread#2" [stack: 0x000000be51b00000,0x000000be51c00000] [id=9540]
  0x000001f346c11000 GCTaskThread "GC Thread#3" [stack: 0x000000be51c00000,0x000000be51d00000] [id=17584]
  0x000001f346c112b0 GCTaskThread "GC Thread#4" [stack: 0x000000be51d00000,0x000000be51e00000] [id=10168]
  0x000001f3480697b0 GCTaskThread "GC Thread#5" [stack: 0x000000be52800000,0x000000be52900000] [id=9020]
  0x000001f348e84040 GCTaskThread "GC Thread#6" [stack: 0x000000be52900000,0x000000be52a00000] [id=10720]
  0x000001f347c62f90 GCTaskThread "GC Thread#7" [stack: 0x000000be52a00000,0x000000be52b00000] [id=14516]
  0x000001f3467b45b0 GCTaskThread "GC Thread#8" [stack: 0x000000be52b00000,0x000000be52c00000] [id=10852]
  0x000001f347ffb7b0 GCTaskThread "GC Thread#9" [stack: 0x000000be52c00000,0x000000be52d00000] [id=7328]
  0x000001f327792100 ConcurrentGCThread "G1 Main Marker" [stack: 0x000000be50700000,0x000000be50800000] [id=18968]
  0x000001f327792920 ConcurrentGCThread "G1 Conc#0" [stack: 0x000000be50800000,0x000000be50900000] [id=11944]
  0x000001f346beb790 ConcurrentGCThread "G1 Conc#1" [stack: 0x000000be52d00000,0x000000be52e00000] [id=6608]
  0x000001f34833edd0 ConcurrentGCThread "G1 Conc#2" [stack: 0x000000be52e00000,0x000000be52f00000] [id=8632]
  0x000001f3418785a0 ConcurrentGCThread "G1 Refine#0" [stack: 0x000000be50900000,0x000000be50a00000] [id=19608]
  0x000001f347f6a4f0 ConcurrentGCThread "G1 Refine#1" [stack: 0x000000be53a00000,0x000000be53b00000] [id=16808]
  0x000001f341878c70 ConcurrentGCThread "G1 Service" [stack: 0x000000be50a00000,0x000000be50b00000] [id=20240]

Threads with active compile tasks:
C2 CompilerThread0     7588 7692       4       java.lang.invoke.MethodType::makeImpl (109 bytes)
C1 CompilerThread0     7588 7850       1       org.gradle.internal.graph.CachingDirectedGraphWalker$NodeDetails::access$600 (5 bytes)
C2 CompilerThread1     7588 7524       4       java.lang.String::split (327 bytes)
C2 CompilerThread2     7588 7613       4       com.google.common.collect.ImmutableSet$RegularSetBuilderImpl::add (68 bytes)

VM state: not at safepoint (normal execution)

VM Mutex/Monitor currently owned by a thread: None

Heap address: 0x0000000080000000, size: 2048 MB, Compressed Oops mode: 32-bit

CDS archive(s) not mapped
Compressed class space mapped at: 0x0000000100000000-0x000000011a000000, reserved size: 436207616
Narrow klass base: 0x0000000000000000, Narrow klass shift: 3, Narrow klass range: 0x11a000000

GC Precious Log:
 CPUs: 12 total, 12 available
 Memory: 15724M
 Large Page Support: Disabled
 NUMA Support: Disabled
 Compressed Oops: Enabled (32-bit)
 Heap Region Size: 1M
 Heap Min Capacity: 8M
 Heap Initial Capacity: 246M
 Heap Max Capacity: 2G
 Pre-touch: Disabled
 Parallel Workers: 10
 Concurrent Workers: 3
 Concurrent Refinement Workers: 10
 Periodic GC: Disabled

Heap:
 garbage-first heap   total 128000K, used 72952K [0x0000000080000000, 0x0000000100000000)
  region size 1024K, 13 young (13312K), 6 survivors (6144K)
 Metaspace       used 75524K, committed 76288K, reserved 491520K
  class space    used 10497K, committed 10816K, reserved 425984K

Heap Regions: E=young(eden), S=young(survivor), O=old, HS=humongous(starts), HC=humongous(continues), CS=collection set, F=free, OA=open archive, CA=closed archive, TAMS=top-at-mark-start (previous, next)
|   0|0x0000000080000000, 0x0000000080100000, 0x0000000080100000|100%|HS|  |TAMS 0x0000000080100000, 0x0000000080000000| Complete 
|   1|0x0000000080100000, 0x0000000080200000, 0x0000000080200000|100%|HC|  |TAMS 0x0000000080200000, 0x0000000080100000| Complete 
|   2|0x0000000080200000, 0x0000000080300000, 0x0000000080300000|100%|HC|  |TAMS 0x0000000080300000, 0x0000000080200000| Complete 
|   3|0x0000000080300000, 0x0000000080400000, 0x0000000080400000|100%|HC|  |TAMS 0x0000000080400000, 0x0000000080300000| Complete 
|   4|0x0000000080400000, 0x0000000080500000, 0x0000000080500000|100%| O|  |TAMS 0x0000000080500000, 0x0000000080400000| Untracked 
|   5|0x0000000080500000, 0x0000000080600000, 0x0000000080600000|100%| O|  |TAMS 0x0000000080600000, 0x0000000080500000| Untracked 
|   6|0x0000000080600000, 0x0000000080700000, 0x0000000080700000|100%| O|  |TAMS 0x0000000080700000, 0x0000000080600000| Untracked 
|   7|0x0000000080700000, 0x0000000080800000, 0x0000000080800000|100%| O|  |TAMS 0x0000000080800000, 0x0000000080700000| Untracked 
|   8|0x0000000080800000, 0x0000000080900000, 0x0000000080900000|100%| O|  |TAMS 0x0000000080900000, 0x0000000080800000| Untracked 
|   9|0x0000000080900000, 0x0000000080a00000, 0x0000000080a00000|100%| O|  |TAMS 0x0000000080a00000, 0x0000000080900000| Untracked 
|  10|0x0000000080a00000, 0x0000000080a4da00, 0x0000000080b00000| 30%| O|  |TAMS 0x0000000080a4da00, 0x0000000080a00000| Untracked 
|  11|0x0000000080b00000, 0x0000000080c00000, 0x0000000080c00000|100%| O|  |TAMS 0x0000000080c00000, 0x0000000080b00000| Untracked 
|  12|0x0000000080c00000, 0x0000000080d00000, 0x0000000080d00000|100%| O|  |TAMS 0x0000000080d00000, 0x0000000080c00000| Untracked 
|  13|0x0000000080d00000, 0x0000000080e00000, 0x0000000080e00000|100%| O|  |TAMS 0x0000000080e00000, 0x0000000080d00000| Untracked 
|  14|0x0000000080e00000, 0x0000000080f00000, 0x0000000080f00000|100%| O|  |TAMS 0x0000000080f00000, 0x0000000080e00000| Untracked 
|  15|0x0000000080f00000, 0x0000000081000000, 0x0000000081000000|100%| O|  |TAMS 0x0000000081000000, 0x0000000080f00000| Untracked 
|  16|0x0000000081000000, 0x0000000081100000, 0x0000000081100000|100%| O|  |TAMS 0x0000000081100000, 0x0000000081000000| Untracked 
|  17|0x0000000081100000, 0x0000000081200000, 0x0000000081200000|100%| O|  |TAMS 0x0000000081200000, 0x0000000081100000| Untracked 
|  18|0x0000000081200000, 0x0000000081300000, 0x0000000081300000|100%| O|  |TAMS 0x0000000081300000, 0x0000000081200000| Untracked 
|  19|0x0000000081300000, 0x0000000081400000, 0x0000000081400000|100%| O|  |TAMS 0x0000000081400000, 0x0000000081300000| Untracked 
|  20|0x0000000081400000, 0x0000000081500000, 0x0000000081500000|100%| O|  |TAMS 0x0000000081500000, 0x0000000081400000| Untracked 
|  21|0x0000000081500000, 0x0000000081600000, 0x0000000081600000|100%| O|  |TAMS 0x0000000081600000, 0x0000000081500000| Untracked 
|  22|0x0000000081600000, 0x0000000081700000, 0x0000000081700000|100%| O|  |TAMS 0x0000000081700000, 0x0000000081600000| Untracked 
|  23|0x0000000081700000, 0x0000000081800000, 0x0000000081800000|100%| O|  |TAMS 0x0000000081800000, 0x0000000081700000| Untracked 
|  24|0x0000000081800000, 0x0000000081900000, 0x0000000081900000|100%| O|  |TAMS 0x0000000081900000, 0x0000000081800000| Untracked 
|  25|0x0000000081900000, 0x0000000081a00000, 0x0000000081a00000|100%| O|  |TAMS 0x0000000081a00000, 0x0000000081900000| Untracked 
|  26|0x0000000081a00000, 0x0000000081b00000, 0x0000000081b00000|100%|HS|  |TAMS 0x0000000081b00000, 0x0000000081a00000| Complete 
|  27|0x0000000081b00000, 0x0000000081c00000, 0x0000000081c00000|100%|HC|  |TAMS 0x0000000081c00000, 0x0000000081b00000| Complete 
|  28|0x0000000081c00000, 0x0000000081d00000, 0x0000000081d00000|100%| O|  |TAMS 0x0000000081d00000, 0x0000000081c00000| Untracked 
|  29|0x0000000081d00000, 0x0000000081e00000, 0x0000000081e00000|100%| O|  |TAMS 0x0000000081e00000, 0x0000000081d00000| Untracked 
|  30|0x0000000081e00000, 0x0000000081f00000, 0x0000000081f00000|100%| O|  |TAMS 0x0000000081f00000, 0x0000000081e00000| Untracked 
|  31|0x0000000081f00000, 0x0000000082000000, 0x0000000082000000|100%| O|  |TAMS 0x0000000082000000, 0x0000000081f00000| Untracked 
|  32|0x0000000082000000, 0x0000000082100000, 0x0000000082100000|100%| O|  |TAMS 0x0000000082100000, 0x0000000082000000| Untracked 
|  33|0x0000000082100000, 0x0000000082200000, 0x0000000082200000|100%| O|  |TAMS 0x0000000082200000, 0x0000000082100000| Untracked 
|  34|0x0000000082200000, 0x0000000082300000, 0x0000000082300000|100%| O|  |TAMS 0x0000000082300000, 0x0000000082200000| Untracked 
|  35|0x0000000082300000, 0x0000000082400000, 0x0000000082400000|100%|HS|  |TAMS 0x0000000082400000, 0x0000000082300000| Complete 
|  36|0x0000000082400000, 0x0000000082500000, 0x0000000082500000|100%|HC|  |TAMS 0x0000000082500000, 0x0000000082400000| Complete 
|  37|0x0000000082500000, 0x0000000082600000, 0x0000000082600000|100%| O|  |TAMS 0x0000000082600000, 0x0000000082500000| Untracked 
|  38|0x0000000082600000, 0x0000000082700000, 0x0000000082700000|100%| O|  |TAMS 0x0000000082700000, 0x0000000082600000| Untracked 
|  39|0x0000000082700000, 0x0000000082800000, 0x0000000082800000|100%| O|  |TAMS 0x0000000082800000, 0x0000000082700000| Untracked 
|  40|0x0000000082800000, 0x0000000082900000, 0x0000000082900000|100%| O|  |TAMS 0x0000000082900000, 0x0000000082800000| Untracked 
|  41|0x0000000082900000, 0x0000000082a00000, 0x0000000082a00000|100%|HS|  |TAMS 0x0000000082a00000, 0x0000000082900000| Complete 
|  42|0x0000000082a00000, 0x0000000082b00000, 0x0000000082b00000|100%|HC|  |TAMS 0x0000000082b00000, 0x0000000082a00000| Complete 
|  43|0x0000000082b00000, 0x0000000082c00000, 0x0000000082c00000|100%|HC|  |TAMS 0x0000000082c00000, 0x0000000082b00000| Complete 
|  44|0x0000000082c00000, 0x0000000082d00000, 0x0000000082d00000|100%|HC|  |TAMS 0x0000000082d00000, 0x0000000082c00000| Complete 
|  45|0x0000000082d00000, 0x0000000082e00000, 0x0000000082e00000|100%| O|  |TAMS 0x0000000082e00000, 0x0000000082d00000| Untracked 
|  46|0x0000000082e00000, 0x0000000082f00000, 0x0000000082f00000|100%| O|  |TAMS 0x0000000082f00000, 0x0000000082e00000| Untracked 
|  47|0x0000000082f00000, 0x0000000083000000, 0x0000000083000000|100%| O|  |TAMS 0x0000000083000000, 0x0000000082f00000| Untracked 
|  48|0x0000000083000000, 0x0000000083100000, 0x0000000083100000|100%| O|  |TAMS 0x0000000083100000, 0x0000000083000000| Untracked 
|  49|0x0000000083100000, 0x0000000083200000, 0x0000000083200000|100%| O|  |TAMS 0x0000000083200000, 0x0000000083100000| Untracked 
|  50|0x0000000083200000, 0x0000000083300000, 0x0000000083300000|100%| O|  |TAMS 0x0000000083300000, 0x0000000083200000| Untracked 
|  51|0x0000000083300000, 0x0000000083400000, 0x0000000083400000|100%| O|  |TAMS 0x0000000083400000, 0x0000000083300000| Untracked 
|  52|0x0000000083400000, 0x0000000083500000, 0x0000000083500000|100%| O|  |TAMS 0x0000000083500000, 0x0000000083400000| Untracked 
|  53|0x0000000083500000, 0x0000000083600000, 0x0000000083600000|100%|HS|  |TAMS 0x0000000083600000, 0x0000000083500000| Complete 
|  54|0x0000000083600000, 0x0000000083700000, 0x0000000083700000|100%|HC|  |TAMS 0x0000000083700000, 0x0000000083600000| Complete 
|  55|0x0000000083700000, 0x0000000083800000, 0x0000000083800000|100%|HC|  |TAMS 0x0000000083800000, 0x0000000083700000| Complete 
|  56|0x0000000083800000, 0x0000000083900000, 0x0000000083900000|100%|HC|  |TAMS 0x0000000083900000, 0x0000000083800000| Complete 
|  57|0x0000000083900000, 0x0000000083a00000, 0x0000000083a00000|100%| O|  |TAMS 0x00000000839bd208, 0x0000000083900000| Untracked 
|  58|0x0000000083a00000, 0x0000000083b00000, 0x0000000083b00000|100%| O|  |TAMS 0x0000000083a00000, 0x0000000083a00000| Untracked 
|  59|0x0000000083b00000, 0x0000000083c00000, 0x0000000083c00000|100%| O|  |TAMS 0x0000000083b00000, 0x0000000083b00000| Untracked 
|  60|0x0000000083c00000, 0x0000000083c3fc00, 0x0000000083d00000| 24%| O|  |TAMS 0x0000000083c00000, 0x0000000083c00000| Untracked 
|  61|0x0000000083d00000, 0x0000000083d00000, 0x0000000083e00000|  0%| F|  |TAMS 0x0000000083d00000, 0x0000000083d00000| Untracked 
|  62|0x0000000083e00000, 0x0000000083e00000, 0x0000000083f00000|  0%| F|  |TAMS 0x0000000083e00000, 0x0000000083e00000| Untracked 
|  63|0x0000000083f00000, 0x0000000083f00000, 0x0000000084000000|  0%| F|  |TAMS 0x0000000083f00000, 0x0000000083f00000| Untracked 
|  64|0x0000000084000000, 0x0000000084000000, 0x0000000084100000|  0%| F|  |TAMS 0x0000000084000000, 0x0000000084000000| Untracked 
|  65|0x0000000084100000, 0x0000000084100000, 0x0000000084200000|  0%| F|  |TAMS 0x0000000084100000, 0x0000000084100000| Untracked 
|  66|0x0000000084200000, 0x0000000084200000, 0x0000000084300000|  0%| F|  |TAMS 0x0000000084200000, 0x0000000084200000| Untracked 
|  67|0x0000000084300000, 0x0000000084300000, 0x0000000084400000|  0%| F|  |TAMS 0x0000000084300000, 0x0000000084300000| Untracked 
|  68|0x0000000084400000, 0x0000000084400000, 0x0000000084500000|  0%| F|  |TAMS 0x0000000084400000, 0x0000000084400000| Untracked 
|  69|0x0000000084500000, 0x0000000084500000, 0x0000000084600000|  0%| F|  |TAMS 0x0000000084500000, 0x0000000084500000| Untracked 
|  70|0x0000000084600000, 0x0000000084600000, 0x0000000084700000|  0%| F|  |TAMS 0x0000000084600000, 0x0000000084600000| Untracked 
|  71|0x0000000084700000, 0x0000000084700000, 0x0000000084800000|  0%| F|  |TAMS 0x0000000084700000, 0x0000000084700000| Untracked 
|  72|0x0000000084800000, 0x0000000084800000, 0x0000000084900000|  0%| F|  |TAMS 0x0000000084800000, 0x0000000084800000| Untracked 
|  73|0x0000000084900000, 0x0000000084900000, 0x0000000084a00000|  0%| F|  |TAMS 0x0000000084900000, 0x0000000084900000| Untracked 
|  74|0x0000000084a00000, 0x0000000084a00000, 0x0000000084b00000|  0%| F|  |TAMS 0x0000000084a00000, 0x0000000084a00000| Untracked 
|  75|0x0000000084b00000, 0x0000000084b00000, 0x0000000084c00000|  0%| F|  |TAMS 0x0000000084b00000, 0x0000000084b00000| Untracked 
|  76|0x0000000084c00000, 0x0000000084cb0b50, 0x0000000084d00000| 69%| S|CS|TAMS 0x0000000084c00000, 0x0000000084c00000| Complete 
|  77|0x0000000084d00000, 0x0000000084e00000, 0x0000000084e00000|100%| S|CS|TAMS 0x0000000084d00000, 0x0000000084d00000| Complete 
|  78|0x0000000084e00000, 0x0000000084f00000, 0x0000000084f00000|100%| S|CS|TAMS 0x0000000084e00000, 0x0000000084e00000| Complete 
|  79|0x0000000084f00000, 0x0000000085000000, 0x0000000085000000|100%| S|CS|TAMS 0x0000000084f00000, 0x0000000084f00000| Complete 
|  80|0x0000000085000000, 0x0000000085100000, 0x0000000085100000|100%| S|CS|TAMS 0x0000000085000000, 0x0000000085000000| Complete 
|  81|0x0000000085100000, 0x0000000085100000, 0x0000000085200000|  0%| F|  |TAMS 0x0000000085100000, 0x0000000085100000| Untracked 
|  82|0x0000000085200000, 0x0000000085200000, 0x0000000085300000|  0%| F|  |TAMS 0x0000000085200000, 0x0000000085200000| Untracked 
|  83|0x0000000085300000, 0x0000000085300000, 0x0000000085400000|  0%| F|  |TAMS 0x0000000085300000, 0x0000000085300000| Untracked 
|  84|0x0000000085400000, 0x0000000085400000, 0x0000000085500000|  0%| F|  |TAMS 0x0000000085400000, 0x0000000085400000| Untracked 
|  85|0x0000000085500000, 0x0000000085500000, 0x0000000085600000|  0%| F|  |TAMS 0x0000000085500000, 0x0000000085500000| Untracked 
|  86|0x0000000085600000, 0x0000000085600000, 0x0000000085700000|  0%| F|  |TAMS 0x0000000085600000, 0x0000000085600000| Untracked 
|  87|0x0000000085700000, 0x0000000085800000, 0x0000000085800000|100%| S|CS|TAMS 0x0000000085700000, 0x0000000085700000| Complete 
|  88|0x0000000085800000, 0x0000000085800000, 0x0000000085900000|  0%| F|  |TAMS 0x0000000085800000, 0x0000000085800000| Untracked 
|  89|0x0000000085900000, 0x0000000085900000, 0x0000000085a00000|  0%| F|  |TAMS 0x0000000085900000, 0x0000000085900000| Untracked 
|  90|0x0000000085a00000, 0x0000000085a00000, 0x0000000085b00000|  0%| F|  |TAMS 0x0000000085a00000, 0x0000000085a00000| Untracked 
|  91|0x0000000085b00000, 0x0000000085b00000, 0x0000000085c00000|  0%| F|  |TAMS 0x0000000085b00000, 0x0000000085b00000| Untracked 
|  92|0x0000000085c00000, 0x0000000085c00000, 0x0000000085d00000|  0%| F|  |TAMS 0x0000000085c00000, 0x0000000085c00000| Untracked 
|  93|0x0000000085d00000, 0x0000000085d00000, 0x0000000085e00000|  0%| F|  |TAMS 0x0000000085d00000, 0x0000000085d00000| Untracked 
|  94|0x0000000085e00000, 0x0000000085e00000, 0x0000000085f00000|  0%| F|  |TAMS 0x0000000085e00000, 0x0000000085e00000| Untracked 
|  95|0x0000000085f00000, 0x0000000085f00000, 0x0000000086000000|  0%| F|  |TAMS 0x0000000085f00000, 0x0000000085f00000| Untracked 
|  96|0x0000000086000000, 0x0000000086000000, 0x0000000086100000|  0%| F|  |TAMS 0x0000000086000000, 0x0000000086000000| Untracked 
|  97|0x0000000086100000, 0x0000000086100000, 0x0000000086200000|  0%| F|  |TAMS 0x0000000086100000, 0x0000000086100000| Untracked 
|  98|0x0000000086200000, 0x0000000086200000, 0x0000000086300000|  0%| F|  |TAMS 0x0000000086200000, 0x0000000086200000| Untracked 
|  99|0x0000000086300000, 0x0000000086300000, 0x0000000086400000|  0%| F|  |TAMS 0x0000000086300000, 0x0000000086300000| Untracked 
| 100|0x0000000086400000, 0x0000000086400000, 0x0000000086500000|  0%| F|  |TAMS 0x0000000086400000, 0x0000000086400000| Untracked 
| 101|0x0000000086500000, 0x0000000086500000, 0x0000000086600000|  0%| F|  |TAMS 0x0000000086500000, 0x0000000086500000| Untracked 
| 102|0x0000000086600000, 0x0000000086600000, 0x0000000086700000|  0%| F|  |TAMS 0x0000000086600000, 0x0000000086600000| Untracked 
| 103|0x0000000086700000, 0x0000000086700000, 0x0000000086800000|  0%| F|  |TAMS 0x0000000086700000, 0x0000000086700000| Untracked 
| 104|0x0000000086800000, 0x0000000086800000, 0x0000000086900000|  0%| F|  |TAMS 0x0000000086800000, 0x0000000086800000| Untracked 
| 105|0x0000000086900000, 0x0000000086900000, 0x0000000086a00000|  0%| F|  |TAMS 0x0000000086900000, 0x0000000086900000| Untracked 
| 106|0x0000000086a00000, 0x0000000086a00000, 0x0000000086b00000|  0%| F|  |TAMS 0x0000000086a00000, 0x0000000086a00000| Untracked 
| 107|0x0000000086b00000, 0x0000000086b00000, 0x0000000086c00000|  0%| F|  |TAMS 0x0000000086b00000, 0x0000000086b00000| Untracked 
| 108|0x0000000086c00000, 0x0000000086c00000, 0x0000000086d00000|  0%| F|  |TAMS 0x0000000086c00000, 0x0000000086c00000| Untracked 
| 109|0x0000000086d00000, 0x0000000086d00000, 0x0000000086e00000|  0%| F|  |TAMS 0x0000000086d00000, 0x0000000086d00000| Untracked 
| 110|0x0000000086e00000, 0x0000000086e00000, 0x0000000086f00000|  0%| F|  |TAMS 0x0000000086e00000, 0x0000000086e00000| Untracked 
| 111|0x0000000086f00000, 0x0000000086f00000, 0x0000000087000000|  0%| F|  |TAMS 0x0000000086f00000, 0x0000000086f00000| Untracked 
| 112|0x0000000087000000, 0x0000000087000000, 0x0000000087100000|  0%| F|  |TAMS 0x0000000087000000, 0x0000000087000000| Untracked 
| 113|0x0000000087100000, 0x0000000087100000, 0x0000000087200000|  0%| F|  |TAMS 0x0000000087100000, 0x0000000087100000| Untracked 
| 114|0x0000000087200000, 0x0000000087200000, 0x0000000087300000|  0%| F|  |TAMS 0x0000000087200000, 0x0000000087200000| Untracked 
| 187|0x000000008bb00000, 0x000000008bb00000, 0x000000008bc00000|  0%| F|  |TAMS 0x000000008bb00000, 0x000000008bb00000| Untracked 
| 188|0x000000008bc00000, 0x000000008bc00000, 0x000000008bd00000|  0%| F|  |TAMS 0x000000008bc00000, 0x000000008bc00000| Untracked 
| 189|0x000000008bd00000, 0x000000008bd00000, 0x000000008be00000|  0%| F|  |TAMS 0x000000008bd00000, 0x000000008bd00000| Untracked 
| 190|0x000000008be00000, 0x000000008be80800, 0x000000008bf00000| 50%| E|  |TAMS 0x000000008be00000, 0x000000008be00000| Complete 
| 191|0x000000008bf00000, 0x000000008c000000, 0x000000008c000000|100%| E|CS|TAMS 0x000000008bf00000, 0x000000008bf00000| Complete 
| 192|0x000000008c000000, 0x000000008c100000, 0x000000008c100000|100%| E|CS|TAMS 0x000000008c000000, 0x000000008c000000| Complete 
| 193|0x000000008c100000, 0x000000008c200000, 0x000000008c200000|100%| E|CS|TAMS 0x000000008c100000, 0x000000008c100000| Complete 
| 194|0x000000008c200000, 0x000000008c300000, 0x000000008c300000|100%| E|CS|TAMS 0x000000008c200000, 0x000000008c200000| Complete 
| 195|0x000000008c300000, 0x000000008c400000, 0x000000008c400000|100%| E|CS|TAMS 0x000000008c300000, 0x000000008c300000| Complete 
| 245|0x000000008f500000, 0x000000008f600000, 0x000000008f600000|100%| E|CS|TAMS 0x000000008f500000, 0x000000008f500000| Complete 

Card table byte_map: [0x000001f33a540000,0x000001f33a940000] _byte_map_base: 0x000001f33a140000

Marking Bits (Prev, Next): (CMBitMap*) 0x000001f327781810, (CMBitMap*) 0x000001f3277817d0
 Prev Bits: [0x000001f33cd40000, 0x000001f33ed40000)
 Next Bits: [0x000001f33ad40000, 0x000001f33cd40000)

Polling page: 0x000001f3256c0000

Metaspace:

Usage:
  Non-class:     63.51 MB used.
      Class:     10.25 MB used.
       Both:     73.76 MB used.

Virtual space:
  Non-class space:       64.00 MB reserved,      63.94 MB (>99%) committed,  1 nodes.
      Class space:      416.00 MB reserved,      10.56 MB (  3%) committed,  1 nodes.
             Both:      480.00 MB reserved,      74.50 MB ( 16%) committed. 

Chunk freelists:
   Non-Class:  48.00 KB
       Class:  5.29 MB
        Both:  5.34 MB

MaxMetaspaceSize: 512.00 MB
CompressedClassSpaceSize: 416.00 MB
Initial GC threshold: 21.00 MB
Current GC threshold: 119.50 MB
CDS: off
MetaspaceReclaimPolicy: balanced
 - commit_granule_bytes: 65536.
 - commit_granule_words: 8192.
 - virtual_space_node_default_size: 8388608.
 - enlarge_chunks_in_place: 1.
 - new_chunks_are_fully_committed: 0.
 - uncommit_free_chunks: 1.
 - use_allocation_guard: 0.
 - handle_deallocations: 1.


Internal statistics:

num_allocs_failed_limit: 6.
num_arena_births: 838.
num_arena_deaths: 0.
num_vsnodes_births: 2.
num_vsnodes_deaths: 0.
num_space_committed: 1192.
num_space_uncommitted: 0.
num_chunks_returned_to_freelist: 6.
num_chunks_taken_from_freelist: 3573.
num_chunk_merges: 6.
num_chunk_splits: 2339.
num_chunks_enlarged: 1538.
num_inconsistent_stats: 0.

CodeHeap 'non-profiled nmethods': size=120000Kb used=4302Kb max_used=4302Kb free=115697Kb
 bounds [0x000001f3326c0000, 0x000001f332b00000, 0x000001f339bf0000]
CodeHeap 'profiled nmethods': size=120000Kb used=13447Kb max_used=13447Kb free=106552Kb
 bounds [0x000001f32abf0000, 0x000001f32b920000, 0x000001f332120000]
CodeHeap 'non-nmethods': size=5760Kb used=2361Kb max_used=2412Kb free=3398Kb
 bounds [0x000001f332120000, 0x000001f332390000, 0x000001f3326c0000]
 total_blobs=7992 nmethods=7107 adapters=795
 compilation: enabled
              stopped_count=0, restarted_count=0
 full_count=0

Compilation events (20 events):
Event: 7.570 Thread 0x000001f341bc1b10 7797       2       com.google.common.collect.ImmutableList::<init> (5 bytes)
Event: 7.570 Thread 0x000001f341bc1b10 nmethod 7797 0x000001f32b8f1490 code [0x000001f32b8f1620, 0x000001f32b8f1718]
Event: 7.571 Thread 0x000001f341bc1b10 7798       3       com.google.common.collect.RegularImmutableMap$Values::size (8 bytes)
Event: 7.571 Thread 0x000001f341bc1b10 nmethod 7798 0x000001f32b8f1790 code [0x000001f32b8f1920, 0x000001f32b8f1a98]
Event: 7.571 Thread 0x000001f341bc1b10 7799       3       com.google.common.collect.ImmutableMap::values (23 bytes)
Event: 7.571 Thread 0x000001f341bc1b10 nmethod 7799 0x000001f32b8f1b90 code [0x000001f32b8f1d40, 0x000001f32b8f1fe8]
Event: 7.571 Thread 0x000001f341bc1b10 7800       3       org.gradle.internal.properties.annotations.DefaultTypeMetadataStore$DefaultPropertyMetadata::getDeclaredType (10 bytes)
Event: 7.571 Thread 0x000001f341bc1b10 nmethod 7800 0x000001f32b8f2090 code [0x000001f32b8f2220, 0x000001f32b8f2398]
Event: 7.571 Thread 0x000001f341bc1b10 7801       3       org.gradle.api.reflect.TypeOf::<init> (6 bytes)
Event: 7.571 Thread 0x000001f341bc1b10 nmethod 7801 0x000001f32b8f2490 code [0x000001f32b8f2640, 0x000001f32b8f2858]
Event: 7.571 Thread 0x000001f341bc1b10 7804       3       com.google.common.reflect.TypeToken::getRawTypes (34 bytes)
Event: 7.571 Thread 0x000001f341bc1b10 nmethod 7804 0x000001f32b8f2990 code [0x000001f32b8f2c20, 0x000001f32b8f3b28]
Event: 7.572 Thread 0x000001f341bc1b10 7805       3       com.google.common.reflect.TypeToken$4::<init> (10 bytes)
Event: 7.572 Thread 0x000001f341bc1b10 nmethod 7805 0x000001f32b8f4010 code [0x000001f32b8f4200, 0x000001f32b8f4898]
Event: 7.572 Thread 0x000001f341bc1b10 7803       3       com.google.common.reflect.TypeToken::getRawType (18 bytes)
Event: 7.572 Thread 0x000001f341bc1b10 nmethod 7803 0x000001f32b8f4b10 code [0x000001f32b8f4ce0, 0x000001f32b8f5088]
Event: 7.572 Thread 0x000001f341bc1b10 7802       3       org.gradle.api.reflect.TypeOf::<init> (10 bytes)
Event: 7.572 Thread 0x000001f341bc1b10 nmethod 7802 0x000001f32b8f5190 code [0x000001f32b8f5320, 0x000001f32b8f54d8]
Event: 7.572 Thread 0x000001f341bc1b10 7806       1       org.gradle.internal.properties.annotations.DefaultTypeMetadataStore$DefaultPropertyMetadata::getPropertyType (5 bytes)
Event: 7.572 Thread 0x000001f341bc1b10 nmethod 7806 0x000001f332af2090 code [0x000001f332af2220, 0x000001f332af22f8]

GC Heap History (20 events):
Event: 5.652 GC heap before
{Heap before GC invocations=14 (full 0):
 garbage-first heap   total 86016K, used 67291K [0x0000000080000000, 0x0000000100000000)
  region size 1024K, 33 young (33792K), 3 survivors (3072K)
 Metaspace       used 55560K, committed 56128K, reserved 491520K
  class space    used 7555K, committed 7808K, reserved 425984K
}
Event: 5.654 GC heap after
{Heap after GC invocations=15 (full 0):
 garbage-first heap   total 86016K, used 38541K [0x0000000080000000, 0x0000000100000000)
  region size 1024K, 5 young (5120K), 5 survivors (5120K)
 Metaspace       used 55560K, committed 56128K, reserved 491520K
  class space    used 7555K, committed 7808K, reserved 425984K
}
Event: 5.929 GC heap before
{Heap before GC invocations=15 (full 0):
 garbage-first heap   total 86016K, used 70285K [0x0000000080000000, 0x0000000100000000)
  region size 1024K, 34 young (34816K), 5 survivors (5120K)
 Metaspace       used 57998K, committed 58560K, reserved 491520K
  class space    used 7936K, committed 8192K, reserved 425984K
}
Event: 5.932 GC heap after
{Heap after GC invocations=16 (full 0):
 garbage-first heap   total 86016K, used 45663K [0x0000000080000000, 0x0000000100000000)
  region size 1024K, 5 young (5120K), 5 survivors (5120K)
 Metaspace       used 57998K, committed 58560K, reserved 491520K
  class space    used 7936K, committed 8192K, reserved 425984K
}
Event: 6.146 GC heap before
{Heap before GC invocations=17 (full 0):
 garbage-first heap   total 91136K, used 72287K [0x0000000080000000, 0x0000000100000000)
  region size 1024K, 28 young (28672K), 5 survivors (5120K)
 Metaspace       used 60914K, committed 61568K, reserved 491520K
  class space    used 8315K, committed 8640K, reserved 425984K
}
Event: 6.149 GC heap after
{Heap after GC invocations=18 (full 0):
 garbage-first heap   total 91136K, used 52207K [0x0000000080000000, 0x0000000100000000)
  region size 1024K, 3 young (3072K), 3 survivors (3072K)
 Metaspace       used 60914K, committed 61568K, reserved 491520K
  class space    used 8315K, committed 8640K, reserved 425984K
}
Event: 6.347 GC heap before
{Heap before GC invocations=18 (full 0):
 garbage-first heap   total 91136K, used 73711K [0x0000000080000000, 0x0000000100000000)
  region size 1024K, 24 young (24576K), 3 survivors (3072K)
 Metaspace       used 63011K, committed 63616K, reserved 491520K
  class space    used 8671K, committed 8960K, reserved 425984K
}
Event: 6.349 GC heap after
{Heap after GC invocations=19 (full 0):
 garbage-first heap   total 91136K, used 53134K [0x0000000080000000, 0x0000000100000000)
  region size 1024K, 2 young (2048K), 2 survivors (2048K)
 Metaspace       used 63011K, committed 63616K, reserved 491520K
  class space    used 8671K, committed 8960K, reserved 425984K
}
Event: 6.412 GC heap before
{Heap before GC invocations=20 (full 0):
 garbage-first heap   total 94208K, used 58254K [0x0000000080000000, 0x0000000100000000)
  region size 1024K, 8 young (8192K), 2 survivors (2048K)
 Metaspace       used 63525K, committed 64128K, reserved 491520K
  class space    used 8763K, committed 9024K, reserved 425984K
}
Event: 6.414 GC heap after
{Heap after GC invocations=21 (full 0):
 garbage-first heap   total 94208K, used 53483K [0x0000000080000000, 0x0000000100000000)
  region size 1024K, 2 young (2048K), 2 survivors (2048K)
 Metaspace       used 63525K, committed 64128K, reserved 491520K
  class space    used 8763K, committed 9024K, reserved 425984K
}
Event: 6.557 GC heap before
{Heap before GC invocations=22 (full 0):
 garbage-first heap   total 104448K, used 79083K [0x0000000080000000, 0x0000000100000000)
  region size 1024K, 24 young (24576K), 2 survivors (2048K)
 Metaspace       used 65204K, committed 65856K, reserved 491520K
  class space    used 8979K, committed 9280K, reserved 425984K
}
Event: 6.558 GC heap after
{Heap after GC invocations=23 (full 0):
 garbage-first heap   total 104448K, used 58463K [0x0000000080000000, 0x0000000100000000)
  region size 1024K, 3 young (3072K), 3 survivors (3072K)
 Metaspace       used 65204K, committed 65856K, reserved 491520K
  class space    used 8979K, committed 9280K, reserved 425984K
}
Event: 6.721 GC heap before
{Heap before GC invocations=23 (full 0):
 garbage-first heap   total 104448K, used 83039K [0x0000000080000000, 0x0000000100000000)
  region size 1024K, 28 young (28672K), 3 survivors (3072K)
 Metaspace       used 67458K, committed 68096K, reserved 491520K
  class space    used 9315K, committed 9600K, reserved 425984K
}
Event: 6.723 GC heap after
{Heap after GC invocations=24 (full 0):
 garbage-first heap   total 104448K, used 59551K [0x0000000080000000, 0x0000000100000000)
  region size 1024K, 3 young (3072K), 3 survivors (3072K)
 Metaspace       used 67458K, committed 68096K, reserved 491520K
  class space    used 9315K, committed 9600K, reserved 425984K
}
Event: 6.897 GC heap before
{Heap before GC invocations=25 (full 0):
 garbage-first heap   total 106496K, used 83103K [0x0000000080000000, 0x0000000100000000)
  region size 1024K, 27 young (27648K), 3 survivors (3072K)
 Metaspace       used 70257K, committed 70912K, reserved 491520K
  class space    used 9683K, committed 9984K, reserved 425984K
}
Event: 6.900 GC heap after
{Heap after GC invocations=26 (full 0):
 garbage-first heap   total 128000K, used 61207K [0x0000000080000000, 0x0000000100000000)
  region size 1024K, 3 young (3072K), 3 survivors (3072K)
 Metaspace       used 70257K, committed 70912K, reserved 491520K
  class space    used 9683K, committed 9984K, reserved 425984K
}
Event: 7.175 GC heap before
{Heap before GC invocations=26 (full 0):
 garbage-first heap   total 128000K, used 100119K [0x0000000080000000, 0x0000000100000000)
  region size 1024K, 41 young (41984K), 3 survivors (3072K)
 Metaspace       used 72582K, committed 73216K, reserved 491520K
  class space    used 10042K, committed 10304K, reserved 425984K
}
Event: 7.178 GC heap after
{Heap after GC invocations=27 (full 0):
 garbage-first heap   total 128000K, used 63769K [0x0000000080000000, 0x0000000100000000)
  region size 1024K, 6 young (6144K), 6 survivors (6144K)
 Metaspace       used 72582K, committed 73216K, reserved 491520K
  class space    used 10042K, committed 10304K, reserved 425984K
}
Event: 7.482 GC heap before
{Heap before GC invocations=28 (full 0):
 garbage-first heap   total 128000K, used 101657K [0x0000000080000000, 0x0000000100000000)
  region size 1024K, 43 young (44032K), 6 survivors (6144K)
 Metaspace       used 75100K, committed 75776K, reserved 491520K
  class space    used 10442K, committed 10752K, reserved 425984K
}
Event: 7.487 GC heap after
{Heap after GC invocations=29 (full 0):
 garbage-first heap   total 128000K, used 66808K [0x0000000080000000, 0x0000000100000000)
  region size 1024K, 6 young (6144K), 6 survivors (6144K)
 Metaspace       used 75100K, committed 75776K, reserved 491520K
  class space    used 10442K, committed 10752K, reserved 425984K
}

Dll operation events (3 events):
Event: 0.005 Loaded shared library C:\Program Files\Android\Android Studio\jbr\bin\java.dll
Event: 0.089 Loaded shared library C:\Program Files\Android\Android Studio\jbr\bin\zip.dll
Event: 0.271 Loaded shared library C:\Program Files\Android\Android Studio\jbr\bin\verify.dll

Deoptimization events (20 events):
Event: 7.472 Thread 0x000001f347bd8740 Uncommon trap: trap_request=0xffffff45 fr.pc=0x000001f33294d084 relative=0x0000000000000104
Event: 7.472 Thread 0x000001f347bd8740 Uncommon trap: reason=unstable_if action=reinterpret pc=0x000001f33294d084 method=java.util.stream.AbstractPipeline.sourceSpliterator(I)Ljava/util/Spliterator; @ 82 c2
Event: 7.472 Thread 0x000001f347bd8740 DEOPT PACKING pc=0x000001f33294d084 sp=0x000000be524f5c20
Event: 7.472 Thread 0x000001f347bd8740 DEOPT UNPACKING pc=0x000001f3321769a3 sp=0x000000be524f5bb0 mode 2
Event: 7.475 Thread 0x000001f34ade27e0 Uncommon trap: trap_request=0xffffff45 fr.pc=0x000001f3327c3b58 relative=0x0000000000000218
Event: 7.475 Thread 0x000001f34ade27e0 Uncommon trap: reason=unstable_if action=reinterpret pc=0x000001f3327c3b58 method=java.lang.ThreadLocal.get()Ljava/lang/Object; @ 11 c2
Event: 7.475 Thread 0x000001f34ade27e0 DEOPT PACKING pc=0x000001f3327c3b58 sp=0x000000be559fe560
Event: 7.475 Thread 0x000001f34ade27e0 DEOPT UNPACKING pc=0x000001f3321769a3 sp=0x000000be559fe4f8 mode 2
Event: 7.476 Thread 0x000001f347bd8740 Uncommon trap: trap_request=0xffffff54 fr.pc=0x000001f3328843c4 relative=0x0000000000004d64
Event: 7.477 Thread 0x000001f347bd8740 Uncommon trap: reason=speculate_null_assert action=make_not_entrant pc=0x000001f3328843c4 method=java.lang.invoke.MethodType$ConcurrentWeakInternSet.add(Ljava/lang/Object;)Ljava/lang/Object; @ 47 c2
Event: 7.477 Thread 0x000001f347bd8740 DEOPT PACKING pc=0x000001f3328843c4 sp=0x000000be524f2fb0
Event: 7.477 Thread 0x000001f347bd8740 DEOPT UNPACKING pc=0x000001f3321769a3 sp=0x000000be524f2f48 mode 2
Event: 7.533 Thread 0x000001f347bd8740 Uncommon trap: trap_request=0xffffff45 fr.pc=0x000001f3328fc904 relative=0x0000000000000744
Event: 7.533 Thread 0x000001f347bd8740 Uncommon trap: reason=unstable_if action=reinterpret pc=0x000001f3328fc904 method=java.lang.Integer.stringSize(I)I @ 3 c2
Event: 7.533 Thread 0x000001f347bd8740 DEOPT PACKING pc=0x000001f3328fc904 sp=0x000000be524f5a80
Event: 7.533 Thread 0x000001f347bd8740 DEOPT UNPACKING pc=0x000001f3321769a3 sp=0x000000be524f59d0 mode 2
Event: 7.550 Thread 0x000001f347bd8740 Uncommon trap: trap_request=0xffffffc6 fr.pc=0x000001f332ad8120 relative=0x0000000000000060
Event: 7.550 Thread 0x000001f347bd8740 Uncommon trap: reason=bimorphic_or_optimized_type_check action=maybe_recompile pc=0x000001f332ad8120 method=com.google.common.collect.ImmutableList.copyOf(Ljava/util/Collection;)Lcom/google/common/collect/ImmutableList; @ 16 c2
Event: 7.550 Thread 0x000001f347bd8740 DEOPT PACKING pc=0x000001f332ad8120 sp=0x000000be524f6f10
Event: 7.550 Thread 0x000001f347bd8740 DEOPT UNPACKING pc=0x000001f3321769a3 sp=0x000000be524f6eb8 mode 2

Classes unloaded (0 events):
No events

Classes redefined (0 events):
No events

Internal exceptions (20 events):
Event: 7.083 Thread 0x000001f347bd8740 Exception <a 'java/lang/ClassNotFoundException'{0x0000000086200468}: org/gradle/api/internal/artifacts/dsl/DefaultRepositoryHandlerBeanInfo> (0x0000000086200468) 
thrown [s\src\hotspot\share\classfile\systemDictionary.cpp, line 256]
Event: 7.084 Thread 0x000001f347bd8740 Exception <a 'java/lang/ClassNotFoundException'{0x0000000086217460}: org/gradle/api/internal/artifacts/DefaultArtifactRepositoryContainerBeanInfo> (0x0000000086217460) 
thrown [s\src\hotspot\share\classfile\systemDictionary.cpp, line 256]
Event: 7.084 Thread 0x000001f347bd8740 Exception <a 'java/lang/ClassNotFoundException'{0x000000008622b3e0}: org/gradle/api/internal/DefaultNamedDomainObjectListBeanInfo> (0x000000008622b3e0) 
thrown [s\src\hotspot\share\classfile\systemDictionary.cpp, line 256]
Event: 7.084 Thread 0x000001f347bd8740 Exception <a 'java/lang/ClassNotFoundException'{0x000000008623f4b8}: org/gradle/api/internal/DefaultNamedDomainObjectCollectionBeanInfo> (0x000000008623f4b8) 
thrown [s\src\hotspot\share\classfile\systemDictionary.cpp, line 256]
Event: 7.085 Thread 0x000001f347bd8740 Exception <a 'java/lang/ClassNotFoundException'{0x0000000086253438}: org/gradle/api/internal/DefaultDomainObjectCollectionBeanInfo> (0x0000000086253438) 
thrown [s\src\hotspot\share\classfile\systemDictionary.cpp, line 256]
Event: 7.085 Thread 0x000001f347bd8740 Exception <a 'java/lang/ClassNotFoundException'{0x0000000086267488}: org/gradle/api/internal/DefaultDomainObjectCollectionCustomizer> (0x0000000086267488) 
thrown [s\src\hotspot\share\classfile\systemDictionary.cpp, line 256]
Event: 7.086 Thread 0x000001f347bd8740 Exception <a 'java/lang/ClassNotFoundException'{0x000000008629ba90}: org/gradle/api/internal/DefaultNamedDomainObjectCollectionCustomizer> (0x000000008629ba90) 
thrown [s\src\hotspot\share\classfile\systemDictionary.cpp, line 256]
Event: 7.087 Thread 0x000001f347bd8740 Exception <a 'java/lang/ClassNotFoundException'{0x00000000862d73e8}: org/gradle/api/internal/DefaultNamedDomainObjectListCustomizer> (0x00000000862d73e8) 
thrown [s\src\hotspot\share\classfile\systemDictionary.cpp, line 256]
Event: 7.088 Thread 0x000001f347bd8740 Exception <a 'java/lang/ClassNotFoundException'{0x0000000086109208}: org/gradle/api/internal/artifacts/DefaultArtifactRepositoryContainerCustomizer> (0x0000000086109208) 
thrown [s\src\hotspot\share\classfile\systemDictionary.cpp, line 256]
Event: 7.089 Thread 0x000001f347bd8740 Exception <a 'java/lang/ClassNotFoundException'{0x0000000086131b00}: org/gradle/api/internal/artifacts/dsl/DefaultRepositoryHandlerCustomizer> (0x0000000086131b00) 
thrown [s\src\hotspot\share\classfile\systemDictionary.cpp, line 256]
Event: 7.090 Thread 0x000001f347bd8740 Exception <a 'java/lang/ClassNotFoundException'{0x00000000861681a0}: org/gradle/api/internal/artifacts/dsl/DefaultRepositoryHandler_DecoratedCustomizer> (0x00000000861681a0) 
thrown [s\src\hotspot\share\classfile\systemDictionary.cpp, line 256]
Event: 7.095 Thread 0x000001f347bd8740 Exception <a 'java/lang/ClassNotFoundException'{0x0000000086002da8}: org/gradle/api/internal/artifacts/dsl/dependencies/DefaultDependencyHandler_DecoratedBeanInfo> (0x0000000086002da8) 
thrown [s\src\hotspot\share\classfile\systemDictionary.cpp, line 256]
Event: 7.095 Thread 0x000001f347bd8740 Exception <a 'java/lang/ClassNotFoundException'{0x00000000860194b0}: org/gradle/api/internal/artifacts/dsl/dependencies/DefaultDependencyHandlerBeanInfo> (0x00000000860194b0) 
thrown [s\src\hotspot\share\classfile\systemDictionary.cpp, line 256]
Event: 7.096 Thread 0x000001f347bd8740 Exception <a 'java/lang/ClassNotFoundException'{0x000000008602f628}: org/gradle/api/internal/artifacts/dsl/dependencies/DefaultDependencyHandlerCustomizer> (0x000000008602f628) 
thrown [s\src\hotspot\share\classfile\systemDictionary.cpp, line 256]
Event: 7.097 Thread 0x000001f347bd8740 Exception <a 'java/lang/ClassNotFoundException'{0x000000008606c3e8}: org/gradle/api/internal/artifacts/dsl/dependencies/DefaultDependencyHandler_DecoratedCustomizer> (0x000000008606c3e8) 
thrown [s\src\hotspot\share\classfile\systemDictionary.cpp, line 256]
Event: 7.468 Thread 0x000001f347bd8740 Exception <a 'java/lang/NoSuchMethodError'{0x0000000085ada378}: 'java.lang.Object java.lang.invoke.DirectMethodHandle$Holder.newInvokeSpecial(java.lang.Object, java.lang.Object, java.lang.Object, java.lang.Object, java.lang.Object, java.lang.Object, int)'> (0x0000000085ada378) 
thrown [s\src\hotspot\share\interpreter\linkResolver.cpp, line 771]
Event: 7.468 Thread 0x000001f347bd8740 Exception <a 'java/lang/NoSuchMethodError'{0x0000000085ae0360}: 'java.lang.Object java.lang.invoke.DirectMethodHandle$Holder.invokeSpecial(java.lang.Object, java.lang.Object, java.lang.Object, java.lang.Object, java.lang.Object, java.lang.Object, java.lang.Object, int)'> (0x0000000085ae0360) 
thrown [s\src\hotspot\share\interpreter\linkResolver.cpp, line 771]
Event: 7.468 Thread 0x000001f347bd8740 Exception <a 'java/lang/NoSuchMethodError'{0x0000000085ae5f30}: 'java.lang.Object java.lang.invoke.Invokers$Holder.linkToTargetMethod(java.lang.Object, java.lang.Object, java.lang.Object, java.lang.Object, java.lang.Object, int, java.lang.Object)'> (0x0000000085ae5f30) 
thrown [s\src\hotspot\share\interpreter\linkResolver.cpp, line 771]
Event: 7.475 Thread 0x000001f34ade27e0 Implicit null exception at 0x000001f3327c3983 to 0x000001f3327c3b44
Event: 7.532 Thread 0x000001f34c452f30 Exception <a 'java/lang/NoSuchMethodError'{0x000000008c3964e0}: 'void java.lang.invoke.DirectMethodHandle$Holder.invokeSpecial(java.lang.Object, java.lang.Object, int)'> (0x000000008c3964e0) 
thrown [s\src\hotspot\share\interpreter\linkResolver.cpp, line 771]

VM Operations (20 events):
Event: 7.000 Executing VM operation: ICBufferFull
Event: 7.000 Executing VM operation: ICBufferFull done
Event: 7.025 Executing VM operation: HandshakeAllThreads
Event: 7.026 Executing VM operation: HandshakeAllThreads done
Event: 7.026 Executing VM operation: HandshakeAllThreads
Event: 7.026 Executing VM operation: HandshakeAllThreads done
Event: 7.126 Executing VM operation: HandshakeAllThreads
Event: 7.126 Executing VM operation: HandshakeAllThreads done
Event: 7.175 Executing VM operation: G1CollectForAllocation
Event: 7.178 Executing VM operation: G1CollectForAllocation done
Event: 7.193 Executing VM operation: G1Concurrent
Event: 7.195 Executing VM operation: G1Concurrent done
Event: 7.202 Executing VM operation: G1Concurrent
Event: 7.202 Executing VM operation: G1Concurrent done
Event: 7.399 Executing VM operation: ICBufferFull
Event: 7.399 Executing VM operation: ICBufferFull done
Event: 7.482 Executing VM operation: G1CollectForAllocation
Event: 7.487 Executing VM operation: G1CollectForAllocation done
Event: 7.538 Executing VM operation: HandshakeAllThreads
Event: 7.538 Executing VM operation: HandshakeAllThreads done

Events (20 events):
Event: 7.474 Thread 0x000001f34ade27e0 Thread added: 0x000001f34ade27e0
Event: 7.474 loading class java/util/stream/ReferencePipeline$15$1
Event: 7.474 loading class java/util/stream/ReferencePipeline$15$1 done
Event: 7.475 Thread 0x000001f34ade0b00 Thread added: 0x000001f34ade0b00
Event: 7.475 Thread 0x000001f34ade14a0 Thread added: 0x000001f34ade14a0
Event: 7.475 Thread 0x000001f34addfc90 Thread added: 0x000001f34addfc90
Event: 7.475 Thread 0x000001f34ade2310 Thread added: 0x000001f34ade2310
Event: 7.475 Thread 0x000001f34ade2cb0 Thread added: 0x000001f34ade2cb0
Event: 7.475 Thread 0x000001f34ade3180 Thread added: 0x000001f34ade3180
Event: 7.475 Thread 0x000001f34ade3b20 Thread added: 0x000001f34ade3b20
Event: 7.475 Thread 0x000001f34ade3ff0 Thread added: 0x000001f34ade3ff0
Event: 7.475 Thread 0x000001f34ade44c0 Thread added: 0x000001f34ade44c0
Event: 7.476 Thread 0x000001f34ade4990 Thread added: 0x000001f34ade4990
Event: 7.505 Thread 0x000001f34c452f30 Thread added: 0x000001f34c452f30
Event: 7.512 Thread 0x000001f34c451bf0 Thread added: 0x000001f34c451bf0
Event: 7.512 Thread 0x000001f34c4503e0 Thread added: 0x000001f34c4503e0
Event: 7.537 loading class java/nio/file/attribute/DosFileAttributeView
Event: 7.537 loading class java/nio/file/attribute/DosFileAttributeView done
Event: 7.537 loading class sun/nio/fs/WindowsFileAttributeViews$Dos
Event: 7.537 loading class sun/nio/fs/WindowsFileAttributeViews$Dos done


Dynamic libraries:
0x00007ff71a0e0000 - 0x00007ff71a0ea000 	C:\Program Files\Android\Android Studio\jbr\bin\java.exe
0x00007ff968310000 - 0x00007ff968527000 	C:\WINDOWS\SYSTEM32\ntdll.dll
0x00007ff967600000 - 0x00007ff9676c4000 	C:\WINDOWS\System32\KERNEL32.DLL
0x00007ff965860000 - 0x00007ff965c06000 	C:\WINDOWS\System32\KERNELBASE.dll
0x00007ff965740000 - 0x00007ff965851000 	C:\WINDOWS\System32\ucrtbase.dll
0x00007ff9510b0000 - 0x00007ff9510c7000 	C:\Program Files\Android\Android Studio\jbr\bin\jli.dll
0x00007ff95d960000 - 0x00007ff95d97b000 	C:\Program Files\Android\Android Studio\jbr\bin\VCRUNTIME140.dll
0x00007ff967d80000 - 0x00007ff967f2e000 	C:\WINDOWS\System32\USER32.dll
0x00007ff965710000 - 0x00007ff965736000 	C:\WINDOWS\System32\win32u.dll
0x00007ff964940000 - 0x00007ff964bd3000 	C:\WINDOWS\WinSxS\amd64_microsoft.windows.common-controls_6595b64144ccf1df_6.0.22621.2506_none_270c5ae97388e100\COMCTL32.dll
0x00007ff967ba0000 - 0x00007ff967bc9000 	C:\WINDOWS\System32\GDI32.dll
0x00007ff966ca0000 - 0x00007ff966d47000 	C:\WINDOWS\System32\msvcrt.dll
0x00007ff965c10000 - 0x00007ff965d28000 	C:\WINDOWS\System32\gdi32full.dll
0x00007ff965de0000 - 0x00007ff965e7a000 	C:\WINDOWS\System32\msvcp_win.dll
0x00007ff967b60000 - 0x00007ff967b91000 	C:\WINDOWS\System32\IMM32.DLL
0x00007ff951080000 - 0x00007ff95108c000 	C:\Program Files\Android\Android Studio\jbr\bin\vcruntime140_1.dll
0x00007ff939fb0000 - 0x00007ff93a03d000 	C:\Program Files\Android\Android Studio\jbr\bin\msvcp140.dll
0x00007ff924840000 - 0x00007ff9254c0000 	C:\Program Files\Android\Android Studio\jbr\bin\server\jvm.dll
0x00007ff967460000 - 0x00007ff967513000 	C:\WINDOWS\System32\ADVAPI32.dll
0x00007ff968220000 - 0x00007ff9682c8000 	C:\WINDOWS\System32\sechost.dll
0x00007ff965db0000 - 0x00007ff965dd8000 	C:\WINDOWS\System32\bcrypt.dll
0x00007ff968100000 - 0x00007ff968217000 	C:\WINDOWS\System32\RPCRT4.dll
0x00007ff95d830000 - 0x00007ff95d864000 	C:\WINDOWS\SYSTEM32\WINMM.dll
0x00007ff9504a0000 - 0x00007ff9504a9000 	C:\WINDOWS\SYSTEM32\WSOCK32.dll
0x00007ff95ca80000 - 0x00007ff95ca8a000 	C:\WINDOWS\SYSTEM32\VERSION.dll
0x00007ff967d00000 - 0x00007ff967d71000 	C:\WINDOWS\System32\WS2_32.dll
0x00007ff964580000 - 0x00007ff964598000 	C:\WINDOWS\SYSTEM32\kernel.appcore.dll
0x00007ff958e80000 - 0x00007ff958e8a000 	C:\Program Files\Android\Android Studio\jbr\bin\jimage.dll
0x00007ff964ed0000 - 0x00007ff965103000 	C:\WINDOWS\SYSTEM32\DBGHELP.DLL
0x00007ff9670d0000 - 0x00007ff967459000 	C:\WINDOWS\System32\combase.dll
0x00007ff967520000 - 0x00007ff9675f7000 	C:\WINDOWS\System32\OLEAUT32.dll
0x00007ff964dc0000 - 0x00007ff964df2000 	C:\WINDOWS\SYSTEM32\dbgcore.DLL
0x00007ff965d30000 - 0x00007ff965daa000 	C:\WINDOWS\System32\bcryptPrimitives.dll
0x00007ff953c00000 - 0x00007ff953c0e000 	C:\Program Files\Android\Android Studio\jbr\bin\instrument.dll
0x00007ff9517a0000 - 0x00007ff9517c5000 	C:\Program Files\Android\Android Studio\jbr\bin\java.dll
0x00007ff958e60000 - 0x00007ff958e78000 	C:\Program Files\Android\Android Studio\jbr\bin\zip.dll
0x00007ff966220000 - 0x00007ff966a7b000 	C:\WINDOWS\System32\SHELL32.dll
0x00007ff962ed0000 - 0x00007ff9637c6000 	C:\WINDOWS\SYSTEM32\windows.storage.dll
0x00007ff962d90000 - 0x00007ff962ece000 	C:\WINDOWS\SYSTEM32\wintypes.dll
0x00007ff966d50000 - 0x00007ff966e43000 	C:\WINDOWS\System32\SHCORE.dll
0x00007ff966aa0000 - 0x00007ff966afe000 	C:\WINDOWS\System32\shlwapi.dll
0x00007ff965580000 - 0x00007ff9655a6000 	C:\WINDOWS\SYSTEM32\profapi.dll
0x00007ff958610000 - 0x00007ff958629000 	C:\Program Files\Android\Android Studio\jbr\bin\net.dll
0x00007ff95eb00000 - 0x00007ff95ec37000 	C:\WINDOWS\SYSTEM32\WINHTTP.dll
0x00007ff9643b0000 - 0x00007ff964419000 	C:\WINDOWS\system32\mswsock.dll
0x00007ff954f80000 - 0x00007ff954f96000 	C:\Program Files\Android\Android Studio\jbr\bin\nio.dll
0x00007ff9552e0000 - 0x00007ff9552f0000 	C:\Program Files\Android\Android Studio\jbr\bin\verify.dll
0x00007ff8c6a00000 - 0x00007ff8c6a27000 	C:\Users\Dhruvil Prajapati\.gradle\native\68d5fa5c4cc2d200863cafc0d521ce42e7d3e7ee720ec0a83991735586a16f82\windows-amd64\native-platform.dll
0x00007ff8a8010000 - 0x00007ff8a8154000 	C:\Users\Dhruvil Prajapati\.gradle\native\e376f236ea51e6404a007f0833ffe2c6e607c4080706a723a18a27aeea778392\windows-amd64\native-platform-file-events.dll
0x00007ff954480000 - 0x00007ff954489000 	C:\Program Files\Android\Android Studio\jbr\bin\management.dll
0x00007ff954350000 - 0x00007ff95435b000 	C:\Program Files\Android\Android Studio\jbr\bin\management_ext.dll
0x00007ff966be0000 - 0x00007ff966be8000 	C:\WINDOWS\System32\PSAPI.DLL
0x00007ff965200000 - 0x00007ff96521b000 	C:\WINDOWS\SYSTEM32\CRYPTSP.dll
0x00007ff963f10000 - 0x00007ff963f45000 	C:\WINDOWS\system32\rsaenh.dll
0x00007ff964670000 - 0x00007ff96469c000 	C:\WINDOWS\SYSTEM32\USERENV.dll
0x00007ff9646a0000 - 0x00007ff9646ac000 	C:\WINDOWS\SYSTEM32\CRYPTBASE.dll
0x00007ff963a30000 - 0x00007ff963a5d000 	C:\WINDOWS\SYSTEM32\IPHLPAPI.DLL
0x00007ff9676d0000 - 0x00007ff9676d9000 	C:\WINDOWS\System32\NSI.dll
0x00007ff95e6f0000 - 0x00007ff95e709000 	C:\WINDOWS\SYSTEM32\dhcpcsvc6.DLL
0x00007ff95e6d0000 - 0x00007ff95e6ef000 	C:\WINDOWS\SYSTEM32\dhcpcsvc.DLL
0x00007ff963aa0000 - 0x00007ff963b99000 	C:\WINDOWS\SYSTEM32\DNSAPI.dll
0x00007ff93ce20000 - 0x00007ff93ce28000 	C:\WINDOWS\system32\wshunix.dll
0x00007ff944620000 - 0x00007ff944637000 	C:\WINDOWS\system32\napinsp.dll
0x00007ff9445e0000 - 0x00007ff9445fb000 	C:\WINDOWS\system32\pnrpnsp.dll
0x00007ff9442c0000 - 0x00007ff9442d1000 	C:\WINDOWS\System32\winrnr.dll
0x00007ff9442a0000 - 0x00007ff9442b5000 	C:\WINDOWS\system32\wshbth.dll
0x00007ff943f90000 - 0x00007ff943fb1000 	C:\WINDOWS\system32\nlansp_c.dll
0x00007ff95b2a0000 - 0x00007ff95b2aa000 	C:\Windows\System32\rasadhlp.dll
0x00007ff95cc60000 - 0x00007ff95cce3000 	C:\WINDOWS\System32\fwpuclnt.dll

dbghelp: loaded successfully - version: 4.0.5 - missing functions: none
symbol engine: initialized successfully - sym options: 0x614 - pdb path: .;C:\Program Files\Android\Android Studio\jbr\bin;C:\WINDOWS\SYSTEM32;C:\WINDOWS\WinSxS\amd64_microsoft.windows.common-controls_6595b64144ccf1df_6.0.22621.2506_none_270c5ae97388e100;C:\Program Files\Android\Android Studio\jbr\bin\server;C:\Users\Dhruvil Prajapati\.gradle\native\68d5fa5c4cc2d200863cafc0d521ce42e7d3e7ee720ec0a83991735586a16f82\windows-amd64;C:\Users\Dhruvil Prajapati\.gradle\native\e376f236ea51e6404a007f0833ffe2c6e607c4080706a723a18a27aeea778392\windows-amd64

VM Arguments:
jvm_args: -XX:MaxMetaspaceSize=512m --add-opens=java.base/java.util=ALL-UNNAMED --add-opens=java.base/java.lang=ALL-UNNAMED --add-opens=java.base/java.lang.invoke=ALL-UNNAMED --add-opens=java.prefs/java.util.prefs=ALL-UNNAMED --add-opens=java.base/java.nio.charset=ALL-UNNAMED --add-opens=java.base/java.net=ALL-UNNAMED --add-opens=java.base/java.util.concurrent.atomic=ALL-UNNAMED -Xmx2048m -Dfile.encoding=windows-1252 -Duser.country=US -Duser.language=en -Duser.variant -javaagent:C:\Users\Dhruvil Prajapati\.gradle\wrapper\dists\gradle-8.3-all\6en3ugtfdg5xnpx44z4qbwgas\gradle-8.3\lib\agents\gradle-instrumentation-agent-8.3.jar 
java_command: org.gradle.launcher.daemon.bootstrap.GradleDaemon 8.3
java_class_path (initial): C:\Users\Dhruvil Prajapati\.gradle\wrapper\dists\gradle-8.3-all\6en3ugtfdg5xnpx44z4qbwgas\gradle-8.3\lib\gradle-launcher-8.3.jar
Launcher Type: SUN_STANDARD

[Global flags]
     intx CICompilerCount                          = 4                                         {product} {ergonomic}
   size_t CompressedClassSpaceSize                 = 436207616                                 {product} {ergonomic}
     uint ConcGCThreads                            = 3                                         {product} {ergonomic}
     uint G1ConcRefinementThreads                  = 10                                        {product} {ergonomic}
   size_t G1HeapRegionSize                         = 1048576                                   {product} {ergonomic}
    uintx GCDrainStackTargetSize                   = 64                                        {product} {ergonomic}
   size_t InitialHeapSize                          = 257949696                                 {product} {ergonomic}
   size_t MarkStackSize                            = 4194304                                   {product} {ergonomic}
   size_t MaxHeapSize                              = 2147483648                                {product} {command line}
   size_t MaxMetaspaceSize                         = 536870912                                 {product} {command line}
   size_t MaxNewSize                               = 1287651328                                {product} {ergonomic}
   size_t MinHeapDeltaBytes                        = 1048576                                   {product} {ergonomic}
   size_t MinHeapSize                              = 8388608                                   {product} {ergonomic}
    uintx NonNMethodCodeHeapSize                   = 5839372                                {pd product} {ergonomic}
    uintx NonProfiledCodeHeapSize                  = 122909434                              {pd product} {ergonomic}
    uintx ProfiledCodeHeapSize                     = 122909434                              {pd product} {ergonomic}
    uintx ReservedCodeCacheSize                    = 251658240                              {pd product} {ergonomic}
     bool SegmentedCodeCache                       = true                                      {product} {ergonomic}
   size_t SoftMaxHeapSize                          = 2147483648                             {manageable} {ergonomic}
     bool UseCompressedClassPointers               = true                           {product lp64_product} {ergonomic}
     bool UseCompressedOops                        = true                           {product lp64_product} {ergonomic}
     bool UseG1GC                                  = true                                      {product} {ergonomic}
     bool UseLargePagesIndividualAllocation        = false                                  {pd product} {ergonomic}

Logging:
Log output configuration:
 #0: stdout all=warning uptime,level,tags
 #1: stderr all=off uptime,level,tags

Environment Variables:
JAVA_HOME=C:\Program Files\Microsoft\jdk-17.0.8.7-hotspot\
CLASSPATH=.;C:\Program Files\Java\jre1.8.0_202\lib\ext\mysql-connector-java-8.0.23.jar;.;
PATH=C:\Program Files\Microsoft\jdk-17.0.8.7-hotspot\bin;C:\Python312\Scripts\;C:\Python312\;C:\Program Files (x86)\VMware\VMware Workstation\bin\;C:\Windows\system32;C:\Windows;C:\Windows\System32\Wbem;C:\Windows\System32\WindowsPowerShell\v1.0\;C:\Windows\System32\OpenSSH\;C:\Program Files (x86)\NVIDIA Corporation\PhysX\Common;C:\Program Files\NVIDIA Corporation\NVIDIA NvDLISR;C:\Program Files\Java\jdk1.8.0_202\bin;C:\Program Files\Git\cmd;C:\ProgramData\chocolatey\bin;C:\Users\Dhruvil Prajapati\AppData\Local\Android\Sdk\platform-tools;;C:\WINDOWS\system32;C:\WINDOWS;C:\WINDOWS\System32\Wbem;C:\WINDOWS\System32\WindowsPowerShell\v1.0\;C:\WINDOWS\System32\OpenSSH\;C:\Program Files\nodejs\;C:\Users\Dhruvil Prajapati\AppData\Local\Programs\Python\Python311\Scripts\;C:\Users\Dhruvil Prajapati\AppData\Local\Programs\Python\Python311\;C:\Users\Dhruvil Prajapati\AppData\Local\Microsoft\WindowsApps;C:\Program Files\dart-sdk\bin;C:\Users\Dhruvil Prajapati\AppData\Local\Programs\Microsoft VS Code\bin;C:\Users\Dhruvil Prajapati\Desktop\mobile app\Sem 2\flutter\bin;C:\Users\Dhruvil Prajapati\AppData\Local\Programs\mongosh\;C:\Users\Dhruvil Prajapati\Desktop\mobile app\Sem 2\Flutter\flutter\flutter_windows_3.7.12-stable\flutter\bin;C:\Users\Dhruvil Prajapati\AppData\Roaming\npm
USERNAME=Dhruvil Prajapati
OS=Windows_NT
PROCESSOR_IDENTIFIER=AMD64 Family 25 Model 80 Stepping 0, AuthenticAMD
TMP=C:\Users\DHRUVI~1\AppData\Local\Temp
TEMP=C:\Users\DHRUVI~1\AppData\Local\Temp


JNI global refs:
JNI global refs: 27, weak refs: 5

JNI global refs memory usage: 843, weak refs: 841

OOME stack traces (most recent first):
Classloader memory used:
Loader org.gradle.internal.classloader.VisitableURLClassLoader                         : 4730K
Loader bootstrap                                                                       : 2685K
Loader org.gradle.initialization.MixInLegacyTypesClassLoader                           : 1418K
Loader org.gradle.internal.classloader.VisitableURLClassLoader$InstrumentingVisitableURLClassLoader: 456K
Loader jdk.internal.loader.ClassLoaders$PlatformClassLoader                            : 65551B
Loader jdk.internal.reflect.DelegatingClassLoader                                      : 36643B
Loader jdk.internal.loader.ClassLoaders$AppClassLoader                                 : 28457B
Loader org.gradle.groovy.scripts.internal.DefaultScriptCompilationHandler$ScriptClassLoader: 14343B
Loader org.gradle.internal.classloader.VisitableURLClassLoader                         : 9305B
Loader org.codehaus.groovy.runtime.callsite.CallSiteClassLoader                        : 6568B
Loader sun.reflect.misc.MethodUtil                                                     : 373B

Classes loaded by more than one classloader:
Class Program                                                                         : loaded 4 times (x 70B)
Class org.gradle.internal.installation.GradleInstallation                             : loaded 2 times (x 73B)
Class org.gradle.internal.classpath.ClassPath                                         : loaded 2 times (x 68B)
Class org.gradle.api.internal.classpath.DefaultModuleRegistry                         : loaded 2 times (x 84B)
Class org.gradle.api.Action                                                           : loaded 2 times (x 68B)
Class org.jetbrains.kotlin.config.MavenComparableVersion$IntegerItem                  : loaded 2 times (x 78B)
Class org.gradle.api.internal.DefaultClassPathProvider                                : loaded 2 times (x 74B)
Class org.gradle.internal.installation.GradleInstallation$1                           : loaded 2 times (x 73B)
Class org.gradle.internal.classloader.FilteringClassLoader                            : loaded 2 times (x 102B)
Class org.gradle.internal.classpath.DefaultClassPath$ImmutableUniqueList$Builder      : loaded 2 times (x 73B)
Class org.gradle.internal.classloader.ClassLoaderVisitor                              : loaded 2 times (x 74B)
Class org.gradle.internal.service.DefaultServiceLocator                               : loaded 2 times (x 81B)
Class org.gradle.internal.service.UnknownServiceException                             : loaded 2 times (x 81B)
Class org.gradle.internal.classloader.DefaultClassLoaderFactory                       : loaded 2 times (x 80B)
Class org.gradle.internal.classloader.VisitableURLClassLoader$Spec                    : loaded 2 times (x 72B)
Class org.gradle.api.GradleException                                                  : loaded 2 times (x 80B)
Class org.gradle.api.internal.classpath.ModuleRegistry                                : loaded 2 times (x 68B)
Class org.gradle.api.internal.ClassPathProvider                                       : loaded 2 times (x 68B)
Class org.gradle.internal.classloader.ClasspathUtil$1                                 : loaded 2 times (x 74B)
Class [Lorg.jetbrains.kotlin.utils.DescriptionAware;                                  : loaded 2 times (x 67B)
Class org.gradle.internal.classloader.ClassLoaderFactory                              : loaded 2 times (x 68B)
Class org.gradle.api.internal.classpath.ManifestUtil                                  : loaded 2 times (x 69B)
Class org.gradle.api.specs.Spec                                                       : loaded 2 times (x 68B)
Class org.gradle.internal.IoActions                                                   : loaded 2 times (x 69B)
Class org.gradle.api.internal.classpath.EffectiveClassPath                            : loaded 2 times (x 88B)
Class org.gradle.internal.installation.CurrentGradleInstallation                      : loaded 2 times (x 71B)
Class org.gradle.internal.agents.InstrumentingClassLoader                             : loaded 2 times (x 68B)
Class org.gradle.internal.installation.CurrentGradleInstallationLocator               : loaded 2 times (x 69B)
Class org.gradle.api.internal.classpath.Module                                        : loaded 2 times (x 68B)
Class [Lorg.jetbrains.kotlin.config.LanguageOrApiVersion;                             : loaded 2 times (x 67B)
Class org.gradle.internal.service.CachingServiceLocator                               : loaded 2 times (x 80B)
Class org.gradle.internal.classpath.DefaultClassPath                                  : loaded 2 times (x 88B)
Class Build_gradle$1                                                                  : loaded 2 times (x 76B)
Class org.jetbrains.kotlin.config.ApiVersion                                          : loaded 2 times (x 84B)
Class org.gradle.internal.classloader.SystemClassLoaderSpec                           : loaded 2 times (x 69B)
Class org.jetbrains.kotlin.utils.DescriptionAware                                     : loaded 2 times (x 68B)
Class org.jetbrains.kotlin.config.LanguageVersion                                     : loaded 2 times (x 88B)
Class org.jetbrains.kotlin.config.MavenComparableVersion$Item                         : loaded 2 times (x 68B)
Class org.gradle.api.UncheckedIOException                                             : loaded 2 times (x 80B)
Class org.jetbrains.kotlin.config.MavenComparableVersion$ListItem                     : loaded 2 times (x 178B)
Class org.gradle.internal.classloader.ClasspathUtil                                   : loaded 2 times (x 69B)
Class org.gradle.api.internal.DefaultClassPathRegistry                                : loaded 2 times (x 74B)
Class org.jetbrains.kotlin.config.LanguageOrApiVersion                                : loaded 2 times (x 68B)
Class org.gradle.api.internal.classpath.DefaultModuleRegistry$DefaultModule           : loaded 2 times (x 84B)
Class org.jetbrains.kotlin.config.ApiVersion$Companion                                : loaded 2 times (x 69B)
Class org.jetbrains.kotlin.config.LanguageVersion$Companion                           : loaded 2 times (x 69B)
Class org.gradle.api.internal.classpath.UnknownModuleException                        : loaded 2 times (x 80B)
Class org.gradle.internal.service.ServiceLookupException                              : loaded 2 times (x 80B)
Class org.gradle.cache.GlobalCache                                                    : loaded 2 times (x 68B)
Class [Lorg.gradle.api.internal.ClassPathProvider;                                    : loaded 2 times (x 67B)
Class org.gradle.util.internal.GUtil                                                  : loaded 2 times (x 69B)
Class org.gradle.internal.classloader.ClassLoaderSpec                                 : loaded 2 times (x 69B)
Class org.gradle.internal.classloader.VisitableURLClassLoader                         : loaded 2 times (x 114B)
Class org.gradle.internal.Cast                                                        : loaded 2 times (x 69B)
Class Build_gradle                                                                    : loaded 2 times (x 128B)
Class org.gradle.api.internal.ClassPathRegistry                                       : loaded 2 times (x 68B)
Class org.gradle.internal.classloader.VisitableURLClassLoader$InstrumentingVisitableURLClassLoader: loaded 2 times (x 120B)
Class org.gradle.internal.classloader.ClassLoaderHierarchy                            : loaded 2 times (x 68B)
Class org.gradle.internal.InternalTransformer                                         : loaded 2 times (x 68B)
Class org.gradle.internal.service.ServiceLocator                                      : loaded 2 times (x 68B)
Class org.jetbrains.kotlin.config.MavenComparableVersion                              : loaded 2 times (x 76B)
Class [Lorg.jetbrains.kotlin.config.LanguageVersion;                                  : loaded 2 times (x 67B)
Class org.gradle.internal.classpath.DefaultClassPath$ImmutableUniqueList              : loaded 2 times (x 159B)
Class org.gradle.internal.classpath.TransformedClassPath                              : loaded 2 times (x 94B)
Class Settings_gradle                                                                 : loaded 2 times (x 126B)


---------------  S Y S T E M  ---------------

OS:
 Windows 11 , 64 bit Build 22621 (10.0.22621.3085)
OS uptime: 0 days 16:34 hours

CPU: total 12 (initial active 12) (12 cores per cpu, 2 threads per core) family 25 model 80 stepping 0 microcode 0x0, cx8, cmov, fxsr, ht, mmx, 3dnowpref, sse, sse2, sse3, ssse3, sse4a, sse4.1, sse4.2, popcnt, lzcnt, tsc, tscinvbit, avx, avx2, aes, erms, clmul, bmi1, bmi2, adx, sha, fma, vzeroupper, clflush, clflushopt

Memory: 4k page, system-wide physical 15724M (1243M free)
TotalPageFile size 19820M (AvailPageFile size 6M)
current process WorkingSet (physical memory assigned to process): 359M, peak: 360M
current process commit charge ("private bytes"): 398M, peak: 401M

vm_info: OpenJDK 64-Bit Server VM (17.0.7+0-b2043.56-10550314) for windows-amd64 JRE (17.0.7+0-b2043.56-10550314), built on Jul 24 2023 18:27:45 by "androidbuild" with MS VC++ 16.10 / 16.11 (VS2019)

END.
