#
# There is insufficient memory for the Java Runtime Environment to continue.
# Native memory allocation (malloc) failed to allocate 32784 bytes for Chunk::new
# Possible reasons:
#   The system is out of physical RAM or swap space
#   The process is running with CompressedOops enabled, and the Java Heap may be blocking the growth of the native heap
# Possible solutions:
#   Reduce memory load on the system
#   Increase physical memory or swap space
#   Check if swap backing store is full
#   Decrease Java heap size (-Xmx/-Xms)
#   Decrease number of Java threads
#   Decrease Java thread stack sizes (-Xss)
#   Set larger code cache with -XX:ReservedCodeCacheSize=
#   JVM is running with Unscaled Compressed Oops mode in which the Java heap is
#     placed in the first 4GB address space. The Java Heap base address is the
#     maximum limit for the native heap growth. Please use -XX:HeapBaseMinAddress
#     to set the Java Heap base and to place the Java Heap above 4GB virtual address.
# This output file may be truncated or incomplete.
#
#  Out of Memory Error (arena.cpp:189), pid=16988, tid=8336
#
# JRE version: OpenJDK Runtime Environment Microsoft-8035246 (17.0.8+7) (build 17.0.8+7-LTS)
# Java VM: OpenJDK 64-Bit Server VM Microsoft-8035246 (17.0.8+7-LTS, mixed mode, sharing, tiered, compressed oops, compressed class ptrs, g1 gc, windows-amd64)
# No core dump will be written. Minidumps are not enabled by default on client versions of Windows
#

---------------  S U M M A R Y ------------

Command Line: -Xmx64m -Xms64m -Dorg.gradle.appname=gradlew org.gradle.wrapper.GradleWrapperMain app:installDebug -PreactNativeDevServerPort=8081

Host: AMD Ryzen 5 5600H with Radeon Graphics         , 12 cores, 15G,  Windows 11 , 64 bit Build 22621 (10.0.22621.3085)
Time: Fri Feb 16 17:10:30 2024 India Standard Time elapsed time: 0.359979 seconds (0d 0h 0m 0s)

---------------  T H R E A D  ---------------

Current thread (0x000002293ad9d340):  JavaThread "C2 CompilerThread2" daemon [_thread_in_native, id=8336, stack(0x0000009099b00000,0x0000009099c00000)]


Current CompileTask:
C2:    360  794  s!   4       jdk.internal.loader.URLClassPath::getLoader (194 bytes)

Stack: [0x0000009099b00000,0x0000009099c00000]
Native frames: (J=compiled Java code, j=interpreted, Vv=VM code, C=native code)
V  [jvm.dll+0x67bf3a]
V  [jvm.dll+0x83a024]
V  [jvm.dll+0x83b7ce]
V  [jvm.dll+0x83be33]
V  [jvm.dll+0x24785f]
V  [jvm.dll+0xac3bc]
V  [jvm.dll+0xac98c]
V  [jvm.dll+0xac4cb]
V  [jvm.dll+0x65946c]
V  [jvm.dll+0x59150a]
V  [jvm.dll+0x57b580]
V  [jvm.dll+0x57d7ef]
V  [jvm.dll+0x57d32d]
V  [jvm.dll+0x57d210]
V  [jvm.dll+0x57d399]
V  [jvm.dll+0x57d210]
V  [jvm.dll+0x57d210]
V  [jvm.dll+0x584f24]
V  [jvm.dll+0x222a82]
V  [jvm.dll+0x21bcee]
V  [jvm.dll+0x21944b]
V  [jvm.dll+0x1a56b6]
V  [jvm.dll+0x2291ea]
V  [jvm.dll+0x22724c]
V  [jvm.dll+0x7efd0c]
V  [jvm.dll+0x7ea13a]
V  [jvm.dll+0x67ad85]
C  [ucrtbase.dll+0x29363]
C  [KERNEL32.DLL+0x1257d]
C  [ntdll.dll+0x5aa58]


---------------  P R O C E S S  ---------------

Threads class SMR info:
_java_thread_list=0x000002290021e470, length=14, elements={
0x0000022920f51c30, 0x000002293ad6ffb0, 0x000002293ad70950, 0x000002293ad85400,
0x000002293ad86be0, 0x000002293ad892c0, 0x000002293ad89ea0, 0x000002293ad928e0,
0x000002293ad9b8b0, 0x000002293ada1c30, 0x00000229000789f0, 0x000002290007c330,
0x000002293ad9be00, 0x000002293ad9d340
}

Java Threads: ( => current thread )
  0x0000022920f51c30 JavaThread "main" [_thread_in_vm, id=10652, stack(0x0000009098700000,0x0000009098800000)]
  0x000002293ad6ffb0 JavaThread "Reference Handler" daemon [_thread_blocked, id=9952, stack(0x0000009098e00000,0x0000009098f00000)]
  0x000002293ad70950 JavaThread "Finalizer" daemon [_thread_blocked, id=10872, stack(0x0000009098f00000,0x0000009099000000)]
  0x000002293ad85400 JavaThread "Signal Dispatcher" daemon [_thread_blocked, id=11728, stack(0x0000009099000000,0x0000009099100000)]
  0x000002293ad86be0 JavaThread "Attach Listener" daemon [_thread_blocked, id=18104, stack(0x0000009099100000,0x0000009099200000)]
  0x000002293ad892c0 JavaThread "Service Thread" daemon [_thread_blocked, id=15988, stack(0x0000009099200000,0x0000009099300000)]
  0x000002293ad89ea0 JavaThread "Monitor Deflation Thread" daemon [_thread_blocked, id=1556, stack(0x0000009099300000,0x0000009099400000)]
  0x000002293ad928e0 JavaThread "C2 CompilerThread0" daemon [_thread_in_native, id=18492, stack(0x0000009099400000,0x0000009099500000)]
  0x000002293ad9b8b0 JavaThread "C1 CompilerThread0" daemon [_thread_blocked, id=14720, stack(0x0000009099500000,0x0000009099600000)]
  0x000002293ada1c30 JavaThread "Sweeper thread" daemon [_thread_blocked, id=14620, stack(0x0000009099600000,0x0000009099700000)]
  0x00000229000789f0 JavaThread "Notification Thread" daemon [_thread_blocked, id=5188, stack(0x0000009099700000,0x0000009099800000)]
  0x000002290007c330 JavaThread "Common-Cleaner" daemon [_thread_blocked, id=3436, stack(0x0000009099900000,0x0000009099a00000)]
  0x000002293ad9be00 JavaThread "C2 CompilerThread1" daemon [_thread_in_native, id=13756, stack(0x0000009099a00000,0x0000009099b00000)]
=>0x000002293ad9d340 JavaThread "C2 CompilerThread2" daemon [_thread_in_native, id=8336, stack(0x0000009099b00000,0x0000009099c00000)]

Other Threads:
  0x0000022920ffd2c0 VMThread "VM Thread" [stack: 0x0000009098d00000,0x0000009098e00000] [id=1616]
  0x000002290007bef0 WatcherThread [stack: 0x0000009099800000,0x0000009099900000] [id=15568]
  0x0000022920f71ae0 GCTaskThread "GC Thread#0" [stack: 0x0000009098800000,0x0000009098900000] [id=19348]
  0x0000022920f73230 ConcurrentGCThread "G1 Main Marker" [stack: 0x0000009098900000,0x0000009098a00000] [id=9380]
  0x0000022920f74c50 ConcurrentGCThread "G1 Conc#0" [stack: 0x0000009098a00000,0x0000009098b00000] [id=11768]
  0x0000022920fdc490 ConcurrentGCThread "G1 Refine#0" [stack: 0x0000009098b00000,0x0000009098c00000] [id=19660]
  0x0000022920fdeae0 ConcurrentGCThread "G1 Service" [stack: 0x0000009098c00000,0x0000009098d00000] [id=4984]

Threads with active compile tasks:
C2 CompilerThread0      372  795   !   4       jdk.internal.loader.URLClassPath$JarLoader::getResource (65 bytes)
C2 CompilerThread1      372  793       4       java.util.jar.JarFile::getEntry (35 bytes)
C2 CompilerThread2      372  794  s!   4       jdk.internal.loader.URLClassPath::getLoader (194 bytes)

VM state: not at safepoint (normal execution)

VM Mutex/Monitor currently owned by a thread:  ([mutex/lock_event])
[0x0000022920f4abe0] Metaspace_lock - owner thread: 0x0000022920f51c30

Heap address: 0x00000000fc000000, size: 64 MB, Compressed Oops mode: 32-bit

CDS archive(s) mapped at: [0x000002293b000000-0x000002293bbd0000-0x000002293bbd0000), size 12386304, SharedBaseAddress: 0x000002293b000000, ArchiveRelocationMode: 1.
Compressed class space mapped at: 0x000002293c000000-0x000002297c000000, reserved size: 1073741824
Narrow klass base: 0x000002293b000000, Narrow klass shift: 0, Narrow klass range: 0x100000000

GC Precious Log:
 CPUs: 12 total, 12 available
 Memory: 15724M
 Large Page Support: Disabled
 NUMA Support: Disabled
 Compressed Oops: Enabled (32-bit)
 Heap Region Size: 1M
 Heap Min Capacity: 64M
 Heap Initial Capacity: 64M
 Heap Max Capacity: 64M
 Pre-touch: Disabled
 Parallel Workers: 10
 Concurrent Workers: 3
 Concurrent Refinement Workers: 10
 Periodic GC: Disabled

Heap:
 garbage-first heap   total 65536K, used 25600K [0x00000000fc000000, 0x0000000100000000)
  region size 1024K, 23 young (23552K), 0 survivors (0K)
 Metaspace       used 3365K, committed 3456K, reserved 1114112K
  class space    used 391K, committed 448K, reserved 1048576K

Heap Regions: E=young(eden), S=young(survivor), O=old, HS=humongous(starts), HC=humongous(continues), CS=collection set, F=free, OA=open archive, CA=closed archive, TAMS=top-at-mark-start (previous, next)
|   0|0x00000000fc000000, 0x00000000fc100000, 0x00000000fc100000|100%|HS|  |TAMS 0x00000000fc000000, 0x00000000fc000000| Complete 
|   1|0x00000000fc100000, 0x00000000fc200000, 0x00000000fc200000|100%|HC|  |TAMS 0x00000000fc100000, 0x00000000fc100000| Complete 
|   2|0x00000000fc200000, 0x00000000fc300000, 0x00000000fc300000|100%|HC|  |TAMS 0x00000000fc200000, 0x00000000fc200000| Complete 
|   3|0x00000000fc300000, 0x00000000fc400000, 0x00000000fc400000|100%|HC|  |TAMS 0x00000000fc300000, 0x00000000fc300000| Complete 
|   4|0x00000000fc400000, 0x00000000fc400000, 0x00000000fc500000|  0%| F|  |TAMS 0x00000000fc400000, 0x00000000fc400000| Untracked 
|   5|0x00000000fc500000, 0x00000000fc500000, 0x00000000fc600000|  0%| F|  |TAMS 0x00000000fc500000, 0x00000000fc500000| Untracked 
|   6|0x00000000fc600000, 0x00000000fc600000, 0x00000000fc700000|  0%| F|  |TAMS 0x00000000fc600000, 0x00000000fc600000| Untracked 
|   7|0x00000000fc700000, 0x00000000fc700000, 0x00000000fc800000|  0%| F|  |TAMS 0x00000000fc700000, 0x00000000fc700000| Untracked 
|   8|0x00000000fc800000, 0x00000000fc800000, 0x00000000fc900000|  0%| F|  |TAMS 0x00000000fc800000, 0x00000000fc800000| Untracked 
|   9|0x00000000fc900000, 0x00000000fc900000, 0x00000000fca00000|  0%| F|  |TAMS 0x00000000fc900000, 0x00000000fc900000| Untracked 
|  10|0x00000000fca00000, 0x00000000fca00000, 0x00000000fcb00000|  0%| F|  |TAMS 0x00000000fca00000, 0x00000000fca00000| Untracked 
|  11|0x00000000fcb00000, 0x00000000fcb00000, 0x00000000fcc00000|  0%| F|  |TAMS 0x00000000fcb00000, 0x00000000fcb00000| Untracked 
|  12|0x00000000fcc00000, 0x00000000fcc00000, 0x00000000fcd00000|  0%| F|  |TAMS 0x00000000fcc00000, 0x00000000fcc00000| Untracked 
|  13|0x00000000fcd00000, 0x00000000fcd00000, 0x00000000fce00000|  0%| F|  |TAMS 0x00000000fcd00000, 0x00000000fcd00000| Untracked 
|  14|0x00000000fce00000, 0x00000000fce00000, 0x00000000fcf00000|  0%| F|  |TAMS 0x00000000fce00000, 0x00000000fce00000| Untracked 
|  15|0x00000000fcf00000, 0x00000000fcf00000, 0x00000000fd000000|  0%| F|  |TAMS 0x00000000fcf00000, 0x00000000fcf00000| Untracked 
|  16|0x00000000fd000000, 0x00000000fd000000, 0x00000000fd100000|  0%| F|  |TAMS 0x00000000fd000000, 0x00000000fd000000| Untracked 
|  17|0x00000000fd100000, 0x00000000fd100000, 0x00000000fd200000|  0%| F|  |TAMS 0x00000000fd100000, 0x00000000fd100000| Untracked 
|  18|0x00000000fd200000, 0x00000000fd200000, 0x00000000fd300000|  0%| F|  |TAMS 0x00000000fd200000, 0x00000000fd200000| Untracked 
|  19|0x00000000fd300000, 0x00000000fd300000, 0x00000000fd400000|  0%| F|  |TAMS 0x00000000fd300000, 0x00000000fd300000| Untracked 
|  20|0x00000000fd400000, 0x00000000fd400000, 0x00000000fd500000|  0%| F|  |TAMS 0x00000000fd400000, 0x00000000fd400000| Untracked 
|  21|0x00000000fd500000, 0x00000000fd500000, 0x00000000fd600000|  0%| F|  |TAMS 0x00000000fd500000, 0x00000000fd500000| Untracked 
|  22|0x00000000fd600000, 0x00000000fd600000, 0x00000000fd700000|  0%| F|  |TAMS 0x00000000fd600000, 0x00000000fd600000| Untracked 
|  23|0x00000000fd700000, 0x00000000fd700000, 0x00000000fd800000|  0%| F|  |TAMS 0x00000000fd700000, 0x00000000fd700000| Untracked 
|  24|0x00000000fd800000, 0x00000000fd800000, 0x00000000fd900000|  0%| F|  |TAMS 0x00000000fd800000, 0x00000000fd800000| Untracked 
|  25|0x00000000fd900000, 0x00000000fd900000, 0x00000000fda00000|  0%| F|  |TAMS 0x00000000fd900000, 0x00000000fd900000| Untracked 
|  26|0x00000000fda00000, 0x00000000fda00000, 0x00000000fdb00000|  0%| F|  |TAMS 0x00000000fda00000, 0x00000000fda00000| Untracked 
|  27|0x00000000fdb00000, 0x00000000fdb00000, 0x00000000fdc00000|  0%| F|  |TAMS 0x00000000fdb00000, 0x00000000fdb00000| Untracked 
|  28|0x00000000fdc00000, 0x00000000fdc00000, 0x00000000fdd00000|  0%| F|  |TAMS 0x00000000fdc00000, 0x00000000fdc00000| Untracked 
|  29|0x00000000fdd00000, 0x00000000fdd00000, 0x00000000fde00000|  0%| F|  |TAMS 0x00000000fdd00000, 0x00000000fdd00000| Untracked 
|  30|0x00000000fde00000, 0x00000000fde00000, 0x00000000fdf00000|  0%| F|  |TAMS 0x00000000fde00000, 0x00000000fde00000| Untracked 
|  31|0x00000000fdf00000, 0x00000000fdf00000, 0x00000000fe000000|  0%| F|  |TAMS 0x00000000fdf00000, 0x00000000fdf00000| Untracked 
|  32|0x00000000fe000000, 0x00000000fe000000, 0x00000000fe100000|  0%| F|  |TAMS 0x00000000fe000000, 0x00000000fe000000| Untracked 
|  33|0x00000000fe100000, 0x00000000fe100000, 0x00000000fe200000|  0%| F|  |TAMS 0x00000000fe100000, 0x00000000fe100000| Untracked 
|  34|0x00000000fe200000, 0x00000000fe200000, 0x00000000fe300000|  0%| F|  |TAMS 0x00000000fe200000, 0x00000000fe200000| Untracked 
|  35|0x00000000fe300000, 0x00000000fe300000, 0x00000000fe400000|  0%| F|  |TAMS 0x00000000fe300000, 0x00000000fe300000| Untracked 
|  36|0x00000000fe400000, 0x00000000fe400000, 0x00000000fe500000|  0%| F|  |TAMS 0x00000000fe400000, 0x00000000fe400000| Untracked 
|  37|0x00000000fe500000, 0x00000000fe500000, 0x00000000fe600000|  0%| F|  |TAMS 0x00000000fe500000, 0x00000000fe500000| Untracked 
|  38|0x00000000fe600000, 0x00000000fe600000, 0x00000000fe700000|  0%| F|  |TAMS 0x00000000fe600000, 0x00000000fe600000| Untracked 
|  39|0x00000000fe700000, 0x00000000fe700000, 0x00000000fe800000|  0%| F|  |TAMS 0x00000000fe700000, 0x00000000fe700000| Untracked 
|  40|0x00000000fe800000, 0x00000000fe800000, 0x00000000fe900000|  0%| F|  |TAMS 0x00000000fe800000, 0x00000000fe800000| Untracked 
|  41|0x00000000fe900000, 0x00000000fe976448, 0x00000000fea00000| 46%| E|  |TAMS 0x00000000fe900000, 0x00000000fe900000| Complete 
|  42|0x00000000fea00000, 0x00000000feb00000, 0x00000000feb00000|100%| E|CS|TAMS 0x00000000fea00000, 0x00000000fea00000| Complete 
|  43|0x00000000feb00000, 0x00000000fec00000, 0x00000000fec00000|100%| E|CS|TAMS 0x00000000feb00000, 0x00000000feb00000| Complete 
|  44|0x00000000fec00000, 0x00000000fed00000, 0x00000000fed00000|100%| E|CS|TAMS 0x00000000fec00000, 0x00000000fec00000| Complete 
|  45|0x00000000fed00000, 0x00000000fee00000, 0x00000000fee00000|100%| E|CS|TAMS 0x00000000fed00000, 0x00000000fed00000| Complete 
|  46|0x00000000fee00000, 0x00000000fef00000, 0x00000000fef00000|100%| E|CS|TAMS 0x00000000fee00000, 0x00000000fee00000| Complete 
|  47|0x00000000fef00000, 0x00000000ff000000, 0x00000000ff000000|100%| E|CS|TAMS 0x00000000fef00000, 0x00000000fef00000| Complete 
|  48|0x00000000ff000000, 0x00000000ff100000, 0x00000000ff100000|100%| E|CS|TAMS 0x00000000ff000000, 0x00000000ff000000| Complete 
|  49|0x00000000ff100000, 0x00000000ff200000, 0x00000000ff200000|100%| E|CS|TAMS 0x00000000ff100000, 0x00000000ff100000| Complete 
|  50|0x00000000ff200000, 0x00000000ff300000, 0x00000000ff300000|100%| E|CS|TAMS 0x00000000ff200000, 0x00000000ff200000| Complete 
|  51|0x00000000ff300000, 0x00000000ff400000, 0x00000000ff400000|100%| E|  |TAMS 0x00000000ff300000, 0x00000000ff300000| Complete 
|  52|0x00000000ff400000, 0x00000000ff500000, 0x00000000ff500000|100%| E|CS|TAMS 0x00000000ff400000, 0x00000000ff400000| Complete 
|  53|0x00000000ff500000, 0x00000000ff600000, 0x00000000ff600000|100%| E|CS|TAMS 0x00000000ff500000, 0x00000000ff500000| Complete 
|  54|0x00000000ff600000, 0x00000000ff700000, 0x00000000ff700000|100%| E|CS|TAMS 0x00000000ff600000, 0x00000000ff600000| Complete 
|  55|0x00000000ff700000, 0x00000000ff800000, 0x00000000ff800000|100%| E|CS|TAMS 0x00000000ff700000, 0x00000000ff700000| Complete 
|  56|0x00000000ff800000, 0x00000000ff900000, 0x00000000ff900000|100%| E|CS|TAMS 0x00000000ff800000, 0x00000000ff800000| Complete 
|  57|0x00000000ff900000, 0x00000000ffa00000, 0x00000000ffa00000|100%| E|CS|TAMS 0x00000000ff900000, 0x00000000ff900000| Complete 
|  58|0x00000000ffa00000, 0x00000000ffb00000, 0x00000000ffb00000|100%| E|CS|TAMS 0x00000000ffa00000, 0x00000000ffa00000| Complete 
|  59|0x00000000ffb00000, 0x00000000ffc00000, 0x00000000ffc00000|100%| E|CS|TAMS 0x00000000ffb00000, 0x00000000ffb00000| Complete 
|  60|0x00000000ffc00000, 0x00000000ffd00000, 0x00000000ffd00000|100%| E|CS|TAMS 0x00000000ffc00000, 0x00000000ffc00000| Complete 
|  61|0x00000000ffd00000, 0x00000000ffe00000, 0x00000000ffe00000|100%| E|CS|TAMS 0x00000000ffd00000, 0x00000000ffd00000| Complete 
|  62|0x00000000ffe00000, 0x00000000fff00000, 0x00000000fff00000|100%| E|CS|TAMS 0x00000000ffe00000, 0x00000000ffe00000| Complete 
|  63|0x00000000fff00000, 0x0000000100000000, 0x0000000100000000|100%| E|CS|TAMS 0x00000000fff00000, 0x00000000fff00000| Complete 

Card table byte_map: [0x000002291ef20000,0x000002291ef40000] _byte_map_base: 0x000002291e740000

Marking Bits (Prev, Next): (CMBitMap*) 0x0000022920f72100, (CMBitMap*) 0x0000022920f72140
 Prev Bits: [0x0000022937fa0000, 0x00000229380a0000)
 Next Bits: [0x00000229380a0000, 0x00000229381a0000)

Polling page: 0x000002291eed0000

Metaspace:

Usage:
  Non-class:      2.91 MB used.
      Class:    391.14 KB used.
       Both:      3.29 MB used.

Virtual space:
  Non-class space:       64.00 MB reserved,       2.94 MB (  5%) committed,  1 nodes.
      Class space:        1.00 GB reserved,     448.00 KB ( <1%) committed,  1 nodes.
             Both:        1.06 GB reserved,       3.38 MB ( <1%) committed. 

Chunk freelists:
   Non-Class:  10.80 MB
       Class:  15.50 MB
        Both:  26.30 MB

MaxMetaspaceSize: unlimited
CompressedClassSpaceSize: 1.00 GB
Initial GC threshold: 21.00 MB
Current GC threshold: 21.00 MB
CDS: on
MetaspaceReclaimPolicy: balanced
 - commit_granule_bytes: 65536.
 - commit_granule_words: 8192.
 - virtual_space_node_default_size: 8388608.
 - enlarge_chunks_in_place: 1.
 - new_chunks_are_fully_committed: 0.
 - uncommit_free_chunks: 1.
 - use_allocation_guard: 0.
 - handle_deallocations: 1.


Internal statistics:

num_allocs_failed_limit: 0.
num_arena_births: 16.
num_arena_deaths: 0.
num_vsnodes_births: 2.
num_vsnodes_deaths: 0.
num_space_committed: 54.
num_space_uncommitted: 0.
num_chunks_returned_to_freelist: 0.
num_chunks_taken_from_freelist: 91.
num_chunk_merges: 0.
num_chunk_splits: 61.
num_chunks_enlarged: 54.
num_inconsistent_stats: 0.

CodeHeap 'non-profiled nmethods': size=120000Kb used=309Kb max_used=309Kb free=119690Kb
 bounds [0x0000022930510000, 0x0000022930780000, 0x0000022937a40000]
CodeHeap 'profiled nmethods': size=120000Kb used=1525Kb max_used=1525Kb free=118474Kb
 bounds [0x0000022928a40000, 0x0000022928cb0000, 0x000002292ff70000]
CodeHeap 'non-nmethods': size=5760Kb used=1128Kb max_used=1150Kb free=4631Kb
 bounds [0x000002292ff70000, 0x00000229301e0000, 0x0000022930510000]
 total_blobs=1217 nmethods=805 adapters=325
 compilation: enabled
              stopped_count=0, restarted_count=0
 full_count=0

Compilation events (20 events):
Event: 0.336 Thread 0x000002293ad9be00  774   !   4       jdk.internal.loader.URLClassPath$JarLoader::ensureOpen (36 bytes)
Event: 0.337 Thread 0x000002293ad9b8b0  787   !   3       java.net.URL::<init> (543 bytes)
Event: 0.338 Thread 0x000002293ad9be00 nmethod 774 0x0000022930558410 code [0x00000229305585e0, 0x0000022930558820]
Event: 0.339 Thread 0x000002293ad9b8b0 nmethod 787 0x0000022928ba3e10 code [0x0000022928ba44a0, 0x0000022928ba7e88]
Event: 0.339 Thread 0x000002293ad9b8b0  788   !   3       java.util.zip.Inflater::setInput (69 bytes)
Event: 0.339 Thread 0x000002293ad9b8b0 nmethod 788 0x0000022928ba9f90 code [0x0000022928baa160, 0x0000022928baa568]
Event: 0.339 Thread 0x000002293ad9b8b0  789   !   3       java.util.zip.ZipFile$Source::readAt (39 bytes)
Event: 0.339 Thread 0x000002293ad9b8b0 nmethod 789 0x0000022928baa710 code [0x0000022928baa900, 0x0000022928baad88]
Event: 0.340 Thread 0x000002293ad9d340 nmethod 771 0x0000022930558b10 code [0x0000022930558d20, 0x00000229305599f0]
Event: 0.342 Thread 0x000002293ad9b8b0  790       3       java.lang.String::newStringUTF8NoRepl (274 bytes)
Event: 0.343 Thread 0x000002293ad9b8b0 nmethod 790 0x0000022928bab110 code [0x0000022928bab3c0, 0x0000022928bac348]
Event: 0.343 Thread 0x000002293ad9b8b0  791   !   3       java.net.URLClassLoader::defineClass (224 bytes)
Event: 0.343 Thread 0x000002293ad9be00  793       4       java.util.jar.JarFile::getEntry (35 bytes)
Event: 0.344 Thread 0x000002293ad9d340  794  s!   4       jdk.internal.loader.URLClassPath::getLoader (194 bytes)
Event: 0.344 Thread 0x000002293ad9b8b0 nmethod 791 0x0000022928bac810 code [0x0000022928baccc0, 0x0000022928baee28]
Event: 0.344 Thread 0x000002293ad9b8b0  792       3       java.net.URLClassLoader::getAndVerifyPackage (109 bytes)
Event: 0.345 Thread 0x000002293ad9b8b0 nmethod 792 0x0000022928bafd10 code [0x0000022928bb0080, 0x0000022928bb1288]
Event: 0.347 Thread 0x000002293ad9b8b0  796       3       java.net.URLClassLoader$1::run (5 bytes)
Event: 0.347 Thread 0x000002293ad9b8b0 nmethod 796 0x0000022928bb1890 code [0x0000022928bb1a20, 0x0000022928bb1b68]
Event: 0.347 Thread 0x000002293ad9b8b0  797   !   3       java.net.URLClassLoader$1::run (81 bytes)

GC Heap History (0 events):
No events

Dll operation events (7 events):
Event: 0.005 Loaded shared library C:\Program Files\Microsoft\jdk-17.0.8.7-hotspot\bin\java.dll
Event: 0.016 Loaded shared library C:\Program Files\Microsoft\jdk-17.0.8.7-hotspot\bin\jsvml.dll
Event: 0.034 Loaded shared library C:\Program Files\Microsoft\jdk-17.0.8.7-hotspot\bin\net.dll
Event: 0.035 Loaded shared library C:\Program Files\Microsoft\jdk-17.0.8.7-hotspot\bin\nio.dll
Event: 0.037 Loaded shared library C:\Program Files\Microsoft\jdk-17.0.8.7-hotspot\bin\zip.dll
Event: 0.198 Loaded shared library C:\Program Files\Microsoft\jdk-17.0.8.7-hotspot\bin\jimage.dll
Event: 0.248 Loaded shared library C:\Program Files\Microsoft\jdk-17.0.8.7-hotspot\bin\verify.dll

Deoptimization events (20 events):
Event: 0.235 Thread 0x0000022920f51c30 Uncommon trap: trap_request=0xffffffde fr.pc=0x000002293053acd0 relative=0x0000000000000e50
Event: 0.235 Thread 0x0000022920f51c30 Uncommon trap: reason=class_check action=maybe_recompile pc=0x000002293053acd0 method=java.util.HashMap.putVal(ILjava/lang/Object;Ljava/lang/Object;ZZ)Ljava/lang/Object; @ 91 c2
Event: 0.235 Thread 0x0000022920f51c30 DEOPT PACKING pc=0x000002293053acd0 sp=0x00000090987f9960
Event: 0.235 Thread 0x0000022920f51c30 DEOPT UNPACKING pc=0x000002292ffc69a3 sp=0x00000090987f98f0 mode 2
Event: 0.246 Thread 0x0000022920f51c30 DEOPT PACKING pc=0x0000022928a75cc8 sp=0x00000090987fc520
Event: 0.246 Thread 0x0000022920f51c30 DEOPT UNPACKING pc=0x000002292ffc7143 sp=0x00000090987fb9e0 mode 0
Event: 0.283 Thread 0x0000022920f51c30 Uncommon trap: trap_request=0xffffff45 fr.pc=0x00000229305401d8 relative=0x0000000000000418
Event: 0.283 Thread 0x0000022920f51c30 Uncommon trap: reason=unstable_if action=reinterpret pc=0x00000229305401d8 method=java.util.zip.ZipCoder$UTF8ZipCoder.checkedHash([BII)I @ 27 c2
Event: 0.283 Thread 0x0000022920f51c30 DEOPT PACKING pc=0x00000229305401d8 sp=0x00000090987fb4f0
Event: 0.283 Thread 0x0000022920f51c30 DEOPT UNPACKING pc=0x000002292ffc69a3 sp=0x00000090987fb3b8 mode 2
Event: 0.283 Thread 0x0000022920f51c30 Uncommon trap: trap_request=0xffffff45 fr.pc=0x000002293051983c relative=0x00000000000001bc
Event: 0.283 Thread 0x0000022920f51c30 Uncommon trap: reason=unstable_if action=reinterpret pc=0x000002293051983c method=java.lang.String.hashCode()I @ 20 c2
Event: 0.283 Thread 0x0000022920f51c30 DEOPT PACKING pc=0x000002293051983c sp=0x00000090987fb2f0
Event: 0.283 Thread 0x0000022920f51c30 DEOPT UNPACKING pc=0x000002292ffc69a3 sp=0x00000090987fb280 mode 2
Event: 0.283 Thread 0x0000022920f51c30 Uncommon trap: trap_request=0xffffff45 fr.pc=0x000002293053ec18 relative=0x0000000000000178
Event: 0.283 Thread 0x0000022920f51c30 Uncommon trap: reason=unstable_if action=reinterpret pc=0x000002293053ec18 method=java.util.zip.ZipFile$Source.isMetaName([BII)Z @ 57 c2
Event: 0.283 Thread 0x0000022920f51c30 DEOPT PACKING pc=0x000002293053ec18 sp=0x00000090987fb500
Event: 0.283 Thread 0x0000022920f51c30 DEOPT UNPACKING pc=0x000002292ffc69a3 sp=0x00000090987fb490 mode 2
Event: 0.342 Thread 0x0000022920f51c30 DEOPT PACKING pc=0x0000022928b287f7 sp=0x00000090987f8540
Event: 0.342 Thread 0x0000022920f51c30 DEOPT UNPACKING pc=0x000002292ffc7143 sp=0x00000090987f79a0 mode 0

Classes unloaded (0 events):
No events

Classes redefined (0 events):
No events

Internal exceptions (1 events):
Event: 0.090 Thread 0x0000022920f51c30 Exception <a 'java/lang/NoSuchMethodError'{0x00000000ffc72d38}: 'int java.lang.invoke.DirectMethodHandle$Holder.invokeStaticInit(java.lang.Object, java.lang.Object)'> (0x00000000ffc72d38) 
thrown [s\src\hotspot\share\interpreter\linkResolver.cpp, line 759]

VM Operations (2 events):
Event: 0.037 Executing VM operation: HandshakeAllThreads
Event: 0.037 Executing VM operation: HandshakeAllThreads done

Events (20 events):
Event: 0.308 loading class java/lang/reflect/UndeclaredThrowableException
Event: 0.308 loading class java/lang/reflect/UndeclaredThrowableException done
Event: 0.308 loading class java/lang/IllegalAccessException
Event: 0.308 loading class java/lang/IllegalAccessException done
Event: 0.308 loading class java/lang/reflect/Proxy$ProxyBuilder$1
Event: 0.308 loading class java/lang/reflect/Proxy$ProxyBuilder$1 done
Event: 0.310 loading class java/lang/reflect/InvocationTargetException
Event: 0.310 loading class java/lang/reflect/InvocationTargetException done
Event: 0.315 loading class java/util/LinkedList$ListItr
Event: 0.315 loading class java/util/LinkedList$ListItr done
Event: 0.316 loading class java/util/concurrent/ConcurrentLinkedQueue
Event: 0.316 loading class java/util/concurrent/ConcurrentLinkedQueue done
Event: 0.316 loading class java/util/concurrent/ConcurrentLinkedQueue$Node
Event: 0.316 loading class java/util/concurrent/ConcurrentLinkedQueue$Node done
Event: 0.318 loading class java/lang/reflect/ParameterizedType
Event: 0.318 loading class java/lang/reflect/ParameterizedType done
Event: 0.343 loading class java/io/InvalidObjectException
Event: 0.343 loading class java/io/ObjectStreamException
Event: 0.343 loading class java/io/ObjectStreamException done
Event: 0.343 loading class java/io/InvalidObjectException done


Dynamic libraries:
0x00007ff729340000 - 0x00007ff72934e000 	C:\Program Files\Microsoft\jdk-17.0.8.7-hotspot\bin\java.exe
0x00007ff9e9830000 - 0x00007ff9e9a47000 	C:\WINDOWS\SYSTEM32\ntdll.dll
0x00007ff9e88f0000 - 0x00007ff9e89b4000 	C:\WINDOWS\System32\KERNEL32.DLL
0x00007ff9e71a0000 - 0x00007ff9e7546000 	C:\WINDOWS\System32\KERNELBASE.dll
0x00007ff9e7050000 - 0x00007ff9e7161000 	C:\WINDOWS\System32\ucrtbase.dll
0x00007ff9bca00000 - 0x00007ff9bca17000 	C:\Program Files\Microsoft\jdk-17.0.8.7-hotspot\bin\jli.dll
0x00007ff9c4210000 - 0x00007ff9c422b000 	C:\Program Files\Microsoft\jdk-17.0.8.7-hotspot\bin\VCRUNTIME140.dll
0x00007ff9e82a0000 - 0x00007ff9e844e000 	C:\WINDOWS\System32\USER32.dll
0x00007ff9e7170000 - 0x00007ff9e7196000 	C:\WINDOWS\System32\win32u.dll
0x00007ff9ca700000 - 0x00007ff9ca993000 	C:\WINDOWS\WinSxS\amd64_microsoft.windows.common-controls_6595b64144ccf1df_6.0.22621.2506_none_270c5ae97388e100\COMCTL32.dll
0x00007ff9e7580000 - 0x00007ff9e75a9000 	C:\WINDOWS\System32\GDI32.dll
0x00007ff9e75b0000 - 0x00007ff9e7657000 	C:\WINDOWS\System32\msvcrt.dll
0x00007ff9e6d50000 - 0x00007ff9e6e68000 	C:\WINDOWS\System32\gdi32full.dll
0x00007ff9e6b70000 - 0x00007ff9e6c0a000 	C:\WINDOWS\System32\msvcp_win.dll
0x00007ff9e92a0000 - 0x00007ff9e92d1000 	C:\WINDOWS\System32\IMM32.DLL
0x00007ff9d9690000 - 0x00007ff9d969c000 	C:\Program Files\Microsoft\jdk-17.0.8.7-hotspot\bin\vcruntime140_1.dll
0x00007ff9bc970000 - 0x00007ff9bc9fd000 	C:\Program Files\Microsoft\jdk-17.0.8.7-hotspot\bin\msvcp140.dll
0x00007ff93b310000 - 0x00007ff93bf75000 	C:\Program Files\Microsoft\jdk-17.0.8.7-hotspot\bin\server\jvm.dll
0x00007ff9e9310000 - 0x00007ff9e93c3000 	C:\WINDOWS\System32\ADVAPI32.dll
0x00007ff9e93e0000 - 0x00007ff9e9488000 	C:\WINDOWS\System32\sechost.dll
0x00007ff9e7550000 - 0x00007ff9e7578000 	C:\WINDOWS\System32\bcrypt.dll
0x00007ff9e89c0000 - 0x00007ff9e8ad7000 	C:\WINDOWS\System32\RPCRT4.dll
0x00007ff9cd880000 - 0x00007ff9cd889000 	C:\WINDOWS\SYSTEM32\WSOCK32.dll
0x00007ff9e6a40000 - 0x00007ff9e6a8d000 	C:\WINDOWS\SYSTEM32\POWRPROF.dll
0x00007ff9e8870000 - 0x00007ff9e88e1000 	C:\WINDOWS\System32\WS2_32.dll
0x00007ff9df300000 - 0x00007ff9df334000 	C:\WINDOWS\SYSTEM32\WINMM.dll
0x00007ff9ddd30000 - 0x00007ff9ddd3a000 	C:\WINDOWS\SYSTEM32\VERSION.dll
0x00007ff9e6a20000 - 0x00007ff9e6a33000 	C:\WINDOWS\SYSTEM32\UMPDC.dll
0x00007ff9e5bb0000 - 0x00007ff9e5bc8000 	C:\WINDOWS\SYSTEM32\kernel.appcore.dll
0x00007ff9c66b0000 - 0x00007ff9c66ba000 	C:\Program Files\Microsoft\jdk-17.0.8.7-hotspot\bin\jimage.dll
0x00007ff9e4580000 - 0x00007ff9e47b3000 	C:\WINDOWS\SYSTEM32\DBGHELP.DLL
0x00007ff9e84d0000 - 0x00007ff9e8859000 	C:\WINDOWS\System32\combase.dll
0x00007ff9e91c0000 - 0x00007ff9e9297000 	C:\WINDOWS\System32\OLEAUT32.dll
0x00007ff9d8df0000 - 0x00007ff9d8e22000 	C:\WINDOWS\SYSTEM32\dbgcore.DLL
0x00007ff9e6c10000 - 0x00007ff9e6c8a000 	C:\WINDOWS\System32\bcryptPrimitives.dll
0x00007ff9bc940000 - 0x00007ff9bc965000 	C:\Program Files\Microsoft\jdk-17.0.8.7-hotspot\bin\java.dll
0x00007ff975840000 - 0x00007ff975917000 	C:\Program Files\Microsoft\jdk-17.0.8.7-hotspot\bin\jsvml.dll
0x00007ff9e7740000 - 0x00007ff9e7f9b000 	C:\WINDOWS\System32\SHELL32.dll
0x00007ff9e4ad0000 - 0x00007ff9e53c6000 	C:\WINDOWS\SYSTEM32\windows.storage.dll
0x00007ff9e4990000 - 0x00007ff9e4ace000 	C:\WINDOWS\SYSTEM32\wintypes.dll
0x00007ff9e8ae0000 - 0x00007ff9e8bd3000 	C:\WINDOWS\System32\SHCORE.dll
0x00007ff9e9490000 - 0x00007ff9e94ee000 	C:\WINDOWS\System32\shlwapi.dll
0x00007ff9e6aa0000 - 0x00007ff9e6ac6000 	C:\WINDOWS\SYSTEM32\profapi.dll
0x00007ff9bc920000 - 0x00007ff9bc939000 	C:\Program Files\Microsoft\jdk-17.0.8.7-hotspot\bin\net.dll
0x00007ff9e0160000 - 0x00007ff9e0297000 	C:\WINDOWS\SYSTEM32\WINHTTP.dll
0x00007ff9e6030000 - 0x00007ff9e6099000 	C:\WINDOWS\system32\mswsock.dll
0x00007ff9bc900000 - 0x00007ff9bc916000 	C:\Program Files\Microsoft\jdk-17.0.8.7-hotspot\bin\nio.dll
0x00007ff9bc8e0000 - 0x00007ff9bc8f8000 	C:\Program Files\Microsoft\jdk-17.0.8.7-hotspot\bin\zip.dll
0x00007ff9b4d60000 - 0x00007ff9b4d70000 	C:\Program Files\Microsoft\jdk-17.0.8.7-hotspot\bin\verify.dll

dbghelp: loaded successfully - version: 4.0.5 - missing functions: none
symbol engine: initialized successfully - sym options: 0x614 - pdb path: .;C:\Program Files\Microsoft\jdk-17.0.8.7-hotspot\bin;C:\WINDOWS\SYSTEM32;C:\WINDOWS\WinSxS\amd64_microsoft.windows.common-controls_6595b64144ccf1df_6.0.22621.2506_none_270c5ae97388e100;C:\Program Files\Microsoft\jdk-17.0.8.7-hotspot\bin\server

VM Arguments:
jvm_args: -Xmx64m -Xms64m -Dorg.gradle.appname=gradlew 
java_command: org.gradle.wrapper.GradleWrapperMain app:installDebug -PreactNativeDevServerPort=8081
java_class_path (initial): D:\Dolphin_Project\Get_Otp_Demo\android\\gradle\wrapper\gradle-wrapper.jar
Launcher Type: SUN_STANDARD

[Global flags]
     intx CICompilerCount                          = 4                                         {product} {ergonomic}
     uint ConcGCThreads                            = 3                                         {product} {ergonomic}
     uint G1ConcRefinementThreads                  = 10                                        {product} {ergonomic}
   size_t G1HeapRegionSize                         = 1048576                                   {product} {ergonomic}
    uintx GCDrainStackTargetSize                   = 64                                        {product} {ergonomic}
   size_t InitialHeapSize                          = 67108864                                  {product} {command line}
   size_t MarkStackSize                            = 4194304                                   {product} {ergonomic}
   size_t MaxHeapSize                              = 67108864                                  {product} {command line}
   size_t MaxNewSize                               = 39845888                                  {product} {ergonomic}
   size_t MinHeapDeltaBytes                        = 1048576                                   {product} {ergonomic}
   size_t MinHeapSize                              = 67108864                                  {product} {command line}
    uintx NonNMethodCodeHeapSize                   = 5839372                                {pd product} {ergonomic}
    uintx NonProfiledCodeHeapSize                  = 122909434                              {pd product} {ergonomic}
    uintx ProfiledCodeHeapSize                     = 122909434                              {pd product} {ergonomic}
    uintx ReservedCodeCacheSize                    = 251658240                              {pd product} {ergonomic}
     bool SegmentedCodeCache                       = true                                      {product} {ergonomic}
   size_t SoftMaxHeapSize                          = 67108864                               {manageable} {ergonomic}
     bool UseCompressedClassPointers               = true                           {product lp64_product} {ergonomic}
     bool UseCompressedOops                        = true                           {product lp64_product} {ergonomic}
     bool UseG1GC                                  = true                                      {product} {ergonomic}
     bool UseLargePagesIndividualAllocation        = false                                  {pd product} {ergonomic}

Logging:
Log output configuration:
 #0: stdout all=warning uptime,level,tags
 #1: stderr all=off uptime,level,tags

Environment Variables:
JAVA_HOME=C:\Program Files\Microsoft\jdk-17.0.8.7-hotspot\
CLASSPATH=D:\Dolphin_Project\Get_Otp_Demo\android\\gradle\wrapper\gradle-wrapper.jar
PATH=D:\Dolphin_Project\Get_Otp_Demo\node_modules\.bin;D:\Dolphin_Project\Get_Otp_Demo\node_modules\.bin;D:\Dolphin_Project\node_modules\.bin;D:\node_modules\.bin;C:\Program Files\nodejs\node_modules\npm\node_modules\@npmcli\run-script\lib\node-gyp-bin;D:\Dolphin_Project\Get_Otp_Demo\node_modules\.bin;D:\Dolphin_Project\Get_Otp_Demo\node_modules\.bin;D:\Dolphin_Project\node_modules\.bin;D:\node_modules\.bin;C:\Program Files\nodejs\node_modules\npm\node_modules\@npmcli\run-script\lib\node-gyp-bin;C:\Program Files\Microsoft\jdk-17.0.8.7-hotspot\bin;C:\Python312\Scripts\;C:\Python312\;C:\Program Files (x86)\VMware\VMware Workstation\bin\;C:\Windows\system32;C:\Windows;C:\Windows\System32\Wbem;C:\Windows\System32\WindowsPowerShell\v1.0\;C:\Windows\System32\OpenSSH\;C:\Program Files (x86)\NVIDIA Corporation\PhysX\Common;C:\Program Files\NVIDIA Corporation\NVIDIA NvDLISR;C:\Program Files\Java\jdk1.8.0_202\bin;C:\Program Files\Git\cmd;C:\ProgramData\chocolatey\bin;C:\Users\Dhruvil Prajapati\AppData\Local\Android\Sdk\platform-tools;;C:\WINDOWS\system32;C:\WINDOWS;C:\WINDOWS\System32\Wbem;C:\WINDOWS\System32\WindowsPowerShell\v1.0\;C:\WINDOWS\System32\OpenSSH\;C:\Program Files\nodejs\;C:\Users\Dhruvil Prajapati\AppData\Local\Programs\Python\Python311\Scripts\;C:\Users\Dhruvil Prajapati\AppData\Local\Programs\Python\Python311\;C:\Users\Dhruvil Prajapati\AppData\Local\Microsoft\WindowsApps;C:\Program Files\dart-sdk\bin;C:\Users\Dhruvil Prajapati\AppData\Local\Programs\Microsoft VS Code\bin;C:\Users\Dhruvil Prajapati\Desktop\mobile app\Sem 2\flutter\bin;C:\Users\Dhruvil Prajapati\AppData\Local\Programs\mongosh\;C:\Users\Dhruvil Prajapati\Desktop\mobile app\Sem 2\Flutter\flutter\flutter_windows_3.7.12-stable\flutter\bin;C:\Users\Dhruvil Prajapati\AppData\Roaming\npm
USERNAME=Dhruvil Prajapati
LANG=en_US.UTF-8
OS=Windows_NT
PROCESSOR_IDENTIFIER=AMD64 Family 25 Model 80 Stepping 0, AuthenticAMD
TMP=C:\Users\DHRUVI~1\AppData\Local\Temp
TEMP=C:\Users\DHRUVI~1\AppData\Local\Temp



---------------  S Y S T E M  ---------------

OS:
 Windows 11 , 64 bit Build 22621 (10.0.22621.3085)
OS uptime: 1 days 0:22 hours

CPU: total 12 (initial active 12) (12 cores per cpu, 2 threads per core) family 25 model 80 stepping 0 microcode 0x0, cx8, cmov, fxsr, ht, mmx, 3dnowpref, sse, sse2, sse3, ssse3, sse4a, sse4.1, sse4.2, popcnt, lzcnt, tsc, tscinvbit, avx, avx2, aes, erms, clmul, bmi1, bmi2, adx, sha, fma, vzeroupper, clflush, clflushopt
Processor Information for processor 0
  Max Mhz: 3301, Current Mhz: 2630, Mhz Limit: 3301
Processor Information for processor 1
  Max Mhz: 3301, Current Mhz: 3301, Mhz Limit: 3301
Processor Information for processor 2
  Max Mhz: 3301, Current Mhz: 3301, Mhz Limit: 3301
Processor Information for processor 3
  Max Mhz: 3301, Current Mhz: 2630, Mhz Limit: 3301
Processor Information for processor 4
  Max Mhz: 3301, Current Mhz: 3301, Mhz Limit: 3301
Processor Information for processor 5
  Max Mhz: 3301, Current Mhz: 2630, Mhz Limit: 3301
Processor Information for processor 6
  Max Mhz: 3301, Current Mhz: 3301, Mhz Limit: 3301
Processor Information for processor 7
  Max Mhz: 3301, Current Mhz: 2630, Mhz Limit: 3301
Processor Information for processor 8
  Max Mhz: 3301, Current Mhz: 3301, Mhz Limit: 3301
Processor Information for processor 9
  Max Mhz: 3301, Current Mhz: 2630, Mhz Limit: 3301
Processor Information for processor 10
  Max Mhz: 3301, Current Mhz: 2630, Mhz Limit: 3301
Processor Information for processor 11
  Max Mhz: 3301, Current Mhz: 2630, Mhz Limit: 3301

Memory: 4k page, system-wide physical 15724M (1896M free)
TotalPageFile size 19820M (AvailPageFile size 4M)
current process WorkingSet (physical memory assigned to process): 78M, peak: 78M
current process commit charge ("private bytes"): 165M, peak: 165M

vm_info: OpenJDK 64-Bit Server VM (17.0.8+7-LTS) for windows-amd64 JRE (17.0.8+7-LTS), built on Jul  7 2023 17:21:55 by "MicrosoftCorporation" with MS VC++ 16.10 / 16.11 (VS2019)

END.
