#
# There is insufficient memory for the Java Runtime Environment to continue.
# Native memory allocation (mmap) failed to map 85983232 bytes for G1 virtual space
# Possible reasons:
#   The system is out of physical RAM or swap space
#   The process is running with CompressedOops enabled, and the Java Heap may be blocking the growth of the native heap
# Possible solutions:
#   Reduce memory load on the system
#   Increase physical memory or swap space
#   Check if swap backing store is full
#   Decrease Java heap size (-Xmx/-Xms)
#   Decrease number of Java threads
#   Decrease Java thread stack sizes (-Xss)
#   Set larger code cache with -XX:ReservedCodeCacheSize=
#   JVM is running with Unscaled Compressed Oops mode in which the Java heap is
#     placed in the first 4GB address space. The Java Heap base address is the
#     maximum limit for the native heap growth. Please use -XX:HeapBaseMinAddress
#     to set the Java Heap base and to place the Java Heap above 4GB virtual address.
# This output file may be truncated or incomplete.
#
#  Out of Memory Error (os_windows.cpp:3771), pid=10480, tid=12656
#
# JRE version: OpenJDK Runtime Environment (17.0.7) (build 17.0.7+0-b2043.56-10550314)
# Java VM: OpenJDK 64-Bit Server VM (17.0.7+0-b2043.56-10550314, mixed mode, tiered, compressed oops, compressed class ptrs, g1 gc, windows-amd64)
# No core dump will be written. Minidumps are not enabled by default on client versions of Windows
#

---------------  S U M M A R Y ------------

Command Line: -XX:MaxMetaspaceSize=512m --add-opens=java.base/java.util=ALL-UNNAMED --add-opens=java.base/java.lang=ALL-UNNAMED --add-opens=java.base/java.lang.invoke=ALL-UNNAMED --add-opens=java.prefs/java.util.prefs=ALL-UNNAMED --add-opens=java.base/java.nio.charset=ALL-UNNAMED --add-opens=java.base/java.net=ALL-UNNAMED --add-opens=java.base/java.util.concurrent.atomic=ALL-UNNAMED -Xmx2048m -Dfile.encoding=windows-1252 -Duser.country=US -Duser.language=en -Duser.variant -javaagent:C:\Users\Dhruvil Prajapati\.gradle\wrapper\dists\gradle-8.3-all\6en3ugtfdg5xnpx44z4qbwgas\gradle-8.3\lib\agents\gradle-instrumentation-agent-8.3.jar org.gradle.launcher.daemon.bootstrap.GradleDaemon 8.3

Host: AMD Ryzen 5 5600H with Radeon Graphics         , 12 cores, 15G,  Windows 11 , 64 bit Build 22621 (10.0.22621.3085)
Time: Thu Feb 22 18:57:55 2024 India Standard Time elapsed time: 7.466427 seconds (0d 0h 0m 7s)

---------------  T H R E A D  ---------------

Current thread (0x000001c3432e1a00):  VMThread "VM Thread" [stack: 0x00000019b4900000,0x00000019b4a00000] [id=12656]

Stack: [0x00000019b4900000,0x00000019b4a00000]
Native frames: (J=compiled Java code, j=interpreted, Vv=VM code, C=native code)
V  [jvm.dll+0x683bfa]
V  [jvm.dll+0x8430a4]
V  [jvm.dll+0x8449be]
V  [jvm.dll+0x845023]
V  [jvm.dll+0x24ad2f]
V  [jvm.dll+0x680ac9]
V  [jvm.dll+0x67519a]
V  [jvm.dll+0x30b3cb]
V  [jvm.dll+0x312876]
V  [jvm.dll+0x36221e]
V  [jvm.dll+0x36244f]
V  [jvm.dll+0x2e14a8]
V  [jvm.dll+0x2df684]
V  [jvm.dll+0x2dec8c]
V  [jvm.dll+0x32382b]
V  [jvm.dll+0x8496eb]
V  [jvm.dll+0x84a424]
V  [jvm.dll+0x84a93d]
V  [jvm.dll+0x84ad14]
V  [jvm.dll+0x84ade0]
V  [jvm.dll+0x7f2aea]
V  [jvm.dll+0x682a35]
C  [ucrtbase.dll+0x29363]
C  [KERNEL32.DLL+0x1257d]
C  [ntdll.dll+0x5aa58]

VM_Operation (0x00000019b62f57b0): G1CollectForAllocation, mode: safepoint, requested by thread 0x000001c348e33ef0


---------------  P R O C E S S  ---------------

Threads class SMR info:
_java_thread_list=0x000001c34abbd8b0, length=79, elements={
0x000001c328ea1230, 0x000001c3432e3f40, 0x000001c3432e4bc0, 0x000001c3433375c0,
0x000001c343338240, 0x000001c34333a810, 0x000001c34333d2d0, 0x000001c34333e060,
0x000001c34333eb00, 0x000001c34335d530, 0x000001c34346d860, 0x000001c34369ea20,
0x000001c3488d3c40, 0x000001c348b94870, 0x000001c349310320, 0x000001c3498f2f10,
0x000001c349474aa0, 0x000001c348fcdf10, 0x000001c348e33ef0, 0x000001c3496981c0,
0x000001c348e301e0, 0x000001c348e306b0, 0x000001c348e319f0, 0x000001c348e31520,
0x000001c348e2f840, 0x000001c348e2eea0, 0x000001c348e31ec0, 0x000001c348e32390,
0x000001c348e2fd10, 0x000001c348e31050, 0x000001c348e2f370, 0x000001c34982b7a0,
0x000001c34982bc70, 0x000001c349825c30, 0x000001c349826100, 0x000001c34982c140,
0x000001c3498282b0, 0x000001c3498248f0, 0x000001c349828780, 0x000001c349824dc0,
0x000001c349825760, 0x000001c3498265d0, 0x000001c349827de0, 0x000001c349826f70,
0x000001c34982ae00, 0x000001c34982a460, 0x000001c349827440, 0x000001c349827910,
0x000001c34b3456d0, 0x000001c34b345200, 0x000001c34b344390, 0x000001c34b347880,
0x000001c34b344860, 0x000001c34b346070, 0x000001c34b346540, 0x000001c34b3473b0,
0x000001c34b344d30, 0x000001c34b346a10, 0x000001c34b346ee0, 0x000001c34b345ba0,
0x000001c34d20f860, 0x000001c34d213220, 0x000001c34b00f580, 0x000001c34d20d6b0,
0x000001c34b0113e0, 0x000001c34d213bc0, 0x000001c34d20db80, 0x000001c34d20e050,
0x000001c34d20fd30, 0x000001c34d212d50, 0x000001c34d20d1e0, 0x000001c34d20eec0,
0x000001c34d214090, 0x000001c34d20e520, 0x000001c34d20e9f0, 0x000001c34d20f390,
0x000001c34d210200, 0x000001c34d2106d0, 0x000001c34d214560
}

Java Threads: ( => current thread )
  0x000001c328ea1230 JavaThread "main" [_thread_blocked, id=11636, stack(0x00000019b4300000,0x00000019b4400000)]
  0x000001c3432e3f40 JavaThread "Reference Handler" daemon [_thread_blocked, id=16040, stack(0x00000019b4a00000,0x00000019b4b00000)]
  0x000001c3432e4bc0 JavaThread "Finalizer" daemon [_thread_blocked, id=17944, stack(0x00000019b4b00000,0x00000019b4c00000)]
  0x000001c3433375c0 JavaThread "Signal Dispatcher" daemon [_thread_blocked, id=9596, stack(0x00000019b4c00000,0x00000019b4d00000)]
  0x000001c343338240 JavaThread "Attach Listener" daemon [_thread_blocked, id=8804, stack(0x00000019b4d00000,0x00000019b4e00000)]
  0x000001c34333a810 JavaThread "Service Thread" daemon [_thread_blocked, id=8160, stack(0x00000019b4e00000,0x00000019b4f00000)]
  0x000001c34333d2d0 JavaThread "Monitor Deflation Thread" daemon [_thread_blocked, id=20212, stack(0x00000019b4f00000,0x00000019b5000000)]
  0x000001c34333e060 JavaThread "C2 CompilerThread0" daemon [_thread_blocked, id=1880, stack(0x00000019b5000000,0x00000019b5100000)]
  0x000001c34333eb00 JavaThread "C1 CompilerThread0" daemon [_thread_blocked, id=7300, stack(0x00000019b5100000,0x00000019b5200000)]
  0x000001c34335d530 JavaThread "Sweeper thread" daemon [_thread_blocked, id=19288, stack(0x00000019b5200000,0x00000019b5300000)]
  0x000001c34346d860 JavaThread "Common-Cleaner" daemon [_thread_blocked, id=13048, stack(0x00000019b5300000,0x00000019b5400000)]
  0x000001c34369ea20 JavaThread "Notification Thread" daemon [_thread_blocked, id=9268, stack(0x00000019b5400000,0x00000019b5500000)]
  0x000001c3488d3c40 JavaThread "Daemon health stats" [_thread_blocked, id=15088, stack(0x00000019b5c00000,0x00000019b5d00000)]
  0x000001c348b94870 JavaThread "Incoming local TCP Connector on port 60464" [_thread_in_native, id=15948, stack(0x00000019b5d00000,0x00000019b5e00000)]
  0x000001c349310320 JavaThread "Daemon periodic checks" [_thread_blocked, id=16364, stack(0x00000019b5e00000,0x00000019b5f00000)]
  0x000001c3498f2f10 JavaThread "Daemon" [_thread_blocked, id=15104, stack(0x00000019b5f00000,0x00000019b6000000)]
  0x000001c349474aa0 JavaThread "Handler for socket connection from /127.0.0.1:60464 to /127.0.0.1:60465" [_thread_in_native, id=14932, stack(0x00000019b6000000,0x00000019b6100000)]
  0x000001c348fcdf10 JavaThread "Cancel handler" [_thread_blocked, id=2728, stack(0x00000019b6100000,0x00000019b6200000)]
  0x000001c348e33ef0 JavaThread "Daemon worker" [_thread_blocked, id=10176, stack(0x00000019b6200000,0x00000019b6300000)]
  0x000001c3496981c0 JavaThread "Asynchronous log dispatcher for DefaultDaemonConnection: socket connection from /127.0.0.1:60464 to /127.0.0.1:60465" [_thread_blocked, id=13276, stack(0x00000019b6300000,0x00000019b6400000)]
  0x000001c348e301e0 JavaThread "Stdin handler" [_thread_blocked, id=18696, stack(0x00000019b6400000,0x00000019b6500000)]
  0x000001c348e306b0 JavaThread "Daemon client event forwarder" [_thread_blocked, id=14592, stack(0x00000019b6500000,0x00000019b6600000)]
  0x000001c348e319f0 JavaThread "Cache worker for journal cache (C:\Users\Dhruvil Prajapati\.gradle\caches\journal-1)" [_thread_blocked, id=7364, stack(0x00000019b6c00000,0x00000019b6d00000)]
  0x000001c348e31520 JavaThread "File lock request listener" [_thread_in_native, id=15700, stack(0x00000019b6d00000,0x00000019b6e00000)]
  0x000001c348e2f840 JavaThread "Cache worker for file hash cache (C:\Users\Dhruvil Prajapati\.gradle\caches\8.3\fileHashes)" [_thread_blocked, id=15056, stack(0x00000019b6e00000,0x00000019b6f00000)]
  0x000001c348e2eea0 JavaThread "File watcher server" daemon [_thread_blocked, id=16092, stack(0x00000019b7000000,0x00000019b7100000)]
  0x000001c348e31ec0 JavaThread "File watcher consumer" daemon [_thread_blocked, id=3492, stack(0x00000019b7100000,0x00000019b7200000)]
  0x000001c348e32390 JavaThread "Cache worker for checksums cache (D:\Dolphin_Project\Get_Otp_Demo\android\.gradle\8.3\checksums)" [_thread_blocked, id=8872, stack(0x00000019b7200000,0x00000019b7300000)]
  0x000001c348e2fd10 JavaThread "Cache worker for file hash cache (D:\Dolphin_Project\Get_Otp_Demo\android\.gradle\8.3\fileHashes)" [_thread_blocked, id=11268, stack(0x00000019b7300000,0x00000019b7400000)]
  0x000001c348e31050 JavaThread "Cache worker for cache directory md-supplier (C:\Users\Dhruvil Prajapati\.gradle\caches\8.3\md-supplier)" [_thread_blocked, id=12036, stack(0x00000019b7400000,0x00000019b7500000)]
  0x000001c348e2f370 JavaThread "Cache worker for file content cache (C:\Users\Dhruvil Prajapati\.gradle\caches\8.3\fileContent)" [_thread_blocked, id=12680, stack(0x00000019b7500000,0x00000019b7600000)]
  0x000001c34982b7a0 JavaThread "Cache worker for cache directory md-rule (C:\Users\Dhruvil Prajapati\.gradle\caches\8.3\md-rule)" [_thread_blocked, id=17776, stack(0x00000019b7600000,0x00000019b7700000)]
  0x000001c34982bc70 JavaThread "Cache worker for execution history cache (C:\Users\Dhruvil Prajapati\.gradle\caches\8.3\executionHistory)" [_thread_blocked, id=4520, stack(0x00000019b7700000,0x00000019b7800000)]
  0x000001c349825c30 JavaThread "jar transforms" [_thread_blocked, id=12592, stack(0x00000019b7900000,0x00000019b7a00000)]
  0x000001c349826100 JavaThread "jar transforms Thread 2" [_thread_blocked, id=796, stack(0x00000019b7a00000,0x00000019b7b00000)]
  0x000001c34982c140 JavaThread "jar transforms Thread 3" [_thread_blocked, id=11720, stack(0x00000019b7b00000,0x00000019b7c00000)]
  0x000001c3498282b0 JavaThread "jar transforms Thread 4" [_thread_blocked, id=18532, stack(0x00000019b7c00000,0x00000019b7d00000)]
  0x000001c3498248f0 JavaThread "jar transforms Thread 5" [_thread_blocked, id=17772, stack(0x00000019b7d00000,0x00000019b7e00000)]
  0x000001c349828780 JavaThread "jar transforms Thread 6" [_thread_blocked, id=15016, stack(0x00000019b7e00000,0x00000019b7f00000)]
  0x000001c349824dc0 JavaThread "Cache worker for kotlin-dsl (C:\Users\Dhruvil Prajapati\.gradle\caches\8.3\kotlin-dsl)" [_thread_blocked, id=19272, stack(0x00000019b6f00000,0x00000019b7000000)]
  0x000001c349825760 JavaThread "jar transforms Thread 7" [_thread_blocked, id=16500, stack(0x00000019b8000000,0x00000019b8100000)]
  0x000001c3498265d0 JavaThread "jar transforms Thread 8" [_thread_blocked, id=14820, stack(0x00000019b8100000,0x00000019b8200000)]
  0x000001c349827de0 JavaThread "Unconstrained build operations" [_thread_blocked, id=16024, stack(0x00000019b8200000,0x00000019b8300000)]
  0x000001c349826f70 JavaThread "Unconstrained build operations Thread 2" [_thread_blocked, id=19120, stack(0x00000019b8300000,0x00000019b8400000)]
  0x000001c34982ae00 JavaThread "jar transforms Thread 9" [_thread_blocked, id=5436, stack(0x00000019b8400000,0x00000019b8500000)]
  0x000001c34982a460 JavaThread "jar transforms Thread 10" [_thread_blocked, id=10768, stack(0x00000019b8500000,0x00000019b8600000)]
  0x000001c349827440 JavaThread "jar transforms Thread 11" [_thread_blocked, id=2260, stack(0x00000019b8600000,0x00000019b8700000)]
  0x000001c349827910 JavaThread "jar transforms Thread 12" [_thread_blocked, id=13208, stack(0x00000019b8700000,0x00000019b8800000)]
  0x000001c34b3456d0 JavaThread "Cache worker for dependencies-accessors (D:\Dolphin_Project\Get_Otp_Demo\android\.gradle\8.3\dependencies-accessors)" [_thread_blocked, id=13068, stack(0x00000019b8800000,0x00000019b8900000)]
  0x000001c34b345200 JavaThread "Cache worker for Build Output Cleanup Cache (D:\Dolphin_Project\Get_Otp_Demo\node_modules\@react-native\gradle-plugin\.gradle\buildOutputCleanup)" [_thread_blocked, id=5652, stack(0x00000019b8900000,0x00000019b8a00000)]
  0x000001c34b344390 JavaThread "Unconstrained build operations Thread 3" [_thread_blocked, id=12532, stack(0x00000019b8a00000,0x00000019b8b00000)]
  0x000001c34b347880 JavaThread "Unconstrained build operations Thread 4" [_thread_blocked, id=18200, stack(0x00000019b8b00000,0x00000019b8c00000)]
  0x000001c34b344860 JavaThread "Unconstrained build operations Thread 5" [_thread_blocked, id=19852, stack(0x00000019b8c00000,0x00000019b8d00000)]
  0x000001c34b346070 JavaThread "Unconstrained build operations Thread 6" [_thread_blocked, id=2948, stack(0x00000019b8d00000,0x00000019b8e00000)]
  0x000001c34b346540 JavaThread "Unconstrained build operations Thread 7" [_thread_blocked, id=8928, stack(0x00000019b8e00000,0x00000019b8f00000)]
  0x000001c34b3473b0 JavaThread "Unconstrained build operations Thread 8" [_thread_blocked, id=14276, stack(0x00000019b8f00000,0x00000019b9000000)]
  0x000001c34b344d30 JavaThread "Unconstrained build operations Thread 9" [_thread_blocked, id=3516, stack(0x00000019b9000000,0x00000019b9100000)]
  0x000001c34b346a10 JavaThread "Unconstrained build operations Thread 10" [_thread_blocked, id=17508, stack(0x00000019b9100000,0x00000019b9200000)]
  0x000001c34b346ee0 JavaThread "Unconstrained build operations Thread 11" [_thread_blocked, id=17416, stack(0x00000019b9200000,0x00000019b9300000)]
  0x000001c34b345ba0 JavaThread "Unconstrained build operations Thread 12" [_thread_blocked, id=6016, stack(0x00000019b9300000,0x00000019b9400000)]
  0x000001c34d20f860 JavaThread "Unconstrained build operations Thread 13" [_thread_blocked, id=18428, stack(0x00000019b9400000,0x00000019b9500000)]
  0x000001c34d213220 JavaThread "Memory manager" [_thread_blocked, id=19184, stack(0x00000019b9500000,0x00000019b9600000)]
  0x000001c34b00f580 JavaThread "C2 CompilerThread1" daemon [_thread_blocked, id=13616, stack(0x00000019b5600000,0x00000019b5700000)]
  0x000001c34d20d6b0 JavaThread "Cache worker for Build Output Cleanup Cache (D:\Dolphin_Project\Get_Otp_Demo\android\.gradle\buildOutputCleanup)" [_thread_blocked, id=6444, stack(0x00000019b7f00000,0x00000019b8000000)]
  0x000001c34b0113e0 JavaThread "C2 CompilerThread2" daemon [_thread_blocked, id=6156, stack(0x00000019b9600000,0x00000019b9700000)]
  0x000001c34d213bc0 JavaThread "ForkJoinPool.commonPool-worker-1" daemon [_thread_blocked, id=13260, stack(0x00000019b9700000,0x00000019b9800000)]
  0x000001c34d20db80 JavaThread "ForkJoinPool.commonPool-worker-2" daemon [_thread_blocked, id=6936, stack(0x00000019b9800000,0x00000019b9900000)]
  0x000001c34d20e050 JavaThread "ForkJoinPool.commonPool-worker-3" daemon [_thread_blocked, id=1196, stack(0x00000019b9900000,0x00000019b9a00000)]
  0x000001c34d20fd30 JavaThread "ForkJoinPool.commonPool-worker-4" daemon [_thread_blocked, id=11544, stack(0x00000019b9a00000,0x00000019b9b00000)]
  0x000001c34d212d50 JavaThread "ForkJoinPool.commonPool-worker-5" daemon [_thread_blocked, id=3288, stack(0x00000019b9b00000,0x00000019b9c00000)]
  0x000001c34d20d1e0 JavaThread "ForkJoinPool.commonPool-worker-6" daemon [_thread_blocked, id=3508, stack(0x00000019b9c00000,0x00000019b9d00000)]
  0x000001c34d20eec0 JavaThread "ForkJoinPool.commonPool-worker-7" daemon [_thread_blocked, id=5000, stack(0x00000019b9d00000,0x00000019b9e00000)]
  0x000001c34d214090 JavaThread "ForkJoinPool.commonPool-worker-8" daemon [_thread_blocked, id=4668, stack(0x00000019b9e00000,0x00000019b9f00000)]
  0x000001c34d20e520 JavaThread "ForkJoinPool.commonPool-worker-9" daemon [_thread_blocked, id=17668, stack(0x00000019b9f00000,0x00000019ba000000)]
  0x000001c34d20e9f0 JavaThread "ForkJoinPool.commonPool-worker-10" daemon [_thread_blocked, id=5936, stack(0x00000019ba000000,0x00000019ba100000)]
  0x000001c34d20f390 JavaThread "ForkJoinPool.commonPool-worker-11" daemon [_thread_blocked, id=18616, stack(0x00000019ba100000,0x00000019ba200000)]
  0x000001c34d210200 JavaThread "Exec process" daemon [_thread_blocked, id=11124, stack(0x00000019ba200000,0x00000019ba300000)]
  0x000001c34d2106d0 JavaThread "Exec process Thread 2" daemon [_thread_blocked, id=20360, stack(0x00000019ba300000,0x00000019ba400000)]
  0x000001c34d214560 JavaThread "Exec process Thread 3" daemon [_thread_blocked, id=18728, stack(0x00000019ba400000,0x00000019ba500000)]

Other Threads:
=>0x000001c3432e1a00 VMThread "VM Thread" [stack: 0x00000019b4900000,0x00000019b4a00000] [id=12656]
  0x000001c328f21ca0 WatcherThread [stack: 0x00000019b5500000,0x00000019b5600000] [id=15304]
  0x000001c328efb9a0 GCTaskThread "GC Thread#0" [stack: 0x00000019b4400000,0x00000019b4500000] [id=2028]
  0x000001c348494a00 GCTaskThread "GC Thread#1" [stack: 0x00000019b5800000,0x00000019b5900000] [id=8560]
  0x000001c348494cb0 GCTaskThread "GC Thread#2" [stack: 0x00000019b5900000,0x00000019b5a00000] [id=12936]
  0x000001c348494f60 GCTaskThread "GC Thread#3" [stack: 0x00000019b5a00000,0x00000019b5b00000] [id=10056]
  0x000001c3484944a0 GCTaskThread "GC Thread#4" [stack: 0x00000019b5b00000,0x00000019b5c00000] [id=6900]
  0x000001c3484954c0 GCTaskThread "GC Thread#5" [stack: 0x00000019b5700000,0x00000019b5800000] [id=888]
  0x000001c348495770 GCTaskThread "GC Thread#6" [stack: 0x00000019b6600000,0x00000019b6700000] [id=6316]
  0x000001c348493c90 GCTaskThread "GC Thread#7" [stack: 0x00000019b6700000,0x00000019b6800000] [id=8476]
  0x000001c349be7370 GCTaskThread "GC Thread#8" [stack: 0x00000019b6800000,0x00000019b6900000] [id=17560]
  0x000001c349be4870 GCTaskThread "GC Thread#9" [stack: 0x00000019b6900000,0x00000019b6a00000] [id=6224]
  0x000001c328f0d8f0 ConcurrentGCThread "G1 Main Marker" [stack: 0x00000019b4500000,0x00000019b4600000] [id=16840]
  0x000001c328f0eaa0 ConcurrentGCThread "G1 Conc#0" [stack: 0x00000019b4600000,0x00000019b4700000] [id=19668]
  0x000001c349be4b20 ConcurrentGCThread "G1 Conc#1" [stack: 0x00000019b6a00000,0x00000019b6b00000] [id=17608]
  0x000001c349be70c0 ConcurrentGCThread "G1 Conc#2" [stack: 0x00000019b6b00000,0x00000019b6c00000] [id=9132]
  0x000001c342ffa1b0 ConcurrentGCThread "G1 Refine#0" [stack: 0x00000019b4700000,0x00000019b4800000] [id=3572]
  0x000001c349ed3b40 ConcurrentGCThread "G1 Refine#1" [stack: 0x00000019b7800000,0x00000019b7900000] [id=14516]
  0x000001c342ffabd0 ConcurrentGCThread "G1 Service" [stack: 0x00000019b4800000,0x00000019b4900000] [id=19344]

Threads with active compile tasks:
C2 CompilerThread0     7480 7813       4       com.google.common.collect.ImmutableList$Builder::add (34 bytes)
C2 CompilerThread1     7480 7871       4       org.gradle.internal.instantiation.generator.AbstractClassGenerator::inspectType (560 bytes)
C2 CompilerThread2     7480 7811   !   4       com.google.common.reflect.TypeVisitor::visit (244 bytes)

VM state: at safepoint (normal execution)

VM Mutex/Monitor currently owned by a thread:  ([mutex/lock_event])
[0x000001c328e9d780] Threads_lock - owner thread: 0x000001c3432e1a00
[0x000001c328e9c850] Heap_lock - owner thread: 0x000001c348e33ef0

Heap address: 0x0000000080000000, size: 2048 MB, Compressed Oops mode: 32-bit

CDS archive(s) not mapped
Compressed class space mapped at: 0x0000000100000000-0x000000011a000000, reserved size: 436207616
Narrow klass base: 0x0000000000000000, Narrow klass shift: 3, Narrow klass range: 0x11a000000

GC Precious Log:
 CPUs: 12 total, 12 available
 Memory: 15724M
 Large Page Support: Disabled
 NUMA Support: Disabled
 Compressed Oops: Enabled (32-bit)
 Heap Region Size: 1M
 Heap Min Capacity: 8M
 Heap Initial Capacity: 246M
 Heap Max Capacity: 2G
 Pre-touch: Disabled
 Parallel Workers: 10
 Concurrent Workers: 3
 Concurrent Refinement Workers: 10
 Periodic GC: Disabled

Heap:
 garbage-first heap   total 117760K, used 69328K [0x0000000080000000, 0x0000000100000000)
  region size 1024K, 4 young (4096K), 4 survivors (4096K)
 Metaspace       used 75802K, committed 76480K, reserved 557056K
  class space    used 10545K, committed 10816K, reserved 425984K

Heap Regions: E=young(eden), S=young(survivor), O=old, HS=humongous(starts), HC=humongous(continues), CS=collection set, F=free, OA=open archive, CA=closed archive, TAMS=top-at-mark-start (previous, next)
|   0|0x0000000080000000, 0x0000000080100000, 0x0000000080100000|100%|HS|  |TAMS 0x0000000080100000, 0x0000000080100000| Complete 
|   1|0x0000000080100000, 0x0000000080200000, 0x0000000080200000|100%|HC|  |TAMS 0x0000000080200000, 0x0000000080200000| Complete 
|   2|0x0000000080200000, 0x0000000080300000, 0x0000000080300000|100%|HC|  |TAMS 0x0000000080300000, 0x0000000080300000| Complete 
|   3|0x0000000080300000, 0x0000000080400000, 0x0000000080400000|100%|HC|  |TAMS 0x0000000080400000, 0x0000000080400000| Complete 
|   4|0x0000000080400000, 0x0000000080500000, 0x0000000080500000|100%| O|  |TAMS 0x0000000080500000, 0x0000000080500000| Untracked 
|   5|0x0000000080500000, 0x0000000080600000, 0x0000000080600000|100%| O|  |TAMS 0x0000000080600000, 0x0000000080600000| Untracked 
|   6|0x0000000080600000, 0x0000000080700000, 0x0000000080700000|100%| O|  |TAMS 0x0000000080700000, 0x0000000080700000| Untracked 
|   7|0x0000000080700000, 0x0000000080800000, 0x0000000080800000|100%| O|  |TAMS 0x0000000080800000, 0x0000000080800000| Untracked 
|   8|0x0000000080800000, 0x0000000080900000, 0x0000000080900000|100%| O|  |TAMS 0x0000000080900000, 0x0000000080900000| Untracked 
|   9|0x0000000080900000, 0x0000000080a00000, 0x0000000080a00000|100%| O|  |TAMS 0x0000000080a00000, 0x0000000080a00000| Untracked 
|  10|0x0000000080a00000, 0x0000000080b00000, 0x0000000080b00000|100%| O|  |TAMS 0x0000000080b00000, 0x0000000080b00000| Untracked 
|  11|0x0000000080b00000, 0x0000000080c00000, 0x0000000080c00000|100%| O|  |TAMS 0x0000000080c00000, 0x0000000080c00000| Untracked 
|  12|0x0000000080c00000, 0x0000000080d00000, 0x0000000080d00000|100%| O|  |TAMS 0x0000000080d00000, 0x0000000080d00000| Untracked 
|  13|0x0000000080d00000, 0x0000000080e00000, 0x0000000080e00000|100%| O|  |TAMS 0x0000000080e00000, 0x0000000080e00000| Untracked 
|  14|0x0000000080e00000, 0x0000000080f00000, 0x0000000080f00000|100%| O|  |TAMS 0x0000000080f00000, 0x0000000080f00000| Untracked 
|  15|0x0000000080f00000, 0x0000000081000000, 0x0000000081000000|100%| O|  |TAMS 0x0000000081000000, 0x0000000081000000| Untracked 
|  16|0x0000000081000000, 0x0000000081100000, 0x0000000081100000|100%| O|  |TAMS 0x0000000081100000, 0x0000000081100000| Untracked 
|  17|0x0000000081100000, 0x0000000081200000, 0x0000000081200000|100%| O|  |TAMS 0x0000000081200000, 0x0000000081200000| Untracked 
|  18|0x0000000081200000, 0x0000000081300000, 0x0000000081300000|100%| O|  |TAMS 0x0000000081300000, 0x0000000081300000| Untracked 
|  19|0x0000000081300000, 0x0000000081400000, 0x0000000081400000|100%| O|  |TAMS 0x0000000081400000, 0x0000000081400000| Untracked 
|  20|0x0000000081400000, 0x0000000081500000, 0x0000000081500000|100%| O|  |TAMS 0x0000000081500000, 0x0000000081500000| Untracked 
|  21|0x0000000081500000, 0x0000000081600000, 0x0000000081600000|100%| O|  |TAMS 0x0000000081600000, 0x0000000081600000| Untracked 
|  22|0x0000000081600000, 0x0000000081700000, 0x0000000081700000|100%| O|  |TAMS 0x0000000081700000, 0x0000000081700000| Untracked 
|  23|0x0000000081700000, 0x0000000081700000, 0x0000000081800000|  0%| F|  |TAMS 0x0000000081700000, 0x0000000081700000| Untracked 
|  24|0x0000000081800000, 0x0000000081900000, 0x0000000081900000|100%| O|  |TAMS 0x0000000081900000, 0x0000000081900000| Untracked 
|  25|0x0000000081900000, 0x0000000081a00000, 0x0000000081a00000|100%| O|  |TAMS 0x0000000081a00000, 0x0000000081a00000| Untracked 
|  26|0x0000000081a00000, 0x0000000081b00000, 0x0000000081b00000|100%| O|  |TAMS 0x0000000081a00000, 0x0000000081b00000| Untracked 
|  27|0x0000000081b00000, 0x0000000081c00000, 0x0000000081c00000|100%| O|  |TAMS 0x0000000081c00000, 0x0000000081c00000| Untracked 
|  28|0x0000000081c00000, 0x0000000081d00000, 0x0000000081d00000|100%| O|  |TAMS 0x0000000081d00000, 0x0000000081d00000| Untracked 
|  29|0x0000000081d00000, 0x0000000081e00000, 0x0000000081e00000|100%| O|  |TAMS 0x0000000081e00000, 0x0000000081e00000| Untracked 
|  30|0x0000000081e00000, 0x0000000081f00000, 0x0000000081f00000|100%| O|  |TAMS 0x0000000081f00000, 0x0000000081f00000| Untracked 
|  31|0x0000000081f00000, 0x0000000082000000, 0x0000000082000000|100%| O|  |TAMS 0x0000000082000000, 0x0000000082000000| Untracked 
|  32|0x0000000082000000, 0x0000000082100000, 0x0000000082100000|100%| O|  |TAMS 0x0000000082100000, 0x0000000082100000| Untracked 
|  33|0x0000000082100000, 0x0000000082200000, 0x0000000082200000|100%| O|  |TAMS 0x0000000082200000, 0x0000000082200000| Untracked 
|  34|0x0000000082200000, 0x0000000082300000, 0x0000000082300000|100%| O|  |TAMS 0x0000000082300000, 0x0000000082300000| Untracked 
|  35|0x0000000082300000, 0x0000000082400000, 0x0000000082400000|100%| O|  |TAMS 0x0000000082400000, 0x0000000082400000| Untracked 
|  36|0x0000000082400000, 0x0000000082500000, 0x0000000082500000|100%| O|  |TAMS 0x0000000082500000, 0x0000000082500000| Untracked 
|  37|0x0000000082500000, 0x0000000082600000, 0x0000000082600000|100%| O|  |TAMS 0x0000000082600000, 0x0000000082600000| Untracked 
|  38|0x0000000082600000, 0x0000000082700000, 0x0000000082700000|100%| O|  |TAMS 0x0000000082700000, 0x0000000082700000| Untracked 
|  39|0x0000000082700000, 0x0000000082800000, 0x0000000082800000|100%|HS|  |TAMS 0x0000000082800000, 0x0000000082800000| Complete 
|  40|0x0000000082800000, 0x0000000082900000, 0x0000000082900000|100%|HC|  |TAMS 0x0000000082900000, 0x0000000082900000| Complete 
|  41|0x0000000082900000, 0x0000000082a00000, 0x0000000082a00000|100%|HS|  |TAMS 0x0000000082a00000, 0x0000000082a00000| Complete 
|  42|0x0000000082a00000, 0x0000000082b00000, 0x0000000082b00000|100%|HC|  |TAMS 0x0000000082b00000, 0x0000000082b00000| Complete 
|  43|0x0000000082b00000, 0x0000000082c00000, 0x0000000082c00000|100%| O|  |TAMS 0x0000000082c00000, 0x0000000082c00000| Untracked 
|  44|0x0000000082c00000, 0x0000000082d00000, 0x0000000082d00000|100%|HS|  |TAMS 0x0000000082d00000, 0x0000000082d00000| Complete 
|  45|0x0000000082d00000, 0x0000000082e00000, 0x0000000082e00000|100%|HC|  |TAMS 0x0000000082e00000, 0x0000000082e00000| Complete 
|  46|0x0000000082e00000, 0x0000000082f00000, 0x0000000082f00000|100%|HC|  |TAMS 0x0000000082f00000, 0x0000000082f00000| Complete 
|  47|0x0000000082f00000, 0x0000000083000000, 0x0000000083000000|100%|HC|  |TAMS 0x0000000083000000, 0x0000000083000000| Complete 
|  48|0x0000000083000000, 0x0000000083100000, 0x0000000083100000|100%| O|  |TAMS 0x0000000083100000, 0x0000000083100000| Untracked 
|  49|0x0000000083100000, 0x0000000083200000, 0x0000000083200000|100%| O|  |TAMS 0x0000000083200000, 0x0000000083200000| Untracked 
|  50|0x0000000083200000, 0x0000000083300000, 0x0000000083300000|100%| O|  |TAMS 0x0000000083300000, 0x0000000083300000| Untracked 
|  51|0x0000000083300000, 0x0000000083400000, 0x0000000083400000|100%| O|  |TAMS 0x0000000083400000, 0x0000000083400000| Untracked 
|  52|0x0000000083400000, 0x0000000083500000, 0x0000000083500000|100%| O|  |TAMS 0x0000000083500000, 0x0000000083500000| Untracked 
|  53|0x0000000083500000, 0x0000000083600000, 0x0000000083600000|100%|HS|  |TAMS 0x0000000083600000, 0x0000000083600000| Complete 
|  54|0x0000000083600000, 0x0000000083700000, 0x0000000083700000|100%|HC|  |TAMS 0x0000000083700000, 0x0000000083700000| Complete 
|  55|0x0000000083700000, 0x0000000083800000, 0x0000000083800000|100%|HC|  |TAMS 0x0000000083800000, 0x0000000083800000| Complete 
|  56|0x0000000083800000, 0x0000000083900000, 0x0000000083900000|100%|HC|  |TAMS 0x0000000083900000, 0x0000000083900000| Complete 
|  57|0x0000000083900000, 0x0000000083a00000, 0x0000000083a00000|100%| O|  |TAMS 0x0000000083a00000, 0x0000000083a00000| Untracked 
|  58|0x0000000083a00000, 0x0000000083b00000, 0x0000000083b00000|100%| O|  |TAMS 0x0000000083b00000, 0x0000000083b00000| Untracked 
|  59|0x0000000083b00000, 0x0000000083c00000, 0x0000000083c00000|100%| O|  |TAMS 0x0000000083c00000, 0x0000000083c00000| Untracked 
|  60|0x0000000083c00000, 0x0000000083d00000, 0x0000000083d00000|100%| O|  |TAMS 0x0000000083d00000, 0x0000000083d00000| Untracked 
|  61|0x0000000083d00000, 0x0000000083e00000, 0x0000000083e00000|100%| O|  |TAMS 0x0000000083d08200, 0x0000000083e00000| Untracked 
|  62|0x0000000083e00000, 0x0000000083f00000, 0x0000000083f00000|100%| O|  |TAMS 0x0000000083e00000, 0x0000000083f00000| Untracked 
|  63|0x0000000083f00000, 0x0000000084000000, 0x0000000084000000|100%| O|  |TAMS 0x0000000083f00000, 0x0000000084000000| Untracked 
|  64|0x0000000084000000, 0x0000000084100000, 0x0000000084100000|100%| O|  |TAMS 0x0000000084000000, 0x0000000084100000| Untracked 
|  65|0x0000000084100000, 0x0000000084100000, 0x0000000084200000|  0%| F|  |TAMS 0x0000000084100000, 0x0000000084100000| Untracked 
|  66|0x0000000084200000, 0x0000000084200000, 0x0000000084300000|  0%| F|  |TAMS 0x0000000084200000, 0x0000000084200000| Untracked 
|  67|0x0000000084300000, 0x0000000084300000, 0x0000000084400000|  0%| F|  |TAMS 0x0000000084300000, 0x0000000084300000| Untracked 
|  68|0x0000000084400000, 0x0000000084400000, 0x0000000084500000|  0%| F|  |TAMS 0x0000000084400000, 0x0000000084400000| Untracked 
|  69|0x0000000084500000, 0x0000000084500000, 0x0000000084600000|  0%| F|  |TAMS 0x0000000084500000, 0x0000000084500000| Untracked 
|  70|0x0000000084600000, 0x0000000084600000, 0x0000000084700000|  0%| F|  |TAMS 0x0000000084600000, 0x0000000084600000| Untracked 
|  71|0x0000000084700000, 0x0000000084700000, 0x0000000084800000|  0%| F|  |TAMS 0x0000000084700000, 0x0000000084700000| Untracked 
|  72|0x0000000084800000, 0x0000000084800000, 0x0000000084900000|  0%| F|  |TAMS 0x0000000084800000, 0x0000000084800000| Untracked 
|  73|0x0000000084900000, 0x0000000084900000, 0x0000000084a00000|  0%| F|  |TAMS 0x0000000084900000, 0x0000000084900000| Untracked 
|  74|0x0000000084a00000, 0x0000000084a00000, 0x0000000084b00000|  0%| F|  |TAMS 0x0000000084a00000, 0x0000000084a00000| Untracked 
|  75|0x0000000084b00000, 0x0000000084b00000, 0x0000000084c00000|  0%| F|  |TAMS 0x0000000084b00000, 0x0000000084b00000| Untracked 
|  76|0x0000000084c00000, 0x0000000084c00000, 0x0000000084d00000|  0%| F|  |TAMS 0x0000000084c00000, 0x0000000084c00000| Untracked 
|  77|0x0000000084d00000, 0x0000000084d00000, 0x0000000084e00000|  0%| F|  |TAMS 0x0000000084d00000, 0x0000000084d00000| Untracked 
|  78|0x0000000084e00000, 0x0000000084e00000, 0x0000000084f00000|  0%| F|  |TAMS 0x0000000084e00000, 0x0000000084e00000| Untracked 
|  79|0x0000000084f00000, 0x0000000084f00000, 0x0000000085000000|  0%| F|  |TAMS 0x0000000084f00000, 0x0000000084f00000| Untracked 
|  80|0x0000000085000000, 0x0000000085000000, 0x0000000085100000|  0%| F|  |TAMS 0x0000000085000000, 0x0000000085000000| Untracked 
|  81|0x0000000085100000, 0x00000000851b42b8, 0x0000000085200000| 70%| S|CS|TAMS 0x0000000085100000, 0x0000000085100000| Complete 
|  82|0x0000000085200000, 0x0000000085300000, 0x0000000085300000|100%| S|CS|TAMS 0x0000000085200000, 0x0000000085200000| Complete 
|  83|0x0000000085300000, 0x0000000085400000, 0x0000000085400000|100%| S|CS|TAMS 0x0000000085300000, 0x0000000085300000| Complete 
|  84|0x0000000085400000, 0x0000000085500000, 0x0000000085500000|100%| S|CS|TAMS 0x0000000085400000, 0x0000000085400000| Complete 
|  85|0x0000000085500000, 0x0000000085500000, 0x0000000085600000|  0%| F|  |TAMS 0x0000000085500000, 0x0000000085500000| Untracked 
|  86|0x0000000085600000, 0x0000000085600000, 0x0000000085700000|  0%| F|  |TAMS 0x0000000085600000, 0x0000000085600000| Untracked 
|  87|0x0000000085700000, 0x0000000085700000, 0x0000000085800000|  0%| F|  |TAMS 0x0000000085700000, 0x0000000085700000| Untracked 
|  88|0x0000000085800000, 0x0000000085800000, 0x0000000085900000|  0%| F|  |TAMS 0x0000000085800000, 0x0000000085800000| Untracked 
|  89|0x0000000085900000, 0x0000000085900000, 0x0000000085a00000|  0%| F|  |TAMS 0x0000000085900000, 0x0000000085900000| Untracked 
|  90|0x0000000085a00000, 0x0000000085a00000, 0x0000000085b00000|  0%| F|  |TAMS 0x0000000085a00000, 0x0000000085a00000| Untracked 
|  91|0x0000000085b00000, 0x0000000085b00000, 0x0000000085c00000|  0%| F|  |TAMS 0x0000000085b00000, 0x0000000085b00000| Untracked 
|  92|0x0000000085c00000, 0x0000000085c00000, 0x0000000085d00000|  0%| F|  |TAMS 0x0000000085c00000, 0x0000000085c00000| Untracked 
|  93|0x0000000085d00000, 0x0000000085d00000, 0x0000000085e00000|  0%| F|  |TAMS 0x0000000085d00000, 0x0000000085d00000| Untracked 
|  94|0x0000000085e00000, 0x0000000085e00000, 0x0000000085f00000|  0%| F|  |TAMS 0x0000000085e00000, 0x0000000085e00000| Untracked 
|  95|0x0000000085f00000, 0x0000000085f00000, 0x0000000086000000|  0%| F|  |TAMS 0x0000000085f00000, 0x0000000085f00000| Untracked 
|  96|0x0000000086000000, 0x0000000086000000, 0x0000000086100000|  0%| F|  |TAMS 0x0000000086000000, 0x0000000086000000| Untracked 
|  97|0x0000000086100000, 0x0000000086100000, 0x0000000086200000|  0%| F|  |TAMS 0x0000000086100000, 0x0000000086100000| Untracked 
|  98|0x0000000086200000, 0x0000000086200000, 0x0000000086300000|  0%| F|  |TAMS 0x0000000086200000, 0x0000000086200000| Untracked 
|  99|0x0000000086300000, 0x0000000086300000, 0x0000000086400000|  0%| F|  |TAMS 0x0000000086300000, 0x0000000086300000| Untracked 
| 100|0x0000000086400000, 0x0000000086400000, 0x0000000086500000|  0%| F|  |TAMS 0x0000000086400000, 0x0000000086400000| Untracked 
| 101|0x0000000086500000, 0x0000000086500000, 0x0000000086600000|  0%| F|  |TAMS 0x0000000086500000, 0x0000000086500000| Untracked 
| 102|0x0000000086600000, 0x0000000086600000, 0x0000000086700000|  0%| F|  |TAMS 0x0000000086600000, 0x0000000086600000| Untracked 
| 103|0x0000000086700000, 0x0000000086700000, 0x0000000086800000|  0%| F|  |TAMS 0x0000000086700000, 0x0000000086700000| Untracked 
| 104|0x0000000086800000, 0x0000000086800000, 0x0000000086900000|  0%| F|  |TAMS 0x0000000086800000, 0x0000000086800000| Untracked 
| 105|0x0000000086900000, 0x0000000086900000, 0x0000000086a00000|  0%| F|  |TAMS 0x0000000086900000, 0x0000000086900000| Untracked 
| 188|0x000000008bc00000, 0x000000008bc00000, 0x000000008bd00000|  0%| F|  |TAMS 0x000000008bc00000, 0x000000008bc00000| Untracked 
| 189|0x000000008bd00000, 0x000000008bd00000, 0x000000008be00000|  0%| F|  |TAMS 0x000000008bd00000, 0x000000008bd00000| Untracked 
| 190|0x000000008be00000, 0x000000008be00000, 0x000000008bf00000|  0%| F|  |TAMS 0x000000008be00000, 0x000000008be00000| Untracked 
| 191|0x000000008bf00000, 0x000000008bf00000, 0x000000008c000000|  0%| F|  |TAMS 0x000000008bf00000, 0x000000008bf00000| Untracked 
| 192|0x000000008c000000, 0x000000008c000000, 0x000000008c100000|  0%| F|  |TAMS 0x000000008c000000, 0x000000008c000000| Untracked 
| 193|0x000000008c100000, 0x000000008c100000, 0x000000008c200000|  0%| F|  |TAMS 0x000000008c100000, 0x000000008c100000| Untracked 
| 194|0x000000008c200000, 0x000000008c200000, 0x000000008c300000|  0%| F|  |TAMS 0x000000008c200000, 0x000000008c200000| Untracked 
| 195|0x000000008c300000, 0x000000008c300000, 0x000000008c400000|  0%| F|  |TAMS 0x000000008c300000, 0x000000008c300000| Untracked 
| 245|0x000000008f500000, 0x000000008f500000, 0x000000008f600000|  0%| F|  |TAMS 0x000000008f500000, 0x000000008f500000| Untracked 

Card table byte_map: [0x000001c33bcc0000,0x000001c33c0c0000] _byte_map_base: 0x000001c33b8c0000

Marking Bits (Prev, Next): (CMBitMap*) 0x000001c328efd000, (CMBitMap*) 0x000001c328efcfc0
 Prev Bits: [0x000001c33e4c0000, 0x000001c3404c0000)
 Next Bits: [0x000001c33c4c0000, 0x000001c33e4c0000)

Polling page: 0x000001c328660000

Metaspace:

Usage:
  Non-class:     63.73 MB used.
      Class:     10.30 MB used.
       Both:     74.03 MB used.

Virtual space:
  Non-class space:      128.00 MB reserved,      64.12 MB ( 50%) committed,  2 nodes.
      Class space:      416.00 MB reserved,      10.56 MB (  3%) committed,  1 nodes.
             Both:      544.00 MB reserved,      74.69 MB ( 14%) committed. 

Chunk freelists:
   Non-Class:  15.87 MB
       Class:  5.28 MB
        Both:  21.15 MB

MaxMetaspaceSize: 512.00 MB
CompressedClassSpaceSize: 416.00 MB
Initial GC threshold: 21.00 MB
Current GC threshold: 118.12 MB
CDS: off
MetaspaceReclaimPolicy: balanced
 - commit_granule_bytes: 65536.
 - commit_granule_words: 8192.
 - virtual_space_node_default_size: 8388608.
 - enlarge_chunks_in_place: 1.
 - new_chunks_are_fully_committed: 0.
 - uncommit_free_chunks: 1.
 - use_allocation_guard: 0.
 - handle_deallocations: 1.


Internal statistics:

num_allocs_failed_limit: 6.
num_arena_births: 838.
num_arena_deaths: 0.
num_vsnodes_births: 3.
num_vsnodes_deaths: 0.
num_space_committed: 1195.
num_space_uncommitted: 0.
num_chunks_returned_to_freelist: 6.
num_chunks_taken_from_freelist: 3608.
num_chunk_merges: 6.
num_chunk_splits: 2342.
num_chunks_enlarged: 1534.
num_inconsistent_stats: 0.

CodeHeap 'non-profiled nmethods': size=120000Kb used=4272Kb max_used=4272Kb free=115727Kb
 bounds [0x000001c333e40000, 0x000001c334270000, 0x000001c33b370000]
CodeHeap 'profiled nmethods': size=120000Kb used=13364Kb max_used=13364Kb free=106636Kb
 bounds [0x000001c32c370000, 0x000001c32d080000, 0x000001c3338a0000]
CodeHeap 'non-nmethods': size=5760Kb used=2357Kb max_used=2419Kb free=3402Kb
 bounds [0x000001c3338a0000, 0x000001c333b10000, 0x000001c333e40000]
 total_blobs=8013 nmethods=7130 adapters=795
 compilation: enabled
              stopped_count=0, restarted_count=0
 full_count=0

Compilation events (20 events):
Event: 7.450 Thread 0x000001c34333eb00 7883       3       org.gradle.internal.reflect.annotations.impl.DefaultPropertyAnnotationMetadata::isAnnotationPresent (9 bytes)
Event: 7.450 Thread 0x000001c34333eb00 nmethod 7883 0x000001c32d079e10 code [0x000001c32d079fc0, 0x000001c32d07a188]
Event: 7.458 Thread 0x000001c34333eb00 7884       1       org.gradle.execution.plan.LocalTaskNode::getTask (5 bytes)
Event: 7.458 Thread 0x000001c34333eb00 nmethod 7884 0x000001c334260b90 code [0x000001c334260d20, 0x000001c334260df8]
Event: 7.460 Thread 0x000001c34333eb00 7885       3       java.util.stream.IntPipeline$1$1::accept (23 bytes)
Event: 7.461 Thread 0x000001c34333eb00 nmethod 7885 0x000001c32d07a290 code [0x000001c32d07a440, 0x000001c32d07a6d8]
Event: 7.461 Thread 0x000001c34333eb00 7886       3       org.codehaus.groovy.runtime.callsite.CallSiteArray$$Lambda$435/0x000000010050e478::apply (13 bytes)
Event: 7.461 Thread 0x000001c34333eb00 nmethod 7886 0x000001c32d07a810 code [0x000001c32d07a9c0, 0x000001c32d07ab08]
Event: 7.461 Thread 0x000001c34333eb00 7887       3       org.gradle.internal.classpath.intercept.CallInterceptorsSet::maybeDecorateGroovyCallSite (20 bytes)
Event: 7.461 Thread 0x000001c34333e060 nmethod 7683 0x000001c334260e90 code [0x000001c334261540, 0x000001c334268bf8]
Event: 7.461 Thread 0x000001c34333eb00 nmethod 7887 0x000001c32d07ac10 code [0x000001c32d07ade0, 0x000001c32d07b2b8]
Event: 7.461 Thread 0x000001c34333e060 7807       4       java.util.HashSet::isEmpty (8 bytes)
Event: 7.462 Thread 0x000001c34333e060 nmethod 7807 0x000001c33426bc10 code [0x000001c33426bd80, 0x000001c33426be18]
Event: 7.462 Thread 0x000001c34333e060 7822       4       org.gradle.internal.reflect.annotations.impl.DefaultTypeAnnotationMetadataStore$$Lambda$1194/0x0000000100924478::apply (8 bytes)
Event: 7.462 Thread 0x000001c34333e060 nmethod 7822 0x000001c33426bf10 code [0x000001c33426c080, 0x000001c33426c138]
Event: 7.462 Thread 0x000001c34333e060 7813       4       com.google.common.collect.ImmutableList$Builder::add (34 bytes)
Event: 7.462 Thread 0x000001c34333eb00 7888       3       org.codehaus.groovy.runtime.metaclass.MetaMethodIndex::addMethodToList (128 bytes)
Event: 7.462 Thread 0x000001c34333eb00 nmethod 7888 0x000001c32d07b490 code [0x000001c32d07b720, 0x000001c32d07c848]
Event: 7.462 Thread 0x000001c34333eb00 7889       3       org.codehaus.groovy.util.FastArray::get (7 bytes)
Event: 7.462 Thread 0x000001c34333eb00 nmethod 7889 0x000001c32d07cc90 code [0x000001c32d07ce20, 0x000001c32d07cf58]

GC Heap History (20 events):
Event: 5.983 GC heap after
{Heap after GC invocations=21 (full 0):
 garbage-first heap   total 92160K, used 53385K [0x0000000080000000, 0x0000000100000000)
  region size 1024K, 3 young (3072K), 3 survivors (3072K)
 Metaspace       used 60554K, committed 61184K, reserved 491520K
  class space    used 8267K, committed 8576K, reserved 425984K
}
Event: 6.125 GC heap before
{Heap before GC invocations=21 (full 0):
 garbage-first heap   total 92160K, used 72841K [0x0000000080000000, 0x0000000100000000)
  region size 1024K, 22 young (22528K), 3 survivors (3072K)
 Metaspace       used 62347K, committed 62976K, reserved 491520K
  class space    used 8567K, committed 8832K, reserved 425984K
}
Event: 6.127 GC heap after
{Heap after GC invocations=22 (full 0):
 garbage-first heap   total 92160K, used 54441K [0x0000000080000000, 0x0000000100000000)
  region size 1024K, 1 young (1024K), 1 survivors (1024K)
 Metaspace       used 62347K, committed 62976K, reserved 491520K
  class space    used 8567K, committed 8832K, reserved 425984K
}
Event: 6.273 GC heap before
{Heap before GC invocations=23 (full 0):
 garbage-first heap   total 96256K, used 77993K [0x0000000080000000, 0x0000000100000000)
  region size 1024K, 20 young (20480K), 1 survivors (1024K)
 Metaspace       used 63983K, committed 64576K, reserved 491520K
  class space    used 8803K, committed 9088K, reserved 425984K
}
Event: 6.275 GC heap after
{Heap after GC invocations=24 (full 0):
 garbage-first heap   total 96256K, used 59604K [0x0000000080000000, 0x0000000100000000)
  region size 1024K, 2 young (2048K), 2 survivors (2048K)
 Metaspace       used 63983K, committed 64576K, reserved 491520K
  class space    used 8803K, committed 9088K, reserved 425984K
}
Event: 6.285 GC heap before
{Heap before GC invocations=24 (full 0):
 garbage-first heap   total 96256K, used 60628K [0x0000000080000000, 0x0000000100000000)
  region size 1024K, 4 young (4096K), 2 survivors (2048K)
 Metaspace       used 64089K, committed 64704K, reserved 491520K
  class space    used 8819K, committed 9088K, reserved 425984K
}
Event: 6.287 GC heap after
{Heap after GC invocations=25 (full 0):
 garbage-first heap   total 115712K, used 60244K [0x0000000080000000, 0x0000000100000000)
  region size 1024K, 1 young (1024K), 1 survivors (1024K)
 Metaspace       used 64089K, committed 64704K, reserved 491520K
  class space    used 8819K, committed 9088K, reserved 425984K
}
Event: 6.484 GC heap before
{Heap before GC invocations=25 (full 0):
 garbage-first heap   total 115712K, used 88916K [0x0000000080000000, 0x0000000100000000)
  region size 1024K, 29 young (29696K), 1 survivors (1024K)
 Metaspace       used 66330K, committed 66944K, reserved 491520K
  class space    used 9143K, committed 9408K, reserved 425984K
}
Event: 6.485 GC heap after
{Heap after GC invocations=26 (full 0):
 garbage-first heap   total 115712K, used 61055K [0x0000000080000000, 0x0000000100000000)
  region size 1024K, 2 young (2048K), 2 survivors (2048K)
 Metaspace       used 66330K, committed 66944K, reserved 491520K
  class space    used 9143K, committed 9408K, reserved 425984K
}
Event: 6.667 GC heap before
{Heap before GC invocations=27 (full 0):
 garbage-first heap   total 115712K, used 90751K [0x0000000080000000, 0x0000000100000000)
  region size 1024K, 31 young (31744K), 2 survivors (2048K)
 Metaspace       used 69981K, committed 70592K, reserved 491520K
  class space    used 9650K, committed 9920K, reserved 425984K
}
Event: 6.668 GC heap after
{Heap after GC invocations=28 (full 0):
 garbage-first heap   total 115712K, used 62002K [0x0000000080000000, 0x0000000100000000)
  region size 1024K, 3 young (3072K), 3 survivors (3072K)
 Metaspace       used 69981K, committed 70592K, reserved 491520K
  class space    used 9650K, committed 9920K, reserved 425984K
}
Event: 6.684 GC heap before
{Heap before GC invocations=28 (full 0):
 garbage-first heap   total 115712K, used 64050K [0x0000000080000000, 0x0000000100000000)
  region size 1024K, 5 young (5120K), 3 survivors (3072K)
 Metaspace       used 70161K, committed 70784K, reserved 491520K
  class space    used 9674K, committed 9920K, reserved 425984K
}
Event: 6.686 GC heap after
{Heap after GC invocations=29 (full 0):
 garbage-first heap   total 115712K, used 62041K [0x0000000080000000, 0x0000000100000000)
  region size 1024K, 1 young (1024K), 1 survivors (1024K)
 Metaspace       used 70161K, committed 70784K, reserved 491520K
  class space    used 9674K, committed 9920K, reserved 425984K
}
Event: 6.884 GC heap before
{Heap before GC invocations=29 (full 0):
 garbage-first heap   total 115712K, used 91737K [0x0000000080000000, 0x0000000100000000)
  region size 1024K, 30 young (30720K), 1 survivors (1024K)
 Metaspace       used 71897K, committed 72576K, reserved 491520K
  class space    used 9936K, committed 10240K, reserved 425984K
}
Event: 6.887 GC heap after
{Heap after GC invocations=30 (full 0):
 garbage-first heap   total 115712K, used 64558K [0x0000000080000000, 0x0000000100000000)
  region size 1024K, 4 young (4096K), 4 survivors (4096K)
 Metaspace       used 71897K, committed 72576K, reserved 491520K
  class space    used 9936K, committed 10240K, reserved 425984K
}
Event: 7.076 GC heap before
{Heap before GC invocations=31 (full 0):
 garbage-first heap   total 117760K, used 91182K [0x0000000080000000, 0x0000000100000000)
  region size 1024K, 31 young (31744K), 4 survivors (4096K)
 Metaspace       used 73684K, committed 74304K, reserved 491520K
  class space    used 10232K, committed 10496K, reserved 425984K
}
Event: 7.078 GC heap after
{Heap after GC invocations=32 (full 0):
 garbage-first heap   total 117760K, used 66083K [0x0000000080000000, 0x0000000100000000)
  region size 1024K, 2 young (2048K), 2 survivors (2048K)
 Metaspace       used 73684K, committed 74304K, reserved 491520K
  class space    used 10232K, committed 10496K, reserved 425984K
}
Event: 7.097 GC heap before
{Heap before GC invocations=32 (full 0):
 garbage-first heap   total 117760K, used 69155K [0x0000000080000000, 0x0000000100000000)
  region size 1024K, 5 young (5120K), 2 survivors (2048K)
 Metaspace       used 73908K, committed 74560K, reserved 491520K
  class space    used 10270K, committed 10560K, reserved 425984K
}
Event: 7.099 GC heap after
{Heap after GC invocations=33 (full 0):
 garbage-first heap   total 117760K, used 65882K [0x0000000080000000, 0x0000000100000000)
  region size 1024K, 1 young (1024K), 1 survivors (1024K)
 Metaspace       used 73908K, committed 74560K, reserved 491520K
  class space    used 10270K, committed 10560K, reserved 425984K
}
Event: 7.463 GC heap before
{Heap before GC invocations=33 (full 0):
 garbage-first heap   total 117760K, used 95578K [0x0000000080000000, 0x0000000100000000)
  region size 1024K, 30 young (30720K), 1 survivors (1024K)
 Metaspace       used 75802K, committed 76480K, reserved 557056K
  class space    used 10545K, committed 10816K, reserved 425984K
}

Dll operation events (3 events):
Event: 0.006 Loaded shared library C:\Program Files\Android\Android Studio\jbr\bin\java.dll
Event: 0.091 Loaded shared library C:\Program Files\Android\Android Studio\jbr\bin\zip.dll
Event: 0.275 Loaded shared library C:\Program Files\Android\Android Studio\jbr\bin\verify.dll

Deoptimization events (20 events):
Event: 7.400 Thread 0x000001c348e33ef0 DEOPT PACKING pc=0x000001c33419374c sp=0x00000019b62f7360
Event: 7.400 Thread 0x000001c348e33ef0 DEOPT UNPACKING pc=0x000001c3338f69a3 sp=0x00000019b62f7390 mode 2
Event: 7.406 Thread 0x000001c348e33ef0 Uncommon trap: trap_request=0xffffffcc fr.pc=0x000001c334242870 relative=0x0000000000004d90
Event: 7.406 Thread 0x000001c348e33ef0 Uncommon trap: reason=intrinsic_or_type_checked_inlining action=make_not_entrant pc=0x000001c334242870 method=java.util.ArrayList$SubList.toArray([Ljava/lang/Object;)[Ljava/lang/Object; @ 58 c2
Event: 7.406 Thread 0x000001c348e33ef0 DEOPT PACKING pc=0x000001c334242870 sp=0x00000019b62f61c0
Event: 7.406 Thread 0x000001c348e33ef0 DEOPT UNPACKING pc=0x000001c3338f69a3 sp=0x00000019b62f6148 mode 2
Event: 7.439 Thread 0x000001c348e33ef0 DEOPT PACKING pc=0x000001c32c755f76 sp=0x00000019b62f69f0
Event: 7.439 Thread 0x000001c348e33ef0 DEOPT UNPACKING pc=0x000001c3338f7143 sp=0x00000019b62f5f90 mode 0
Event: 7.454 Thread 0x000001c348e33ef0 Uncommon trap: trap_request=0xffffffde fr.pc=0x000001c334050bf8 relative=0x0000000000000258
Event: 7.454 Thread 0x000001c348e33ef0 Uncommon trap: reason=class_check action=maybe_recompile pc=0x000001c334050bf8 method=java.util.stream.StreamOpFlag.fromCharacteristics(Ljava/util/Spliterator;)I @ 14 c2
Event: 7.454 Thread 0x000001c348e33ef0 DEOPT PACKING pc=0x000001c334050bf8 sp=0x00000019b62f8660
Event: 7.454 Thread 0x000001c348e33ef0 DEOPT UNPACKING pc=0x000001c3338f69a3 sp=0x00000019b62f8548 mode 2
Event: 7.458 Thread 0x000001c348e33ef0 Uncommon trap: trap_request=0xffffff45 fr.pc=0x000001c333eb4c4c relative=0x000000000000060c
Event: 7.458 Thread 0x000001c348e33ef0 Uncommon trap: reason=unstable_if action=reinterpret pc=0x000001c333eb4c4c method=java.util.HashMap$HashIterator.<init>(Ljava/util/HashMap;)V @ 45 c2
Event: 7.458 Thread 0x000001c348e33ef0 DEOPT PACKING pc=0x000001c333eb4c4c sp=0x00000019b62f8d80
Event: 7.458 Thread 0x000001c348e33ef0 DEOPT UNPACKING pc=0x000001c3338f69a3 sp=0x00000019b62f8c10 mode 2
Event: 7.462 Thread 0x000001c348e33ef0 Uncommon trap: trap_request=0xffffff45 fr.pc=0x000001c3340b6ba4 relative=0x00000000000012a4
Event: 7.462 Thread 0x000001c348e33ef0 Uncommon trap: reason=unstable_if action=reinterpret pc=0x000001c3340b6ba4 method=org.codehaus.groovy.runtime.metaclass.MetaMethodIndex.isOverridden(Lgroovy/lang/MetaMethod;Lgroovy/lang/MetaMethod;)Z @ 52 c2
Event: 7.462 Thread 0x000001c348e33ef0 DEOPT PACKING pc=0x000001c3340b6ba4 sp=0x00000019b62f5a90
Event: 7.462 Thread 0x000001c348e33ef0 DEOPT UNPACKING pc=0x000001c3338f69a3 sp=0x00000019b62f59e8 mode 2

Classes unloaded (0 events):
No events

Classes redefined (0 events):
No events

Internal exceptions (20 events):
Event: 6.888 Thread 0x000001c348e33ef0 Exception <a 'java/lang/ClassNotFoundException'{0x000000008c3263d8}: org/gradle/api/internal/artifacts/dsl/DefaultRepositoryHandlerBeanInfo> (0x000000008c3263d8) 
thrown [s\src\hotspot\share\classfile\systemDictionary.cpp, line 256]
Event: 6.889 Thread 0x000001c348e33ef0 Exception <a 'java/lang/ClassNotFoundException'{0x000000008c33d1f8}: org/gradle/api/internal/artifacts/DefaultArtifactRepositoryContainerBeanInfo> (0x000000008c33d1f8) 
thrown [s\src\hotspot\share\classfile\systemDictionary.cpp, line 256]
Event: 6.889 Thread 0x000001c348e33ef0 Exception <a 'java/lang/ClassNotFoundException'{0x000000008c3511f0}: org/gradle/api/internal/DefaultNamedDomainObjectListBeanInfo> (0x000000008c3511f0) 
thrown [s\src\hotspot\share\classfile\systemDictionary.cpp, line 256]
Event: 6.889 Thread 0x000001c348e33ef0 Exception <a 'java/lang/ClassNotFoundException'{0x000000008c365340}: org/gradle/api/internal/DefaultNamedDomainObjectCollectionBeanInfo> (0x000000008c365340) 
thrown [s\src\hotspot\share\classfile\systemDictionary.cpp, line 256]
Event: 6.890 Thread 0x000001c348e33ef0 Exception <a 'java/lang/ClassNotFoundException'{0x000000008c379338}: org/gradle/api/internal/DefaultDomainObjectCollectionBeanInfo> (0x000000008c379338) 
thrown [s\src\hotspot\share\classfile\systemDictionary.cpp, line 256]
Event: 6.890 Thread 0x000001c348e33ef0 Exception <a 'java/lang/ClassNotFoundException'{0x000000008c38d660}: org/gradle/api/internal/DefaultDomainObjectCollectionCustomizer> (0x000000008c38d660) 
thrown [s\src\hotspot\share\classfile\systemDictionary.cpp, line 256]
Event: 6.891 Thread 0x000001c348e33ef0 Exception <a 'java/lang/ClassNotFoundException'{0x000000008c3c1a58}: org/gradle/api/internal/DefaultNamedDomainObjectCollectionCustomizer> (0x000000008c3c1a58) 
thrown [s\src\hotspot\share\classfile\systemDictionary.cpp, line 256]
Event: 6.892 Thread 0x000001c348e33ef0 Exception <a 'java/lang/ClassNotFoundException'{0x000000008c3fd6b8}: org/gradle/api/internal/DefaultNamedDomainObjectListCustomizer> (0x000000008c3fd6b8) 
thrown [s\src\hotspot\share\classfile\systemDictionary.cpp, line 256]
Event: 6.893 Thread 0x000001c348e33ef0 Exception <a 'java/lang/ClassNotFoundException'{0x000000008c22f498}: org/gradle/api/internal/artifacts/DefaultArtifactRepositoryContainerCustomizer> (0x000000008c22f498) 
thrown [s\src\hotspot\share\classfile\systemDictionary.cpp, line 256]
Event: 6.893 Thread 0x000001c348e33ef0 Exception <a 'java/lang/ClassNotFoundException'{0x000000008c257e20}: org/gradle/api/internal/artifacts/dsl/DefaultRepositoryHandlerCustomizer> (0x000000008c257e20) 
thrown [s\src\hotspot\share\classfile\systemDictionary.cpp, line 256]
Event: 6.894 Thread 0x000001c348e33ef0 Exception <a 'java/lang/ClassNotFoundException'{0x000000008c28e818}: org/gradle/api/internal/artifacts/dsl/DefaultRepositoryHandler_DecoratedCustomizer> (0x000000008c28e818) 
thrown [s\src\hotspot\share\classfile\systemDictionary.cpp, line 256]
Event: 6.898 Thread 0x000001c348e33ef0 Exception <a 'java/lang/ClassNotFoundException'{0x000000008c12df70}: org/gradle/api/internal/artifacts/dsl/dependencies/DefaultDependencyHandler_DecoratedBeanInfo> (0x000000008c12df70) 
thrown [s\src\hotspot\share\classfile\systemDictionary.cpp, line 256]
Event: 6.899 Thread 0x000001c348e33ef0 Exception <a 'java/lang/ClassNotFoundException'{0x000000008c144708}: org/gradle/api/internal/artifacts/dsl/dependencies/DefaultDependencyHandlerBeanInfo> (0x000000008c144708) 
thrown [s\src\hotspot\share\classfile\systemDictionary.cpp, line 256]
Event: 6.899 Thread 0x000001c348e33ef0 Exception <a 'java/lang/ClassNotFoundException'{0x000000008c15a910}: org/gradle/api/internal/artifacts/dsl/dependencies/DefaultDependencyHandlerCustomizer> (0x000000008c15a910) 
thrown [s\src\hotspot\share\classfile\systemDictionary.cpp, line 256]
Event: 6.900 Thread 0x000001c348e33ef0 Exception <a 'java/lang/ClassNotFoundException'{0x000000008c1979d8}: org/gradle/api/internal/artifacts/dsl/dependencies/DefaultDependencyHandler_DecoratedCustomizer> (0x000000008c1979d8) 
thrown [s\src\hotspot\share\classfile\systemDictionary.cpp, line 256]
Event: 7.281 Thread 0x000001c348e33ef0 Exception <a 'java/lang/NoSuchMethodError'{0x000000008609fea0}: 'java.lang.Object java.lang.invoke.DirectMethodHandle$Holder.newInvokeSpecial(java.lang.Object, java.lang.Object, java.lang.Object, java.lang.Object, java.lang.Object, java.lang.Object, int)'> (0x000000008609fea0) 
thrown [s\src\hotspot\share\interpreter\linkResolver.cpp, line 771]
Event: 7.281 Thread 0x000001c348e33ef0 Exception <a 'java/lang/NoSuchMethodError'{0x00000000860a5e88}: 'java.lang.Object java.lang.invoke.DirectMethodHandle$Holder.invokeSpecial(java.lang.Object, java.lang.Object, java.lang.Object, java.lang.Object, java.lang.Object, java.lang.Object, java.lang.Object, int)'> (0x00000000860a5e88) 
thrown [s\src\hotspot\share\interpreter\linkResolver.cpp, line 771]
Event: 7.281 Thread 0x000001c348e33ef0 Exception <a 'java/lang/NoSuchMethodError'{0x00000000860aba58}: 'java.lang.Object java.lang.invoke.Invokers$Holder.linkToTargetMethod(java.lang.Object, java.lang.Object, java.lang.Object, java.lang.Object, java.lang.Object, int, java.lang.Object)'> (0x00000000860aba58) 
thrown [s\src\hotspot\share\interpreter\linkResolver.cpp, line 771]
Event: 7.288 Thread 0x000001c34d213bc0 Implicit null exception at 0x000001c333f3585d to 0x000001c333f35998
Event: 7.385 Thread 0x000001c34d210200 Exception <a 'java/lang/NoSuchMethodError'{0x0000000085df7fc0}: 'void java.lang.invoke.DirectMethodHandle$Holder.invokeSpecial(java.lang.Object, java.lang.Object, int)'> (0x0000000085df7fc0) 
thrown [s\src\hotspot\share\interpreter\linkResolver.cpp, line 771]

VM Operations (20 events):
Event: 6.887 Executing VM operation: G1CollectForAllocation done
Event: 6.906 Executing VM operation: G1Concurrent
Event: 6.907 Executing VM operation: G1Concurrent done
Event: 6.914 Executing VM operation: G1Concurrent
Event: 6.915 Executing VM operation: G1Concurrent done
Event: 6.929 Executing VM operation: HandshakeAllThreads
Event: 6.929 Executing VM operation: HandshakeAllThreads done
Event: 7.076 Executing VM operation: G1CollectForAllocation
Event: 7.078 Executing VM operation: G1CollectForAllocation done
Event: 7.083 Executing VM operation: HandshakeAllThreads
Event: 7.083 Executing VM operation: HandshakeAllThreads done
Event: 7.097 Executing VM operation: G1CollectForAllocation
Event: 7.099 Executing VM operation: G1CollectForAllocation done
Event: 7.242 Executing VM operation: ICBufferFull
Event: 7.243 Executing VM operation: ICBufferFull done
Event: 7.391 Executing VM operation: HandshakeAllThreads
Event: 7.391 Executing VM operation: HandshakeAllThreads done
Event: 7.408 Executing VM operation: ICBufferFull
Event: 7.408 Executing VM operation: ICBufferFull done
Event: 7.463 Executing VM operation: G1CollectForAllocation

Events (20 events):
Event: 7.289 Thread 0x000001c34d212d50 Thread added: 0x000001c34d212d50
Event: 7.289 Thread 0x000001c34d20d1e0 Thread added: 0x000001c34d20d1e0
Event: 7.289 Thread 0x000001c34d20eec0 Thread added: 0x000001c34d20eec0
Event: 7.289 Thread 0x000001c34d214090 Thread added: 0x000001c34d214090
Event: 7.289 Thread 0x000001c34d20e520 Thread added: 0x000001c34d20e520
Event: 7.289 Thread 0x000001c34d20e9f0 Thread added: 0x000001c34d20e9f0
Event: 7.289 Thread 0x000001c34d20f390 Thread added: 0x000001c34d20f390
Event: 7.310 Thread 0x000001c34d210200 Thread added: 0x000001c34d210200
Event: 7.315 Thread 0x000001c34d2106d0 Thread added: 0x000001c34d2106d0
Event: 7.315 Thread 0x000001c34d214560 Thread added: 0x000001c34d214560
Event: 7.390 loading class java/nio/file/attribute/DosFileAttributeView
Event: 7.390 loading class java/nio/file/attribute/DosFileAttributeView done
Event: 7.390 loading class sun/nio/fs/WindowsFileAttributeViews$Dos
Event: 7.390 loading class sun/nio/fs/WindowsFileAttributeViews$Dos done
Event: 7.450 loading class java/util/IdentityHashMap$KeyIterator
Event: 7.450 loading class java/util/IdentityHashMap$IdentityHashMapIterator
Event: 7.450 loading class java/util/IdentityHashMap$IdentityHashMapIterator done
Event: 7.450 loading class java/util/IdentityHashMap$KeyIterator done
Event: 7.454 loading class java/util/TreeMap$KeySpliterator
Event: 7.454 loading class java/util/TreeMap$KeySpliterator done


Dynamic libraries:
0x00007ff611740000 - 0x00007ff61174a000 	C:\Program Files\Android\Android Studio\jbr\bin\java.exe
0x00007ffe925f0000 - 0x00007ffe92807000 	C:\WINDOWS\SYSTEM32\ntdll.dll
0x00007ffe90480000 - 0x00007ffe90544000 	C:\WINDOWS\System32\KERNEL32.DLL
0x00007ffe8fdd0000 - 0x00007ffe90176000 	C:\WINDOWS\System32\KERNELBASE.dll
0x00007ffe8fc80000 - 0x00007ffe8fd91000 	C:\WINDOWS\System32\ucrtbase.dll
0x00007ffe7ff00000 - 0x00007ffe7ff17000 	C:\Program Files\Android\Android Studio\jbr\bin\jli.dll
0x00007ffe7ec00000 - 0x00007ffe7ec1b000 	C:\Program Files\Android\Android Studio\jbr\bin\VCRUNTIME140.dll
0x00007ffe91040000 - 0x00007ffe911ee000 	C:\WINDOWS\System32\USER32.dll
0x00007ffe90180000 - 0x00007ffe901a6000 	C:\WINDOWS\System32\win32u.dll
0x00007ffe7e5f0000 - 0x00007ffe7e883000 	C:\WINDOWS\WinSxS\amd64_microsoft.windows.common-controls_6595b64144ccf1df_6.0.22621.2506_none_270c5ae97388e100\COMCTL32.dll
0x00007ffe91d90000 - 0x00007ffe91db9000 	C:\WINDOWS\System32\GDI32.dll
0x00007ffe92470000 - 0x00007ffe92517000 	C:\WINDOWS\System32\msvcrt.dll
0x00007ffe8faa0000 - 0x00007ffe8fbb8000 	C:\WINDOWS\System32\gdi32full.dll
0x00007ffe902a0000 - 0x00007ffe9033a000 	C:\WINDOWS\System32\msvcp_win.dll
0x00007ffe91fd0000 - 0x00007ffe92001000 	C:\WINDOWS\System32\IMM32.DLL
0x00007ffe85920000 - 0x00007ffe8592c000 	C:\Program Files\Android\Android Studio\jbr\bin\vcruntime140_1.dll
0x00007ffe761e0000 - 0x00007ffe7626d000 	C:\Program Files\Android\Android Studio\jbr\bin\msvcp140.dll
0x00007ffe50e10000 - 0x00007ffe51a90000 	C:\Program Files\Android\Android Studio\jbr\bin\server\jvm.dll
0x00007ffe905b0000 - 0x00007ffe90663000 	C:\WINDOWS\System32\ADVAPI32.dll
0x00007ffe91f20000 - 0x00007ffe91fc8000 	C:\WINDOWS\System32\sechost.dll
0x00007ffe8fda0000 - 0x00007ffe8fdc8000 	C:\WINDOWS\System32\bcrypt.dll
0x00007ffe91410000 - 0x00007ffe91527000 	C:\WINDOWS\System32\RPCRT4.dll
0x00007ffe8a8d0000 - 0x00007ffe8a8d9000 	C:\WINDOWS\SYSTEM32\WSOCK32.dll
0x00007ffe86650000 - 0x00007ffe8665a000 	C:\WINDOWS\SYSTEM32\VERSION.dll
0x00007ffe87770000 - 0x00007ffe877a4000 	C:\WINDOWS\SYSTEM32\WINMM.dll
0x00007ffe92520000 - 0x00007ffe92591000 	C:\WINDOWS\System32\WS2_32.dll
0x00007ffe8e970000 - 0x00007ffe8e988000 	C:\WINDOWS\SYSTEM32\kernel.appcore.dll
0x00007ffe8a8a0000 - 0x00007ffe8a8aa000 	C:\Program Files\Android\Android Studio\jbr\bin\jimage.dll
0x00007ffe8d390000 - 0x00007ffe8d5c3000 	C:\WINDOWS\SYSTEM32\DBGHELP.DLL
0x00007ffe90af0000 - 0x00007ffe90e79000 	C:\WINDOWS\System32\combase.dll
0x00007ffe91300000 - 0x00007ffe913d7000 	C:\WINDOWS\System32\OLEAUT32.dll
0x00007ffe76e40000 - 0x00007ffe76e72000 	C:\WINDOWS\SYSTEM32\dbgcore.DLL
0x00007ffe90220000 - 0x00007ffe9029a000 	C:\WINDOWS\System32\bcryptPrimitives.dll
0x00007ffe88f20000 - 0x00007ffe88f2e000 	C:\Program Files\Android\Android Studio\jbr\bin\instrument.dll
0x00007ffe80080000 - 0x00007ffe800a5000 	C:\Program Files\Android\Android Studio\jbr\bin\java.dll
0x00007ffe879e0000 - 0x00007ffe879f8000 	C:\Program Files\Android\Android Studio\jbr\bin\zip.dll
0x00007ffe91530000 - 0x00007ffe91d8b000 	C:\WINDOWS\System32\SHELL32.dll
0x00007ffe8d890000 - 0x00007ffe8e186000 	C:\WINDOWS\SYSTEM32\windows.storage.dll
0x00007ffe8d750000 - 0x00007ffe8d88e000 	C:\WINDOWS\SYSTEM32\wintypes.dll
0x00007ffe911f0000 - 0x00007ffe912e3000 	C:\WINDOWS\System32\SHCORE.dll
0x00007ffe91e70000 - 0x00007ffe91ece000 	C:\WINDOWS\System32\shlwapi.dll
0x00007ffe8f860000 - 0x00007ffe8f886000 	C:\WINDOWS\SYSTEM32\profapi.dll
0x00007ffe7ff40000 - 0x00007ffe7ff59000 	C:\Program Files\Android\Android Studio\jbr\bin\net.dll
0x00007ffe889f0000 - 0x00007ffe88b27000 	C:\WINDOWS\SYSTEM32\WINHTTP.dll
0x00007ffe8edf0000 - 0x00007ffe8ee59000 	C:\WINDOWS\system32\mswsock.dll
0x00007ffe7ff20000 - 0x00007ffe7ff36000 	C:\Program Files\Android\Android Studio\jbr\bin\nio.dll
0x00007ffe8a840000 - 0x00007ffe8a850000 	C:\Program Files\Android\Android Studio\jbr\bin\verify.dll
0x00007ffe85930000 - 0x00007ffe85957000 	C:\Users\Dhruvil Prajapati\.gradle\native\68d5fa5c4cc2d200863cafc0d521ce42e7d3e7ee720ec0a83991735586a16f82\windows-amd64\native-platform.dll
0x00007ffe56e90000 - 0x00007ffe56fd4000 	C:\Users\Dhruvil Prajapati\.gradle\native\e376f236ea51e6404a007f0833ffe2c6e607c4080706a723a18a27aeea778392\windows-amd64\native-platform-file-events.dll
0x00007ffe89c80000 - 0x00007ffe89c89000 	C:\Program Files\Android\Android Studio\jbr\bin\management.dll
0x00007ffe89ae0000 - 0x00007ffe89aeb000 	C:\Program Files\Android\Android Studio\jbr\bin\management_ext.dll
0x00007ffe91e40000 - 0x00007ffe91e48000 	C:\WINDOWS\System32\PSAPI.DLL
0x00007ffe8f040000 - 0x00007ffe8f05b000 	C:\WINDOWS\SYSTEM32\CRYPTSP.dll
0x00007ffe8e8d0000 - 0x00007ffe8e905000 	C:\WINDOWS\system32\rsaenh.dll
0x00007ffe8eee0000 - 0x00007ffe8ef0c000 	C:\WINDOWS\SYSTEM32\USERENV.dll
0x00007ffe8f060000 - 0x00007ffe8f06c000 	C:\WINDOWS\SYSTEM32\CRYPTBASE.dll
0x00007ffe8e3f0000 - 0x00007ffe8e41d000 	C:\WINDOWS\SYSTEM32\IPHLPAPI.DLL
0x00007ffe91400000 - 0x00007ffe91409000 	C:\WINDOWS\System32\NSI.dll
0x00007ffe89180000 - 0x00007ffe89199000 	C:\WINDOWS\SYSTEM32\dhcpcsvc6.DLL
0x00007ffe88790000 - 0x00007ffe887af000 	C:\WINDOWS\SYSTEM32\dhcpcsvc.DLL
0x00007ffe8e460000 - 0x00007ffe8e559000 	C:\WINDOWS\SYSTEM32\DNSAPI.dll
0x00007ffe6c620000 - 0x00007ffe6c628000 	C:\WINDOWS\system32\wshunix.dll
0x00007ffe6d490000 - 0x00007ffe6d4a7000 	C:\WINDOWS\system32\napinsp.dll
0x00007ffe6d430000 - 0x00007ffe6d44b000 	C:\WINDOWS\system32\pnrpnsp.dll
0x00007ffe6d410000 - 0x00007ffe6d421000 	C:\WINDOWS\System32\winrnr.dll
0x00007ffe88550000 - 0x00007ffe88565000 	C:\WINDOWS\system32\wshbth.dll
0x00007ffe6d3a0000 - 0x00007ffe6d3c1000 	C:\WINDOWS\system32\nlansp_c.dll
0x00007ffe84240000 - 0x00007ffe8424a000 	C:\Windows\System32\rasadhlp.dll
0x00007ffe86b00000 - 0x00007ffe86b83000 	C:\WINDOWS\System32\fwpuclnt.dll

dbghelp: loaded successfully - version: 4.0.5 - missing functions: none
symbol engine: initialized successfully - sym options: 0x614 - pdb path: .;C:\Program Files\Android\Android Studio\jbr\bin;C:\WINDOWS\SYSTEM32;C:\WINDOWS\WinSxS\amd64_microsoft.windows.common-controls_6595b64144ccf1df_6.0.22621.2506_none_270c5ae97388e100;C:\Program Files\Android\Android Studio\jbr\bin\server;C:\Users\Dhruvil Prajapati\.gradle\native\68d5fa5c4cc2d200863cafc0d521ce42e7d3e7ee720ec0a83991735586a16f82\windows-amd64;C:\Users\Dhruvil Prajapati\.gradle\native\e376f236ea51e6404a007f0833ffe2c6e607c4080706a723a18a27aeea778392\windows-amd64

VM Arguments:
jvm_args: -XX:MaxMetaspaceSize=512m --add-opens=java.base/java.util=ALL-UNNAMED --add-opens=java.base/java.lang=ALL-UNNAMED --add-opens=java.base/java.lang.invoke=ALL-UNNAMED --add-opens=java.prefs/java.util.prefs=ALL-UNNAMED --add-opens=java.base/java.nio.charset=ALL-UNNAMED --add-opens=java.base/java.net=ALL-UNNAMED --add-opens=java.base/java.util.concurrent.atomic=ALL-UNNAMED -Xmx2048m -Dfile.encoding=windows-1252 -Duser.country=US -Duser.language=en -Duser.variant -javaagent:C:\Users\Dhruvil Prajapati\.gradle\wrapper\dists\gradle-8.3-all\6en3ugtfdg5xnpx44z4qbwgas\gradle-8.3\lib\agents\gradle-instrumentation-agent-8.3.jar 
java_command: org.gradle.launcher.daemon.bootstrap.GradleDaemon 8.3
java_class_path (initial): C:\Users\Dhruvil Prajapati\.gradle\wrapper\dists\gradle-8.3-all\6en3ugtfdg5xnpx44z4qbwgas\gradle-8.3\lib\gradle-launcher-8.3.jar
Launcher Type: SUN_STANDARD

[Global flags]
     intx CICompilerCount                          = 4                                         {product} {ergonomic}
   size_t CompressedClassSpaceSize                 = 436207616                                 {product} {ergonomic}
     uint ConcGCThreads                            = 3                                         {product} {ergonomic}
     uint G1ConcRefinementThreads                  = 10                                        {product} {ergonomic}
   size_t G1HeapRegionSize                         = 1048576                                   {product} {ergonomic}
    uintx GCDrainStackTargetSize                   = 64                                        {product} {ergonomic}
   size_t InitialHeapSize                          = 257949696                                 {product} {ergonomic}
   size_t MarkStackSize                            = 4194304                                   {product} {ergonomic}
   size_t MaxHeapSize                              = 2147483648                                {product} {command line}
   size_t MaxMetaspaceSize                         = 536870912                                 {product} {command line}
   size_t MaxNewSize                               = 1287651328                                {product} {ergonomic}
   size_t MinHeapDeltaBytes                        = 1048576                                   {product} {ergonomic}
   size_t MinHeapSize                              = 8388608                                   {product} {ergonomic}
    uintx NonNMethodCodeHeapSize                   = 5839372                                {pd product} {ergonomic}
    uintx NonProfiledCodeHeapSize                  = 122909434                              {pd product} {ergonomic}
    uintx ProfiledCodeHeapSize                     = 122909434                              {pd product} {ergonomic}
    uintx ReservedCodeCacheSize                    = 251658240                              {pd product} {ergonomic}
     bool SegmentedCodeCache                       = true                                      {product} {ergonomic}
   size_t SoftMaxHeapSize                          = 2147483648                             {manageable} {ergonomic}
     bool UseCompressedClassPointers               = true                           {product lp64_product} {ergonomic}
     bool UseCompressedOops                        = true                           {product lp64_product} {ergonomic}
     bool UseG1GC                                  = true                                      {product} {ergonomic}
     bool UseLargePagesIndividualAllocation        = false                                  {pd product} {ergonomic}

Logging:
Log output configuration:
 #0: stdout all=warning uptime,level,tags
 #1: stderr all=off uptime,level,tags

Environment Variables:
JAVA_HOME=C:\Program Files\Microsoft\jdk-17.0.8.7-hotspot\
CLASSPATH=.;C:\Program Files\Java\jre1.8.0_202\lib\ext\mysql-connector-java-8.0.23.jar;.;
PATH=C:\Program Files\Microsoft\jdk-17.0.8.7-hotspot\bin;C:\Python312\Scripts\;C:\Python312\;C:\Program Files (x86)\VMware\VMware Workstation\bin\;C:\Windows\system32;C:\Windows;C:\Windows\System32\Wbem;C:\Windows\System32\WindowsPowerShell\v1.0\;C:\Windows\System32\OpenSSH\;C:\Program Files (x86)\NVIDIA Corporation\PhysX\Common;C:\Program Files\NVIDIA Corporation\NVIDIA NvDLISR;C:\Program Files\Java\jdk1.8.0_202\bin;C:\Program Files\Git\cmd;C:\ProgramData\chocolatey\bin;C:\Users\Dhruvil Prajapati\AppData\Local\Android\Sdk\platform-tools;;C:\WINDOWS\system32;C:\WINDOWS;C:\WINDOWS\System32\Wbem;C:\WINDOWS\System32\WindowsPowerShell\v1.0\;C:\WINDOWS\System32\OpenSSH\;C:\Program Files\nodejs\;C:\Users\Dhruvil Prajapati\AppData\Local\Programs\Python\Python311\Scripts\;C:\Users\Dhruvil Prajapati\AppData\Local\Programs\Python\Python311\;C:\Users\Dhruvil Prajapati\AppData\Local\Microsoft\WindowsApps;C:\Program Files\dart-sdk\bin;C:\Users\Dhruvil Prajapati\AppData\Local\Programs\Microsoft VS Code\bin;C:\Users\Dhruvil Prajapati\Desktop\mobile app\Sem 2\flutter\bin;C:\Users\Dhruvil Prajapati\AppData\Local\Programs\mongosh\;C:\Users\Dhruvil Prajapati\Desktop\mobile app\Sem 2\Flutter\flutter\flutter_windows_3.7.12-stable\flutter\bin;C:\Users\Dhruvil Prajapati\AppData\Roaming\npm
USERNAME=Dhruvil Prajapati
OS=Windows_NT
PROCESSOR_IDENTIFIER=AMD64 Family 25 Model 80 Stepping 0, AuthenticAMD
TMP=C:\Users\DHRUVI~1\AppData\Local\Temp
TEMP=C:\Users\DHRUVI~1\AppData\Local\Temp


JNI global refs:
JNI global refs: 29, weak refs: 1

JNI global refs memory usage: 843, weak refs: 841

OOME stack traces (most recent first):
Classloader memory used:
Loader org.gradle.internal.classloader.VisitableURLClassLoader                         : 4756K
Loader bootstrap                                                                       : 2686K
Loader org.gradle.initialization.MixInLegacyTypesClassLoader                           : 1417K
Loader org.gradle.internal.classloader.VisitableURLClassLoader$InstrumentingVisitableURLClassLoader: 456K
Loader jdk.internal.loader.ClassLoaders$PlatformClassLoader                            : 65424B
Loader jdk.internal.reflect.DelegatingClassLoader                                      : 36612B
Loader jdk.internal.loader.ClassLoaders$AppClassLoader                                 : 28457B
Loader org.gradle.groovy.scripts.internal.DefaultScriptCompilationHandler$ScriptClassLoader: 15735B
Loader org.gradle.internal.classloader.VisitableURLClassLoader                         : 9305B
Loader org.codehaus.groovy.runtime.callsite.CallSiteClassLoader                        : 6673B
Loader sun.reflect.misc.MethodUtil                                                     : 373B

Classes loaded by more than one classloader:
Class Program                                                                         : loaded 4 times (x 70B)
Class org.gradle.internal.installation.GradleInstallation                             : loaded 2 times (x 73B)
Class org.gradle.internal.classpath.ClassPath                                         : loaded 2 times (x 68B)
Class org.gradle.api.internal.classpath.DefaultModuleRegistry                         : loaded 2 times (x 84B)
Class org.gradle.api.Action                                                           : loaded 2 times (x 68B)
Class org.jetbrains.kotlin.config.MavenComparableVersion$IntegerItem                  : loaded 2 times (x 78B)
Class org.gradle.api.internal.DefaultClassPathProvider                                : loaded 2 times (x 74B)
Class org.gradle.internal.installation.GradleInstallation$1                           : loaded 2 times (x 73B)
Class org.gradle.internal.classloader.FilteringClassLoader                            : loaded 2 times (x 102B)
Class org.gradle.internal.classpath.DefaultClassPath$ImmutableUniqueList$Builder      : loaded 2 times (x 73B)
Class org.gradle.internal.classloader.ClassLoaderVisitor                              : loaded 2 times (x 74B)
Class org.gradle.internal.service.DefaultServiceLocator                               : loaded 2 times (x 81B)
Class org.gradle.internal.service.UnknownServiceException                             : loaded 2 times (x 81B)
Class org.gradle.internal.classloader.DefaultClassLoaderFactory                       : loaded 2 times (x 80B)
Class org.gradle.internal.classloader.VisitableURLClassLoader$Spec                    : loaded 2 times (x 72B)
Class org.gradle.api.GradleException                                                  : loaded 2 times (x 80B)
Class org.gradle.api.internal.classpath.ModuleRegistry                                : loaded 2 times (x 68B)
Class org.gradle.api.internal.ClassPathProvider                                       : loaded 2 times (x 68B)
Class org.gradle.internal.classloader.ClasspathUtil$1                                 : loaded 2 times (x 74B)
Class [Lorg.jetbrains.kotlin.utils.DescriptionAware;                                  : loaded 2 times (x 67B)
Class org.gradle.internal.classloader.ClassLoaderFactory                              : loaded 2 times (x 68B)
Class org.gradle.api.internal.classpath.ManifestUtil                                  : loaded 2 times (x 69B)
Class org.gradle.api.specs.Spec                                                       : loaded 2 times (x 68B)
Class org.gradle.internal.IoActions                                                   : loaded 2 times (x 69B)
Class org.gradle.api.internal.classpath.EffectiveClassPath                            : loaded 2 times (x 88B)
Class org.gradle.internal.installation.CurrentGradleInstallation                      : loaded 2 times (x 71B)
Class org.gradle.internal.agents.InstrumentingClassLoader                             : loaded 2 times (x 68B)
Class org.gradle.internal.installation.CurrentGradleInstallationLocator               : loaded 2 times (x 69B)
Class org.gradle.api.internal.classpath.Module                                        : loaded 2 times (x 68B)
Class [Lorg.jetbrains.kotlin.config.LanguageOrApiVersion;                             : loaded 2 times (x 67B)
Class org.gradle.internal.service.CachingServiceLocator                               : loaded 2 times (x 80B)
Class org.gradle.internal.classpath.DefaultClassPath                                  : loaded 2 times (x 88B)
Class Build_gradle$1                                                                  : loaded 2 times (x 76B)
Class org.jetbrains.kotlin.config.ApiVersion                                          : loaded 2 times (x 84B)
Class org.gradle.internal.classloader.SystemClassLoaderSpec                           : loaded 2 times (x 69B)
Class org.jetbrains.kotlin.utils.DescriptionAware                                     : loaded 2 times (x 68B)
Class org.jetbrains.kotlin.config.LanguageVersion                                     : loaded 2 times (x 88B)
Class org.jetbrains.kotlin.config.MavenComparableVersion$Item                         : loaded 2 times (x 68B)
Class org.gradle.api.UncheckedIOException                                             : loaded 2 times (x 80B)
Class org.jetbrains.kotlin.config.MavenComparableVersion$ListItem                     : loaded 2 times (x 178B)
Class org.gradle.internal.classloader.ClasspathUtil                                   : loaded 2 times (x 69B)
Class org.gradle.api.internal.DefaultClassPathRegistry                                : loaded 2 times (x 74B)
Class org.jetbrains.kotlin.config.LanguageOrApiVersion                                : loaded 2 times (x 68B)
Class org.gradle.api.internal.classpath.DefaultModuleRegistry$DefaultModule           : loaded 2 times (x 84B)
Class org.jetbrains.kotlin.config.ApiVersion$Companion                                : loaded 2 times (x 69B)
Class org.jetbrains.kotlin.config.LanguageVersion$Companion                           : loaded 2 times (x 69B)
Class org.gradle.api.internal.classpath.UnknownModuleException                        : loaded 2 times (x 80B)
Class org.gradle.internal.service.ServiceLookupException                              : loaded 2 times (x 80B)
Class org.gradle.cache.GlobalCache                                                    : loaded 2 times (x 68B)
Class [Lorg.gradle.api.internal.ClassPathProvider;                                    : loaded 2 times (x 67B)
Class org.gradle.util.internal.GUtil                                                  : loaded 2 times (x 69B)
Class org.gradle.internal.classloader.ClassLoaderSpec                                 : loaded 2 times (x 69B)
Class org.gradle.internal.classloader.VisitableURLClassLoader                         : loaded 2 times (x 114B)
Class org.gradle.internal.Cast                                                        : loaded 2 times (x 69B)
Class Build_gradle                                                                    : loaded 2 times (x 128B)
Class org.gradle.api.internal.ClassPathRegistry                                       : loaded 2 times (x 68B)
Class org.gradle.internal.classloader.VisitableURLClassLoader$InstrumentingVisitableURLClassLoader: loaded 2 times (x 120B)
Class org.gradle.internal.classloader.ClassLoaderHierarchy                            : loaded 2 times (x 68B)
Class org.gradle.internal.InternalTransformer                                         : loaded 2 times (x 68B)
Class org.gradle.internal.service.ServiceLocator                                      : loaded 2 times (x 68B)
Class org.jetbrains.kotlin.config.MavenComparableVersion                              : loaded 2 times (x 76B)
Class [Lorg.jetbrains.kotlin.config.LanguageVersion;                                  : loaded 2 times (x 67B)
Class org.gradle.internal.classpath.DefaultClassPath$ImmutableUniqueList              : loaded 2 times (x 159B)
Class org.gradle.internal.classpath.TransformedClassPath                              : loaded 2 times (x 94B)
Class Settings_gradle                                                                 : loaded 2 times (x 126B)


---------------  S Y S T E M  ---------------

OS:
 Windows 11 , 64 bit Build 22621 (10.0.22621.3085)
OS uptime: 1 days 4:48 hours

CPU: total 12 (initial active 12) (12 cores per cpu, 2 threads per core) family 25 model 80 stepping 0 microcode 0x0, cx8, cmov, fxsr, ht, mmx, 3dnowpref, sse, sse2, sse3, ssse3, sse4a, sse4.1, sse4.2, popcnt, lzcnt, tsc, tscinvbit, avx, avx2, aes, erms, clmul, bmi1, bmi2, adx, sha, fma, vzeroupper, clflush, clflushopt

Memory: 4k page, system-wide physical 15724M (1926M free)
TotalPageFile size 19820M (AvailPageFile size 84M)
current process WorkingSet (physical memory assigned to process): 333M, peak: 338M
current process commit charge ("private bytes"): 368M, peak: 452M

vm_info: OpenJDK 64-Bit Server VM (17.0.7+0-b2043.56-10550314) for windows-amd64 JRE (17.0.7+0-b2043.56-10550314), built on Jul 24 2023 18:27:45 by "androidbuild" with MS VC++ 16.10 / 16.11 (VS2019)

END.
