#
# There is insufficient memory for the Java Runtime Environment to continue.
# Native memory allocation (mmap) failed to map 65536 bytes for Failed to commit metaspace.
# Possible reasons:
#   The system is out of physical RAM or swap space
#   The process is running with CompressedOops enabled, and the Java Heap may be blocking the growth of the native heap
# Possible solutions:
#   Reduce memory load on the system
#   Increase physical memory or swap space
#   Check if swap backing store is full
#   Decrease Java heap size (-Xmx/-Xms)
#   Decrease number of Java threads
#   Decrease Java thread stack sizes (-Xss)
#   Set larger code cache with -XX:ReservedCodeCacheSize=
#   JVM is running with Unscaled Compressed Oops mode in which the Java heap is
#     placed in the first 4GB address space. The Java Heap base address is the
#     maximum limit for the native heap growth. Please use -XX:HeapBaseMinAddress
#     to set the Java Heap base and to place the Java Heap above 4GB virtual address.
# This output file may be truncated or incomplete.
#
#  Out of Memory Error (virtualSpaceNode.cpp:110), pid=4564, tid=22364
#
# JRE version: OpenJDK Runtime Environment Microsoft-8035246 (17.0.8+7) (build 17.0.8+7-LTS)
# Java VM: OpenJDK 64-Bit Server VM Microsoft-8035246 (17.0.8+7-LTS, mixed mode, sharing, tiered, compressed oops, compressed class ptrs, g1 gc, windows-amd64)
# No core dump will be written. Minidumps are not enabled by default on client versions of Windows
#

---------------  S U M M A R Y ------------

Command Line: -Xmx64m -Xms64m -Dorg.gradle.appname=gradlew org.gradle.wrapper.GradleWrapperMain app:installDebug -PreactNativeDevServerPort=8081

Host: AMD Ryzen 5 5600H with Radeon Graphics         , 12 cores, 15G,  Windows 11 , 64 bit Build 22621 (10.0.22621.3235)
Time: Fri Mar 15 16:18:05 2024 India Standard Time elapsed time: 0.627705 seconds (0d 0h 0m 0s)

---------------  T H R E A D  ---------------

Current thread (0x000002641cdc0e70):  JavaThread "main" [_thread_in_vm, id=22364, stack(0x000000d661400000,0x000000d661500000)]

Stack: [0x000000d661400000,0x000000d661500000]
Native frames: (J=compiled Java code, j=interpreted, Vv=VM code, C=native code)
V  [jvm.dll+0x67bf3a]
V  [jvm.dll+0x83a024]
V  [jvm.dll+0x83b7ce]
V  [jvm.dll+0x83be33]
V  [jvm.dll+0x24785f]
V  [jvm.dll+0x8360bb]
V  [jvm.dll+0x6206e6]
V  [jvm.dll+0x1c1f8e]
V  [jvm.dll+0x623031]
V  [jvm.dll+0x621086]
V  [jvm.dll+0x23d1d6]
V  [jvm.dll+0x1ec87d]
V  [jvm.dll+0x1e22c1]
V  [jvm.dll+0x542490]
V  [jvm.dll+0x7b4e38]
V  [jvm.dll+0x7b4f24]
V  [jvm.dll+0x411635]
V  [jvm.dll+0x4177b9]
C  [java.dll+0x17ec]

Java frames: (J=compiled Java code, j=interpreted, Vv=VM code)
J 805  java.lang.ClassLoader.defineClass1(Ljava/lang/ClassLoader;Ljava/lang/String;[BIILjava/security/ProtectionDomain;Ljava/lang/String;)Ljava/lang/Class; java.base@17.0.8 (0 bytes) @ 0x000002642c3c6d63 [0x000002642c3c6ca0+0x00000000000000c3]
J 931 c1 java.lang.ClassLoader.defineClass(Ljava/lang/String;[BIILjava/security/ProtectionDomain;)Ljava/lang/Class; java.base@17.0.8 (43 bytes) @ 0x0000026424a74154 [0x0000026424a73e00+0x0000000000000354]
J 909 c1 java.security.SecureClassLoader.defineClass(Ljava/lang/String;[BIILjava/security/CodeSource;)Ljava/lang/Class; java.base@17.0.8 (16 bytes) @ 0x0000026424a6c08c [0x0000026424a6bfc0+0x00000000000000cc]
J 902 c1 java.net.URLClassLoader.defineClass(Ljava/lang/String;Ljdk/internal/loader/Resource;)Ljava/lang/Class; java.base@17.0.8 (224 bytes) @ 0x0000026424a657c4 [0x0000026424a63d40+0x0000000000001a84]
J 798 c1 java.net.URLClassLoader$1.run()Ljava/lang/Class; java.base@17.0.8 (81 bytes) @ 0x0000026424a28184 [0x0000026424a27520+0x0000000000000c64]
J 797 c1 java.net.URLClassLoader$1.run()Ljava/lang/Object; java.base@17.0.8 (5 bytes) @ 0x0000026424a27014 [0x0000026424a26fa0+0x0000000000000074]
J 617 c1 java.security.AccessController.doPrivileged(Ljava/security/PrivilegedExceptionAction;Ljava/security/AccessControlContext;)Ljava/lang/Object; java.base@17.0.8 (26 bytes) @ 0x00000264249b717c [0x00000264249b6fa0+0x00000000000001dc]
J 774 c1 java.net.URLClassLoader.findClass(Ljava/lang/String;)Ljava/lang/Class; java.base@17.0.8 (47 bytes) @ 0x0000026424a0fb9c [0x0000026424a0fa00+0x000000000000019c]
J 690 c1 java.lang.ClassLoader.loadClass(Ljava/lang/String;Z)Ljava/lang/Class; java.base@17.0.8 (121 bytes) @ 0x00000264249ebdf4 [0x00000264249eb840+0x00000000000005b4]
J 718 c1 java.lang.ClassLoader.loadClass(Ljava/lang/String;)Ljava/lang/Class; java.base@17.0.8 (7 bytes) @ 0x00000264249fbc4c [0x00000264249fbb40+0x000000000000010c]
v  ~StubRoutines::call_stub
j  java.lang.Class.getDeclaredMethods0(Z)[Ljava/lang/reflect/Method;+0 java.base@17.0.8
j  java.lang.Class.privateGetDeclaredMethods(Z)[Ljava/lang/reflect/Method;+34 java.base@17.0.8
j  java.lang.Class.getDeclaredMethods()[Ljava/lang/reflect/Method;+20 java.base@17.0.8
j  org.gradle.internal.service.RelevantMethodsBuilder.<init>(Ljava/lang/Class;)V+83
j  org.gradle.internal.service.RelevantMethods.buildRelevantMethods(Ljava/lang/Class;)Lorg/gradle/internal/service/RelevantMethods;+5
j  org.gradle.internal.service.RelevantMethods.getMethods(Ljava/lang/Class;)Lorg/gradle/internal/service/RelevantMethods;+18
j  org.gradle.internal.service.DefaultServiceRegistry.findProviderMethods(Ljava/lang/Object;)V+6
j  org.gradle.internal.service.DefaultServiceRegistry.<init>(Ljava/lang/String;[Lorg/gradle/internal/service/ServiceRegistry;)V+149
j  org.gradle.internal.service.DefaultServiceRegistry.<init>([Lorg/gradle/internal/service/ServiceRegistry;)V+3
j  org.gradle.launcher.daemon.client.DaemonClientServicesSupport.<init>(Lorg/gradle/internal/service/ServiceRegistry;Ljava/io/InputStream;)V+9
j  org.gradle.launcher.daemon.client.DaemonClientServices.<init>(Lorg/gradle/internal/service/ServiceRegistry;Lorg/gradle/launcher/daemon/configuration/DaemonParameters;Ljava/io/InputStream;)V+3
j  org.gradle.launcher.daemon.client.DaemonClientFactory.createBuildClientServices(Lorg/gradle/internal/logging/events/OutputEventListener;Lorg/gradle/launcher/daemon/configuration/DaemonParameters;Ljava/io/InputStream;)Lorg/gradle/internal/service/ServiceRegistry;+37
j  org.gradle.launcher.cli.BuildActionsFactory.runBuildWithDaemon(Lorg/gradle/api/internal/StartParameterInternal;Lorg/gradle/launcher/daemon/configuration/DaemonParameters;)Ljava/lang/Runnable;+35
j  org.gradle.launcher.cli.BuildActionsFactory.createAction(Lorg/gradle/cli/CommandLineParser;Lorg/gradle/cli/ParsedCommandLine;)Lorg/gradle/api/Action;+168
j  org.gradle.launcher.cli.DefaultCommandLineActionFactory$ParseAndBuildAction.createAction(Lorg/gradle/cli/CommandLineParser;Lorg/gradle/cli/ParsedCommandLine;)Lorg/gradle/api/Action;+46
j  org.gradle.launcher.cli.DefaultCommandLineActionFactory$ParseAndBuildAction.execute(Lorg/gradle/launcher/bootstrap/ExecutionListener;)V+37
j  org.gradle.launcher.cli.DefaultCommandLineActionFactory$ParseAndBuildAction.execute(Ljava/lang/Object;)V+5
j  org.gradle.launcher.cli.DebugLoggerWarningAction.execute(Lorg/gradle/launcher/bootstrap/ExecutionListener;)V+9
j  org.gradle.launcher.cli.DebugLoggerWarningAction.execute(Ljava/lang/Object;)V+5
j  org.gradle.launcher.cli.WelcomeMessageAction.execute(Lorg/gradle/launcher/bootstrap/ExecutionListener;)V+218
j  org.gradle.launcher.cli.WelcomeMessageAction.execute(Ljava/lang/Object;)V+5
j  org.gradle.launcher.cli.NativeServicesInitializingAction.execute(Lorg/gradle/launcher/bootstrap/ExecutionListener;)V+35
j  org.gradle.launcher.cli.NativeServicesInitializingAction.execute(Ljava/lang/Object;)V+5
j  org.gradle.launcher.cli.ExceptionReportingAction.execute(Lorg/gradle/launcher/bootstrap/ExecutionListener;)V+5
j  org.gradle.launcher.cli.ExceptionReportingAction.execute(Ljava/lang/Object;)V+5
j  org.gradle.launcher.cli.DefaultCommandLineActionFactory$WithLogging.execute(Lorg/gradle/launcher/bootstrap/ExecutionListener;)V+299
j  org.gradle.launcher.Main.doAction([Ljava/lang/String;Lorg/gradle/launcher/bootstrap/ExecutionListener;)V+14
j  org.gradle.launcher.bootstrap.EntryPoint.run([Ljava/lang/String;)V+12
v  ~StubRoutines::call_stub
j  jdk.internal.reflect.NativeMethodAccessorImpl.invoke0(Ljava/lang/reflect/Method;Ljava/lang/Object;[Ljava/lang/Object;)Ljava/lang/Object;+0 java.base@17.0.8
j  jdk.internal.reflect.NativeMethodAccessorImpl.invoke(Ljava/lang/Object;[Ljava/lang/Object;)Ljava/lang/Object;+133 java.base@17.0.8
j  jdk.internal.reflect.DelegatingMethodAccessorImpl.invoke(Ljava/lang/Object;[Ljava/lang/Object;)Ljava/lang/Object;+6 java.base@17.0.8
j  java.lang.reflect.Method.invoke(Ljava/lang/Object;[Ljava/lang/Object;)Ljava/lang/Object;+59 java.base@17.0.8
j  org.gradle.launcher.bootstrap.ProcessBootstrap.runNoExit(Ljava/lang/String;[Ljava/lang/String;)V+155
j  org.gradle.launcher.bootstrap.ProcessBootstrap.run(Ljava/lang/String;[Ljava/lang/String;)V+2
v  ~StubRoutines::call_stub
j  jdk.internal.reflect.NativeMethodAccessorImpl.invoke0(Ljava/lang/reflect/Method;Ljava/lang/Object;[Ljava/lang/Object;)Ljava/lang/Object;+0 java.base@17.0.8
j  jdk.internal.reflect.NativeMethodAccessorImpl.invoke(Ljava/lang/Object;[Ljava/lang/Object;)Ljava/lang/Object;+133 java.base@17.0.8
j  jdk.internal.reflect.DelegatingMethodAccessorImpl.invoke(Ljava/lang/Object;[Ljava/lang/Object;)Ljava/lang/Object;+6 java.base@17.0.8
j  java.lang.reflect.Method.invoke(Ljava/lang/Object;[Ljava/lang/Object;)Ljava/lang/Object;+59 java.base@17.0.8
j  org.gradle.launcher.GradleMain.main([Ljava/lang/String;)V+100
v  ~StubRoutines::call_stub
j  jdk.internal.reflect.NativeMethodAccessorImpl.invoke0(Ljava/lang/reflect/Method;Ljava/lang/Object;[Ljava/lang/Object;)Ljava/lang/Object;+0 java.base@17.0.8
j  jdk.internal.reflect.NativeMethodAccessorImpl.invoke(Ljava/lang/Object;[Ljava/lang/Object;)Ljava/lang/Object;+133 java.base@17.0.8
j  jdk.internal.reflect.DelegatingMethodAccessorImpl.invoke(Ljava/lang/Object;[Ljava/lang/Object;)Ljava/lang/Object;+6 java.base@17.0.8
j  java.lang.reflect.Method.invoke(Ljava/lang/Object;[Ljava/lang/Object;)Ljava/lang/Object;+59 java.base@17.0.8
j  org.gradle.wrapper.BootstrapMainStarter.start([Ljava/lang/String;Ljava/io/File;)V+105
j  org.gradle.wrapper.WrapperExecutor.execute([Ljava/lang/String;Lorg/gradle/wrapper/Install;Lorg/gradle/wrapper/BootstrapMainStarter;)V+14
j  org.gradle.wrapper.GradleWrapperMain.main([Ljava/lang/String;)V+206
v  ~StubRoutines::call_stub

---------------  P R O C E S S  ---------------

Threads class SMR info:
_java_thread_list=0x000002647ca8a1a0, length=14, elements={
0x000002641cdc0e70, 0x0000026436bbf820, 0x0000026436bc06a0, 0x0000026436bd30d0,
0x0000026436bd4ca0, 0x0000026436bd7670, 0x0000026436bd8030, 0x0000026436be2d40,
0x0000026436beba00, 0x0000026436c01d70, 0x000002647c07ead0, 0x000002647c0823b0,
0x0000026436beb4b0, 0x000002647ca8bef0
}

Java Threads: ( => current thread )
=>0x000002641cdc0e70 JavaThread "main" [_thread_in_vm, id=22364, stack(0x000000d661400000,0x000000d661500000)]
  0x0000026436bbf820 JavaThread "Reference Handler" daemon [_thread_blocked, id=18576, stack(0x000000d661b00000,0x000000d661c00000)]
  0x0000026436bc06a0 JavaThread "Finalizer" daemon [_thread_blocked, id=22460, stack(0x000000d661c00000,0x000000d661d00000)]
  0x0000026436bd30d0 JavaThread "Signal Dispatcher" daemon [_thread_blocked, id=8756, stack(0x000000d661d00000,0x000000d661e00000)]
  0x0000026436bd4ca0 JavaThread "Attach Listener" daemon [_thread_blocked, id=3740, stack(0x000000d661e00000,0x000000d661f00000)]
  0x0000026436bd7670 JavaThread "Service Thread" daemon [_thread_blocked, id=3636, stack(0x000000d661f00000,0x000000d662000000)]
  0x0000026436bd8030 JavaThread "Monitor Deflation Thread" daemon [_thread_blocked, id=1896, stack(0x000000d662000000,0x000000d662100000)]
  0x0000026436be2d40 JavaThread "C2 CompilerThread0" daemon [_thread_in_native, id=2296, stack(0x000000d662100000,0x000000d662200000)]
  0x0000026436beba00 JavaThread "C1 CompilerThread0" daemon [_thread_blocked, id=5736, stack(0x000000d662200000,0x000000d662300000)]
  0x0000026436c01d70 JavaThread "Sweeper thread" daemon [_thread_blocked, id=16568, stack(0x000000d662300000,0x000000d662400000)]
  0x000002647c07ead0 JavaThread "Notification Thread" daemon [_thread_blocked, id=7468, stack(0x000000d662400000,0x000000d662500000)]
  0x000002647c0823b0 JavaThread "Common-Cleaner" daemon [_thread_blocked, id=2384, stack(0x000000d662600000,0x000000d662700000)]
  0x0000026436beb4b0 JavaThread "C2 CompilerThread1" daemon [_thread_blocked, id=18008, stack(0x000000d662b00000,0x000000d662c00000)]
  0x000002647ca8bef0 JavaThread "pool-1-thread-1" [_thread_blocked, id=4108, stack(0x000000d662c00000,0x000000d662d00000)]

Other Threads:
  0x000002641ce6c820 VMThread "VM Thread" [stack: 0x000000d661a00000,0x000000d661b00000] [id=8364]
  0x000002641cdebde0 WatcherThread [stack: 0x000000d662500000,0x000000d662600000] [id=13264]
  0x000002641cde1450 GCTaskThread "GC Thread#0" [stack: 0x000000d661500000,0x000000d661600000] [id=11600]
  0x000002647cb45860 GCTaskThread "GC Thread#1" [stack: 0x000000d662700000,0x000000d662800000] [id=22132]
  0x000002647c6675c0 GCTaskThread "GC Thread#2" [stack: 0x000000d662800000,0x000000d662900000] [id=1812]
  0x000002647c667880 GCTaskThread "GC Thread#3" [stack: 0x000000d662900000,0x000000d662a00000] [id=11648]
  0x000002647ca1b910 GCTaskThread "GC Thread#4" [stack: 0x000000d662a00000,0x000000d662b00000] [id=22328]
  0x000002641cde2ba0 ConcurrentGCThread "G1 Main Marker" [stack: 0x000000d661600000,0x000000d661700000] [id=1612]
  0x000002641cde35b0 ConcurrentGCThread "G1 Conc#0" [stack: 0x000000d661700000,0x000000d661800000] [id=11888]
  0x000002641ce50e00 ConcurrentGCThread "G1 Refine#0" [stack: 0x000000d661800000,0x000000d661900000] [id=4116]
  0x000002641ce51830 ConcurrentGCThread "G1 Service" [stack: 0x000000d661900000,0x000000d661a00000] [id=14672]

Threads with active compile tasks:
C2 CompilerThread0      641 1037   !   4       jdk.internal.loader.URLClassPath$JarLoader::getResource (354 bytes)

VM state: not at safepoint (normal execution)

VM Mutex/Monitor currently owned by a thread:  ([mutex/lock_event])
[0x000002641cdbb000] Metaspace_lock - owner thread: 0x000002641cdc0e70

Heap address: 0x00000000fc000000, size: 64 MB, Compressed Oops mode: 32-bit

CDS archive(s) mapped at: [0x0000026437000000-0x0000026437bd0000-0x0000026437bd0000), size 12386304, SharedBaseAddress: 0x0000026437000000, ArchiveRelocationMode: 1.
Compressed class space mapped at: 0x0000026438000000-0x0000026478000000, reserved size: 1073741824
Narrow klass base: 0x0000026437000000, Narrow klass shift: 0, Narrow klass range: 0x100000000

GC Precious Log:
 CPUs: 12 total, 12 available
 Memory: 15724M
 Large Page Support: Disabled
 NUMA Support: Disabled
 Compressed Oops: Enabled (32-bit)
 Heap Region Size: 1M
 Heap Min Capacity: 64M
 Heap Initial Capacity: 64M
 Heap Max Capacity: 64M
 Pre-touch: Disabled
 Parallel Workers: 10
 Concurrent Workers: 3
 Concurrent Refinement Workers: 10
 Periodic GC: Disabled

Heap:
 garbage-first heap   total 65536K, used 18868K [0x00000000fc000000, 0x0000000100000000)
  region size 1024K, 12 young (12288K), 3 survivors (3072K)
 Metaspace       used 6003K, committed 6080K, reserved 1114112K
  class space    used 802K, committed 832K, reserved 1048576K

Heap Regions: E=young(eden), S=young(survivor), O=old, HS=humongous(starts), HC=humongous(continues), CS=collection set, F=free, OA=open archive, CA=closed archive, TAMS=top-at-mark-start (previous, next)
|   0|0x00000000fc000000, 0x00000000fc100000, 0x00000000fc100000|100%|HS|  |TAMS 0x00000000fc000000, 0x00000000fc000000| Complete 
|   1|0x00000000fc100000, 0x00000000fc200000, 0x00000000fc200000|100%|HC|  |TAMS 0x00000000fc100000, 0x00000000fc100000| Complete 
|   2|0x00000000fc200000, 0x00000000fc300000, 0x00000000fc300000|100%|HC|  |TAMS 0x00000000fc200000, 0x00000000fc200000| Complete 
|   3|0x00000000fc300000, 0x00000000fc400000, 0x00000000fc400000|100%|HC|  |TAMS 0x00000000fc300000, 0x00000000fc300000| Complete 
|   4|0x00000000fc400000, 0x00000000fc500000, 0x00000000fc500000|100%| O|  |TAMS 0x00000000fc400000, 0x00000000fc400000| Untracked 
|   5|0x00000000fc500000, 0x00000000fc600000, 0x00000000fc600000|100%| O|  |TAMS 0x00000000fc500000, 0x00000000fc500000| Untracked 
|   6|0x00000000fc600000, 0x00000000fc700000, 0x00000000fc700000|100%| O|  |TAMS 0x00000000fc600000, 0x00000000fc600000| Untracked 
|   7|0x00000000fc700000, 0x00000000fc76d200, 0x00000000fc800000| 42%| O|  |TAMS 0x00000000fc700000, 0x00000000fc700000| Untracked 
|   8|0x00000000fc800000, 0x00000000fc800000, 0x00000000fc900000|  0%| F|  |TAMS 0x00000000fc800000, 0x00000000fc800000| Untracked 
|   9|0x00000000fc900000, 0x00000000fc900000, 0x00000000fca00000|  0%| F|  |TAMS 0x00000000fc900000, 0x00000000fc900000| Untracked 
|  10|0x00000000fca00000, 0x00000000fca00000, 0x00000000fcb00000|  0%| F|  |TAMS 0x00000000fca00000, 0x00000000fca00000| Untracked 
|  11|0x00000000fcb00000, 0x00000000fcb00000, 0x00000000fcc00000|  0%| F|  |TAMS 0x00000000fcb00000, 0x00000000fcb00000| Untracked 
|  12|0x00000000fcc00000, 0x00000000fcc00000, 0x00000000fcd00000|  0%| F|  |TAMS 0x00000000fcc00000, 0x00000000fcc00000| Untracked 
|  13|0x00000000fcd00000, 0x00000000fcd00000, 0x00000000fce00000|  0%| F|  |TAMS 0x00000000fcd00000, 0x00000000fcd00000| Untracked 
|  14|0x00000000fce00000, 0x00000000fce00000, 0x00000000fcf00000|  0%| F|  |TAMS 0x00000000fce00000, 0x00000000fce00000| Untracked 
|  15|0x00000000fcf00000, 0x00000000fcf00000, 0x00000000fd000000|  0%| F|  |TAMS 0x00000000fcf00000, 0x00000000fcf00000| Untracked 
|  16|0x00000000fd000000, 0x00000000fd000000, 0x00000000fd100000|  0%| F|  |TAMS 0x00000000fd000000, 0x00000000fd000000| Untracked 
|  17|0x00000000fd100000, 0x00000000fd100000, 0x00000000fd200000|  0%| F|  |TAMS 0x00000000fd100000, 0x00000000fd100000| Untracked 
|  18|0x00000000fd200000, 0x00000000fd200000, 0x00000000fd300000|  0%| F|  |TAMS 0x00000000fd200000, 0x00000000fd200000| Untracked 
|  19|0x00000000fd300000, 0x00000000fd300000, 0x00000000fd400000|  0%| F|  |TAMS 0x00000000fd300000, 0x00000000fd300000| Untracked 
|  20|0x00000000fd400000, 0x00000000fd400000, 0x00000000fd500000|  0%| F|  |TAMS 0x00000000fd400000, 0x00000000fd400000| Untracked 
|  21|0x00000000fd500000, 0x00000000fd500000, 0x00000000fd600000|  0%| F|  |TAMS 0x00000000fd500000, 0x00000000fd500000| Untracked 
|  22|0x00000000fd600000, 0x00000000fd600000, 0x00000000fd700000|  0%| F|  |TAMS 0x00000000fd600000, 0x00000000fd600000| Untracked 
|  23|0x00000000fd700000, 0x00000000fd700000, 0x00000000fd800000|  0%| F|  |TAMS 0x00000000fd700000, 0x00000000fd700000| Untracked 
|  24|0x00000000fd800000, 0x00000000fd800000, 0x00000000fd900000|  0%| F|  |TAMS 0x00000000fd800000, 0x00000000fd800000| Untracked 
|  25|0x00000000fd900000, 0x00000000fd900000, 0x00000000fda00000|  0%| F|  |TAMS 0x00000000fd900000, 0x00000000fd900000| Untracked 
|  26|0x00000000fda00000, 0x00000000fda00000, 0x00000000fdb00000|  0%| F|  |TAMS 0x00000000fda00000, 0x00000000fda00000| Untracked 
|  27|0x00000000fdb00000, 0x00000000fdb00000, 0x00000000fdc00000|  0%| F|  |TAMS 0x00000000fdb00000, 0x00000000fdb00000| Untracked 
|  28|0x00000000fdc00000, 0x00000000fdc00000, 0x00000000fdd00000|  0%| F|  |TAMS 0x00000000fdc00000, 0x00000000fdc00000| Untracked 
|  29|0x00000000fdd00000, 0x00000000fdd00000, 0x00000000fde00000|  0%| F|  |TAMS 0x00000000fdd00000, 0x00000000fdd00000| Untracked 
|  30|0x00000000fde00000, 0x00000000fde00000, 0x00000000fdf00000|  0%| F|  |TAMS 0x00000000fde00000, 0x00000000fde00000| Untracked 
|  31|0x00000000fdf00000, 0x00000000fdf00000, 0x00000000fe000000|  0%| F|  |TAMS 0x00000000fdf00000, 0x00000000fdf00000| Untracked 
|  32|0x00000000fe000000, 0x00000000fe000000, 0x00000000fe100000|  0%| F|  |TAMS 0x00000000fe000000, 0x00000000fe000000| Untracked 
|  33|0x00000000fe100000, 0x00000000fe100000, 0x00000000fe200000|  0%| F|  |TAMS 0x00000000fe100000, 0x00000000fe100000| Untracked 
|  34|0x00000000fe200000, 0x00000000fe200000, 0x00000000fe300000|  0%| F|  |TAMS 0x00000000fe200000, 0x00000000fe200000| Untracked 
|  35|0x00000000fe300000, 0x00000000fe300000, 0x00000000fe400000|  0%| F|  |TAMS 0x00000000fe300000, 0x00000000fe300000| Untracked 
|  36|0x00000000fe400000, 0x00000000fe400000, 0x00000000fe500000|  0%| F|  |TAMS 0x00000000fe400000, 0x00000000fe400000| Untracked 
|  37|0x00000000fe500000, 0x00000000fe500000, 0x00000000fe600000|  0%| F|  |TAMS 0x00000000fe500000, 0x00000000fe500000| Untracked 
|  38|0x00000000fe600000, 0x00000000fe700000, 0x00000000fe700000|100%| S|CS|TAMS 0x00000000fe600000, 0x00000000fe600000| Complete 
|  39|0x00000000fe700000, 0x00000000fe800000, 0x00000000fe800000|100%| S|CS|TAMS 0x00000000fe700000, 0x00000000fe700000| Complete 
|  40|0x00000000fe800000, 0x00000000fe900000, 0x00000000fe900000|100%| S|CS|TAMS 0x00000000fe800000, 0x00000000fe800000| Complete 
|  41|0x00000000fe900000, 0x00000000fe900000, 0x00000000fea00000|  0%| F|  |TAMS 0x00000000fe900000, 0x00000000fe900000| Untracked 
|  42|0x00000000fea00000, 0x00000000fea00000, 0x00000000feb00000|  0%| F|  |TAMS 0x00000000fea00000, 0x00000000fea00000| Untracked 
|  43|0x00000000feb00000, 0x00000000feb00000, 0x00000000fec00000|  0%| F|  |TAMS 0x00000000feb00000, 0x00000000feb00000| Untracked 
|  44|0x00000000fec00000, 0x00000000fec00000, 0x00000000fed00000|  0%| F|  |TAMS 0x00000000fec00000, 0x00000000fec00000| Untracked 
|  45|0x00000000fed00000, 0x00000000fed00000, 0x00000000fee00000|  0%| F|  |TAMS 0x00000000fed00000, 0x00000000fed00000| Untracked 
|  46|0x00000000fee00000, 0x00000000fee00000, 0x00000000fef00000|  0%| F|  |TAMS 0x00000000fee00000, 0x00000000fee00000| Untracked 
|  47|0x00000000fef00000, 0x00000000fef00000, 0x00000000ff000000|  0%| F|  |TAMS 0x00000000fef00000, 0x00000000fef00000| Untracked 
|  48|0x00000000ff000000, 0x00000000ff000000, 0x00000000ff100000|  0%| F|  |TAMS 0x00000000ff000000, 0x00000000ff000000| Untracked 
|  49|0x00000000ff100000, 0x00000000ff100000, 0x00000000ff200000|  0%| F|  |TAMS 0x00000000ff100000, 0x00000000ff100000| Untracked 
|  50|0x00000000ff200000, 0x00000000ff200000, 0x00000000ff300000|  0%| F|  |TAMS 0x00000000ff200000, 0x00000000ff200000| Untracked 
|  51|0x00000000ff300000, 0x00000000ff300000, 0x00000000ff400000|  0%| F|  |TAMS 0x00000000ff300000, 0x00000000ff300000| Untracked 
|  52|0x00000000ff400000, 0x00000000ff400000, 0x00000000ff500000|  0%| F|  |TAMS 0x00000000ff400000, 0x00000000ff400000| Untracked 
|  53|0x00000000ff500000, 0x00000000ff500000, 0x00000000ff600000|  0%| F|  |TAMS 0x00000000ff500000, 0x00000000ff500000| Untracked 
|  54|0x00000000ff600000, 0x00000000ff600000, 0x00000000ff700000|  0%| F|  |TAMS 0x00000000ff600000, 0x00000000ff600000| Untracked 
|  55|0x00000000ff700000, 0x00000000ff7e3ae0, 0x00000000ff800000| 88%| E|  |TAMS 0x00000000ff700000, 0x00000000ff700000| Complete 
|  56|0x00000000ff800000, 0x00000000ff900000, 0x00000000ff900000|100%| E|CS|TAMS 0x00000000ff800000, 0x00000000ff800000| Complete 
|  57|0x00000000ff900000, 0x00000000ffa00000, 0x00000000ffa00000|100%| E|CS|TAMS 0x00000000ff900000, 0x00000000ff900000| Complete 
|  58|0x00000000ffa00000, 0x00000000ffb00000, 0x00000000ffb00000|100%| E|CS|TAMS 0x00000000ffa00000, 0x00000000ffa00000| Complete 
|  59|0x00000000ffb00000, 0x00000000ffc00000, 0x00000000ffc00000|100%| E|CS|TAMS 0x00000000ffb00000, 0x00000000ffb00000| Complete 
|  60|0x00000000ffc00000, 0x00000000ffd00000, 0x00000000ffd00000|100%| E|CS|TAMS 0x00000000ffc00000, 0x00000000ffc00000| Complete 
|  61|0x00000000ffd00000, 0x00000000ffe00000, 0x00000000ffe00000|100%| E|CS|TAMS 0x00000000ffd00000, 0x00000000ffd00000| Complete 
|  62|0x00000000ffe00000, 0x00000000fff00000, 0x00000000fff00000|100%| E|CS|TAMS 0x00000000ffe00000, 0x00000000ffe00000| Complete 
|  63|0x00000000fff00000, 0x0000000100000000, 0x0000000100000000|100%| E|CS|TAMS 0x00000000fff00000, 0x00000000fff00000| Complete 

Card table byte_map: [0x000002641ad60000,0x000002641ad80000] _byte_map_base: 0x000002641a580000

Marking Bits (Prev, Next): (CMBitMap*) 0x000002641cde1a70, (CMBitMap*) 0x000002641cde1ab0
 Prev Bits: [0x0000026433e00000, 0x0000026433f00000)
 Next Bits: [0x0000026433f00000, 0x0000026434000000)

Polling page: 0x000002641ad10000

Metaspace:

Usage:
  Non-class:      5.08 MB used.
      Class:    802.31 KB used.
       Both:      5.86 MB used.

Virtual space:
  Non-class space:       64.00 MB reserved,       5.12 MB (  8%) committed,  1 nodes.
      Class space:        1.00 GB reserved,     832.00 KB ( <1%) committed,  1 nodes.
             Both:        1.06 GB reserved,       5.94 MB ( <1%) committed. 

Chunk freelists:
   Non-Class:  9.30 MB
       Class:  15.19 MB
        Both:  24.49 MB

MaxMetaspaceSize: unlimited
CompressedClassSpaceSize: 1.00 GB
Initial GC threshold: 21.00 MB
Current GC threshold: 21.00 MB
CDS: on
MetaspaceReclaimPolicy: balanced
 - commit_granule_bytes: 65536.
 - commit_granule_words: 8192.
 - virtual_space_node_default_size: 8388608.
 - enlarge_chunks_in_place: 1.
 - new_chunks_are_fully_committed: 0.
 - uncommit_free_chunks: 1.
 - use_allocation_guard: 0.
 - handle_deallocations: 1.


Internal statistics:

num_allocs_failed_limit: 0.
num_arena_births: 62.
num_arena_deaths: 0.
num_vsnodes_births: 2.
num_vsnodes_deaths: 0.
num_space_committed: 95.
num_space_uncommitted: 0.
num_chunks_returned_to_freelist: 0.
num_chunks_taken_from_freelist: 220.
num_chunk_merges: 0.
num_chunk_splits: 150.
num_chunks_enlarged: 125.
num_inconsistent_stats: 0.

CodeHeap 'non-profiled nmethods': size=120000Kb used=412Kb max_used=412Kb free=119587Kb
 bounds [0x000002642c380000, 0x000002642c5f0000, 0x00000264338b0000]
CodeHeap 'profiled nmethods': size=120000Kb used=1985Kb max_used=1985Kb free=118014Kb
 bounds [0x00000264248b0000, 0x0000026424b20000, 0x000002642bde0000]
CodeHeap 'non-nmethods': size=5760Kb used=1139Kb max_used=1158Kb free=4620Kb
 bounds [0x000002642bde0000, 0x000002642c050000, 0x000002642c380000]
 total_blobs=1468 nmethods=1040 adapters=341
 compilation: enabled
              stopped_count=0, restarted_count=0
 full_count=0

Compilation events (20 events):
Event: 0.619 Thread 0x0000026436beba00 nmethod 1030 0x0000026424a9b310 code [0x0000026424a9b620, 0x0000026424a9c518]
Event: 0.619 Thread 0x0000026436beba00 1031       3       jdk.internal.org.objectweb.asm.SymbolTable::hash (15 bytes)
Event: 0.619 Thread 0x0000026436beba00 nmethod 1031 0x0000026424a9c910 code [0x0000026424a9cac0, 0x0000026424a9cc58]
Event: 0.619 Thread 0x0000026436beba00 1032       3       sun.invoke.util.BytecodeDescriptor::unparseSig (49 bytes)
Event: 0.620 Thread 0x0000026436beba00 nmethod 1032 0x0000026424a9cd90 code [0x0000026424a9cfc0, 0x0000026424a9d4e8]
Event: 0.620 Thread 0x0000026436beba00 1033       3       java.util.HashMap::hash (20 bytes)
Event: 0.620 Thread 0x0000026436beba00 nmethod 1033 0x0000026424a9d710 code [0x0000026424a9d8c0, 0x0000026424a9dac8]
Event: 0.620 Thread 0x0000026436beba00 1036       3       java.util.HashMap::putVal (300 bytes)
Event: 0.621 Thread 0x0000026436beba00 nmethod 1036 0x0000026424a9db90 code [0x0000026424a9de40, 0x0000026424a9f098]
Event: 0.621 Thread 0x0000026436beba00 1034       3       java.util.HashMap$EntryIterator::next (5 bytes)
Event: 0.621 Thread 0x0000026436beba00 nmethod 1034 0x0000026424a9f590 code [0x0000026424a9f740, 0x0000026424a9f8c8]
Event: 0.621 Thread 0x0000026436beba00 1035       3       java.util.HashMap$EntryIterator::next (5 bytes)
Event: 0.621 Thread 0x0000026436beba00 nmethod 1035 0x0000026424a9f990 code [0x0000026424a9fb20, 0x0000026424a9fc68]
Event: 0.622 Thread 0x0000026436be2d40 1037   !   4       jdk.internal.loader.URLClassPath$JarLoader::getResource (354 bytes)
Event: 0.622 Thread 0x0000026436beba00 1038       3       com.google.common.collect.AbstractIndexedListIterator::hasNext (17 bytes)
Event: 0.622 Thread 0x0000026436beba00 nmethod 1038 0x0000026424a9fd10 code [0x0000026424a9fea0, 0x0000026424aa0018]
Event: 0.623 Thread 0x0000026436beba00 1039       3       java.util.LinkedList$ListItr::checkForComodification (23 bytes)
Event: 0.623 Thread 0x0000026436beba00 nmethod 1039 0x0000026424aa0090 code [0x0000026424aa0240, 0x0000026424aa0408]
Event: 0.623 Thread 0x0000026436beba00 1040       1       org.gradle.internal.service.DefaultServiceRegistry::access$1100 (5 bytes)
Event: 0.623 Thread 0x0000026436beba00 nmethod 1040 0x000002642c3e4790 code [0x000002642c3e4920, 0x000002642c3e49d8]

GC Heap History (2 events):
Event: 0.474 GC heap before
{Heap before GC invocations=0 (full 0):
 garbage-first heap   total 65536K, used 26624K [0x00000000fc000000, 0x0000000100000000)
  region size 1024K, 23 young (23552K), 0 survivors (0K)
 Metaspace       used 3493K, committed 3648K, reserved 1114112K
  class space    used 409K, committed 512K, reserved 1048576K
}
Event: 0.479 GC heap after
{Heap after GC invocations=1 (full 0):
 garbage-first heap   total 65536K, used 10676K [0x00000000fc000000, 0x0000000100000000)
  region size 1024K, 3 young (3072K), 3 survivors (3072K)
 Metaspace       used 3493K, committed 3648K, reserved 1114112K
  class space    used 409K, committed 512K, reserved 1048576K
}

Dll operation events (10 events):
Event: 0.006 Loaded shared library C:\Program Files\Microsoft\jdk-17.0.8.7-hotspot\bin\java.dll
Event: 0.021 Loaded shared library C:\Program Files\Microsoft\jdk-17.0.8.7-hotspot\bin\jsvml.dll
Event: 0.044 Loaded shared library C:\Program Files\Microsoft\jdk-17.0.8.7-hotspot\bin\net.dll
Event: 0.046 Loaded shared library C:\Program Files\Microsoft\jdk-17.0.8.7-hotspot\bin\nio.dll
Event: 0.048 Loaded shared library C:\Program Files\Microsoft\jdk-17.0.8.7-hotspot\bin\zip.dll
Event: 0.254 Loaded shared library C:\Program Files\Microsoft\jdk-17.0.8.7-hotspot\bin\jimage.dll
Event: 0.317 Loaded shared library C:\Program Files\Microsoft\jdk-17.0.8.7-hotspot\bin\verify.dll
Event: 0.529 Loaded shared library C:\Users\Dhruvil Prajapati\.gradle\native\68d5fa5c4cc2d200863cafc0d521ce42e7d3e7ee720ec0a83991735586a16f82\windows-amd64\native-platform.dll
Event: 0.613 Loaded shared library C:\Program Files\Microsoft\jdk-17.0.8.7-hotspot\bin\management.dll
Event: 0.615 Loaded shared library C:\Program Files\Microsoft\jdk-17.0.8.7-hotspot\bin\management_ext.dll

Deoptimization events (20 events):
Event: 0.590 Thread 0x000002641cdc0e70 Uncommon trap: trap_request=0xffffffde fr.pc=0x000002642c3e042c relative=0x000000000000010c
Event: 0.590 Thread 0x000002641cdc0e70 Uncommon trap: reason=class_check action=maybe_recompile pc=0x000002642c3e042c method=jdk.internal.misc.Unsafe.allocateUninitializedArray(Ljava/lang/Class;I)Ljava/lang/Object; @ 51 c2
Event: 0.590 Thread 0x000002641cdc0e70 DEOPT PACKING pc=0x000002642c3e042c sp=0x000000d6614f6e00
Event: 0.590 Thread 0x000002641cdc0e70 DEOPT UNPACKING pc=0x000002642be369a3 sp=0x000000d6614f6d88 mode 2
Event: 0.601 Thread 0x000002641cdc0e70 Uncommon trap: trap_request=0xffffff45 fr.pc=0x000002642c3cdab8 relative=0x0000000000000478
Event: 0.601 Thread 0x000002641cdc0e70 Uncommon trap: reason=unstable_if action=reinterpret pc=0x000002642c3cdab8 method=java.util.HashMap.hash(Ljava/lang/Object;)I @ 1 c2
Event: 0.601 Thread 0x000002641cdc0e70 DEOPT PACKING pc=0x000002642c3cdab8 sp=0x000000d6614fcd40
Event: 0.601 Thread 0x000002641cdc0e70 DEOPT UNPACKING pc=0x000002642be369a3 sp=0x000000d6614fcbe8 mode 2
Event: 0.601 Thread 0x000002641cdc0e70 Uncommon trap: trap_request=0xffffff45 fr.pc=0x000002642c3cd12c relative=0x000000000000046c
Event: 0.601 Thread 0x000002641cdc0e70 Uncommon trap: reason=unstable_if action=reinterpret pc=0x000002642c3cd12c method=java.util.HashMap.hash(Ljava/lang/Object;)I @ 1 c2
Event: 0.601 Thread 0x000002641cdc0e70 DEOPT PACKING pc=0x000002642c3cd12c sp=0x000000d6614fccd0
Event: 0.601 Thread 0x000002641cdc0e70 DEOPT UNPACKING pc=0x000002642be369a3 sp=0x000000d6614fcbe8 mode 2
Event: 0.601 Thread 0x000002641cdc0e70 Uncommon trap: trap_request=0xffffff45 fr.pc=0x000002642c3d8e18 relative=0x0000000000000098
Event: 0.601 Thread 0x000002641cdc0e70 Uncommon trap: reason=unstable_if action=reinterpret pc=0x000002642c3d8e18 method=java.util.HashMap.hash(Ljava/lang/Object;)I @ 1 c2
Event: 0.601 Thread 0x000002641cdc0e70 DEOPT PACKING pc=0x000002642c3d8e18 sp=0x000000d6614fcc50
Event: 0.601 Thread 0x000002641cdc0e70 DEOPT UNPACKING pc=0x000002642be369a3 sp=0x000000d6614fcbe8 mode 2
Event: 0.618 Thread 0x000002641cdc0e70 Uncommon trap: trap_request=0xffffff45 fr.pc=0x000002642c3b1e50 relative=0x0000000000001030
Event: 0.618 Thread 0x000002641cdc0e70 Uncommon trap: reason=unstable_if action=reinterpret pc=0x000002642c3b1e50 method=java.util.HashMap.putVal(ILjava/lang/Object;Ljava/lang/Object;ZZ)Ljava/lang/Object; @ 236 c2
Event: 0.618 Thread 0x000002641cdc0e70 DEOPT PACKING pc=0x000002642c3b1e50 sp=0x000000d6614fc060
Event: 0.618 Thread 0x000002641cdc0e70 DEOPT UNPACKING pc=0x000002642be369a3 sp=0x000000d6614fc028 mode 2

Classes unloaded (0 events):
No events

Classes redefined (0 events):
No events

Internal exceptions (14 events):
Event: 0.121 Thread 0x000002641cdc0e70 Exception <a 'java/lang/NoSuchMethodError'{0x00000000ffc750f8}: 'int java.lang.invoke.DirectMethodHandle$Holder.invokeStaticInit(java.lang.Object, java.lang.Object)'> (0x00000000ffc750f8) 
thrown [s\src\hotspot\share\interpreter\linkResolver.cpp, line 759]
Event: 0.472 Thread 0x000002641cdc0e70 Exception <a 'java/lang/NoSuchMethodError'{0x00000000fe9d7e88}: 'void java.lang.invoke.DirectMethodHandle$Holder.invokeStatic(java.lang.Object, java.lang.Object)'> (0x00000000fe9d7e88) 
thrown [s\src\hotspot\share\interpreter\linkResolver.cpp, line 759]
Event: 0.499 Thread 0x000002641cdc0e70 Exception <a 'java/lang/NoClassDefFoundError'{0x00000000fff60fc0}: org/slf4j/impl/StaticMarkerBinder> (0x00000000fff60fc0) 
thrown [s\src\hotspot\share\classfile\systemDictionary.cpp, line 245]
Event: 0.513 Thread 0x000002641cdc0e70 Exception <a 'java/lang/NoSuchMethodError'{0x00000000ffe3d898}: 'java.lang.Object java.lang.invoke.DirectMethodHandle$Holder.invokeVirtual(java.lang.Object, java.lang.Object, java.lang.Object, java.lang.Object, java.lang.Object, java.lang.Object, java.lang.Object)'> (0x00000000ffe3d898) 
thrown [s\src\hotspot\share\interpreter\linkResolver.cpp, line 759]
Event: 0.515 Thread 0x000002641cdc0e70 Exception <a 'java/lang/NoSuchMethodError'{0x00000000ffe4ef18}: 'java.lang.Object java.lang.invoke.Invokers$Holder.invoker(java.lang.Object, java.lang.Object, java.lang.Object)'> (0x00000000ffe4ef18) 
thrown [s\src\hotspot\share\interpreter\linkResolver.cpp, line 759]
Event: 0.516 Thread 0x000002641cdc0e70 Exception <a 'java/lang/NoSuchMethodError'{0x00000000ffe580f0}: 'java.lang.Object java.lang.invoke.DirectMethodHandle$Holder.invokeStatic(java.lang.Object, java.lang.Object, int)'> (0x00000000ffe580f0) 
thrown [s\src\hotspot\share\interpreter\linkResolver.cpp, line 759]
Event: 0.517 Thread 0x000002641cdc0e70 Exception <a 'java/lang/NoSuchMethodError'{0x00000000ffe63de0}: 'void java.lang.invoke.DelegatingMethodHandle$Holder.delegate(java.lang.Object, java.lang.Object, int, java.lang.Object)'> (0x00000000ffe63de0) 
thrown [s\src\hotspot\share\interpreter\linkResolver.cpp, line 759]
Event: 0.518 Thread 0x000002641cdc0e70 Exception <a 'java/lang/NoSuchMethodError'{0x00000000ffe67fa8}: 'int java.lang.invoke.DirectMethodHandle$Holder.invokeSpecial(java.lang.Object, java.lang.Object, java.lang.Object)'> (0x00000000ffe67fa8) 
thrown [s\src\hotspot\share\interpreter\linkResolver.cpp, line 759]
Event: 0.520 Thread 0x000002641cdc0e70 Exception <a 'java/lang/NoSuchMethodError'{0x00000000ffe7b360}: 'java.lang.Object java.lang.invoke.Invokers$Holder.invokeExact_MT(java.lang.Object, java.lang.Object, java.lang.Object, java.lang.Object)'> (0x00000000ffe7b360) 
thrown [s\src\hotspot\share\interpreter\linkResolver.cpp, line 759]
Event: 0.595 Thread 0x000002641cdc0e70 Exception <a 'java/lang/NoSuchMethodError'{0x00000000ff9bece8}: 'void java.lang.invoke.DirectMethodHandle$Holder.invokeSpecial(java.lang.Object, java.lang.Object, java.lang.Object)'> (0x00000000ff9bece8) 
thrown [s\src\hotspot\share\interpreter\linkResolver.cpp, line 759]
Event: 0.601 Thread 0x000002641cdc0e70 Implicit null exception at 0x000002642c3cd68a to 0x000002642c3cda98
Event: 0.601 Thread 0x000002641cdc0e70 Implicit null exception at 0x000002642c3ccd0a to 0x000002642c3cd10c
Event: 0.601 Thread 0x000002641cdc0e70 Implicit null exception at 0x000002642c3d8d8f to 0x000002642c3d8e09
Event: 0.612 Thread 0x000002641cdc0e70 Exception <a 'java/lang/NoSuchMethodError'{0x00000000ff710b10}: 'java.lang.Object java.lang.invoke.DirectMethodHandle$Holder.invokeStaticInit(java.lang.Object)'> (0x00000000ff710b10) 
thrown [s\src\hotspot\share\interpreter\linkResolver.cpp, line 759]

VM Operations (12 events):
Event: 0.049 Executing VM operation: HandshakeAllThreads
Event: 0.049 Executing VM operation: HandshakeAllThreads done
Event: 0.402 Executing VM operation: HandshakeAllThreads
Event: 0.402 Executing VM operation: HandshakeAllThreads done
Event: 0.474 Executing VM operation: G1CollectForAllocation
Event: 0.479 Executing VM operation: G1CollectForAllocation done
Event: 0.493 Executing VM operation: HandshakeAllThreads
Event: 0.493 Executing VM operation: HandshakeAllThreads done
Event: 0.493 Executing VM operation: HandshakeAllThreads
Event: 0.493 Executing VM operation: HandshakeAllThreads done
Event: 0.516 Executing VM operation: HandshakeAllThreads
Event: 0.516 Executing VM operation: HandshakeAllThreads done

Events (20 events):
Event: 0.617 loading class jdk/management/jfr/internal/FlightRecorderMXBeanProvider$SingleMBeanComponent
Event: 0.618 loading class jdk/management/jfr/internal/FlightRecorderMXBeanProvider$SingleMBeanComponent done
Event: 0.618 loading class java/util/stream/ReduceOps$2
Event: 0.618 loading class java/util/stream/ReduceOps$2 done
Event: 0.618 loading class java/util/stream/ReduceOps$2ReducingSink
Event: 0.618 loading class java/util/stream/ReduceOps$2ReducingSink done
Event: 0.618 loading class sun/management/RuntimeImpl
Event: 0.618 loading class sun/management/RuntimeImpl done
Event: 0.618 loading class java/util/Collections$2
Event: 0.618 loading class java/util/Collections$2 done
Event: 0.619 loading class sun/management/Util
Event: 0.619 loading class sun/management/Util done
Event: 0.619 loading class java/lang/management/ManagementPermission
Event: 0.619 loading class java/lang/management/ManagementPermission done
Event: 0.620 loading class java/util/Collections$UnmodifiableMap$UnmodifiableEntrySet
Event: 0.620 loading class java/util/Collections$UnmodifiableMap$UnmodifiableEntrySet done
Event: 0.620 loading class java/util/Collections$UnmodifiableMap$UnmodifiableEntrySet$1
Event: 0.620 loading class java/util/Collections$UnmodifiableMap$UnmodifiableEntrySet$1 done
Event: 0.620 loading class java/util/Collections$UnmodifiableMap$UnmodifiableEntrySet$UnmodifiableEntry
Event: 0.620 loading class java/util/Collections$UnmodifiableMap$UnmodifiableEntrySet$UnmodifiableEntry done


Dynamic libraries:
0x00007ff6d0280000 - 0x00007ff6d028e000 	C:\Program Files\Microsoft\jdk-17.0.8.7-hotspot\bin\java.exe
0x00007ff8c69f0000 - 0x00007ff8c6c06000 	C:\WINDOWS\SYSTEM32\ntdll.dll
0x00007ff8c54c0000 - 0x00007ff8c5584000 	C:\WINDOWS\System32\KERNEL32.DLL
0x00007ff8c4200000 - 0x00007ff8c45a6000 	C:\WINDOWS\System32\KERNELBASE.dll
0x00007ff8c4030000 - 0x00007ff8c4141000 	C:\WINDOWS\System32\ucrtbase.dll
0x00007ff89a550000 - 0x00007ff89a56b000 	C:\Program Files\Microsoft\jdk-17.0.8.7-hotspot\bin\VCRUNTIME140.dll
0x00007ff89a570000 - 0x00007ff89a587000 	C:\Program Files\Microsoft\jdk-17.0.8.7-hotspot\bin\jli.dll
0x00007ff8c6570000 - 0x00007ff8c671d000 	C:\WINDOWS\System32\USER32.dll
0x00007ff8b2280000 - 0x00007ff8b2513000 	C:\WINDOWS\WinSxS\amd64_microsoft.windows.common-controls_6595b64144ccf1df_6.0.22621.3235_none_270f74e173860f98\COMCTL32.dll
0x00007ff8c4000000 - 0x00007ff8c4026000 	C:\WINDOWS\System32\win32u.dll
0x00007ff8c4be0000 - 0x00007ff8c4c87000 	C:\WINDOWS\System32\msvcrt.dll
0x00007ff8c6960000 - 0x00007ff8c6989000 	C:\WINDOWS\System32\GDI32.dll
0x00007ff8c4620000 - 0x00007ff8c4738000 	C:\WINDOWS\System32\gdi32full.dll
0x00007ff8c3d30000 - 0x00007ff8c3dca000 	C:\WINDOWS\System32\msvcp_win.dll
0x00007ff8c4f00000 - 0x00007ff8c4f31000 	C:\WINDOWS\System32\IMM32.DLL
0x00007ff8b9b00000 - 0x00007ff8b9b0c000 	C:\Program Files\Microsoft\jdk-17.0.8.7-hotspot\bin\vcruntime140_1.dll
0x00007ff89a4c0000 - 0x00007ff89a54d000 	C:\Program Files\Microsoft\jdk-17.0.8.7-hotspot\bin\msvcp140.dll
0x00007ff80abb0000 - 0x00007ff80b815000 	C:\Program Files\Microsoft\jdk-17.0.8.7-hotspot\bin\server\jvm.dll
0x00007ff8c49f0000 - 0x00007ff8c4aa2000 	C:\WINDOWS\System32\ADVAPI32.dll
0x00007ff8c4860000 - 0x00007ff8c4908000 	C:\WINDOWS\System32\sechost.dll
0x00007ff8c41d0000 - 0x00007ff8c41f8000 	C:\WINDOWS\System32\bcrypt.dll
0x00007ff8c4740000 - 0x00007ff8c4855000 	C:\WINDOWS\System32\RPCRT4.dll
0x00007ff89f300000 - 0x00007ff89f309000 	C:\WINDOWS\SYSTEM32\WSOCK32.dll
0x00007ff8bbb60000 - 0x00007ff8bbb94000 	C:\WINDOWS\SYSTEM32\WINMM.dll
0x00007ff8c3c00000 - 0x00007ff8c3c4d000 	C:\WINDOWS\SYSTEM32\POWRPROF.dll
0x00007ff8c52e0000 - 0x00007ff8c5351000 	C:\WINDOWS\System32\WS2_32.dll
0x00007ff8ba970000 - 0x00007ff8ba97a000 	C:\WINDOWS\SYSTEM32\VERSION.dll
0x00007ff8c3be0000 - 0x00007ff8c3bf3000 	C:\WINDOWS\SYSTEM32\UMPDC.dll
0x00007ff8c2d70000 - 0x00007ff8c2d88000 	C:\WINDOWS\SYSTEM32\kernel.appcore.dll
0x00007ff89aec0000 - 0x00007ff89aeca000 	C:\Program Files\Microsoft\jdk-17.0.8.7-hotspot\bin\jimage.dll
0x00007ff8c18f0000 - 0x00007ff8c1b23000 	C:\WINDOWS\SYSTEM32\DBGHELP.DLL
0x00007ff8c4f50000 - 0x00007ff8c52d8000 	C:\WINDOWS\System32\combase.dll
0x00007ff8c4910000 - 0x00007ff8c49e7000 	C:\WINDOWS\System32\OLEAUT32.dll
0x00007ff8ac0c0000 - 0x00007ff8ac0f2000 	C:\WINDOWS\SYSTEM32\dbgcore.DLL
0x00007ff8c4150000 - 0x00007ff8c41ca000 	C:\WINDOWS\System32\bcryptPrimitives.dll
0x00007ff89a490000 - 0x00007ff89a4b5000 	C:\Program Files\Microsoft\jdk-17.0.8.7-hotspot\bin\java.dll
0x00007ff863210000 - 0x00007ff8632e7000 	C:\Program Files\Microsoft\jdk-17.0.8.7-hotspot\bin\jsvml.dll
0x00007ff8c5590000 - 0x00007ff8c5dec000 	C:\WINDOWS\System32\SHELL32.dll
0x00007ff8c1c90000 - 0x00007ff8c2588000 	C:\WINDOWS\SYSTEM32\windows.storage.dll
0x00007ff8c1b50000 - 0x00007ff8c1c8e000 	C:\WINDOWS\SYSTEM32\wintypes.dll
0x00007ff8c4ad0000 - 0x00007ff8c4bc3000 	C:\WINDOWS\System32\SHCORE.dll
0x00007ff8c4da0000 - 0x00007ff8c4dfe000 	C:\WINDOWS\System32\shlwapi.dll
0x00007ff8c3c60000 - 0x00007ff8c3c86000 	C:\WINDOWS\SYSTEM32\profapi.dll
0x00007ff89a2c0000 - 0x00007ff89a2d9000 	C:\Program Files\Microsoft\jdk-17.0.8.7-hotspot\bin\net.dll
0x00007ff8bcdf0000 - 0x00007ff8bcf27000 	C:\WINDOWS\SYSTEM32\WINHTTP.dll
0x00007ff8c31f0000 - 0x00007ff8c3259000 	C:\WINDOWS\system32\mswsock.dll
0x00007ff89a2a0000 - 0x00007ff89a2b6000 	C:\Program Files\Microsoft\jdk-17.0.8.7-hotspot\bin\nio.dll
0x00007ff8927e0000 - 0x00007ff8927f8000 	C:\Program Files\Microsoft\jdk-17.0.8.7-hotspot\bin\zip.dll
0x00007ff88cae0000 - 0x00007ff88caf0000 	C:\Program Files\Microsoft\jdk-17.0.8.7-hotspot\bin\verify.dll
0x00007ff8631e0000 - 0x00007ff863207000 	C:\Users\Dhruvil Prajapati\.gradle\native\68d5fa5c4cc2d200863cafc0d521ce42e7d3e7ee720ec0a83991735586a16f82\windows-amd64\native-platform.dll
0x00007ff88bd30000 - 0x00007ff88bd39000 	C:\Program Files\Microsoft\jdk-17.0.8.7-hotspot\bin\management.dll
0x00007ff888970000 - 0x00007ff88897b000 	C:\Program Files\Microsoft\jdk-17.0.8.7-hotspot\bin\management_ext.dll
0x00007ff8c4bd0000 - 0x00007ff8c4bd8000 	C:\WINDOWS\System32\PSAPI.DLL

dbghelp: loaded successfully - version: 4.0.5 - missing functions: none
symbol engine: initialized successfully - sym options: 0x614 - pdb path: .;C:\Program Files\Microsoft\jdk-17.0.8.7-hotspot\bin;C:\WINDOWS\SYSTEM32;C:\WINDOWS\WinSxS\amd64_microsoft.windows.common-controls_6595b64144ccf1df_6.0.22621.3235_none_270f74e173860f98;C:\Program Files\Microsoft\jdk-17.0.8.7-hotspot\bin\server;C:\Users\Dhruvil Prajapati\.gradle\native\68d5fa5c4cc2d200863cafc0d521ce42e7d3e7ee720ec0a83991735586a16f82\windows-amd64

VM Arguments:
jvm_args: -Xmx64m -Xms64m -Dorg.gradle.appname=gradlew 
java_command: org.gradle.wrapper.GradleWrapperMain app:installDebug -PreactNativeDevServerPort=8081
java_class_path (initial): D:\Dolphin_Project\Get_Otp_Demo\android\\gradle\wrapper\gradle-wrapper.jar
Launcher Type: SUN_STANDARD

[Global flags]
     intx CICompilerCount                          = 4                                         {product} {ergonomic}
     uint ConcGCThreads                            = 3                                         {product} {ergonomic}
     uint G1ConcRefinementThreads                  = 10                                        {product} {ergonomic}
   size_t G1HeapRegionSize                         = 1048576                                   {product} {ergonomic}
    uintx GCDrainStackTargetSize                   = 64                                        {product} {ergonomic}
   size_t InitialHeapSize                          = 67108864                                  {product} {command line}
   size_t MarkStackSize                            = 4194304                                   {product} {ergonomic}
   size_t MaxHeapSize                              = 67108864                                  {product} {command line}
   size_t MaxNewSize                               = 39845888                                  {product} {ergonomic}
   size_t MinHeapDeltaBytes                        = 1048576                                   {product} {ergonomic}
   size_t MinHeapSize                              = 67108864                                  {product} {command line}
    uintx NonNMethodCodeHeapSize                   = 5839372                                {pd product} {ergonomic}
    uintx NonProfiledCodeHeapSize                  = 122909434                              {pd product} {ergonomic}
    uintx ProfiledCodeHeapSize                     = 122909434                              {pd product} {ergonomic}
    uintx ReservedCodeCacheSize                    = 251658240                              {pd product} {ergonomic}
     bool SegmentedCodeCache                       = true                                      {product} {ergonomic}
   size_t SoftMaxHeapSize                          = 67108864                               {manageable} {ergonomic}
     bool UseCompressedClassPointers               = true                           {product lp64_product} {ergonomic}
     bool UseCompressedOops                        = true                           {product lp64_product} {ergonomic}
     bool UseG1GC                                  = true                                      {product} {ergonomic}
     bool UseLargePagesIndividualAllocation        = false                                  {pd product} {ergonomic}

Logging:
Log output configuration:
 #0: stdout all=warning uptime,level,tags
 #1: stderr all=off uptime,level,tags

Environment Variables:
JAVA_HOME=C:\Program Files\Microsoft\jdk-17.0.8.7-hotspot\
CLASSPATH=D:\Dolphin_Project\Get_Otp_Demo\android\\gradle\wrapper\gradle-wrapper.jar
PATH=D:\Dolphin_Project\Get_Otp_Demo\node_modules\.bin;D:\Dolphin_Project\Get_Otp_Demo\node_modules\.bin;D:\Dolphin_Project\node_modules\.bin;D:\node_modules\.bin;C:\Program Files\nodejs\node_modules\npm\node_modules\@npmcli\run-script\lib\node-gyp-bin;D:\Dolphin_Project\Get_Otp_Demo\node_modules\.bin;D:\Dolphin_Project\Get_Otp_Demo\node_modules\.bin;D:\Dolphin_Project\node_modules\.bin;D:\node_modules\.bin;C:\Program Files\nodejs\node_modules\npm\node_modules\@npmcli\run-script\lib\node-gyp-bin;C:\Program Files\Microsoft\jdk-17.0.8.7-hotspot\bin;C:\Python312\Scripts\;C:\Python312\;C:\Program Files (x86)\VMware\VMware Workstation\bin\;C:\Windows\system32;C:\Windows;C:\Windows\System32\Wbem;C:\Windows\System32\WindowsPowerShell\v1.0\;C:\Windows\System32\OpenSSH\;C:\Program Files (x86)\NVIDIA Corporation\PhysX\Common;C:\Program Files\NVIDIA Corporation\NVIDIA NvDLISR;C:\Program Files\Java\jdk1.8.0_202\bin;C:\Program Files\Git\cmd;C:\ProgramData\chocolatey\bin;C:\Users\Dhruvil Prajapati\AppData\Local\Android\Sdk\platform-tools;;C:\WINDOWS\system32;C:\WINDOWS;C:\WINDOWS\System32\Wbem;C:\WINDOWS\System32\WindowsPowerShell\v1.0\;C:\WINDOWS\System32\OpenSSH\;C:\Program Files\nodejs\;C:\Users\Dhruvil Prajapati\AppData\Local\Programs\Python\Python311\Scripts\;C:\Users\Dhruvil Prajapati\AppData\Local\Programs\Python\Python311\;C:\Users\Dhruvil Prajapati\AppData\Local\Microsoft\WindowsApps;C:\Program Files\dart-sdk\bin;C:\Users\Dhruvil Prajapati\AppData\Local\Programs\Microsoft VS Code\bin;C:\Users\Dhruvil Prajapati\Desktop\mobile app\Sem 2\flutter\bin;C:\Users\Dhruvil Prajapati\AppData\Local\Programs\mongosh\;C:\Users\Dhruvil Prajapati\Desktop\mobile app\Sem 2\Flutter\flutter\flutter_windows_3.7.12-stable\flutter\bin;C:\Users\Dhruvil Prajapati\AppData\Roaming\npm
USERNAME=Dhruvil Prajapati
LANG=en_US.UTF-8
OS=Windows_NT
PROCESSOR_IDENTIFIER=AMD64 Family 25 Model 80 Stepping 0, AuthenticAMD
TMP=C:\Users\DHRUVI~1\AppData\Local\Temp
TEMP=C:\Users\DHRUVI~1\AppData\Local\Temp



---------------  S Y S T E M  ---------------

OS:
 Windows 11 , 64 bit Build 22621 (10.0.22621.3235)
OS uptime: 0 days 21:21 hours

CPU: total 12 (initial active 12) (12 cores per cpu, 2 threads per core) family 25 model 80 stepping 0 microcode 0x0, cx8, cmov, fxsr, ht, mmx, 3dnowpref, sse, sse2, sse3, ssse3, sse4a, sse4.1, sse4.2, popcnt, lzcnt, tsc, tscinvbit, avx, avx2, aes, erms, clmul, bmi1, bmi2, adx, sha, fma, vzeroupper, clflush, clflushopt
Processor Information for processor 0
  Max Mhz: 3301, Current Mhz: 3301, Mhz Limit: 3301
Processor Information for processor 1
  Max Mhz: 3301, Current Mhz: 3301, Mhz Limit: 3301
Processor Information for processor 2
  Max Mhz: 3301, Current Mhz: 3301, Mhz Limit: 3301
Processor Information for processor 3
  Max Mhz: 3301, Current Mhz: 2630, Mhz Limit: 3301
Processor Information for processor 4
  Max Mhz: 3301, Current Mhz: 3301, Mhz Limit: 3301
Processor Information for processor 5
  Max Mhz: 3301, Current Mhz: 2630, Mhz Limit: 3301
Processor Information for processor 6
  Max Mhz: 3301, Current Mhz: 3301, Mhz Limit: 3301
Processor Information for processor 7
  Max Mhz: 3301, Current Mhz: 2630, Mhz Limit: 3301
Processor Information for processor 8
  Max Mhz: 3301, Current Mhz: 3301, Mhz Limit: 3301
Processor Information for processor 9
  Max Mhz: 3301, Current Mhz: 2630, Mhz Limit: 3301
Processor Information for processor 10
  Max Mhz: 3301, Current Mhz: 3301, Mhz Limit: 3301
Processor Information for processor 11
  Max Mhz: 3301, Current Mhz: 2630, Mhz Limit: 3301

Memory: 4k page, system-wide physical 15724M (2456M free)
TotalPageFile size 19820M (AvailPageFile size 3M)
current process WorkingSet (physical memory assigned to process): 85M, peak: 86M
current process commit charge ("private bytes"): 164M, peak: 165M

vm_info: OpenJDK 64-Bit Server VM (17.0.8+7-LTS) for windows-amd64 JRE (17.0.8+7-LTS), built on Jul  7 2023 17:21:55 by "MicrosoftCorporation" with MS VC++ 16.10 / 16.11 (VS2019)

END.
