#
# There is insufficient memory for the Java Runtime Environment to continue.
# Native memory allocation (malloc) failed to allocate 32784 bytes for Chunk::new
# Possible reasons:
#   The system is out of physical RAM or swap space
#   The process is running with CompressedOops enabled, and the Java Heap may be blocking the growth of the native heap
# Possible solutions:
#   Reduce memory load on the system
#   Increase physical memory or swap space
#   Check if swap backing store is full
#   Decrease Java heap size (-Xmx/-Xms)
#   Decrease number of Java threads
#   Decrease Java thread stack sizes (-Xss)
#   Set larger code cache with -XX:ReservedCodeCacheSize=
#   JVM is running with Unscaled Compressed Oops mode in which the Java heap is
#     placed in the first 4GB address space. The Java Heap base address is the
#     maximum limit for the native heap growth. Please use -XX:HeapBaseMinAddress
#     to set the Java Heap base and to place the Java Heap above 4GB virtual address.
# This output file may be truncated or incomplete.
#
#  Out of Memory Error (arena.cpp:189), pid=11380, tid=10808
#
# JRE version: OpenJDK Runtime Environment Microsoft-8035246 (17.0.8+7) (build 17.0.8+7-LTS)
# Java VM: OpenJDK 64-Bit Server VM Microsoft-8035246 (17.0.8+7-LTS, mixed mode, sharing, tiered, compressed oops, compressed class ptrs, g1 gc, windows-amd64)
# No core dump will be written. Minidumps are not enabled by default on client versions of Windows
#

---------------  S U M M A R Y ------------

Command Line: -Xmx64m -Xms64m -Dorg.gradle.appname=gradlew org.gradle.wrapper.GradleWrapperMain app:installDebug -PreactNativeDevServerPort=8081

Host: AMD Ryzen 5 5600H with Radeon Graphics         , 12 cores, 15G,  Windows 11 , 64 bit Build 22621 (10.0.22621.3085)
Time: Tue Feb 27 14:59:38 2024 India Standard Time elapsed time: 40.095842 seconds (0d 0h 0m 40s)

---------------  T H R E A D  ---------------

Current thread (0x00000164f8d80750):  JavaThread "C2 CompilerThread0" daemon [_thread_in_native, id=10808, stack(0x0000001dcb800000,0x0000001dcb900000)]


Current CompileTask:
C2:  40095 1832       4       org.gradle.internal.logging.text.AbstractLineChoppingStyledTextOutput$2::execute (77 bytes)

Stack: [0x0000001dcb800000,0x0000001dcb900000]
Native frames: (J=compiled Java code, j=interpreted, Vv=VM code, C=native code)
V  [jvm.dll+0x67bf3a]
V  [jvm.dll+0x83a024]
V  [jvm.dll+0x83b7ce]
V  [jvm.dll+0x83be33]
V  [jvm.dll+0x24785f]
V  [jvm.dll+0xac3bc]
V  [jvm.dll+0xac98c]
V  [jvm.dll+0xac4cb]
V  [jvm.dll+0x65946c]
V  [jvm.dll+0xa3cd6]
V  [jvm.dll+0x364c49]
V  [jvm.dll+0x36509c]
V  [jvm.dll+0x364e80]
V  [jvm.dll+0x2d5b55]
V  [jvm.dll+0x641357]
V  [jvm.dll+0x11299c]
V  [jvm.dll+0x3423c6]
V  [jvm.dll+0x697e26]
V  [jvm.dll+0x697172]
V  [jvm.dll+0x69263d]
V  [jvm.dll+0x68c70b]
V  [jvm.dll+0x68bd47]
V  [jvm.dll+0x689c32]
V  [jvm.dll+0x1a896c]
V  [jvm.dll+0x2ae3b4]
V  [jvm.dll+0x694745]
V  [jvm.dll+0x68c70b]
V  [jvm.dll+0x68bd47]
V  [jvm.dll+0x689c32]
V  [jvm.dll+0x1a896c]
V  [jvm.dll+0x1a9536]
V  [jvm.dll+0x1a9536]
V  [jvm.dll+0x1a9478]
V  [jvm.dll+0x2ae3b4]
V  [jvm.dll+0x694745]
V  [jvm.dll+0x68c70b]
V  [jvm.dll+0x68bd47]
V  [jvm.dll+0x689c32]
V  [jvm.dll+0x1a896c]
V  [jvm.dll+0x1a9536]
V  [jvm.dll+0x1a9536]
V  [jvm.dll+0x2ae3b4]
V  [jvm.dll+0x694745]
V  [jvm.dll+0x68c70b]
V  [jvm.dll+0x68bd47]
V  [jvm.dll+0x689c32]
V  [jvm.dll+0x1a896c]
V  [jvm.dll+0x1a9536]
V  [jvm.dll+0x2ae3b4]
V  [jvm.dll+0x694745]
V  [jvm.dll+0x68c70b]
V  [jvm.dll+0x68bd47]
V  [jvm.dll+0x689c32]
V  [jvm.dll+0x1a896c]
V  [jvm.dll+0x1a9536]
V  [jvm.dll+0x2ae3b4]
V  [jvm.dll+0x694745]
V  [jvm.dll+0x68c70b]
V  [jvm.dll+0x68bd47]
V  [jvm.dll+0x689c32]
V  [jvm.dll+0x1a896c]
V  [jvm.dll+0x1a9536]
V  [jvm.dll+0x1a9536]
V  [jvm.dll+0x1a9478]
V  [jvm.dll+0x2ae3b4]
V  [jvm.dll+0x694745]
V  [jvm.dll+0x68c70b]
V  [jvm.dll+0x68bd47]
V  [jvm.dll+0x689c32]
V  [jvm.dll+0x1a896c]
V  [jvm.dll+0x1a9536]
V  [jvm.dll+0x1a9536]
V  [jvm.dll+0x2ae3b4]
V  [jvm.dll+0x694745]
V  [jvm.dll+0x68c70b]
V  [jvm.dll+0x68bd47]
V  [jvm.dll+0x689c32]
V  [jvm.dll+0x1a896c]
V  [jvm.dll+0x1a9536]
V  [jvm.dll+0x2ae3b4]
V  [jvm.dll+0x694745]
V  [jvm.dll+0x68c70b]
V  [jvm.dll+0x68bd47]
V  [jvm.dll+0x689c32]
V  [jvm.dll+0x1a896c]
V  [jvm.dll+0x1a9536]
V  [jvm.dll+0x2ae3b4]
V  [jvm.dll+0x694745]
V  [jvm.dll+0x68c70b]
V  [jvm.dll+0x68bd47]
V  [jvm.dll+0x689c32]
V  [jvm.dll+0x1a896c]
V  [jvm.dll+0x219118]
V  [jvm.dll+0x1a56b6]
V  [jvm.dll+0x2291ea]
V  [jvm.dll+0x22724c]
V  [jvm.dll+0x7efd0c]
V  [jvm.dll+0x7ea13a]
V  [jvm.dll+0x67ad85]
...<more frames>...


---------------  P R O C E S S  ---------------

Threads class SMR info:
_java_thread_list=0x00000164fe142f50, length=15, elements={
0x00000164edf310d0, 0x00000164f8d65590, 0x00000164f8d66410, 0x00000164f8d7bdf0,
0x00000164f8d7d6d0, 0x00000164f8d7e090, 0x00000164f8d7ea50, 0x00000164f8d80750,
0x00000164f8d84a60, 0x00000164f8d85460, 0x00000164fd0a8990, 0x00000164fd0ab2c0,
0x00000164fd8329d0, 0x00000164fd0529c0, 0x00000164fd347210
}

Java Threads: ( => current thread )
  0x00000164edf310d0 JavaThread "main" [_thread_in_native, id=5704, stack(0x0000001dcab00000,0x0000001dcac00000)]
  0x00000164f8d65590 JavaThread "Reference Handler" daemon [_thread_blocked, id=5660, stack(0x0000001dcb200000,0x0000001dcb300000)]
  0x00000164f8d66410 JavaThread "Finalizer" daemon [_thread_blocked, id=15024, stack(0x0000001dcb300000,0x0000001dcb400000)]
  0x00000164f8d7bdf0 JavaThread "Signal Dispatcher" daemon [_thread_blocked, id=19800, stack(0x0000001dcb400000,0x0000001dcb500000)]
  0x00000164f8d7d6d0 JavaThread "Attach Listener" daemon [_thread_blocked, id=6924, stack(0x0000001dcb500000,0x0000001dcb600000)]
  0x00000164f8d7e090 JavaThread "Service Thread" daemon [_thread_blocked, id=9504, stack(0x0000001dcb600000,0x0000001dcb700000)]
  0x00000164f8d7ea50 JavaThread "Monitor Deflation Thread" daemon [_thread_blocked, id=18468, stack(0x0000001dcb700000,0x0000001dcb800000)]
=>0x00000164f8d80750 JavaThread "C2 CompilerThread0" daemon [_thread_in_native, id=10808, stack(0x0000001dcb800000,0x0000001dcb900000)]
  0x00000164f8d84a60 JavaThread "C1 CompilerThread0" daemon [_thread_blocked, id=18960, stack(0x0000001dcb900000,0x0000001dcba00000)]
  0x00000164f8d85460 JavaThread "Sweeper thread" daemon [_thread_blocked, id=19076, stack(0x0000001dcba00000,0x0000001dcbb00000)]
  0x00000164fd0a8990 JavaThread "Notification Thread" daemon [_thread_blocked, id=3548, stack(0x0000001dcbb00000,0x0000001dcbc00000)]
  0x00000164fd0ab2c0 JavaThread "Common-Cleaner" daemon [_thread_blocked, id=18664, stack(0x0000001dcbd00000,0x0000001dcbe00000)]
  0x00000164fd8329d0 JavaThread "pool-1-thread-1" [_thread_blocked, id=5316, stack(0x0000001dcc400000,0x0000001dcc500000)]
  0x00000164fd0529c0 JavaThread "DisconnectableInputStream source reader" daemon [_thread_in_native, id=6404, stack(0x0000001dcc900000,0x0000001dcca00000)]
  0x00000164fd347210 JavaThread "Forward input" [_thread_blocked, id=2164, stack(0x0000001dcca00000,0x0000001dccb00000)]

Other Threads:
  0x00000164f8d61580 VMThread "VM Thread" [stack: 0x0000001dcb100000,0x0000001dcb200000] [id=13620]
  0x00000164fd0aae80 WatcherThread [stack: 0x0000001dcbc00000,0x0000001dcbd00000] [id=18040]
  0x00000164edf51370 GCTaskThread "GC Thread#0" [stack: 0x0000001dcac00000,0x0000001dcad00000] [id=19444]
  0x00000164fdd137d0 GCTaskThread "GC Thread#1" [stack: 0x0000001dcc000000,0x0000001dcc100000] [id=3060]
  0x00000164fdddf790 GCTaskThread "GC Thread#2" [stack: 0x0000001dcc100000,0x0000001dcc200000] [id=16144]
  0x00000164fdc9edc0 GCTaskThread "GC Thread#3" [stack: 0x0000001dcc200000,0x0000001dcc300000] [id=20312]
  0x00000164fdd60c80 GCTaskThread "GC Thread#4" [stack: 0x0000001dcc300000,0x0000001dcc400000] [id=19580]
  0x00000164fd694580 GCTaskThread "GC Thread#5" [stack: 0x0000001dcc500000,0x0000001dcc600000] [id=4156]
  0x00000164fdcf53d0 GCTaskThread "GC Thread#6" [stack: 0x0000001dcc600000,0x0000001dcc700000] [id=15328]
  0x00000164fdcf5ca0 GCTaskThread "GC Thread#7" [stack: 0x0000001dcc700000,0x0000001dcc800000] [id=8600]
  0x00000164fdcf6570 GCTaskThread "GC Thread#8" [stack: 0x0000001dcc800000,0x0000001dcc900000] [id=14268]
  0x00000164edf52ac0 ConcurrentGCThread "G1 Main Marker" [stack: 0x0000001dcad00000,0x0000001dcae00000] [id=5248]
  0x00000164edf534d0 ConcurrentGCThread "G1 Conc#0" [stack: 0x0000001dcae00000,0x0000001dcaf00000] [id=20356]
  0x00000164edfd2b80 ConcurrentGCThread "G1 Refine#0" [stack: 0x0000001dcaf00000,0x0000001dcb000000] [id=10920]
  0x00000164f8c306e0 ConcurrentGCThread "G1 Service" [stack: 0x0000001dcb000000,0x0000001dcb100000] [id=6472]

Threads with active compile tasks:
C2 CompilerThread0    40152 1832       4       org.gradle.internal.logging.text.AbstractLineChoppingStyledTextOutput$2::execute (77 bytes)

VM state: not at safepoint (normal execution)

VM Mutex/Monitor currently owned by a thread: None

Heap address: 0x00000000fc000000, size: 64 MB, Compressed Oops mode: 32-bit

CDS archive(s) mapped at: [0x000001648f000000-0x000001648fbd0000-0x000001648fbd0000), size 12386304, SharedBaseAddress: 0x000001648f000000, ArchiveRelocationMode: 1.
Compressed class space mapped at: 0x0000016490000000-0x00000164d0000000, reserved size: 1073741824
Narrow klass base: 0x000001648f000000, Narrow klass shift: 0, Narrow klass range: 0x100000000

GC Precious Log:
 CPUs: 12 total, 12 available
 Memory: 15724M
 Large Page Support: Disabled
 NUMA Support: Disabled
 Compressed Oops: Enabled (32-bit)
 Heap Region Size: 1M
 Heap Min Capacity: 64M
 Heap Initial Capacity: 64M
 Heap Max Capacity: 64M
 Pre-touch: Disabled
 Parallel Workers: 10
 Concurrent Workers: 3
 Concurrent Refinement Workers: 10
 Periodic GC: Disabled

Heap:
 garbage-first heap   total 65536K, used 14731K [0x00000000fc000000, 0x0000000100000000)
  region size 1024K, 5 young (5120K), 2 survivors (2048K)
 Metaspace       used 9670K, committed 9856K, reserved 1114112K
  class space    used 1248K, committed 1344K, reserved 1048576K

Heap Regions: E=young(eden), S=young(survivor), O=old, HS=humongous(starts), HC=humongous(continues), CS=collection set, F=free, OA=open archive, CA=closed archive, TAMS=top-at-mark-start (previous, next)
|   0|0x00000000fc000000, 0x00000000fc100000, 0x00000000fc100000|100%|HS|  |TAMS 0x00000000fc000000, 0x00000000fc000000| Complete 
|   1|0x00000000fc100000, 0x00000000fc200000, 0x00000000fc200000|100%|HC|  |TAMS 0x00000000fc100000, 0x00000000fc100000| Complete 
|   2|0x00000000fc200000, 0x00000000fc300000, 0x00000000fc300000|100%|HC|  |TAMS 0x00000000fc200000, 0x00000000fc200000| Complete 
|   3|0x00000000fc300000, 0x00000000fc400000, 0x00000000fc400000|100%|HC|  |TAMS 0x00000000fc300000, 0x00000000fc300000| Complete 
|   4|0x00000000fc400000, 0x00000000fc500000, 0x00000000fc500000|100%| O|  |TAMS 0x00000000fc400000, 0x00000000fc400000| Untracked 
|   5|0x00000000fc500000, 0x00000000fc600000, 0x00000000fc600000|100%| O|  |TAMS 0x00000000fc500000, 0x00000000fc500000| Untracked 
|   6|0x00000000fc600000, 0x00000000fc700000, 0x00000000fc700000|100%| O|  |TAMS 0x00000000fc600000, 0x00000000fc600000| Untracked 
|   7|0x00000000fc700000, 0x00000000fc800000, 0x00000000fc800000|100%| O|  |TAMS 0x00000000fc700000, 0x00000000fc700000| Untracked 
|   8|0x00000000fc800000, 0x00000000fc900000, 0x00000000fc900000|100%| O|  |TAMS 0x00000000fc800000, 0x00000000fc800000| Untracked 
|   9|0x00000000fc900000, 0x00000000fca00000, 0x00000000fca00000|100%| O|  |TAMS 0x00000000fc900000, 0x00000000fc900000| Untracked 
|  10|0x00000000fca00000, 0x00000000fcaa8c00, 0x00000000fcb00000| 65%| O|  |TAMS 0x00000000fca00000, 0x00000000fca00000| Untracked 
|  11|0x00000000fcb00000, 0x00000000fcb00000, 0x00000000fcc00000|  0%| F|  |TAMS 0x00000000fcb00000, 0x00000000fcb00000| Untracked 
|  12|0x00000000fcc00000, 0x00000000fcc00000, 0x00000000fcd00000|  0%| F|  |TAMS 0x00000000fcc00000, 0x00000000fcc00000| Untracked 
|  13|0x00000000fcd00000, 0x00000000fcd00000, 0x00000000fce00000|  0%| F|  |TAMS 0x00000000fcd00000, 0x00000000fcd00000| Untracked 
|  14|0x00000000fce00000, 0x00000000fce00000, 0x00000000fcf00000|  0%| F|  |TAMS 0x00000000fce00000, 0x00000000fce00000| Untracked 
|  15|0x00000000fcf00000, 0x00000000fcf00000, 0x00000000fd000000|  0%| F|  |TAMS 0x00000000fcf00000, 0x00000000fcf00000| Untracked 
|  16|0x00000000fd000000, 0x00000000fd000000, 0x00000000fd100000|  0%| F|  |TAMS 0x00000000fd000000, 0x00000000fd000000| Untracked 
|  17|0x00000000fd100000, 0x00000000fd100000, 0x00000000fd200000|  0%| F|  |TAMS 0x00000000fd100000, 0x00000000fd100000| Untracked 
|  18|0x00000000fd200000, 0x00000000fd200000, 0x00000000fd300000|  0%| F|  |TAMS 0x00000000fd200000, 0x00000000fd200000| Untracked 
|  19|0x00000000fd300000, 0x00000000fd300000, 0x00000000fd400000|  0%| F|  |TAMS 0x00000000fd300000, 0x00000000fd300000| Untracked 
|  20|0x00000000fd400000, 0x00000000fd400000, 0x00000000fd500000|  0%| F|  |TAMS 0x00000000fd400000, 0x00000000fd400000| Untracked 
|  21|0x00000000fd500000, 0x00000000fd500000, 0x00000000fd600000|  0%| F|  |TAMS 0x00000000fd500000, 0x00000000fd500000| Untracked 
|  22|0x00000000fd600000, 0x00000000fd600000, 0x00000000fd700000|  0%| F|  |TAMS 0x00000000fd600000, 0x00000000fd600000| Untracked 
|  23|0x00000000fd700000, 0x00000000fd700000, 0x00000000fd800000|  0%| F|  |TAMS 0x00000000fd700000, 0x00000000fd700000| Untracked 
|  24|0x00000000fd800000, 0x00000000fd800000, 0x00000000fd900000|  0%| F|  |TAMS 0x00000000fd800000, 0x00000000fd800000| Untracked 
|  25|0x00000000fd900000, 0x00000000fd900000, 0x00000000fda00000|  0%| F|  |TAMS 0x00000000fd900000, 0x00000000fd900000| Untracked 
|  26|0x00000000fda00000, 0x00000000fda00000, 0x00000000fdb00000|  0%| F|  |TAMS 0x00000000fda00000, 0x00000000fda00000| Untracked 
|  27|0x00000000fdb00000, 0x00000000fdb00000, 0x00000000fdc00000|  0%| F|  |TAMS 0x00000000fdb00000, 0x00000000fdb00000| Untracked 
|  28|0x00000000fdc00000, 0x00000000fdc00000, 0x00000000fdd00000|  0%| F|  |TAMS 0x00000000fdc00000, 0x00000000fdc00000| Untracked 
|  29|0x00000000fdd00000, 0x00000000fdd00000, 0x00000000fde00000|  0%| F|  |TAMS 0x00000000fdd00000, 0x00000000fdd00000| Untracked 
|  30|0x00000000fde00000, 0x00000000fde00000, 0x00000000fdf00000|  0%| F|  |TAMS 0x00000000fde00000, 0x00000000fde00000| Untracked 
|  31|0x00000000fdf00000, 0x00000000fdf00000, 0x00000000fe000000|  0%| F|  |TAMS 0x00000000fdf00000, 0x00000000fdf00000| Untracked 
|  32|0x00000000fe000000, 0x00000000fe000000, 0x00000000fe100000|  0%| F|  |TAMS 0x00000000fe000000, 0x00000000fe000000| Untracked 
|  33|0x00000000fe100000, 0x00000000fe100000, 0x00000000fe200000|  0%| F|  |TAMS 0x00000000fe100000, 0x00000000fe100000| Untracked 
|  34|0x00000000fe200000, 0x00000000fe200000, 0x00000000fe300000|  0%| F|  |TAMS 0x00000000fe200000, 0x00000000fe200000| Untracked 
|  35|0x00000000fe300000, 0x00000000fe300000, 0x00000000fe400000|  0%| F|  |TAMS 0x00000000fe300000, 0x00000000fe300000| Untracked 
|  36|0x00000000fe400000, 0x00000000fe400000, 0x00000000fe500000|  0%| F|  |TAMS 0x00000000fe400000, 0x00000000fe400000| Untracked 
|  37|0x00000000fe500000, 0x00000000fe5ba0e0, 0x00000000fe600000| 72%| S|CS|TAMS 0x00000000fe500000, 0x00000000fe500000| Complete 
|  38|0x00000000fe600000, 0x00000000fe600000, 0x00000000fe700000|  0%| F|  |TAMS 0x00000000fe600000, 0x00000000fe600000| Untracked 
|  39|0x00000000fe700000, 0x00000000fe700000, 0x00000000fe800000|  0%| F|  |TAMS 0x00000000fe700000, 0x00000000fe700000| Untracked 
|  40|0x00000000fe800000, 0x00000000fe800000, 0x00000000fe900000|  0%| F|  |TAMS 0x00000000fe800000, 0x00000000fe800000| Untracked 
|  41|0x00000000fe900000, 0x00000000fea00000, 0x00000000fea00000|100%| S|CS|TAMS 0x00000000fe900000, 0x00000000fe900000| Complete 
|  42|0x00000000fea00000, 0x00000000fea00000, 0x00000000feb00000|  0%| F|  |TAMS 0x00000000fea00000, 0x00000000fea00000| Untracked 
|  43|0x00000000feb00000, 0x00000000feb00000, 0x00000000fec00000|  0%| F|  |TAMS 0x00000000feb00000, 0x00000000feb00000| Untracked 
|  44|0x00000000fec00000, 0x00000000fec00000, 0x00000000fed00000|  0%| F|  |TAMS 0x00000000fec00000, 0x00000000fec00000| Untracked 
|  45|0x00000000fed00000, 0x00000000fed00000, 0x00000000fee00000|  0%| F|  |TAMS 0x00000000fed00000, 0x00000000fed00000| Untracked 
|  46|0x00000000fee00000, 0x00000000fee00000, 0x00000000fef00000|  0%| F|  |TAMS 0x00000000fee00000, 0x00000000fee00000| Untracked 
|  47|0x00000000fef00000, 0x00000000fef00000, 0x00000000ff000000|  0%| F|  |TAMS 0x00000000fef00000, 0x00000000fef00000| Untracked 
|  48|0x00000000ff000000, 0x00000000ff000000, 0x00000000ff100000|  0%| F|  |TAMS 0x00000000ff000000, 0x00000000ff000000| Untracked 
|  49|0x00000000ff100000, 0x00000000ff100000, 0x00000000ff200000|  0%| F|  |TAMS 0x00000000ff100000, 0x00000000ff100000| Untracked 
|  50|0x00000000ff200000, 0x00000000ff200000, 0x00000000ff300000|  0%| F|  |TAMS 0x00000000ff200000, 0x00000000ff200000| Untracked 
|  51|0x00000000ff300000, 0x00000000ff300000, 0x00000000ff400000|  0%| F|  |TAMS 0x00000000ff300000, 0x00000000ff300000| Untracked 
|  52|0x00000000ff400000, 0x00000000ff400000, 0x00000000ff500000|  0%| F|  |TAMS 0x00000000ff400000, 0x00000000ff400000| Untracked 
|  53|0x00000000ff500000, 0x00000000ff500000, 0x00000000ff600000|  0%| F|  |TAMS 0x00000000ff500000, 0x00000000ff500000| Untracked 
|  54|0x00000000ff600000, 0x00000000ff600000, 0x00000000ff700000|  0%| F|  |TAMS 0x00000000ff600000, 0x00000000ff600000| Untracked 
|  55|0x00000000ff700000, 0x00000000ff700000, 0x00000000ff800000|  0%| F|  |TAMS 0x00000000ff700000, 0x00000000ff700000| Untracked 
|  56|0x00000000ff800000, 0x00000000ff800000, 0x00000000ff900000|  0%| F|  |TAMS 0x00000000ff800000, 0x00000000ff800000| Untracked 
|  57|0x00000000ff900000, 0x00000000ff900000, 0x00000000ffa00000|  0%| F|  |TAMS 0x00000000ff900000, 0x00000000ff900000| Untracked 
|  58|0x00000000ffa00000, 0x00000000ffa00000, 0x00000000ffb00000|  0%| F|  |TAMS 0x00000000ffa00000, 0x00000000ffa00000| Untracked 
|  59|0x00000000ffb00000, 0x00000000ffb00000, 0x00000000ffc00000|  0%| F|  |TAMS 0x00000000ffb00000, 0x00000000ffb00000| Untracked 
|  60|0x00000000ffc00000, 0x00000000ffc1df38, 0x00000000ffd00000| 11%| E|  |TAMS 0x00000000ffc00000, 0x00000000ffc00000| Complete 
|  61|0x00000000ffd00000, 0x00000000ffe00000, 0x00000000ffe00000|100%| E|CS|TAMS 0x00000000ffd00000, 0x00000000ffd00000| Complete 
|  62|0x00000000ffe00000, 0x00000000fff00000, 0x00000000fff00000|100%| E|CS|TAMS 0x00000000ffe00000, 0x00000000ffe00000| Complete 
|  63|0x00000000fff00000, 0x0000000100000000, 0x0000000100000000|100%| E|CS|TAMS 0x00000000fff00000, 0x00000000fff00000| Complete 

Card table byte_map: [0x00000164ede60000,0x00000164ede80000] _byte_map_base: 0x00000164ed680000

Marking Bits (Prev, Next): (CMBitMap*) 0x00000164edf51990, (CMBitMap*) 0x00000164edf519d0
 Prev Bits: [0x00000164f5f70000, 0x00000164f6070000)
 Next Bits: [0x00000164f6070000, 0x00000164f6170000)

Polling page: 0x00000164ed6e0000

Metaspace:

Usage:
  Non-class:      8.22 MB used.
      Class:      1.22 MB used.
       Both:      9.44 MB used.

Virtual space:
  Non-class space:       64.00 MB reserved,       8.31 MB ( 13%) committed,  1 nodes.
      Class space:        1.00 GB reserved,       1.31 MB ( <1%) committed,  1 nodes.
             Both:        1.06 GB reserved,       9.62 MB ( <1%) committed. 

Chunk freelists:
   Non-Class:  6.82 MB
       Class:  14.60 MB
        Both:  21.41 MB

MaxMetaspaceSize: unlimited
CompressedClassSpaceSize: 1.00 GB
Initial GC threshold: 21.00 MB
Current GC threshold: 21.00 MB
CDS: on
MetaspaceReclaimPolicy: balanced
 - commit_granule_bytes: 65536.
 - commit_granule_words: 8192.
 - virtual_space_node_default_size: 8388608.
 - enlarge_chunks_in_place: 1.
 - new_chunks_are_fully_committed: 0.
 - uncommit_free_chunks: 1.
 - use_allocation_guard: 0.
 - handle_deallocations: 1.


Internal statistics:

num_allocs_failed_limit: 0.
num_arena_births: 90.
num_arena_deaths: 0.
num_vsnodes_births: 2.
num_vsnodes_deaths: 0.
num_space_committed: 154.
num_space_uncommitted: 0.
num_chunks_returned_to_freelist: 0.
num_chunks_taken_from_freelist: 334.
num_chunk_merges: 0.
num_chunk_splits: 227.
num_chunks_enlarged: 187.
num_inconsistent_stats: 0.

CodeHeap 'non-profiled nmethods': size=120000Kb used=740Kb max_used=740Kb free=119259Kb
 bounds [0x0000016487ad0000, 0x0000016487d40000, 0x000001648f000000]
CodeHeap 'profiled nmethods': size=120000Kb used=3687Kb max_used=3687Kb free=116312Kb
 bounds [0x0000016480000000, 0x00000164803a0000, 0x0000016487530000]
CodeHeap 'non-nmethods': size=5760Kb used=1176Kb max_used=1209Kb free=4583Kb
 bounds [0x0000016487530000, 0x00000164877a0000, 0x0000016487ad0000]
 total_blobs=2311 nmethods=1837 adapters=387
 compilation: enabled
              stopped_count=0, restarted_count=0
 full_count=0

Compilation events (20 events):
Event: 39.753 Thread 0x00000164f8d84a60 nmethod 1826 0x0000016480393090 code [0x0000016480393260, 0x00000164803937d8]
Event: 39.753 Thread 0x00000164f8d84a60 1827       3       org.gradle.internal.logging.text.AbstractLineChoppingStyledTextOutput$4::execute (12 bytes)
Event: 39.753 Thread 0x00000164f8d84a60 nmethod 1827 0x0000016480393a10 code [0x0000016480393be0, 0x0000016480393fd8]
Event: 39.753 Thread 0x00000164f8d84a60 1828       3       org.gradle.internal.logging.text.AbstractLineChoppingStyledTextOutput$StateContext::flushStartLine (8 bytes)
Event: 39.753 Thread 0x00000164f8d84a60 nmethod 1828 0x0000016480394190 code [0x0000016480394320, 0x0000016480394518]
Event: 39.754 Thread 0x00000164f8d80750 1829       4       java.lang.StringCoding::implEncodeAsciiArray (47 bytes)
Event: 39.760 Thread 0x00000164f8d80750 nmethod 1829 0x0000016487b7b890 code [0x0000016487b7ba00, 0x0000016487b7bdd8]
Event: 39.760 Thread 0x00000164f8d80750 1830       4       org.gradle.internal.logging.text.AbstractLineChoppingStyledTextOutput$1::execute (9 bytes)
Event: 39.895 Thread 0x00000164f8d80750 nmethod 1830 0x0000016487b7bf10 code [0x0000016487b7c3c0, 0x0000016487b7fcf0]
Event: 39.895 Thread 0x00000164f8d80750 1831       4       org.gradle.internal.logging.text.AbstractLineChoppingStyledTextOutput$1::execute (140 bytes)
Event: 39.984 Thread 0x00000164f8d84a60 1833       3       org.gradle.internal.logging.events.RenderableOutputEvent::<init> (15 bytes)
Event: 39.984 Thread 0x00000164f8d84a60 nmethod 1833 0x0000016480394610 code [0x00000164803947c0, 0x0000016480394af8]
Event: 39.984 Thread 0x00000164f8d84a60 1834       3       org.gradle.internal.logging.console.StyledTextOutputBackedRenderer::onOutput (260 bytes)
Event: 39.986 Thread 0x00000164f8d84a60 nmethod 1834 0x0000016480394c10 code [0x0000016480395080, 0x0000016480397bc8]
Event: 39.986 Thread 0x00000164f8d84a60 1835       3       org.gradle.internal.logging.sink.ErrorOutputDispatchingListener::onOutput (64 bytes)
Event: 39.986 Thread 0x00000164f8d84a60 nmethod 1835 0x0000016480398690 code [0x00000164803988a0, 0x0000016480398f78]
Event: 39.986 Thread 0x00000164f8d84a60 1836       3       org.gradle.internal.logging.text.AbstractLineChoppingStyledTextOutput$3::execute (9 bytes)
Event: 39.986 Thread 0x00000164f8d84a60 nmethod 1836 0x0000016480399110 code [0x00000164803992c0, 0x0000016480399508]
Event: 40.089 Thread 0x00000164f8d80750 nmethod 1831 0x0000016487b81d90 code [0x0000016487b82180, 0x0000016487b86ee0]
Event: 40.089 Thread 0x00000164f8d80750 1832       4       org.gradle.internal.logging.text.AbstractLineChoppingStyledTextOutput$2::execute (77 bytes)

GC Heap History (4 events):
Event: 0.483 GC heap before
{Heap before GC invocations=0 (full 0):
 garbage-first heap   total 65536K, used 26624K [0x00000000fc000000, 0x0000000100000000)
  region size 1024K, 23 young (23552K), 0 survivors (0K)
 Metaspace       used 3493K, committed 3648K, reserved 1114112K
  class space    used 409K, committed 512K, reserved 1048576K
}
Event: 0.487 GC heap after
{Heap after GC invocations=1 (full 0):
 garbage-first heap   total 65536K, used 10864K [0x00000000fc000000, 0x0000000100000000)
  region size 1024K, 3 young (3072K), 3 survivors (3072K)
 Metaspace       used 3493K, committed 3648K, reserved 1114112K
  class space    used 409K, committed 512K, reserved 1048576K
}
Event: 5.534 GC heap before
{Heap before GC invocations=1 (full 0):
 garbage-first heap   total 65536K, used 33392K [0x00000000fc000000, 0x0000000100000000)
  region size 1024K, 25 young (25600K), 3 survivors (3072K)
 Metaspace       used 8765K, committed 8960K, reserved 1114112K
  class space    used 1159K, committed 1216K, reserved 1048576K
}
Event: 5.538 GC heap after
{Heap after GC invocations=2 (full 0):
 garbage-first heap   total 65536K, used 12683K [0x00000000fc000000, 0x0000000100000000)
  region size 1024K, 2 young (2048K), 2 survivors (2048K)
 Metaspace       used 8765K, committed 8960K, reserved 1114112K
  class space    used 1159K, committed 1216K, reserved 1048576K
}

Dll operation events (11 events):
Event: 0.007 Loaded shared library C:\Program Files\Microsoft\jdk-17.0.8.7-hotspot\bin\java.dll
Event: 0.020 Loaded shared library C:\Program Files\Microsoft\jdk-17.0.8.7-hotspot\bin\jsvml.dll
Event: 0.043 Loaded shared library C:\Program Files\Microsoft\jdk-17.0.8.7-hotspot\bin\net.dll
Event: 0.044 Loaded shared library C:\Program Files\Microsoft\jdk-17.0.8.7-hotspot\bin\nio.dll
Event: 0.046 Loaded shared library C:\Program Files\Microsoft\jdk-17.0.8.7-hotspot\bin\zip.dll
Event: 0.258 Loaded shared library C:\Program Files\Microsoft\jdk-17.0.8.7-hotspot\bin\jimage.dll
Event: 0.319 Loaded shared library C:\Program Files\Microsoft\jdk-17.0.8.7-hotspot\bin\verify.dll
Event: 0.524 Loaded shared library C:\Users\Dhruvil Prajapati\.gradle\native\68d5fa5c4cc2d200863cafc0d521ce42e7d3e7ee720ec0a83991735586a16f82\windows-amd64\native-platform.dll
Event: 0.621 Loaded shared library C:\Program Files\Microsoft\jdk-17.0.8.7-hotspot\bin\management.dll
Event: 0.623 Loaded shared library C:\Program Files\Microsoft\jdk-17.0.8.7-hotspot\bin\management_ext.dll
Event: 5.524 Loaded shared library C:\Program Files\Microsoft\jdk-17.0.8.7-hotspot\bin\sunmscapi.dll

Deoptimization events (20 events):
Event: 5.548 Thread 0x00000164edf310d0 Uncommon trap: trap_request=0xffffff45 fr.pc=0x0000016487b46d9c relative=0x000000000000015c
Event: 5.548 Thread 0x00000164edf310d0 Uncommon trap: reason=unstable_if action=reinterpret pc=0x0000016487b46d9c method=java.lang.invoke.VarHandle.checkExactAccessMode(Ljava/lang/invoke/VarHandle$AccessDescriptor;)V @ 4 c2
Event: 5.548 Thread 0x00000164edf310d0 DEOPT PACKING pc=0x0000016487b46d9c sp=0x0000001dcabfc570
Event: 5.548 Thread 0x00000164edf310d0 DEOPT UNPACKING pc=0x00000164875869a3 sp=0x0000001dcabfc4b0 mode 2
Event: 5.556 Thread 0x00000164edf310d0 Uncommon trap: trap_request=0xffffff45 fr.pc=0x0000016487b25e74 relative=0x0000000000000414
Event: 5.556 Thread 0x00000164edf310d0 Uncommon trap: reason=unstable_if action=reinterpret pc=0x0000016487b25e74 method=java.util.regex.Matcher.match(II)Z @ 76 c2
Event: 5.556 Thread 0x00000164edf310d0 DEOPT PACKING pc=0x0000016487b25e74 sp=0x0000001dcabfb750
Event: 5.556 Thread 0x00000164edf310d0 DEOPT UNPACKING pc=0x00000164875869a3 sp=0x0000001dcabfb708 mode 2
Event: 5.589 Thread 0x00000164fd0529c0 Uncommon trap: trap_request=0xffffffde fr.pc=0x0000016487b5e1a0 relative=0x0000000000000800
Event: 5.589 Thread 0x00000164fd0529c0 Uncommon trap: reason=class_check action=maybe_recompile pc=0x0000016487b5e1a0 method=java.io.BufferedInputStream.read1([BII)I @ 39 c2
Event: 5.589 Thread 0x00000164fd0529c0 DEOPT PACKING pc=0x0000016487b5e1a0 sp=0x0000001dcc9feed0
Event: 5.589 Thread 0x00000164fd0529c0 DEOPT UNPACKING pc=0x00000164875869a3 sp=0x0000001dcc9fee08 mode 2
Event: 39.728 Thread 0x00000164edf310d0 Uncommon trap: trap_request=0xffffff45 fr.pc=0x0000016487b795b0 relative=0x0000000000000510
Event: 39.728 Thread 0x00000164edf310d0 Uncommon trap: reason=unstable_if action=reinterpret pc=0x0000016487b795b0 method=com.esotericsoftware.kryo.io.Input.readUtf8(I)V @ 79 c2
Event: 39.728 Thread 0x00000164edf310d0 DEOPT PACKING pc=0x0000016487b795b0 sp=0x0000001dcabfc230
Event: 39.728 Thread 0x00000164edf310d0 DEOPT UNPACKING pc=0x00000164875869a3 sp=0x0000001dcabfc1c8 mode 2
Event: 39.751 Thread 0x00000164fd8329d0 Uncommon trap: trap_request=0xffffff45 fr.pc=0x0000016487b76720 relative=0x0000000000000520
Event: 39.751 Thread 0x00000164fd8329d0 Uncommon trap: reason=unstable_if action=reinterpret pc=0x0000016487b76720 method=org.gradle.internal.logging.text.AbstractLineChoppingStyledTextOutput$2.execute(Lorg/gradle/internal/logging/text/AbstractLineChoppingStyledTextOutput$StateContext;)V @ 34 c
Event: 39.751 Thread 0x00000164fd8329d0 DEOPT PACKING pc=0x0000016487b76720 sp=0x0000001dcc4fe700
Event: 39.751 Thread 0x00000164fd8329d0 DEOPT UNPACKING pc=0x00000164875869a3 sp=0x0000001dcc4fe588 mode 2

Classes unloaded (0 events):
No events

Classes redefined (0 events):
No events

Internal exceptions (20 events):
Event: 0.509 Thread 0x00000164edf310d0 Exception <a 'java/lang/NoSuchMethodError'{0x00000000ffe3ce60}: 'java.lang.Object java.lang.invoke.DirectMethodHandle$Holder.invokeVirtual(java.lang.Object, java.lang.Object, java.lang.Object, java.lang.Object, java.lang.Object, java.lang.Object, java.lang.Object)'> (0x00000000ffe3ce60) 
thrown [s\src\hotspot\share\interpreter\linkResolver.cpp, line 759]
Event: 0.510 Thread 0x00000164edf310d0 Exception <a 'java/lang/NoSuchMethodError'{0x00000000ffe4e4e0}: 'java.lang.Object java.lang.invoke.Invokers$Holder.invoker(java.lang.Object, java.lang.Object, java.lang.Object)'> (0x00000000ffe4e4e0) 
thrown [s\src\hotspot\share\interpreter\linkResolver.cpp, line 759]
Event: 0.511 Thread 0x00000164edf310d0 Exception <a 'java/lang/NoSuchMethodError'{0x00000000ffe576b8}: 'java.lang.Object java.lang.invoke.DirectMethodHandle$Holder.invokeStatic(java.lang.Object, java.lang.Object, int)'> (0x00000000ffe576b8) 
thrown [s\src\hotspot\share\interpreter\linkResolver.cpp, line 759]
Event: 0.512 Thread 0x00000164edf310d0 Exception <a 'java/lang/NoSuchMethodError'{0x00000000ffe633a8}: 'void java.lang.invoke.DelegatingMethodHandle$Holder.delegate(java.lang.Object, java.lang.Object, int, java.lang.Object)'> (0x00000000ffe633a8) 
thrown [s\src\hotspot\share\interpreter\linkResolver.cpp, line 759]
Event: 0.513 Thread 0x00000164edf310d0 Exception <a 'java/lang/NoSuchMethodError'{0x00000000ffe67570}: 'int java.lang.invoke.DirectMethodHandle$Holder.invokeSpecial(java.lang.Object, java.lang.Object, java.lang.Object)'> (0x00000000ffe67570) 
thrown [s\src\hotspot\share\interpreter\linkResolver.cpp, line 759]
Event: 0.515 Thread 0x00000164edf310d0 Exception <a 'java/lang/NoSuchMethodError'{0x00000000ffe7a970}: 'java.lang.Object java.lang.invoke.Invokers$Holder.invokeExact_MT(java.lang.Object, java.lang.Object, java.lang.Object, java.lang.Object)'> (0x00000000ffe7a970) 
thrown [s\src\hotspot\share\interpreter\linkResolver.cpp, line 759]
Event: 0.600 Thread 0x00000164edf310d0 Exception <a 'java/lang/NoSuchMethodError'{0x00000000ff9ba578}: 'void java.lang.invoke.DirectMethodHandle$Holder.invokeSpecial(java.lang.Object, java.lang.Object, java.lang.Object)'> (0x00000000ff9ba578) 
thrown [s\src\hotspot\share\interpreter\linkResolver.cpp, line 759]
Event: 0.607 Thread 0x00000164edf310d0 Implicit null exception at 0x0000016487b1e38a to 0x0000016487b1e8a4
Event: 0.607 Thread 0x00000164edf310d0 Implicit null exception at 0x0000016487b12a0d to 0x0000016487b12f24
Event: 0.620 Thread 0x00000164edf310d0 Exception <a 'java/lang/NoSuchMethodError'{0x00000000ff70bcc8}: 'java.lang.Object java.lang.invoke.DirectMethodHandle$Holder.invokeStaticInit(java.lang.Object)'> (0x00000000ff70bcc8) 
thrown [s\src\hotspot\share\interpreter\linkResolver.cpp, line 759]
Event: 0.684 Thread 0x00000164edf310d0 Exception <a 'java/lang/NoSuchMethodError'{0x00000000ff4c89c8}: 'java.lang.Object java.lang.invoke.DirectMethodHandle$Holder.invokeStaticInit(java.lang.Object, int, int, int, int)'> (0x00000000ff4c89c8) 
thrown [s\src\hotspot\share\interpreter\linkResolver.cpp, line 759]
Event: 0.732 Thread 0x00000164edf310d0 Exception <a 'java/lang/NoSuchMethodError'{0x00000000ff3b0490}: 'java.lang.Object java.lang.invoke.DirectMethodHandle$Holder.invokeStaticInit(java.lang.Object, java.lang.Object, int, int, int, int)'> (0x00000000ff3b0490) 
thrown [s\src\hotspot\share\interpreter\linkResolver.cpp, line 759]
Event: 0.832 Thread 0x00000164edf310d0 Exception <a 'java/lang/NoSuchMethodError'{0x00000000ff3ddc70}: 'void java.lang.invoke.DirectMethodHandle$Holder.invokeStatic(java.lang.Object, java.lang.Object, java.lang.Object)'> (0x00000000ff3ddc70) 
thrown [s\src\hotspot\share\interpreter\linkResolver.cpp, line 759]
Event: 0.846 Thread 0x00000164edf310d0 Implicit null exception at 0x0000016487b07df2 to 0x0000016487b083c0
Event: 0.847 Thread 0x00000164edf310d0 Implicit null exception at 0x0000016487b11072 to 0x0000016487b11650
Event: 4.155 Thread 0x00000164fde3e120 Exception <a 'java/lang/NoSuchMethodError'{0x00000000feb834f8}: 'void java.lang.invoke.DirectMethodHandle$Holder.invokeStatic(java.lang.Object, long)'> (0x00000000feb834f8) 
thrown [s\src\hotspot\share\interpreter\linkResolver.cpp, line 759]
Event: 4.155 Thread 0x00000164fde3e120 Exception <a 'java/lang/NoSuchMethodError'{0x00000000feb88e50}: 'java.lang.Object java.lang.invoke.DirectMethodHandle$Holder.newInvokeSpecial(java.lang.Object, long)'> (0x00000000feb88e50) 
thrown [s\src\hotspot\share\interpreter\linkResolver.cpp, line 759]
Event: 4.157 Thread 0x00000164fde3e120 Exception <a 'java/lang/NoSuchMethodError'{0x00000000feb939f8}: 'java.lang.Object java.lang.invoke.DirectMethodHandle$Holder.invokeStaticInit(java.lang.Object, java.lang.Object, long, java.lang.Object)'> (0x00000000feb939f8) 
thrown [s\src\hotspot\share\interpreter\linkResolver.cpp, line 759]
Event: 4.157 Thread 0x00000164fde3e120 Exception <a 'java/lang/NoSuchMethodError'{0x00000000feb9a080}: 'java.lang.Object java.lang.invoke.DirectMethodHandle$Holder.newInvokeSpecial(java.lang.Object, java.lang.Object, long)'> (0x00000000feb9a080) 
thrown [s\src\hotspot\share\interpreter\linkResolver.cpp, line 759]
Event: 4.157 Thread 0x00000164fde3e120 Exception <a 'java/lang/NoSuchMethodError'{0x00000000feb9e370}: 'java.lang.Object java.lang.invoke.Invokers$Holder.linkToTargetMethod(java.lang.Object, long, java.lang.Object)'> (0x00000000feb9e370) 
thrown [s\src\hotspot\share\interpreter\linkResolver.cpp, line 759]

VM Operations (20 events):
Event: 21.681 Executing VM operation: Cleanup
Event: 21.681 Executing VM operation: Cleanup done
Event: 22.682 Executing VM operation: Cleanup
Event: 22.683 Executing VM operation: Cleanup done
Event: 24.709 Executing VM operation: Cleanup
Event: 24.709 Executing VM operation: Cleanup done
Event: 25.724 Executing VM operation: Cleanup
Event: 25.724 Executing VM operation: Cleanup done
Event: 26.739 Executing VM operation: Cleanup
Event: 26.739 Executing VM operation: Cleanup done
Event: 27.739 Executing VM operation: Cleanup
Event: 27.740 Executing VM operation: Cleanup done
Event: 29.758 Executing VM operation: Cleanup
Event: 29.759 Executing VM operation: Cleanup done
Event: 37.812 Executing VM operation: Cleanup
Event: 37.812 Executing VM operation: Cleanup done
Event: 38.819 Executing VM operation: Cleanup
Event: 38.819 Executing VM operation: Cleanup done
Event: 39.822 Executing VM operation: Cleanup
Event: 39.822 Executing VM operation: Cleanup done

Events (20 events):
Event: 39.724 loading class jdk/internal/logger/LazyLoggers$1
Event: 39.724 loading class jdk/internal/logger/LazyLoggers$1 done
Event: 39.724 loading class jdk/internal/logger/LazyLoggers$LazyLoggerFactories
Event: 39.724 loading class jdk/internal/logger/LazyLoggers$LazyLoggerFactories done
Event: 39.725 loading class jdk/internal/logger/LoggerFinderLoader
Event: 39.725 loading class jdk/internal/logger/LoggerFinderLoader done
Event: 39.725 loading class sun/util/logging/internal/LoggingProviderImpl$JULWrapper
Event: 39.726 loading class sun/util/logging/PlatformLogger$ConfigurableBridge$LoggerConfiguration
Event: 39.726 loading class sun/util/logging/PlatformLogger$ConfigurableBridge$LoggerConfiguration done
Event: 39.726 loading class sun/util/logging/internal/LoggingProviderImpl$JULWrapper done
Event: 39.726 loading class java/io/ObjectInputFilter
Event: 39.726 loading class java/io/ObjectInputFilter done
Event: 39.726 loading class java/io/ObjectInputFilter$Config$BuiltinFilterFactory
Event: 39.727 loading class java/io/ObjectInputFilter$Config$BuiltinFilterFactory done
Event: 39.727 loading class jdk/internal/access/JavaObjectInputFilterAccess
Event: 39.727 loading class jdk/internal/access/JavaObjectInputFilterAccess done
Event: 39.727 loading class java/lang/System$Logger$Level
Event: 39.727 loading class java/lang/System$Logger$Level done
Event: 39.727 loading class java/io/Bits
Event: 39.727 loading class java/io/Bits done


Dynamic libraries:
0x00007ff654930000 - 0x00007ff65493e000 	C:\Program Files\Microsoft\jdk-17.0.8.7-hotspot\bin\java.exe
0x00007ffa724d0000 - 0x00007ffa726e7000 	C:\WINDOWS\SYSTEM32\ntdll.dll
0x00007ffa709f0000 - 0x00007ffa70ab4000 	C:\WINDOWS\System32\KERNEL32.DLL
0x00007ffa6f9b0000 - 0x00007ffa6fd56000 	C:\WINDOWS\System32\KERNELBASE.dll
0x00007ffa6f890000 - 0x00007ffa6f9a1000 	C:\WINDOWS\System32\ucrtbase.dll
0x00007ffa68fb0000 - 0x00007ffa68fc7000 	C:\Program Files\Microsoft\jdk-17.0.8.7-hotspot\bin\jli.dll
0x00007ffa68e00000 - 0x00007ffa68e1b000 	C:\Program Files\Microsoft\jdk-17.0.8.7-hotspot\bin\VCRUNTIME140.dll
0x00007ffa721e0000 - 0x00007ffa7238e000 	C:\WINDOWS\System32\USER32.dll
0x00007ffa6fed0000 - 0x00007ffa6fef6000 	C:\WINDOWS\System32\win32u.dll
0x00007ffa5dfc0000 - 0x00007ffa5e253000 	C:\WINDOWS\WinSxS\amd64_microsoft.windows.common-controls_6595b64144ccf1df_6.0.22621.2506_none_270c5ae97388e100\COMCTL32.dll
0x00007ffa70950000 - 0x00007ffa70979000 	C:\WINDOWS\System32\GDI32.dll
0x00007ffa71f40000 - 0x00007ffa71fe7000 	C:\WINDOWS\System32\msvcrt.dll
0x00007ffa70100000 - 0x00007ffa70218000 	C:\WINDOWS\System32\gdi32full.dll
0x00007ffa70060000 - 0x00007ffa700fa000 	C:\WINDOWS\System32\msvcp_win.dll
0x00007ffa70b30000 - 0x00007ffa70b61000 	C:\WINDOWS\System32\IMM32.DLL
0x00007ffa6c650000 - 0x00007ffa6c65c000 	C:\Program Files\Microsoft\jdk-17.0.8.7-hotspot\bin\vcruntime140_1.dll
0x00007ffa34fa0000 - 0x00007ffa3502d000 	C:\Program Files\Microsoft\jdk-17.0.8.7-hotspot\bin\msvcp140.dll
0x00007ffa27cf0000 - 0x00007ffa28955000 	C:\Program Files\Microsoft\jdk-17.0.8.7-hotspot\bin\server\jvm.dll
0x00007ffa718a0000 - 0x00007ffa71953000 	C:\WINDOWS\System32\ADVAPI32.dll
0x00007ffa71de0000 - 0x00007ffa71e88000 	C:\WINDOWS\System32\sechost.dll
0x00007ffa6ff00000 - 0x00007ffa6ff28000 	C:\WINDOWS\System32\bcrypt.dll
0x00007ffa720c0000 - 0x00007ffa721d7000 	C:\WINDOWS\System32\RPCRT4.dll
0x00007ffa6c5b0000 - 0x00007ffa6c5b9000 	C:\WINDOWS\SYSTEM32\WSOCK32.dll
0x00007ffa6f6e0000 - 0x00007ffa6f72d000 	C:\WINDOWS\SYSTEM32\POWRPROF.dll
0x00007ffa67660000 - 0x00007ffa67694000 	C:\WINDOWS\SYSTEM32\WINMM.dll
0x00007ffa70370000 - 0x00007ffa703e1000 	C:\WINDOWS\System32\WS2_32.dll
0x00007ffa66490000 - 0x00007ffa6649a000 	C:\WINDOWS\SYSTEM32\VERSION.dll
0x00007ffa6f6c0000 - 0x00007ffa6f6d3000 	C:\WINDOWS\SYSTEM32\UMPDC.dll
0x00007ffa6e850000 - 0x00007ffa6e868000 	C:\WINDOWS\SYSTEM32\kernel.appcore.dll
0x00007ffa6c590000 - 0x00007ffa6c59a000 	C:\Program Files\Microsoft\jdk-17.0.8.7-hotspot\bin\jimage.dll
0x00007ffa6d1d0000 - 0x00007ffa6d403000 	C:\WINDOWS\SYSTEM32\DBGHELP.DLL
0x00007ffa71a50000 - 0x00007ffa71dd9000 	C:\WINDOWS\System32\combase.dll
0x00007ffa703f0000 - 0x00007ffa704c7000 	C:\WINDOWS\System32\OLEAUT32.dll
0x00007ffa55730000 - 0x00007ffa55762000 	C:\WINDOWS\SYSTEM32\dbgcore.DLL
0x00007ffa6f810000 - 0x00007ffa6f88a000 	C:\WINDOWS\System32\bcryptPrimitives.dll
0x00007ffa647f0000 - 0x00007ffa64815000 	C:\Program Files\Microsoft\jdk-17.0.8.7-hotspot\bin\java.dll
0x00007ffa34ec0000 - 0x00007ffa34f97000 	C:\Program Files\Microsoft\jdk-17.0.8.7-hotspot\bin\jsvml.dll
0x00007ffa70cd0000 - 0x00007ffa7152b000 	C:\WINDOWS\System32\SHELL32.dll
0x00007ffa6d770000 - 0x00007ffa6e066000 	C:\WINDOWS\SYSTEM32\windows.storage.dll
0x00007ffa6d630000 - 0x00007ffa6d76e000 	C:\WINDOWS\SYSTEM32\wintypes.dll
0x00007ffa72390000 - 0x00007ffa72483000 	C:\WINDOWS\System32\SHCORE.dll
0x00007ffa70ad0000 - 0x00007ffa70b2e000 	C:\WINDOWS\System32\shlwapi.dll
0x00007ffa6f740000 - 0x00007ffa6f766000 	C:\WINDOWS\SYSTEM32\profapi.dll
0x00007ffa676f0000 - 0x00007ffa67709000 	C:\Program Files\Microsoft\jdk-17.0.8.7-hotspot\bin\net.dll
0x00007ffa69320000 - 0x00007ffa69457000 	C:\WINDOWS\SYSTEM32\WINHTTP.dll
0x00007ffa6ecd0000 - 0x00007ffa6ed39000 	C:\WINDOWS\system32\mswsock.dll
0x00007ffa5fea0000 - 0x00007ffa5feb6000 	C:\Program Files\Microsoft\jdk-17.0.8.7-hotspot\bin\nio.dll
0x00007ffa5f0d0000 - 0x00007ffa5f0e8000 	C:\Program Files\Microsoft\jdk-17.0.8.7-hotspot\bin\zip.dll
0x00007ffa6aa10000 - 0x00007ffa6aa20000 	C:\Program Files\Microsoft\jdk-17.0.8.7-hotspot\bin\verify.dll
0x00007ffa5e860000 - 0x00007ffa5e887000 	C:\Users\Dhruvil Prajapati\.gradle\native\68d5fa5c4cc2d200863cafc0d521ce42e7d3e7ee720ec0a83991735586a16f82\windows-amd64\native-platform.dll
0x00007ffa6a8a0000 - 0x00007ffa6a8a9000 	C:\Program Files\Microsoft\jdk-17.0.8.7-hotspot\bin\management.dll
0x00007ffa69dc0000 - 0x00007ffa69dcb000 	C:\Program Files\Microsoft\jdk-17.0.8.7-hotspot\bin\management_ext.dll
0x00007ffa719e0000 - 0x00007ffa719e8000 	C:\WINDOWS\System32\PSAPI.DLL
0x00007ffa6ef30000 - 0x00007ffa6ef4b000 	C:\WINDOWS\SYSTEM32\CRYPTSP.dll
0x00007ffa6e7b0000 - 0x00007ffa6e7e5000 	C:\WINDOWS\system32\rsaenh.dll
0x00007ffa6edc0000 - 0x00007ffa6edec000 	C:\WINDOWS\SYSTEM32\USERENV.dll
0x00007ffa6ef20000 - 0x00007ffa6ef2c000 	C:\WINDOWS\SYSTEM32\CRYPTBASE.dll
0x00007ffa6e2d0000 - 0x00007ffa6e2fd000 	C:\WINDOWS\SYSTEM32\IPHLPAPI.DLL
0x00007ffa716f0000 - 0x00007ffa716f9000 	C:\WINDOWS\System32\NSI.dll
0x00007ffa69500000 - 0x00007ffa69519000 	C:\WINDOWS\SYSTEM32\dhcpcsvc6.DLL
0x00007ffa68ea0000 - 0x00007ffa68ebf000 	C:\WINDOWS\SYSTEM32\dhcpcsvc.DLL
0x00007ffa6e340000 - 0x00007ffa6e439000 	C:\WINDOWS\SYSTEM32\DNSAPI.dll
0x00007ffa67790000 - 0x00007ffa6779e000 	C:\Program Files\Microsoft\jdk-17.0.8.7-hotspot\bin\sunmscapi.dll
0x00007ffa6fd60000 - 0x00007ffa6fec6000 	C:\WINDOWS\System32\CRYPT32.dll
0x00007ffa6f0e0000 - 0x00007ffa6f10e000 	C:\WINDOWS\SYSTEM32\ncrypt.dll
0x00007ffa6f0a0000 - 0x00007ffa6f0d7000 	C:\WINDOWS\SYSTEM32\NTASN1.dll
0x00007ff9fb130000 - 0x00007ff9fb138000 	C:\WINDOWS\system32\wshunix.dll

dbghelp: loaded successfully - version: 4.0.5 - missing functions: none
symbol engine: initialized successfully - sym options: 0x614 - pdb path: .;C:\Program Files\Microsoft\jdk-17.0.8.7-hotspot\bin;C:\WINDOWS\SYSTEM32;C:\WINDOWS\WinSxS\amd64_microsoft.windows.common-controls_6595b64144ccf1df_6.0.22621.2506_none_270c5ae97388e100;C:\Program Files\Microsoft\jdk-17.0.8.7-hotspot\bin\server;C:\Users\Dhruvil Prajapati\.gradle\native\68d5fa5c4cc2d200863cafc0d521ce42e7d3e7ee720ec0a83991735586a16f82\windows-amd64

VM Arguments:
jvm_args: -Xmx64m -Xms64m -Dorg.gradle.appname=gradlew 
java_command: org.gradle.wrapper.GradleWrapperMain app:installDebug -PreactNativeDevServerPort=8081
java_class_path (initial): D:\Dolphin_Project\Get_Otp_Demo\android\\gradle\wrapper\gradle-wrapper.jar
Launcher Type: SUN_STANDARD

[Global flags]
     intx CICompilerCount                          = 4                                         {product} {ergonomic}
     uint ConcGCThreads                            = 3                                         {product} {ergonomic}
     uint G1ConcRefinementThreads                  = 10                                        {product} {ergonomic}
   size_t G1HeapRegionSize                         = 1048576                                   {product} {ergonomic}
    uintx GCDrainStackTargetSize                   = 64                                        {product} {ergonomic}
   size_t InitialHeapSize                          = 67108864                                  {product} {command line}
   size_t MarkStackSize                            = 4194304                                   {product} {ergonomic}
   size_t MaxHeapSize                              = 67108864                                  {product} {command line}
   size_t MaxNewSize                               = 39845888                                  {product} {ergonomic}
   size_t MinHeapDeltaBytes                        = 1048576                                   {product} {ergonomic}
   size_t MinHeapSize                              = 67108864                                  {product} {command line}
    uintx NonNMethodCodeHeapSize                   = 5839372                                {pd product} {ergonomic}
    uintx NonProfiledCodeHeapSize                  = 122909434                              {pd product} {ergonomic}
    uintx ProfiledCodeHeapSize                     = 122909434                              {pd product} {ergonomic}
    uintx ReservedCodeCacheSize                    = 251658240                              {pd product} {ergonomic}
     bool SegmentedCodeCache                       = true                                      {product} {ergonomic}
   size_t SoftMaxHeapSize                          = 67108864                               {manageable} {ergonomic}
     bool UseCompressedClassPointers               = true                           {product lp64_product} {ergonomic}
     bool UseCompressedOops                        = true                           {product lp64_product} {ergonomic}
     bool UseG1GC                                  = true                                      {product} {ergonomic}
     bool UseLargePagesIndividualAllocation        = false                                  {pd product} {ergonomic}

Logging:
Log output configuration:
 #0: stdout all=warning uptime,level,tags
 #1: stderr all=off uptime,level,tags

Environment Variables:
JAVA_HOME=C:\Program Files\Microsoft\jdk-17.0.8.7-hotspot\
CLASSPATH=D:\Dolphin_Project\Get_Otp_Demo\android\\gradle\wrapper\gradle-wrapper.jar
PATH=D:\Dolphin_Project\Get_Otp_Demo\node_modules\.bin;D:\Dolphin_Project\Get_Otp_Demo\node_modules\.bin;D:\Dolphin_Project\node_modules\.bin;D:\node_modules\.bin;C:\Program Files\nodejs\node_modules\npm\node_modules\@npmcli\run-script\lib\node-gyp-bin;D:\Dolphin_Project\Get_Otp_Demo\node_modules\.bin;D:\Dolphin_Project\Get_Otp_Demo\node_modules\.bin;D:\Dolphin_Project\node_modules\.bin;D:\node_modules\.bin;C:\Program Files\nodejs\node_modules\npm\node_modules\@npmcli\run-script\lib\node-gyp-bin;C:\Program Files\Microsoft\jdk-17.0.8.7-hotspot\bin;C:\Python312\Scripts\;C:\Python312\;C:\Program Files (x86)\VMware\VMware Workstation\bin\;C:\Windows\system32;C:\Windows;C:\Windows\System32\Wbem;C:\Windows\System32\WindowsPowerShell\v1.0\;C:\Windows\System32\OpenSSH\;C:\Program Files (x86)\NVIDIA Corporation\PhysX\Common;C:\Program Files\NVIDIA Corporation\NVIDIA NvDLISR;C:\Program Files\Java\jdk1.8.0_202\bin;C:\Program Files\Git\cmd;C:\ProgramData\chocolatey\bin;C:\Users\Dhruvil Prajapati\AppData\Local\Android\Sdk\platform-tools;;C:\WINDOWS\system32;C:\WINDOWS;C:\WINDOWS\System32\Wbem;C:\WINDOWS\System32\WindowsPowerShell\v1.0\;C:\WINDOWS\System32\OpenSSH\;C:\Program Files\nodejs\;C:\Users\Dhruvil Prajapati\AppData\Local\Programs\Python\Python311\Scripts\;C:\Users\Dhruvil Prajapati\AppData\Local\Programs\Python\Python311\;C:\Users\Dhruvil Prajapati\AppData\Local\Microsoft\WindowsApps;C:\Program Files\dart-sdk\bin;C:\Users\Dhruvil Prajapati\AppData\Local\Programs\Microsoft VS Code\bin;C:\Users\Dhruvil Prajapati\Desktop\mobile app\Sem 2\flutter\bin;C:\Users\Dhruvil Prajapati\AppData\Local\Programs\mongosh\;C:\Users\Dhruvil Prajapati\Desktop\mobile app\Sem 2\Flutter\flutter\flutter_windows_3.7.12-stable\flutter\bin;C:\Users\Dhruvil Prajapati\AppData\Roaming\npm
USERNAME=Dhruvil Prajapati
LANG=en_US.UTF-8
OS=Windows_NT
PROCESSOR_IDENTIFIER=AMD64 Family 25 Model 80 Stepping 0, AuthenticAMD
TMP=C:\Users\DHRUVI~1\AppData\Local\Temp
TEMP=C:\Users\DHRUVI~1\AppData\Local\Temp



---------------  S Y S T E M  ---------------

OS:
 Windows 11 , 64 bit Build 22621 (10.0.22621.3085)
OS uptime: 0 days 20:25 hours

CPU: total 12 (initial active 12) (12 cores per cpu, 2 threads per core) family 25 model 80 stepping 0 microcode 0x0, cx8, cmov, fxsr, ht, mmx, 3dnowpref, sse, sse2, sse3, ssse3, sse4a, sse4.1, sse4.2, popcnt, lzcnt, tsc, tscinvbit, avx, avx2, aes, erms, clmul, bmi1, bmi2, adx, sha, fma, vzeroupper, clflush, clflushopt
Processor Information for processor 0
  Max Mhz: 3301, Current Mhz: 3301, Mhz Limit: 3301
Processor Information for processor 1
  Max Mhz: 3301, Current Mhz: 3301, Mhz Limit: 3301
Processor Information for processor 2
  Max Mhz: 3301, Current Mhz: 3301, Mhz Limit: 3301
Processor Information for processor 3
  Max Mhz: 3301, Current Mhz: 1805, Mhz Limit: 3301
Processor Information for processor 4
  Max Mhz: 3301, Current Mhz: 3301, Mhz Limit: 3301
Processor Information for processor 5
  Max Mhz: 3301, Current Mhz: 3301, Mhz Limit: 3301
Processor Information for processor 6
  Max Mhz: 3301, Current Mhz: 1805, Mhz Limit: 3301
Processor Information for processor 7
  Max Mhz: 3301, Current Mhz: 3301, Mhz Limit: 3301
Processor Information for processor 8
  Max Mhz: 3301, Current Mhz: 3301, Mhz Limit: 3301
Processor Information for processor 9
  Max Mhz: 3301, Current Mhz: 1805, Mhz Limit: 3301
Processor Information for processor 10
  Max Mhz: 3301, Current Mhz: 3301, Mhz Limit: 3301
Processor Information for processor 11
  Max Mhz: 3301, Current Mhz: 3301, Mhz Limit: 3301

Memory: 4k page, system-wide physical 15724M (2489M free)
TotalPageFile size 19820M (AvailPageFile size 673M)
current process WorkingSet (physical memory assigned to process): 103M, peak: 107M
current process commit charge ("private bytes"): 177M, peak: 181M

vm_info: OpenJDK 64-Bit Server VM (17.0.8+7-LTS) for windows-amd64 JRE (17.0.8+7-LTS), built on Jul  7 2023 17:21:55 by "MicrosoftCorporation" with MS VC++ 16.10 / 16.11 (VS2019)

END.
